
AVRASM ver. 2.1.30  E:\mikro8.13\Debug\List\160.asm Sun Dec 22 20:41:12 2024

E:\mikro8.13\Debug\List\160.asm(1088): warning: Register r4 already defined by the .DEF directive
E:\mikro8.13\Debug\List\160.asm(1089): warning: Register r5 already defined by the .DEF directive
E:\mikro8.13\Debug\List\160.asm(1090): warning: Register r6 already defined by the .DEF directive
E:\mikro8.13\Debug\List\160.asm(1091): warning: Register r7 already defined by the .DEF directive
E:\mikro8.13\Debug\List\160.asm(1092): warning: Register r9 already defined by the .DEF directive
E:\mikro8.13\Debug\List\160.asm(1093): warning: Register r8 already defined by the .DEF directive
E:\mikro8.13\Debug\List\160.asm(1094): warning: Register r11 already defined by the .DEF directive
                 
                 
                 ;CodeVisionAVR C Compiler V3.14 Advanced
                 ;(C) Copyright 1998-2014 Pavel Haiduc, HP InfoTech s.r.l.
                 ;http://www.hpinfotech.com
                 
                 ;Build configuration    : Debug
                 ;Chip type              : ATmega16
                 ;Program type           : Application
                 ;Clock frequency        : 1.000000 MHz
                 ;Memory model           : Small
                 ;Optimize for           : Size
                 ;(s)printf features     : int, width
                 ;(s)scanf features      : int, width
                 ;External RAM size      : 0
                 ;Data Stack size        : 256 byte(s)
                 ;Heap size              : 0 byte(s)
                 ;Promote 'char' to 'int': Yes
                 ;'char' is unsigned     : Yes
                 ;8 bit enums            : Yes
                 ;Global 'const' stored in FLASH: Yes
                 ;Enhanced function parameter passing: Yes
                 ;Enhanced core instructions: On
                 ;Automatic register allocation for global variables: On
                 ;Smart register allocation: On
                 
                 	#define _MODEL_SMALL_
                 
                 	#pragma AVRPART ADMIN PART_NAME ATmega16
                 	#pragma AVRPART MEMORY PROG_FLASH 16384
                 	#pragma AVRPART MEMORY EEPROM 512
                 	#pragma AVRPART MEMORY INT_SRAM SIZE 1024
                 	#pragma AVRPART MEMORY INT_SRAM START_ADDR 0x60
                 
                 	#define CALL_SUPPORTED 1
                 
                 	.LISTMAC
                 	.EQU UDRE=0x5
                 	.EQU RXC=0x7
                 	.EQU USR=0xB
                 	.EQU UDR=0xC
                 	.EQU SPSR=0xE
                 	.EQU SPDR=0xF
                 	.EQU EERE=0x0
                 	.EQU EEWE=0x1
                 	.EQU EEMWE=0x2
                 	.EQU EECR=0x1C
                 	.EQU EEDR=0x1D
                 	.EQU EEARL=0x1E
                 	.EQU EEARH=0x1F
                 	.EQU WDTCR=0x21
                 	.EQU MCUCR=0x35
                 	.EQU GICR=0x3B
                 	.EQU SPL=0x3D
                 	.EQU SPH=0x3E
                 	.EQU SREG=0x3F
                 
                 	.DEF R0X0=R0
                 	.DEF R0X1=R1
                 	.DEF R0X2=R2
                 	.DEF R0X3=R3
                 	.DEF R0X4=R4
                 	.DEF R0X5=R5
                 	.DEF R0X6=R6
                 	.DEF R0X7=R7
                 	.DEF R0X8=R8
                 	.DEF R0X9=R9
                 	.DEF R0XA=R10
                 	.DEF R0XB=R11
                 	.DEF R0XC=R12
                 	.DEF R0XD=R13
                 	.DEF R0XE=R14
                 	.DEF R0XF=R15
                 	.DEF R0X10=R16
                 	.DEF R0X11=R17
                 	.DEF R0X12=R18
                 	.DEF R0X13=R19
                 	.DEF R0X14=R20
                 	.DEF R0X15=R21
                 	.DEF R0X16=R22
                 	.DEF R0X17=R23
                 	.DEF R0X18=R24
                 	.DEF R0X19=R25
                 	.DEF R0X1A=R26
                 	.DEF R0X1B=R27
                 	.DEF R0X1C=R28
                 	.DEF R0X1D=R29
                 	.DEF R0X1E=R30
                 	.DEF R0X1F=R31
                 
                 	.EQU __SRAM_START=0x0060
                 	.EQU __SRAM_END=0x045F
                 	.EQU __DSTACK_SIZE=0x0100
                 	.EQU __HEAP_SIZE=0x0000
                 	.EQU __CLEAR_SRAM_SIZE=__SRAM_END-__SRAM_START+1
                 
                 	.MACRO __CPD1N
                 	CPI  R30,LOW(@0)
                 	LDI  R26,HIGH(@0)
                 	CPC  R31,R26
                 	LDI  R26,BYTE3(@0)
                 	CPC  R22,R26
                 	LDI  R26,BYTE4(@0)
                 	CPC  R23,R26
                 	.ENDM
                 
                 	.MACRO __CPD2N
                 	CPI  R26,LOW(@0)
                 	LDI  R30,HIGH(@0)
                 	CPC  R27,R30
                 	LDI  R30,BYTE3(@0)
                 	CPC  R24,R30
                 	LDI  R30,BYTE4(@0)
                 	CPC  R25,R30
                 	.ENDM
                 
                 	.MACRO __CPWRR
                 	CP   R@0,R@2
                 	CPC  R@1,R@3
                 	.ENDM
                 
                 	.MACRO __CPWRN
                 	CPI  R@0,LOW(@2)
                 	LDI  R30,HIGH(@2)
                 	CPC  R@1,R30
                 	.ENDM
                 
                 	.MACRO __ADDB1MN
                 	SUBI R30,LOW(-@0-(@1))
                 	.ENDM
                 
                 	.MACRO __ADDB2MN
                 	SUBI R26,LOW(-@0-(@1))
                 	.ENDM
                 
                 	.MACRO __ADDW1MN
                 	SUBI R30,LOW(-@0-(@1))
                 	SBCI R31,HIGH(-@0-(@1))
                 	.ENDM
                 
                 	.MACRO __ADDW2MN
                 	SUBI R26,LOW(-@0-(@1))
                 	SBCI R27,HIGH(-@0-(@1))
                 	.ENDM
                 
                 	.MACRO __ADDW1FN
                 	SUBI R30,LOW(-2*@0-(@1))
                 	SBCI R31,HIGH(-2*@0-(@1))
                 	.ENDM
                 
                 	.MACRO __ADDD1FN
                 	SUBI R30,LOW(-2*@0-(@1))
                 	SBCI R31,HIGH(-2*@0-(@1))
                 	SBCI R22,BYTE3(-2*@0-(@1))
                 	.ENDM
                 
                 	.MACRO __ADDD1N
                 	SUBI R30,LOW(-@0)
                 	SBCI R31,HIGH(-@0)
                 	SBCI R22,BYTE3(-@0)
                 	SBCI R23,BYTE4(-@0)
                 	.ENDM
                 
                 	.MACRO __ADDD2N
                 	SUBI R26,LOW(-@0)
                 	SBCI R27,HIGH(-@0)
                 	SBCI R24,BYTE3(-@0)
                 	SBCI R25,BYTE4(-@0)
                 	.ENDM
                 
                 	.MACRO __SUBD1N
                 	SUBI R30,LOW(@0)
                 	SBCI R31,HIGH(@0)
                 	SBCI R22,BYTE3(@0)
                 	SBCI R23,BYTE4(@0)
                 	.ENDM
                 
                 	.MACRO __SUBD2N
                 	SUBI R26,LOW(@0)
                 	SBCI R27,HIGH(@0)
                 	SBCI R24,BYTE3(@0)
                 	SBCI R25,BYTE4(@0)
                 	.ENDM
                 
                 	.MACRO __ANDBMNN
                 	LDS  R30,@0+(@1)
                 	ANDI R30,LOW(@2)
                 	STS  @0+(@1),R30
                 	.ENDM
                 
                 	.MACRO __ANDWMNN
                 	LDS  R30,@0+(@1)
                 	ANDI R30,LOW(@2)
                 	STS  @0+(@1),R30
                 	LDS  R30,@0+(@1)+1
                 	ANDI R30,HIGH(@2)
                 	STS  @0+(@1)+1,R30
                 	.ENDM
                 
                 	.MACRO __ANDD1N
                 	ANDI R30,LOW(@0)
                 	ANDI R31,HIGH(@0)
                 	ANDI R22,BYTE3(@0)
                 	ANDI R23,BYTE4(@0)
                 	.ENDM
                 
                 	.MACRO __ANDD2N
                 	ANDI R26,LOW(@0)
                 	ANDI R27,HIGH(@0)
                 	ANDI R24,BYTE3(@0)
                 	ANDI R25,BYTE4(@0)
                 	.ENDM
                 
                 	.MACRO __ORBMNN
                 	LDS  R30,@0+(@1)
                 	ORI  R30,LOW(@2)
                 	STS  @0+(@1),R30
                 	.ENDM
                 
                 	.MACRO __ORWMNN
                 	LDS  R30,@0+(@1)
                 	ORI  R30,LOW(@2)
                 	STS  @0+(@1),R30
                 	LDS  R30,@0+(@1)+1
                 	ORI  R30,HIGH(@2)
                 	STS  @0+(@1)+1,R30
                 	.ENDM
                 
                 	.MACRO __ORD1N
                 	ORI  R30,LOW(@0)
                 	ORI  R31,HIGH(@0)
                 	ORI  R22,BYTE3(@0)
                 	ORI  R23,BYTE4(@0)
                 	.ENDM
                 
                 	.MACRO __ORD2N
                 	ORI  R26,LOW(@0)
                 	ORI  R27,HIGH(@0)
                 	ORI  R24,BYTE3(@0)
                 	ORI  R25,BYTE4(@0)
                 	.ENDM
                 
                 	.MACRO __DELAY_USB
                 	LDI  R24,LOW(@0)
                 __DELAY_USB_LOOP:
                 	DEC  R24
                 	BRNE __DELAY_USB_LOOP
                 	.ENDM
                 
                 	.MACRO __DELAY_USW
                 	LDI  R24,LOW(@0)
                 	LDI  R25,HIGH(@0)
                 __DELAY_USW_LOOP:
                 	SBIW R24,1
                 	BRNE __DELAY_USW_LOOP
                 	.ENDM
                 
                 	.MACRO __GETD1S
                 	LDD  R30,Y+@0
                 	LDD  R31,Y+@0+1
                 	LDD  R22,Y+@0+2
                 	LDD  R23,Y+@0+3
                 	.ENDM
                 
                 	.MACRO __GETD2S
                 	LDD  R26,Y+@0
                 	LDD  R27,Y+@0+1
                 	LDD  R24,Y+@0+2
                 	LDD  R25,Y+@0+3
                 	.ENDM
                 
                 	.MACRO __PUTD1S
                 	STD  Y+@0,R30
                 	STD  Y+@0+1,R31
                 	STD  Y+@0+2,R22
                 	STD  Y+@0+3,R23
                 	.ENDM
                 
                 	.MACRO __PUTD2S
                 	STD  Y+@0,R26
                 	STD  Y+@0+1,R27
                 	STD  Y+@0+2,R24
                 	STD  Y+@0+3,R25
                 	.ENDM
                 
                 	.MACRO __PUTDZ2
                 	STD  Z+@0,R26
                 	STD  Z+@0+1,R27
                 	STD  Z+@0+2,R24
                 	STD  Z+@0+3,R25
                 	.ENDM
                 
                 	.MACRO __CLRD1S
                 	STD  Y+@0,R30
                 	STD  Y+@0+1,R30
                 	STD  Y+@0+2,R30
                 	STD  Y+@0+3,R30
                 	.ENDM
                 
                 	.MACRO __POINTB1MN
                 	LDI  R30,LOW(@0+(@1))
                 	.ENDM
                 
                 	.MACRO __POINTW1MN
                 	LDI  R30,LOW(@0+(@1))
                 	LDI  R31,HIGH(@0+(@1))
                 	.ENDM
                 
                 	.MACRO __POINTD1M
                 	LDI  R30,LOW(@0)
                 	LDI  R31,HIGH(@0)
                 	LDI  R22,BYTE3(@0)
                 	LDI  R23,BYTE4(@0)
                 	.ENDM
                 
                 	.MACRO __POINTW1FN
                 	LDI  R30,LOW(2*@0+(@1))
                 	LDI  R31,HIGH(2*@0+(@1))
                 	.ENDM
                 
                 	.MACRO __POINTD1FN
                 	LDI  R30,LOW(2*@0+(@1))
                 	LDI  R31,HIGH(2*@0+(@1))
                 	LDI  R22,BYTE3(2*@0+(@1))
                 	LDI  R23,BYTE4(2*@0+(@1))
                 	.ENDM
                 
                 	.MACRO __POINTB2MN
                 	LDI  R26,LOW(@0+(@1))
                 	.ENDM
                 
                 	.MACRO __POINTW2MN
                 	LDI  R26,LOW(@0+(@1))
                 	LDI  R27,HIGH(@0+(@1))
                 	.ENDM
                 
                 	.MACRO __POINTW2FN
                 	LDI  R26,LOW(2*@0+(@1))
                 	LDI  R27,HIGH(2*@0+(@1))
                 	.ENDM
                 
                 	.MACRO __POINTD2FN
                 	LDI  R26,LOW(2*@0+(@1))
                 	LDI  R27,HIGH(2*@0+(@1))
                 	LDI  R24,BYTE3(2*@0+(@1))
                 	LDI  R25,BYTE4(2*@0+(@1))
                 	.ENDM
                 
                 	.MACRO __POINTBRM
                 	LDI  R@0,LOW(@1)
                 	.ENDM
                 
                 	.MACRO __POINTWRM
                 	LDI  R@0,LOW(@2)
                 	LDI  R@1,HIGH(@2)
                 	.ENDM
                 
                 	.MACRO __POINTBRMN
                 	LDI  R@0,LOW(@1+(@2))
                 	.ENDM
                 
                 	.MACRO __POINTWRMN
                 	LDI  R@0,LOW(@2+(@3))
                 	LDI  R@1,HIGH(@2+(@3))
                 	.ENDM
                 
                 	.MACRO __POINTWRFN
                 	LDI  R@0,LOW(@2*2+(@3))
                 	LDI  R@1,HIGH(@2*2+(@3))
                 	.ENDM
                 
                 	.MACRO __GETD1N
                 	LDI  R30,LOW(@0)
                 	LDI  R31,HIGH(@0)
                 	LDI  R22,BYTE3(@0)
                 	LDI  R23,BYTE4(@0)
                 	.ENDM
                 
                 	.MACRO __GETD2N
                 	LDI  R26,LOW(@0)
                 	LDI  R27,HIGH(@0)
                 	LDI  R24,BYTE3(@0)
                 	LDI  R25,BYTE4(@0)
                 	.ENDM
                 
                 	.MACRO __GETB1MN
                 	LDS  R30,@0+(@1)
                 	.ENDM
                 
                 	.MACRO __GETB1HMN
                 	LDS  R31,@0+(@1)
                 	.ENDM
                 
                 	.MACRO __GETW1MN
                 	LDS  R30,@0+(@1)
                 	LDS  R31,@0+(@1)+1
                 	.ENDM
                 
                 	.MACRO __GETD1MN
                 	LDS  R30,@0+(@1)
                 	LDS  R31,@0+(@1)+1
                 	LDS  R22,@0+(@1)+2
                 	LDS  R23,@0+(@1)+3
                 	.ENDM
                 
                 	.MACRO __GETBRMN
                 	LDS  R@0,@1+(@2)
                 	.ENDM
                 
                 	.MACRO __GETWRMN
                 	LDS  R@0,@2+(@3)
                 	LDS  R@1,@2+(@3)+1
                 	.ENDM
                 
                 	.MACRO __GETWRZ
                 	LDD  R@0,Z+@2
                 	LDD  R@1,Z+@2+1
                 	.ENDM
                 
                 	.MACRO __GETD2Z
                 	LDD  R26,Z+@0
                 	LDD  R27,Z+@0+1
                 	LDD  R24,Z+@0+2
                 	LDD  R25,Z+@0+3
                 	.ENDM
                 
                 	.MACRO __GETB2MN
                 	LDS  R26,@0+(@1)
                 	.ENDM
                 
                 	.MACRO __GETW2MN
                 	LDS  R26,@0+(@1)
                 	LDS  R27,@0+(@1)+1
                 	.ENDM
                 
                 	.MACRO __GETD2MN
                 	LDS  R26,@0+(@1)
                 	LDS  R27,@0+(@1)+1
                 	LDS  R24,@0+(@1)+2
                 	LDS  R25,@0+(@1)+3
                 	.ENDM
                 
                 	.MACRO __PUTB1MN
                 	STS  @0+(@1),R30
                 	.ENDM
                 
                 	.MACRO __PUTW1MN
                 	STS  @0+(@1),R30
                 	STS  @0+(@1)+1,R31
                 	.ENDM
                 
                 	.MACRO __PUTD1MN
                 	STS  @0+(@1),R30
                 	STS  @0+(@1)+1,R31
                 	STS  @0+(@1)+2,R22
                 	STS  @0+(@1)+3,R23
                 	.ENDM
                 
                 	.MACRO __PUTB1EN
                 	LDI  R26,LOW(@0+(@1))
                 	LDI  R27,HIGH(@0+(@1))
                 	CALL __EEPROMWRB
                 	.ENDM
                 
                 	.MACRO __PUTW1EN
                 	LDI  R26,LOW(@0+(@1))
                 	LDI  R27,HIGH(@0+(@1))
                 	CALL __EEPROMWRW
                 	.ENDM
                 
                 	.MACRO __PUTD1EN
                 	LDI  R26,LOW(@0+(@1))
                 	LDI  R27,HIGH(@0+(@1))
                 	CALL __EEPROMWRD
                 	.ENDM
                 
                 	.MACRO __PUTBR0MN
                 	STS  @0+(@1),R0
                 	.ENDM
                 
                 	.MACRO __PUTBMRN
                 	STS  @0+(@1),R@2
                 	.ENDM
                 
                 	.MACRO __PUTWMRN
                 	STS  @0+(@1),R@2
                 	STS  @0+(@1)+1,R@3
                 	.ENDM
                 
                 	.MACRO __PUTBZR
                 	STD  Z+@1,R@0
                 	.ENDM
                 
                 	.MACRO __PUTWZR
                 	STD  Z+@2,R@0
                 	STD  Z+@2+1,R@1
                 	.ENDM
                 
                 	.MACRO __GETW1R
                 	MOV  R30,R@0
                 	MOV  R31,R@1
                 	.ENDM
                 
                 	.MACRO __GETW2R
                 	MOV  R26,R@0
                 	MOV  R27,R@1
                 	.ENDM
                 
                 	.MACRO __GETWRN
                 	LDI  R@0,LOW(@2)
                 	LDI  R@1,HIGH(@2)
                 	.ENDM
                 
                 	.MACRO __PUTW1R
                 	MOV  R@0,R30
                 	MOV  R@1,R31
                 	.ENDM
                 
                 	.MACRO __PUTW2R
                 	MOV  R@0,R26
                 	MOV  R@1,R27
                 	.ENDM
                 
                 	.MACRO __ADDWRN
                 	SUBI R@0,LOW(-@2)
                 	SBCI R@1,HIGH(-@2)
                 	.ENDM
                 
                 	.MACRO __ADDWRR
                 	ADD  R@0,R@2
                 	ADC  R@1,R@3
                 	.ENDM
                 
                 	.MACRO __SUBWRN
                 	SUBI R@0,LOW(@2)
                 	SBCI R@1,HIGH(@2)
                 	.ENDM
                 
                 	.MACRO __SUBWRR
                 	SUB  R@0,R@2
                 	SBC  R@1,R@3
                 	.ENDM
                 
                 	.MACRO __ANDWRN
                 	ANDI R@0,LOW(@2)
                 	ANDI R@1,HIGH(@2)
                 	.ENDM
                 
                 	.MACRO __ANDWRR
                 	AND  R@0,R@2
                 	AND  R@1,R@3
                 	.ENDM
                 
                 	.MACRO __ORWRN
                 	ORI  R@0,LOW(@2)
                 	ORI  R@1,HIGH(@2)
                 	.ENDM
                 
                 	.MACRO __ORWRR
                 	OR   R@0,R@2
                 	OR   R@1,R@3
                 	.ENDM
                 
                 	.MACRO __EORWRR
                 	EOR  R@0,R@2
                 	EOR  R@1,R@3
                 	.ENDM
                 
                 	.MACRO __GETWRS
                 	LDD  R@0,Y+@2
                 	LDD  R@1,Y+@2+1
                 	.ENDM
                 
                 	.MACRO __PUTBSR
                 	STD  Y+@1,R@0
                 	.ENDM
                 
                 	.MACRO __PUTWSR
                 	STD  Y+@2,R@0
                 	STD  Y+@2+1,R@1
                 	.ENDM
                 
                 	.MACRO __MOVEWRR
                 	MOV  R@0,R@2
                 	MOV  R@1,R@3
                 	.ENDM
                 
                 	.MACRO __INWR
                 	IN   R@0,@2
                 	IN   R@1,@2+1
                 	.ENDM
                 
                 	.MACRO __OUTWR
                 	OUT  @2+1,R@1
                 	OUT  @2,R@0
                 	.ENDM
                 
                 	.MACRO __CALL1MN
                 	LDS  R30,@0+(@1)
                 	LDS  R31,@0+(@1)+1
                 	ICALL
                 	.ENDM
                 
                 	.MACRO __CALL1FN
                 	LDI  R30,LOW(2*@0+(@1))
                 	LDI  R31,HIGH(2*@0+(@1))
                 	CALL __GETW1PF
                 	ICALL
                 	.ENDM
                 
                 	.MACRO __CALL2EN
                 	PUSH R26
                 	PUSH R27
                 	LDI  R26,LOW(@0+(@1))
                 	LDI  R27,HIGH(@0+(@1))
                 	CALL __EEPROMRDW
                 	POP  R27
                 	POP  R26
                 	ICALL
                 	.ENDM
                 
                 	.MACRO __CALL2EX
                 	SUBI R26,LOW(-@0)
                 	SBCI R27,HIGH(-@0)
                 	CALL __EEPROMRDD
                 	ICALL
                 	.ENDM
                 
                 	.MACRO __GETW1STACK
                 	IN   R30,SPL
                 	IN   R31,SPH
                 	ADIW R30,@0+1
                 	LD   R0,Z+
                 	LD   R31,Z
                 	MOV  R30,R0
                 	.ENDM
                 
                 	.MACRO __GETD1STACK
                 	IN   R30,SPL
                 	IN   R31,SPH
                 	ADIW R30,@0+1
                 	LD   R0,Z+
                 	LD   R1,Z+
                 	LD   R22,Z
                 	MOVW R30,R0
                 	.ENDM
                 
                 	.MACRO __NBST
                 	BST  R@0,@1
                 	IN   R30,SREG
                 	LDI  R31,0x40
                 	EOR  R30,R31
                 	OUT  SREG,R30
                 	.ENDM
                 
                 
                 	.MACRO __PUTB1SN
                 	LDD  R26,Y+@0
                 	LDD  R27,Y+@0+1
                 	SUBI R26,LOW(-@1)
                 	SBCI R27,HIGH(-@1)
                 	ST   X,R30
                 	.ENDM
                 
                 	.MACRO __PUTW1SN
                 	LDD  R26,Y+@0
                 	LDD  R27,Y+@0+1
                 	SUBI R26,LOW(-@1)
                 	SBCI R27,HIGH(-@1)
                 	ST   X+,R30
                 	ST   X,R31
                 	.ENDM
                 
                 	.MACRO __PUTD1SN
                 	LDD  R26,Y+@0
                 	LDD  R27,Y+@0+1
                 	SUBI R26,LOW(-@1)
                 	SBCI R27,HIGH(-@1)
                 	CALL __PUTDP1
                 	.ENDM
                 
                 	.MACRO __PUTB1SNS
                 	LDD  R26,Y+@0
                 	LDD  R27,Y+@0+1
                 	ADIW R26,@1
                 	ST   X,R30
                 	.ENDM
                 
                 	.MACRO __PUTW1SNS
                 	LDD  R26,Y+@0
                 	LDD  R27,Y+@0+1
                 	ADIW R26,@1
                 	ST   X+,R30
                 	ST   X,R31
                 	.ENDM
                 
                 	.MACRO __PUTD1SNS
                 	LDD  R26,Y+@0
                 	LDD  R27,Y+@0+1
                 	ADIW R26,@1
                 	CALL __PUTDP1
                 	.ENDM
                 
                 	.MACRO __PUTB1PMN
                 	LDS  R26,@0
                 	LDS  R27,@0+1
                 	SUBI R26,LOW(-@1)
                 	SBCI R27,HIGH(-@1)
                 	ST   X,R30
                 	.ENDM
                 
                 	.MACRO __PUTW1PMN
                 	LDS  R26,@0
                 	LDS  R27,@0+1
                 	SUBI R26,LOW(-@1)
                 	SBCI R27,HIGH(-@1)
                 	ST   X+,R30
                 	ST   X,R31
                 	.ENDM
                 
                 	.MACRO __PUTD1PMN
                 	LDS  R26,@0
                 	LDS  R27,@0+1
                 	SUBI R26,LOW(-@1)
                 	SBCI R27,HIGH(-@1)
                 	CALL __PUTDP1
                 	.ENDM
                 
                 	.MACRO __PUTB1PMNS
                 	LDS  R26,@0
                 	LDS  R27,@0+1
                 	ADIW R26,@1
                 	ST   X,R30
                 	.ENDM
                 
                 	.MACRO __PUTW1PMNS
                 	LDS  R26,@0
                 	LDS  R27,@0+1
                 	ADIW R26,@1
                 	ST   X+,R30
                 	ST   X,R31
                 	.ENDM
                 
                 	.MACRO __PUTD1PMNS
                 	LDS  R26,@0
                 	LDS  R27,@0+1
                 	ADIW R26,@1
                 	CALL __PUTDP1
                 	.ENDM
                 
                 	.MACRO __PUTB1RN
                 	MOVW R26,R@0
                 	SUBI R26,LOW(-@1)
                 	SBCI R27,HIGH(-@1)
                 	ST   X,R30
                 	.ENDM
                 
                 	.MACRO __PUTW1RN
                 	MOVW R26,R@0
                 	SUBI R26,LOW(-@1)
                 	SBCI R27,HIGH(-@1)
                 	ST   X+,R30
                 	ST   X,R31
                 	.ENDM
                 
                 	.MACRO __PUTD1RN
                 	MOVW R26,R@0
                 	SUBI R26,LOW(-@1)
                 	SBCI R27,HIGH(-@1)
                 	CALL __PUTDP1
                 	.ENDM
                 
                 	.MACRO __PUTB1RNS
                 	MOVW R26,R@0
                 	ADIW R26,@1
                 	ST   X,R30
                 	.ENDM
                 
                 	.MACRO __PUTW1RNS
                 	MOVW R26,R@0
                 	ADIW R26,@1
                 	ST   X+,R30
                 	ST   X,R31
                 	.ENDM
                 
                 	.MACRO __PUTD1RNS
                 	MOVW R26,R@0
                 	ADIW R26,@1
                 	CALL __PUTDP1
                 	.ENDM
                 
                 	.MACRO __PUTB1RON
                 	MOV  R26,R@0
                 	MOV  R27,R@1
                 	SUBI R26,LOW(-@2)
                 	SBCI R27,HIGH(-@2)
                 	ST   X,R30
                 	.ENDM
                 
                 	.MACRO __PUTW1RON
                 	MOV  R26,R@0
                 	MOV  R27,R@1
                 	SUBI R26,LOW(-@2)
                 	SBCI R27,HIGH(-@2)
                 	ST   X+,R30
                 	ST   X,R31
                 	.ENDM
                 
                 	.MACRO __PUTD1RON
                 	MOV  R26,R@0
                 	MOV  R27,R@1
                 	SUBI R26,LOW(-@2)
                 	SBCI R27,HIGH(-@2)
                 	CALL __PUTDP1
                 	.ENDM
                 
                 	.MACRO __PUTB1RONS
                 	MOV  R26,R@0
                 	MOV  R27,R@1
                 	ADIW R26,@2
                 	ST   X,R30
                 	.ENDM
                 
                 	.MACRO __PUTW1RONS
                 	MOV  R26,R@0
                 	MOV  R27,R@1
                 	ADIW R26,@2
                 	ST   X+,R30
                 	ST   X,R31
                 	.ENDM
                 
                 	.MACRO __PUTD1RONS
                 	MOV  R26,R@0
                 	MOV  R27,R@1
                 	ADIW R26,@2
                 	CALL __PUTDP1
                 	.ENDM
                 
                 
                 	.MACRO __GETB1SX
                 	MOVW R30,R28
                 	SUBI R30,LOW(-@0)
                 	SBCI R31,HIGH(-@0)
                 	LD   R30,Z
                 	.ENDM
                 
                 	.MACRO __GETB1HSX
                 	MOVW R30,R28
                 	SUBI R30,LOW(-@0)
                 	SBCI R31,HIGH(-@0)
                 	LD   R31,Z
                 	.ENDM
                 
                 	.MACRO __GETW1SX
                 	MOVW R30,R28
                 	SUBI R30,LOW(-@0)
                 	SBCI R31,HIGH(-@0)
                 	LD   R0,Z+
                 	LD   R31,Z
                 	MOV  R30,R0
                 	.ENDM
                 
                 	.MACRO __GETD1SX
                 	MOVW R30,R28
                 	SUBI R30,LOW(-@0)
                 	SBCI R31,HIGH(-@0)
                 	LD   R0,Z+
                 	LD   R1,Z+
                 	LD   R22,Z+
                 	LD   R23,Z
                 	MOVW R30,R0
                 	.ENDM
                 
                 	.MACRO __GETB2SX
                 	MOVW R26,R28
                 	SUBI R26,LOW(-@0)
                 	SBCI R27,HIGH(-@0)
                 	LD   R26,X
                 	.ENDM
                 
                 	.MACRO __GETW2SX
                 	MOVW R26,R28
                 	SUBI R26,LOW(-@0)
                 	SBCI R27,HIGH(-@0)
                 	LD   R0,X+
                 	LD   R27,X
                 	MOV  R26,R0
                 	.ENDM
                 
                 	.MACRO __GETD2SX
                 	MOVW R26,R28
                 	SUBI R26,LOW(-@0)
                 	SBCI R27,HIGH(-@0)
                 	LD   R0,X+
                 	LD   R1,X+
                 	LD   R24,X+
                 	LD   R25,X
                 	MOVW R26,R0
                 	.ENDM
                 
                 	.MACRO __GETBRSX
                 	MOVW R30,R28
                 	SUBI R30,LOW(-@1)
                 	SBCI R31,HIGH(-@1)
                 	LD   R@0,Z
                 	.ENDM
                 
                 	.MACRO __GETWRSX
                 	MOVW R30,R28
                 	SUBI R30,LOW(-@2)
                 	SBCI R31,HIGH(-@2)
                 	LD   R@0,Z+
                 	LD   R@1,Z
                 	.ENDM
                 
                 	.MACRO __GETBRSX2
                 	MOVW R26,R28
                 	SUBI R26,LOW(-@1)
                 	SBCI R27,HIGH(-@1)
                 	LD   R@0,X
                 	.ENDM
                 
                 	.MACRO __GETWRSX2
                 	MOVW R26,R28
                 	SUBI R26,LOW(-@2)
                 	SBCI R27,HIGH(-@2)
                 	LD   R@0,X+
                 	LD   R@1,X
                 	.ENDM
                 
                 	.MACRO __LSLW8SX
                 	MOVW R30,R28
                 	SUBI R30,LOW(-@0)
                 	SBCI R31,HIGH(-@0)
                 	LD   R31,Z
                 	CLR  R30
                 	.ENDM
                 
                 	.MACRO __PUTB1SX
                 	MOVW R26,R28
                 	SUBI R26,LOW(-@0)
                 	SBCI R27,HIGH(-@0)
                 	ST   X,R30
                 	.ENDM
                 
                 	.MACRO __PUTW1SX
                 	MOVW R26,R28
                 	SUBI R26,LOW(-@0)
                 	SBCI R27,HIGH(-@0)
                 	ST   X+,R30
                 	ST   X,R31
                 	.ENDM
                 
                 	.MACRO __PUTD1SX
                 	MOVW R26,R28
                 	SUBI R26,LOW(-@0)
                 	SBCI R27,HIGH(-@0)
                 	ST   X+,R30
                 	ST   X+,R31
                 	ST   X+,R22
                 	ST   X,R23
                 	.ENDM
                 
                 	.MACRO __CLRW1SX
                 	MOVW R26,R28
                 	SUBI R26,LOW(-@0)
                 	SBCI R27,HIGH(-@0)
                 	ST   X+,R30
                 	ST   X,R30
                 	.ENDM
                 
                 	.MACRO __CLRD1SX
                 	MOVW R26,R28
                 	SUBI R26,LOW(-@0)
                 	SBCI R27,HIGH(-@0)
                 	ST   X+,R30
                 	ST   X+,R30
                 	ST   X+,R30
                 	ST   X,R30
                 	.ENDM
                 
                 	.MACRO __PUTB2SX
                 	MOVW R30,R28
                 	SUBI R30,LOW(-@0)
                 	SBCI R31,HIGH(-@0)
                 	ST   Z,R26
                 	.ENDM
                 
                 	.MACRO __PUTW2SX
                 	MOVW R30,R28
                 	SUBI R30,LOW(-@0)
                 	SBCI R31,HIGH(-@0)
                 	ST   Z+,R26
                 	ST   Z,R27
                 	.ENDM
                 
                 	.MACRO __PUTD2SX
                 	MOVW R30,R28
                 	SUBI R30,LOW(-@0)
                 	SBCI R31,HIGH(-@0)
                 	ST   Z+,R26
                 	ST   Z+,R27
                 	ST   Z+,R24
                 	ST   Z,R25
                 	.ENDM
                 
                 	.MACRO __PUTBSRX
                 	MOVW R30,R28
                 	SUBI R30,LOW(-@1)
                 	SBCI R31,HIGH(-@1)
                 	ST   Z,R@0
                 	.ENDM
                 
                 	.MACRO __PUTWSRX
                 	MOVW R30,R28
                 	SUBI R30,LOW(-@2)
                 	SBCI R31,HIGH(-@2)
                 	ST   Z+,R@0
                 	ST   Z,R@1
                 	.ENDM
                 
                 	.MACRO __PUTB1SNX
                 	MOVW R26,R28
                 	SUBI R26,LOW(-@0)
                 	SBCI R27,HIGH(-@0)
                 	LD   R0,X+
                 	LD   R27,X
                 	MOV  R26,R0
                 	SUBI R26,LOW(-@1)
                 	SBCI R27,HIGH(-@1)
                 	ST   X,R30
                 	.ENDM
                 
                 	.MACRO __PUTW1SNX
                 	MOVW R26,R28
                 	SUBI R26,LOW(-@0)
                 	SBCI R27,HIGH(-@0)
                 	LD   R0,X+
                 	LD   R27,X
                 	MOV  R26,R0
                 	SUBI R26,LOW(-@1)
                 	SBCI R27,HIGH(-@1)
                 	ST   X+,R30
                 	ST   X,R31
                 	.ENDM
                 
                 	.MACRO __PUTD1SNX
                 	MOVW R26,R28
                 	SUBI R26,LOW(-@0)
                 	SBCI R27,HIGH(-@0)
                 	LD   R0,X+
                 	LD   R27,X
                 	MOV  R26,R0
                 	SUBI R26,LOW(-@1)
                 	SBCI R27,HIGH(-@1)
                 	ST   X+,R30
                 	ST   X+,R31
                 	ST   X+,R22
                 	ST   X,R23
                 	.ENDM
                 
                 	.MACRO __MULBRR
                 	MULS R@0,R@1
                 	MOVW R30,R0
                 	.ENDM
                 
                 	.MACRO __MULBRRU
                 	MUL  R@0,R@1
                 	MOVW R30,R0
                 	.ENDM
                 
                 	.MACRO __MULBRR0
                 	MULS R@0,R@1
                 	.ENDM
                 
                 	.MACRO __MULBRRU0
                 	MUL  R@0,R@1
                 	.ENDM
                 
                 	.MACRO __MULBNWRU
                 	LDI  R26,@2
                 	MUL  R26,R@0
                 	MOVW R30,R0
                 	MUL  R26,R@1
                 	ADD  R31,R0
                 	.ENDM
                 
                 ;NAME DEFINITIONS FOR GLOBAL VARIABLES ALLOCATED TO REGISTERS
                 	.DEF _t=R4
                 	.DEF _t_msb=R5
                 	.DEF _max=R6
                 	.DEF _max_msb=R7
                 	.DEF __lcd_x=R9
                 	.DEF __lcd_y=R8
                 	.DEF __lcd_maxx=R11
                 
                 	.CSEG
                 	.ORG 0x00
                 
                 ;START OF CODE MARKER
                 __START_OF_CODE:
                 
                 ;INTERRUPT VECTORS
000000 940c 0043 	JMP  __RESET
000002 940c 0000 	JMP  0x00
000004 940c 0000 	JMP  0x00
000006 940c 0000 	JMP  0x00
000008 940c 0000 	JMP  0x00
00000a 940c 0000 	JMP  0x00
00000c 940c 0000 	JMP  0x00
00000e 940c 0000 	JMP  0x00
000010 940c 0000 	JMP  0x00
000012 940c 0000 	JMP  0x00
000014 940c 0000 	JMP  0x00
000016 940c 0000 	JMP  0x00
000018 940c 0000 	JMP  0x00
00001a 940c 0000 	JMP  0x00
00001c 940c 0000 	JMP  0x00
00001e 940c 0000 	JMP  0x00
000020 940c 0000 	JMP  0x00
000022 940c 0000 	JMP  0x00
000024 940c 0000 	JMP  0x00
000026 940c 0000 	JMP  0x00
000028 940c 0000 	JMP  0x00
                 
                 _tbl10_G101:
00002a 2710
00002b 03e8
00002c 0064
00002d 000a      	.DB  0x10,0x27,0xE8,0x3,0x64,0x0,0xA,0x0
00002e 0001      	.DB  0x1,0x0
                 _tbl16_G101:
00002f 1000
000030 0100
000031 0010
000032 0001      	.DB  0x0,0x10,0x0,0x1,0x10,0x0,0x1,0x0
                 
                 ;GLOBAL REGISTER VARIABLES INITIALIZATION
                 __REG_VARS:
000033 0000
000034 000a      	.DB  0x0,0x0,0xA,0x0
                 
                 _0x0:
000035 616d
000036 3d78
000037 6425
000038 7400      	.DB  0x6D,0x61,0x78,0x3D,0x25,0x64,0x0,0x74
000039 253d
00003a 0064      	.DB  0x3D,0x25,0x64,0x0
                 _0x2000003:
00003b c080      	.DB  0x80,0xC0
                 
                 __GLOBAL_INI_TBL:
00003c 0004      	.DW  0x04
00003d 0004      	.DW  0x04
00003e 0066      	.DW  __REG_VARS*2
                 
00003f 0002      	.DW  0x02
000040 0170      	.DW  __base_y_G100
000041 0076      	.DW  _0x2000003*2
                 
                 _0xFFFFFFFF:
000042 0000      	.DW  0
                 
                 #define __GLOBAL_INI_TBL_PRESENT 1
                 
                 __RESET:
000043 94f8      	CLI
000044 27ee      	CLR  R30
000045 bbec      	OUT  EECR,R30
                 
                 ;INTERRUPT VECTORS ARE PLACED
                 ;AT THE START OF FLASH
000046 e0f1      	LDI  R31,1
000047 bffb      	OUT  GICR,R31
000048 bfeb      	OUT  GICR,R30
000049 bfe5      	OUT  MCUCR,R30
                 
                 ;CLEAR R2-R14
00004a e08d      	LDI  R24,(14-2)+1
00004b e0a2      	LDI  R26,2
00004c 27bb      	CLR  R27
                 __CLEAR_REG:
00004d 93ed      	ST   X+,R30
00004e 958a      	DEC  R24
00004f f7e9      	BRNE __CLEAR_REG
                 
                 ;CLEAR SRAM
000050 e080      	LDI  R24,LOW(__CLEAR_SRAM_SIZE)
000051 e094      	LDI  R25,HIGH(__CLEAR_SRAM_SIZE)
000052 e6a0      	LDI  R26,__SRAM_START
                 __CLEAR_SRAM:
000053 93ed      	ST   X+,R30
000054 9701      	SBIW R24,1
000055 f7e9      	BRNE __CLEAR_SRAM
                 
                 ;GLOBAL VARIABLES INITIALIZATION
000056 e7e8      	LDI  R30,LOW(__GLOBAL_INI_TBL*2)
000057 e0f0      	LDI  R31,HIGH(__GLOBAL_INI_TBL*2)
                 __GLOBAL_INI_NEXT:
000058 9185      	LPM  R24,Z+
000059 9195      	LPM  R25,Z+
00005a 9700      	SBIW R24,0
00005b f061      	BREQ __GLOBAL_INI_END
00005c 91a5      	LPM  R26,Z+
00005d 91b5      	LPM  R27,Z+
00005e 9005      	LPM  R0,Z+
00005f 9015      	LPM  R1,Z+
000060 01bf      	MOVW R22,R30
000061 01f0      	MOVW R30,R0
                 __GLOBAL_INI_LOOP:
000062 9005      	LPM  R0,Z+
000063 920d      	ST   X+,R0
000064 9701      	SBIW R24,1
000065 f7e1      	BRNE __GLOBAL_INI_LOOP
000066 01fb      	MOVW R30,R22
000067 cff0      	RJMP __GLOBAL_INI_NEXT
                 __GLOBAL_INI_END:
                 
                 ;HARDWARE STACK POINTER INITIALIZATION
000068 e5ef      	LDI  R30,LOW(__SRAM_END-__HEAP_SIZE)
000069 bfed      	OUT  SPL,R30
00006a e0e4      	LDI  R30,HIGH(__SRAM_END-__HEAP_SIZE)
00006b bfee      	OUT  SPH,R30
                 
                 ;DATA STACK POINTER INITIALIZATION
00006c e6c0      	LDI  R28,LOW(__SRAM_START+__DSTACK_SIZE)
00006d e0d1      	LDI  R29,HIGH(__SRAM_START+__DSTACK_SIZE)
                 
00006e 940c 0070 	JMP  _main
                 
                 	.ESEG
                 	.ORG 0
                 
                 	.DSEG
                 	.ORG 0x160
                 
                 	.CSEG
                 ;/*******************************************************
                 ;This program was created by the
                 ;CodeWizardAVR V3.14 Advanced
                 ;Automatic Program Generator
                 ;© Copyright 1998-2014 Pavel Haiduc, HP InfoTech s.r.l.
                 ;http://www.hpinfotech.com
                 ;
                 ;Project :
                 ;Version :
                 ;Date    : 12/21/2024
                 ;Author  :
                 ;Company :
                 ;Comments:
                 ;
                 ;
                 ;Chip type               : ATmega16
                 ;Program type            : Application
                 ;AVR Core Clock frequency: 1.000000 MHz
                 ;Memory model            : Small
                 ;External RAM size       : 0
                 ;Data Stack size         : 256
                 ;*******************************************************/
                 ;
                 ;#include <mega16.h>
                 	#ifndef __SLEEP_DEFINED__
                 	#define __SLEEP_DEFINED__
                 	.EQU __se_bit=0x40
                 	.EQU __sm_mask=0xB0
                 	.EQU __sm_powerdown=0x20
                 	.EQU __sm_powersave=0x30
                 	.EQU __sm_standby=0xA0
                 	.EQU __sm_ext_standby=0xB0
                 	.EQU __sm_adc_noise_red=0x10
                 	.SET power_ctrl_reg=mcucr
                 	#endif
                 ;#include <delay.h>
                 ;// Alphanumeric LCD functions
                 ;#include <alcd.h>
                 ;#include <stdio.h>
                 ;int t=0,max=10;
                 ;char str[16];
                 ;// Declare your global variables here
                 ;
                 ;void main(void)
                 ; 0000 0022 {
                 
                 	.CSEG
                 _main:
                 ; .FSTART _main
                 ; 0000 0023 // Declare your local variables here
                 ; 0000 0024 
                 ; 0000 0025 // Input/Output Ports initialization
                 ; 0000 0026 // Port A initialization
                 ; 0000 0027 // Function: Bit7=In Bit6=In Bit5=In Bit4=In Bit3=In Bit2=In Bit1=In Bit0=In
                 ; 0000 0028 DDRA=(0<<DDA7) | (0<<DDA6) | (0<<DDA5) | (0<<DDA4) | (0<<DDA3) | (0<<DDA2) | (0<<DDA1) | (0<<DDA0);
000070 e0e0      	LDI  R30,LOW(0)
000071 bbea      	OUT  0x1A,R30
                 ; 0000 0029 // State: Bit7=P Bit6=P Bit5=P Bit4=P Bit3=P Bit2=P Bit1=P Bit0=P
                 ; 0000 002A PORTA=(1<<PORTA7) | (1<<PORTA6) | (1<<PORTA5) | (1<<PORTA4) | (1<<PORTA3) | (1<<PORTA2) | (1<<PORTA1) | (1<<PORTA0);
000072 efef      	LDI  R30,LOW(255)
000073 bbeb      	OUT  0x1B,R30
                 ; 0000 002B 
                 ; 0000 002C // Port B initialization
                 ; 0000 002D // Function: Bit7=In Bit6=In Bit5=In Bit4=In Bit3=In Bit2=In Bit1=In Bit0=In
                 ; 0000 002E DDRB=(0<<DDB7) | (0<<DDB6) | (0<<DDB5) | (0<<DDB4) | (0<<DDB3) | (0<<DDB2) | (0<<DDB1) | (0<<DDB0);
000074 e0e0      	LDI  R30,LOW(0)
000075 bbe7      	OUT  0x17,R30
                 ; 0000 002F // State: Bit7=T Bit6=T Bit5=T Bit4=T Bit3=T Bit2=T Bit1=T Bit0=T
                 ; 0000 0030 PORTB=(0<<PORTB7) | (0<<PORTB6) | (0<<PORTB5) | (0<<PORTB4) | (0<<PORTB3) | (0<<PORTB2) | (0<<PORTB1) | (0<<PORTB0);
000076 bbe8      	OUT  0x18,R30
                 ; 0000 0031 
                 ; 0000 0032 // Port C initialization
                 ; 0000 0033 // Function: Bit7=In Bit6=In Bit5=In Bit4=In Bit3=In Bit2=In Bit1=In Bit0=In
                 ; 0000 0034 DDRC=(0<<DDC7) | (0<<DDC6) | (0<<DDC5) | (0<<DDC4) | (0<<DDC3) | (0<<DDC2) | (0<<DDC1) | (0<<DDC0);
000077 bbe4      	OUT  0x14,R30
                 ; 0000 0035 // State: Bit7=T Bit6=T Bit5=T Bit4=T Bit3=T Bit2=T Bit1=T Bit0=T
                 ; 0000 0036 PORTC=(0<<PORTC7) | (0<<PORTC6) | (0<<PORTC5) | (0<<PORTC4) | (0<<PORTC3) | (0<<PORTC2) | (0<<PORTC1) | (0<<PORTC0);
000078 bbe5      	OUT  0x15,R30
                 ; 0000 0037 
                 ; 0000 0038 // Port D initialization
                 ; 0000 0039 // Function: Bit7=Out Bit6=Out Bit5=Out Bit4=Out Bit3=Out Bit2=Out Bit1=Out Bit0=Out
                 ; 0000 003A DDRD=(1<<DDD7) | (1<<DDD6) | (1<<DDD5) | (1<<DDD4) | (1<<DDD3) | (1<<DDD2) | (1<<DDD1) | (1<<DDD0);
000079 efef      	LDI  R30,LOW(255)
00007a bbe1      	OUT  0x11,R30
                 ; 0000 003B // State: Bit7=1 Bit6=1 Bit5=1 Bit4=1 Bit3=1 Bit2=1 Bit1=1 Bit0=1
                 ; 0000 003C PORTD=(1<<PORTD7) | (1<<PORTD6) | (1<<PORTD5) | (1<<PORTD4) | (1<<PORTD3) | (1<<PORTD2) | (1<<PORTD1) | (1<<PORTD0);
00007b bbe2      	OUT  0x12,R30
                 ; 0000 003D 
                 ; 0000 003E // Timer/Counter 0 initialization
                 ; 0000 003F // Clock source: System Clock
                 ; 0000 0040 // Clock value: Timer 0 Stopped
                 ; 0000 0041 // Mode: Normal top=0xFF
                 ; 0000 0042 // OC0 output: Disconnected
                 ; 0000 0043 TCCR0=(0<<WGM00) | (0<<COM01) | (0<<COM00) | (0<<WGM01) | (0<<CS02) | (0<<CS01) | (0<<CS00);
00007c e0e0      	LDI  R30,LOW(0)
00007d bfe3      	OUT  0x33,R30
                 ; 0000 0044 TCNT0=0x00;
00007e bfe2      	OUT  0x32,R30
                 ; 0000 0045 OCR0=0x00;
00007f bfec      	OUT  0x3C,R30
                 ; 0000 0046 
                 ; 0000 0047 // Timer/Counter 1 initialization
                 ; 0000 0048 // Clock source: System Clock
                 ; 0000 0049 // Clock value: Timer1 Stopped
                 ; 0000 004A // Mode: Normal top=0xFFFF
                 ; 0000 004B // OC1A output: Disconnected
                 ; 0000 004C // OC1B output: Disconnected
                 ; 0000 004D // Noise Canceler: Off
                 ; 0000 004E // Input Capture on Falling Edge
                 ; 0000 004F // Timer1 Overflow Interrupt: Off
                 ; 0000 0050 // Input Capture Interrupt: Off
                 ; 0000 0051 // Compare A Match Interrupt: Off
                 ; 0000 0052 // Compare B Match Interrupt: Off
                 ; 0000 0053 TCCR1A=(0<<COM1A1) | (0<<COM1A0) | (0<<COM1B1) | (0<<COM1B0) | (0<<WGM11) | (0<<WGM10);
000080 bdef      	OUT  0x2F,R30
                 ; 0000 0054 TCCR1B=(0<<ICNC1) | (0<<ICES1) | (0<<WGM13) | (0<<WGM12) | (0<<CS12) | (0<<CS11) | (0<<CS10);
000081 bdee      	OUT  0x2E,R30
                 ; 0000 0055 TCNT1H=0x00;
000082 bded      	OUT  0x2D,R30
                 ; 0000 0056 TCNT1L=0x00;
000083 bdec      	OUT  0x2C,R30
                 ; 0000 0057 ICR1H=0x00;
000084 bde7      	OUT  0x27,R30
                 ; 0000 0058 ICR1L=0x00;
000085 bde6      	OUT  0x26,R30
                 ; 0000 0059 OCR1AH=0x00;
000086 bdeb      	OUT  0x2B,R30
                 ; 0000 005A OCR1AL=0x00;
000087 bdea      	OUT  0x2A,R30
                 ; 0000 005B OCR1BH=0x00;
000088 bde9      	OUT  0x29,R30
                 ; 0000 005C OCR1BL=0x00;
000089 bde8      	OUT  0x28,R30
                 ; 0000 005D 
                 ; 0000 005E // Timer/Counter 2 initialization
                 ; 0000 005F // Clock source: System Clock
                 ; 0000 0060 // Clock value: Timer2 Stopped
                 ; 0000 0061 // Mode: Normal top=0xFF
                 ; 0000 0062 // OC2 output: Disconnected
                 ; 0000 0063 ASSR=0<<AS2;
00008a bde2      	OUT  0x22,R30
                 ; 0000 0064 TCCR2=(0<<PWM2) | (0<<COM21) | (0<<COM20) | (0<<CTC2) | (0<<CS22) | (0<<CS21) | (0<<CS20);
00008b bde5      	OUT  0x25,R30
                 ; 0000 0065 TCNT2=0x00;
00008c bde4      	OUT  0x24,R30
                 ; 0000 0066 OCR2=0x00;
00008d bde3      	OUT  0x23,R30
                 ; 0000 0067 
                 ; 0000 0068 // Timer(s)/Counter(s) Interrupt(s) initialization
                 ; 0000 0069 TIMSK=(0<<OCIE2) | (0<<TOIE2) | (0<<TICIE1) | (0<<OCIE1A) | (0<<OCIE1B) | (0<<TOIE1) | (0<<OCIE0) | (0<<TOIE0);
00008e bfe9      	OUT  0x39,R30
                 ; 0000 006A 
                 ; 0000 006B // External Interrupt(s) initialization
                 ; 0000 006C // INT0: Off
                 ; 0000 006D // INT1: Off
                 ; 0000 006E // INT2: Off
                 ; 0000 006F MCUCR=(0<<ISC11) | (0<<ISC10) | (0<<ISC01) | (0<<ISC00);
00008f bfe5      	OUT  0x35,R30
                 ; 0000 0070 MCUCSR=(0<<ISC2);
000090 bfe4      	OUT  0x34,R30
                 ; 0000 0071 
                 ; 0000 0072 // USART initialization
                 ; 0000 0073 // USART disabled
                 ; 0000 0074 UCSRB=(0<<RXCIE) | (0<<TXCIE) | (0<<UDRIE) | (0<<RXEN) | (0<<TXEN) | (0<<UCSZ2) | (0<<RXB8) | (0<<TXB8);
000091 b9ea      	OUT  0xA,R30
                 ; 0000 0075 
                 ; 0000 0076 // Analog Comparator initialization
                 ; 0000 0077 // Analog Comparator: Off
                 ; 0000 0078 // The Analog Comparator's positive input is
                 ; 0000 0079 // connected to the AIN0 pin
                 ; 0000 007A // The Analog Comparator's negative input is
                 ; 0000 007B // connected to the AIN1 pin
                 ; 0000 007C ACSR=(1<<ACD) | (0<<ACBG) | (0<<ACO) | (0<<ACI) | (0<<ACIE) | (0<<ACIC) | (0<<ACIS1) | (0<<ACIS0);
000092 e8e0      	LDI  R30,LOW(128)
000093 b9e8      	OUT  0x8,R30
                 ; 0000 007D SFIOR=(0<<ACME);
000094 e0e0      	LDI  R30,LOW(0)
000095 bfe0      	OUT  0x30,R30
                 ; 0000 007E 
                 ; 0000 007F // ADC initialization
                 ; 0000 0080 // ADC disabled
                 ; 0000 0081 ADCSRA=(0<<ADEN) | (0<<ADSC) | (0<<ADATE) | (0<<ADIF) | (0<<ADIE) | (0<<ADPS2) | (0<<ADPS1) | (0<<ADPS0);
000096 b9e6      	OUT  0x6,R30
                 ; 0000 0082 
                 ; 0000 0083 // SPI initialization
                 ; 0000 0084 // SPI disabled
                 ; 0000 0085 SPCR=(0<<SPIE) | (0<<SPE) | (0<<DORD) | (0<<MSTR) | (0<<CPOL) | (0<<CPHA) | (0<<SPR1) | (0<<SPR0);
000097 b9ed      	OUT  0xD,R30
                 ; 0000 0086 
                 ; 0000 0087 // TWI initialization
                 ; 0000 0088 // TWI disabled
                 ; 0000 0089 TWCR=(0<<TWEA) | (0<<TWSTA) | (0<<TWSTO) | (0<<TWEN) | (0<<TWIE);
000098 bfe6      	OUT  0x36,R30
                 ; 0000 008A 
                 ; 0000 008B // Alphanumeric LCD initialization
                 ; 0000 008C // Connections are specified in the
                 ; 0000 008D // Project|Configure|C Compiler|Libraries|Alphanumeric LCD menu:
                 ; 0000 008E // RS - PORTA Bit 0
                 ; 0000 008F // RD - PORTA Bit 1
                 ; 0000 0090 // EN - PORTA Bit 2
                 ; 0000 0091 // D4 - PORTA Bit 4
                 ; 0000 0092 // D5 - PORTA Bit 5
                 ; 0000 0093 // D6 - PORTA Bit 6
                 ; 0000 0094 // D7 - PORTA Bit 7
                 ; 0000 0095 // Characters/line: 8
                 ; 0000 0096 lcd_init(16);
000099 e1a0      	LDI  R26,LOW(16)
00009a d082      	RCALL _lcd_init
                 ; 0000 0097 
                 ; 0000 0098 while (1){
                 _0x3:
                 ; 0000 0099 
                 ; 0000 009A       sprintf(str,"max=%d",max);
00009b e6e0      	LDI  R30,LOW(_str)
00009c e0f1      	LDI  R31,HIGH(_str)
00009d 93fa      	ST   -Y,R31
00009e 93ea      	ST   -Y,R30
                +
00009f e6ea     +LDI R30 , LOW ( 2 * _0x0 + ( 0 ) )
0000a0 e0f0     +LDI R31 , HIGH ( 2 * _0x0 + ( 0 ) )
                 	__POINTW1FN _0x0,0
0000a1 93fa      	ST   -Y,R31
0000a2 93ea      	ST   -Y,R30
0000a3 01f3      	MOVW R30,R6
0000a4 940e 030b 	CALL SUBOPT_0x0
                 ; 0000 009B       lcd_gotoxy(0,1);
0000a6 e0a1      	LDI  R26,LOW(1)
0000a7 940e 0316 	CALL SUBOPT_0x1
                 ; 0000 009C       lcd_puts(str);
                 ; 0000 009D 
                 ; 0000 009E       if(PINA.0==0){
0000a9 99c8      	SBIC 0x19,0
0000aa c011      	RJMP _0x6
                 ; 0000 009F       t++;
0000ab 01f2      	MOVW R30,R4
0000ac 9631      	ADIW R30,1
0000ad 012f      	MOVW R4,R30
                 ; 0000 00A0 
                 ; 0000 00A1       sprintf(str,"t=%d",t);
0000ae e6e0      	LDI  R30,LOW(_str)
0000af e0f1      	LDI  R31,HIGH(_str)
0000b0 93fa      	ST   -Y,R31
0000b1 93ea      	ST   -Y,R30
                +
0000b2 e7e1     +LDI R30 , LOW ( 2 * _0x0 + ( 7 ) )
0000b3 e0f0     +LDI R31 , HIGH ( 2 * _0x0 + ( 7 ) )
                 	__POINTW1FN _0x0,7
0000b4 93fa      	ST   -Y,R31
0000b5 93ea      	ST   -Y,R30
0000b6 01f2      	MOVW R30,R4
0000b7 940e 030b 	CALL SUBOPT_0x0
                 ; 0000 00A2       lcd_gotoxy(0,0);
0000b9 e0a0      	LDI  R26,LOW(0)
0000ba 940e 0316 	CALL SUBOPT_0x1
                 ; 0000 00A3       lcd_puts(str);
                 ; 0000 00A4       }
                 ; 0000 00A5 
                 ; 0000 00A6 
                 ; 0000 00A7 
                 ; 0000 00A8 }
                 _0x6:
0000bc cfde      	RJMP _0x3
                 ; 0000 00A9 }
                 _0x7:
0000bd cfff      	RJMP _0x7
                 ; .FEND
                 	#ifndef __SLEEP_DEFINED__
                 	#endif
                 
                 	.DSEG
                 
                 	.CSEG
                 __lcd_write_nibble_G100:
                 ; .FSTART __lcd_write_nibble_G100
0000be 93aa      	ST   -Y,R26
0000bf b3e5      	IN   R30,0x15
0000c0 70ef      	ANDI R30,LOW(0xF)
0000c1 2fae      	MOV  R26,R30
0000c2 81e8      	LD   R30,Y
0000c3 7fe0      	ANDI R30,LOW(0xF0)
0000c4 2bea      	OR   R30,R26
0000c5 bbe5      	OUT  0x15,R30
                +
0000c6 e082     +LDI R24 , LOW ( 2 )
                +__DELAY_USB_LOOP :
0000c7 958a     +DEC R24
0000c8 f7f1     +BRNE __DELAY_USB_LOOP
                 	__DELAY_USB 2
0000c9 9aaa      	SBI  0x15,2
                +
0000ca e082     +LDI R24 , LOW ( 2 )
                +__DELAY_USB_LOOP :
0000cb 958a     +DEC R24
0000cc f7f1     +BRNE __DELAY_USB_LOOP
                 	__DELAY_USB 2
0000cd 98aa      	CBI  0x15,2
                +
0000ce e082     +LDI R24 , LOW ( 2 )
                +__DELAY_USB_LOOP :
0000cf 958a     +DEC R24
0000d0 f7f1     +BRNE __DELAY_USB_LOOP
                 	__DELAY_USB 2
0000d1 c076      	RJMP _0x2080002
                 ; .FEND
                 __lcd_write_data:
                 ; .FSTART __lcd_write_data
0000d2 93aa      	ST   -Y,R26
0000d3 81a8      	LD   R26,Y
0000d4 dfe9      	RCALL __lcd_write_nibble_G100
0000d5 81e8          ld    r30,y
0000d6 95e2          swap  r30
0000d7 83e8          st    y,r30
0000d8 81a8      	LD   R26,Y
0000d9 dfe4      	RCALL __lcd_write_nibble_G100
                +
0000da e181     +LDI R24 , LOW ( 17 )
                +__DELAY_USB_LOOP :
0000db 958a     +DEC R24
0000dc f7f1     +BRNE __DELAY_USB_LOOP
                 	__DELAY_USB 17
0000dd c06a      	RJMP _0x2080002
                 ; .FEND
                 _lcd_gotoxy:
                 ; .FSTART _lcd_gotoxy
0000de 93aa      	ST   -Y,R26
0000df 81e8      	LD   R30,Y
0000e0 e0f0      	LDI  R31,0
0000e1 59e0      	SUBI R30,LOW(-__base_y_G100)
0000e2 4ffe      	SBCI R31,HIGH(-__base_y_G100)
0000e3 81e0      	LD   R30,Z
0000e4 81a9      	LDD  R26,Y+1
0000e5 0fae      	ADD  R26,R30
0000e6 dfeb      	RCALL __lcd_write_data
0000e7 8099      	LDD  R9,Y+1
0000e8 8088      	LDD  R8,Y+0
0000e9 9622      	ADIW R28,2
0000ea 9508      	RET
                 ; .FEND
                 _lcd_clear:
                 ; .FSTART _lcd_clear
0000eb e0a2      	LDI  R26,LOW(2)
0000ec 940e 031c 	CALL SUBOPT_0x2
0000ee e0ac      	LDI  R26,LOW(12)
0000ef dfe2      	RCALL __lcd_write_data
0000f0 e0a1      	LDI  R26,LOW(1)
0000f1 940e 031c 	CALL SUBOPT_0x2
0000f3 e0e0      	LDI  R30,LOW(0)
0000f4 2e8e      	MOV  R8,R30
0000f5 2e9e      	MOV  R9,R30
0000f6 9508      	RET
                 ; .FEND
                 _lcd_putchar:
                 ; .FSTART _lcd_putchar
0000f7 93aa      	ST   -Y,R26
0000f8 81a8      	LD   R26,Y
0000f9 30aa      	CPI  R26,LOW(0xA)
0000fa f011      	BREQ _0x2000005
0000fb 149b      	CP   R9,R11
0000fc f048      	BRLO _0x2000004
                 _0x2000005:
0000fd e0e0      	LDI  R30,LOW(0)
0000fe 93ea      	ST   -Y,R30
0000ff 9483      	INC  R8
000100 2da8      	MOV  R26,R8
000101 dfdc      	RCALL _lcd_gotoxy
000102 81a8      	LD   R26,Y
000103 30aa      	CPI  R26,LOW(0xA)
000104 f409      	BRNE _0x2000007
000105 c042      	RJMP _0x2080002
                 _0x2000007:
                 _0x2000004:
000106 9493      	INC  R9
000107 9aa8      	SBI  0x15,0
000108 81a8      	LD   R26,Y
000109 dfc8      	RCALL __lcd_write_data
00010a 98a8      	CBI  0x15,0
00010b c03c      	RJMP _0x2080002
                 ; .FEND
                 _lcd_puts:
                 ; .FSTART _lcd_puts
00010c 93ba      	ST   -Y,R27
00010d 93aa      	ST   -Y,R26
00010e 931a      	ST   -Y,R17
                 _0x2000008:
00010f 81a9      	LDD  R26,Y+1
000110 81ba      	LDD  R27,Y+1+1
000111 91ed      	LD   R30,X+
000112 83a9      	STD  Y+1,R26
000113 83ba      	STD  Y+1+1,R27
000114 2f1e      	MOV  R17,R30
000115 30e0      	CPI  R30,0
000116 f019      	BREQ _0x200000A
000117 2fa1      	MOV  R26,R17
000118 dfde      	RCALL _lcd_putchar
000119 cff5      	RJMP _0x2000008
                 _0x200000A:
00011a 8118      	LDD  R17,Y+0
00011b 9623      	ADIW R28,3
00011c 9508      	RET
                 ; .FEND
                 _lcd_init:
                 ; .FSTART _lcd_init
00011d 93aa      	ST   -Y,R26
00011e b3e4      	IN   R30,0x14
00011f 6fe0      	ORI  R30,LOW(0xF0)
000120 bbe4      	OUT  0x14,R30
000121 9aa2      	SBI  0x14,2
000122 9aa0      	SBI  0x14,0
000123 9aa1      	SBI  0x14,1
000124 98aa      	CBI  0x15,2
000125 98a8      	CBI  0x15,0
000126 98a9      	CBI  0x15,1
000127 80b8      	LDD  R11,Y+0
000128 81e8      	LD   R30,Y
000129 58e0      	SUBI R30,-LOW(128)
                +
00012a 93e0 0172+STS __base_y_G100 + ( 2 ) , R30
                 	__PUTB1MN __base_y_G100,2
00012c 81e8      	LD   R30,Y
00012d 54e0      	SUBI R30,-LOW(192)
                +
00012e 93e0 0173+STS __base_y_G100 + ( 3 ) , R30
                 	__PUTB1MN __base_y_G100,3
000130 e1a4      	LDI  R26,LOW(20)
000131 e0b0      	LDI  R27,0
000132 940e 0355 	CALL _delay_ms
000134 940e 0322 	CALL SUBOPT_0x3
000136 940e 0322 	CALL SUBOPT_0x3
000138 940e 0322 	CALL SUBOPT_0x3
00013a e2a0      	LDI  R26,LOW(32)
00013b df82      	RCALL __lcd_write_nibble_G100
                +
00013c e281     +LDI R24 , LOW ( 33 )
                +__DELAY_USB_LOOP :
00013d 958a     +DEC R24
00013e f7f1     +BRNE __DELAY_USB_LOOP
                 	__DELAY_USB 33
00013f e2a8      	LDI  R26,LOW(40)
000140 df91      	RCALL __lcd_write_data
000141 e0a4      	LDI  R26,LOW(4)
000142 df8f      	RCALL __lcd_write_data
000143 e8a5      	LDI  R26,LOW(133)
000144 df8d      	RCALL __lcd_write_data
000145 e0a6      	LDI  R26,LOW(6)
000146 df8b      	RCALL __lcd_write_data
000147 dfa3      	RCALL _lcd_clear
                 _0x2080002:
000148 9621      	ADIW R28,1
000149 9508      	RET
                 ; .FEND
                 	#ifndef __SLEEP_DEFINED__
                 	#endif
                 
                 	.CSEG
                 _put_buff_G101:
                 ; .FSTART _put_buff_G101
00014a 93ba      	ST   -Y,R27
00014b 93aa      	ST   -Y,R26
00014c 931a      	ST   -Y,R17
00014d 930a      	ST   -Y,R16
00014e 81aa      	LDD  R26,Y+2
00014f 81bb      	LDD  R27,Y+2+1
000150 9612      	ADIW R26,2
000151 940e 036c 	CALL __GETW1P
000153 9730      	SBIW R30,0
000154 f159      	BREQ _0x2020010
000155 81aa      	LDD  R26,Y+2
000156 81bb      	LDD  R27,Y+2+1
000157 9614      	ADIW R26,4
000158 940e 036c 	CALL __GETW1P
00015a 018f      	MOVW R16,R30
00015b 9730      	SBIW R30,0
00015c f061      	BREQ _0x2020012
                +
00015d 3002     +CPI R16 , LOW ( 2 )
00015e e0e0     +LDI R30 , HIGH ( 2 )
00015f 071e     +CPC R17 , R30
                 	__CPWRN 16,17,2
000160 f098      	BRLO _0x2020013
000161 01f8      	MOVW R30,R16
000162 9731      	SBIW R30,1
000163 018f      	MOVW R16,R30
                +
000164 81aa     +LDD R26 , Y + 2
000165 81bb     +LDD R27 , Y + 2 + 1
000166 9614     +ADIW R26 , 4
000167 93ed     +ST X + , R30
000168 93fc     +ST X , R31
                 	__PUTW1SNS 2,4
                 _0x2020012:
000169 81aa      	LDD  R26,Y+2
00016a 81bb      	LDD  R27,Y+2+1
00016b 9612      	ADIW R26,2
00016c 91ed      	LD   R30,X+
00016d 91fd      	LD   R31,X+
00016e 9631      	ADIW R30,1
00016f 93fe      	ST   -X,R31
000170 93ee      	ST   -X,R30
000171 9731      	SBIW R30,1
000172 81ac      	LDD  R26,Y+4
000173 83a0      	STD  Z+0,R26
                 _0x2020013:
000174 81aa      	LDD  R26,Y+2
000175 81bb      	LDD  R27,Y+2+1
000176 940e 036c 	CALL __GETW1P
000178 23ff      	TST  R31
000179 f02a      	BRMI _0x2020014
00017a 91ed      	LD   R30,X+
00017b 91fd      	LD   R31,X+
00017c 9631      	ADIW R30,1
00017d 93fe      	ST   -X,R31
00017e 93ee      	ST   -X,R30
                 _0x2020014:
00017f c006      	RJMP _0x2020015
                 _0x2020010:
000180 81aa      	LDD  R26,Y+2
000181 81bb      	LDD  R27,Y+2+1
000182 efef      	LDI  R30,LOW(65535)
000183 efff      	LDI  R31,HIGH(65535)
000184 93ed      	ST   X+,R30
000185 93fc      	ST   X,R31
                 _0x2020015:
000186 8119      	LDD  R17,Y+1
000187 8108      	LDD  R16,Y+0
000188 9625      	ADIW R28,5
000189 9508      	RET
                 ; .FEND
                 __print_G101:
                 ; .FSTART __print_G101
00018a 93ba      	ST   -Y,R27
00018b 93aa      	ST   -Y,R26
00018c 9726      	SBIW R28,6
00018d 940e 0379 	CALL __SAVELOCR6
00018f e010      	LDI  R17,0
000190 85ac      	LDD  R26,Y+12
000191 85bd      	LDD  R27,Y+12+1
000192 e0e0      	LDI  R30,LOW(0)
000193 e0f0      	LDI  R31,HIGH(0)
000194 93ed      	ST   X+,R30
000195 93fc      	ST   X,R31
                 _0x2020016:
000196 89ea      	LDD  R30,Y+18
000197 89fb      	LDD  R31,Y+18+1
000198 9631      	ADIW R30,1
000199 8bea      	STD  Y+18,R30
00019a 8bfb      	STD  Y+18+1,R31
00019b 9731      	SBIW R30,1
00019c 91e4      	LPM  R30,Z
00019d 2f2e      	MOV  R18,R30
00019e 30e0      	CPI  R30,0
00019f f409      	BRNE PC+2
0001a0 c115      	RJMP _0x2020018
0001a1 2fe1      	MOV  R30,R17
0001a2 30e0      	CPI  R30,0
0001a3 f439      	BRNE _0x202001C
0001a4 3225      	CPI  R18,37
0001a5 f411      	BRNE _0x202001D
0001a6 e011      	LDI  R17,LOW(1)
0001a7 c002      	RJMP _0x202001E
                 _0x202001D:
0001a8 940e 0329 	CALL SUBOPT_0x4
                 _0x202001E:
0001aa c10a      	RJMP _0x202001B
                 _0x202001C:
0001ab 30e1      	CPI  R30,LOW(0x1)
0001ac f4a9      	BRNE _0x202001F
0001ad 3225      	CPI  R18,37
0001ae f419      	BRNE _0x2020020
0001af 940e 0329 	CALL SUBOPT_0x4
0001b1 c102      	RJMP _0x20200CC
                 _0x2020020:
0001b2 e012      	LDI  R17,LOW(2)
0001b3 e040      	LDI  R20,LOW(0)
0001b4 e000      	LDI  R16,LOW(0)
0001b5 322d      	CPI  R18,45
0001b6 f411      	BRNE _0x2020021
0001b7 e001      	LDI  R16,LOW(1)
0001b8 c0fc      	RJMP _0x202001B
                 _0x2020021:
0001b9 322b      	CPI  R18,43
0001ba f411      	BRNE _0x2020022
0001bb e24b      	LDI  R20,LOW(43)
0001bc c0f8      	RJMP _0x202001B
                 _0x2020022:
0001bd 3220      	CPI  R18,32
0001be f411      	BRNE _0x2020023
0001bf e240      	LDI  R20,LOW(32)
0001c0 c0f4      	RJMP _0x202001B
                 _0x2020023:
0001c1 c002      	RJMP _0x2020024
                 _0x202001F:
0001c2 30e2      	CPI  R30,LOW(0x2)
0001c3 f439      	BRNE _0x2020025
                 _0x2020024:
0001c4 e050      	LDI  R21,LOW(0)
0001c5 e013      	LDI  R17,LOW(3)
0001c6 3320      	CPI  R18,48
0001c7 f411      	BRNE _0x2020026
0001c8 6800      	ORI  R16,LOW(128)
0001c9 c0eb      	RJMP _0x202001B
                 _0x2020026:
0001ca c003      	RJMP _0x2020027
                 _0x2020025:
0001cb 30e3      	CPI  R30,LOW(0x3)
0001cc f009      	BREQ PC+2
0001cd c0e7      	RJMP _0x202001B
                 _0x2020027:
0001ce 3320      	CPI  R18,48
0001cf f010      	BRLO _0x202002A
0001d0 332a      	CPI  R18,58
0001d1 f008      	BRLO _0x202002B
                 _0x202002A:
0001d2 c007      	RJMP _0x2020029
                 _0x202002B:
0001d3 e0aa      	LDI  R26,LOW(10)
0001d4 9f5a      	MUL  R21,R26
0001d5 2d50      	MOV  R21,R0
0001d6 2fe2      	MOV  R30,R18
0001d7 53e0      	SUBI R30,LOW(48)
0001d8 0f5e      	ADD  R21,R30
0001d9 c0db      	RJMP _0x202001B
                 _0x2020029:
0001da 2fe2      	MOV  R30,R18
0001db 36e3      	CPI  R30,LOW(0x63)
0001dc f449      	BRNE _0x202002F
0001dd 940e 0330 	CALL SUBOPT_0x5
0001df 89e8      	LDD  R30,Y+16
0001e0 89f9      	LDD  R31,Y+16+1
0001e1 81a4      	LDD  R26,Z+4
0001e2 93aa      	ST   -Y,R26
0001e3 940e 0336 	CALL SUBOPT_0x6
0001e5 c0ce      	RJMP _0x2020030
                 _0x202002F:
0001e6 37e3      	CPI  R30,LOW(0x73)
0001e7 f441      	BRNE _0x2020032
0001e8 940e 0330 	CALL SUBOPT_0x5
0001ea 940e 033c 	CALL SUBOPT_0x7
0001ec 940e 02f2 	CALL _strlen
0001ee 2f1e      	MOV  R17,R30
0001ef c00a      	RJMP _0x2020033
                 _0x2020032:
0001f0 37e0      	CPI  R30,LOW(0x70)
0001f1 f461      	BRNE _0x2020035
0001f2 940e 0330 	CALL SUBOPT_0x5
0001f4 940e 033c 	CALL SUBOPT_0x7
0001f6 940e 02fe 	CALL _strlenf
0001f8 2f1e      	MOV  R17,R30
0001f9 6008      	ORI  R16,LOW(8)
                 _0x2020033:
0001fa 6002      	ORI  R16,LOW(2)
0001fb 770f      	ANDI R16,LOW(127)
0001fc e030      	LDI  R19,LOW(0)
0001fd c034      	RJMP _0x2020036
                 _0x2020035:
0001fe 36e4      	CPI  R30,LOW(0x64)
0001ff f011      	BREQ _0x2020039
000200 36e9      	CPI  R30,LOW(0x69)
000201 f411      	BRNE _0x202003A
                 _0x2020039:
000202 6004      	ORI  R16,LOW(4)
000203 c002      	RJMP _0x202003B
                 _0x202003A:
000204 37e5      	CPI  R30,LOW(0x75)
000205 f431      	BRNE _0x202003C
                 _0x202003B:
000206 e5e4      	LDI  R30,LOW(_tbl10_G101*2)
000207 e0f0      	LDI  R31,HIGH(_tbl10_G101*2)
000208 83ee      	STD  Y+6,R30
000209 83ff      	STD  Y+6+1,R31
00020a e015      	LDI  R17,LOW(5)
00020b c00c      	RJMP _0x202003D
                 _0x202003C:
00020c 35e8      	CPI  R30,LOW(0x58)
00020d f411      	BRNE _0x202003F
00020e 6008      	ORI  R16,LOW(8)
00020f c003      	RJMP _0x2020040
                 _0x202003F:
000210 37e8      	CPI  R30,LOW(0x78)
000211 f009      	BREQ PC+2
000212 c0a1      	RJMP _0x2020071
                 _0x2020040:
000213 e5ee      	LDI  R30,LOW(_tbl16_G101*2)
000214 e0f0      	LDI  R31,HIGH(_tbl16_G101*2)
000215 83ee      	STD  Y+6,R30
000216 83ff      	STD  Y+6+1,R31
000217 e014      	LDI  R17,LOW(4)
                 _0x202003D:
000218 ff02      	SBRS R16,2
000219 c014      	RJMP _0x2020042
00021a 940e 0330 	CALL SUBOPT_0x5
00021c 940e 0346 	CALL SUBOPT_0x8
00021e 85ab      	LDD  R26,Y+11
00021f 23aa      	TST  R26
000220 f43a      	BRPL _0x2020043
000221 85ea      	LDD  R30,Y+10
000222 85fb      	LDD  R31,Y+10+1
000223 940e 0363 	CALL __ANEGW1
000225 87ea      	STD  Y+10,R30
000226 87fb      	STD  Y+10+1,R31
000227 e24d      	LDI  R20,LOW(45)
                 _0x2020043:
000228 3040      	CPI  R20,0
000229 f011      	BREQ _0x2020044
00022a 5f1f      	SUBI R17,-LOW(1)
00022b c001      	RJMP _0x2020045
                 _0x2020044:
00022c 7f0b      	ANDI R16,LOW(251)
                 _0x2020045:
00022d c004      	RJMP _0x2020046
                 _0x2020042:
00022e 940e 0330 	CALL SUBOPT_0x5
000230 940e 0346 	CALL SUBOPT_0x8
                 _0x2020046:
                 _0x2020036:
000232 fd00      	SBRC R16,0
000233 c011      	RJMP _0x2020047
                 _0x2020048:
000234 1715      	CP   R17,R21
000235 f478      	BRSH _0x202004A
000236 ff07      	SBRS R16,7
000237 c008      	RJMP _0x202004B
000238 ff02      	SBRS R16,2
000239 c004      	RJMP _0x202004C
00023a 7f0b      	ANDI R16,LOW(251)
00023b 2f24      	MOV  R18,R20
00023c 5011      	SUBI R17,LOW(1)
00023d c001      	RJMP _0x202004D
                 _0x202004C:
00023e e320      	LDI  R18,LOW(48)
                 _0x202004D:
00023f c001      	RJMP _0x202004E
                 _0x202004B:
000240 e220      	LDI  R18,LOW(32)
                 _0x202004E:
000241 940e 0329 	CALL SUBOPT_0x4
000243 5051      	SUBI R21,LOW(1)
000244 cfef      	RJMP _0x2020048
                 _0x202004A:
                 _0x2020047:
000245 2f31      	MOV  R19,R17
000246 ff01      	SBRS R16,1
000247 c017      	RJMP _0x202004F
                 _0x2020050:
000248 3030      	CPI  R19,0
000249 f0a1      	BREQ _0x2020052
00024a ff03      	SBRS R16,3
00024b c006      	RJMP _0x2020053
00024c 81ee      	LDD  R30,Y+6
00024d 81ff      	LDD  R31,Y+6+1
00024e 9125      	LPM  R18,Z+
00024f 83ee      	STD  Y+6,R30
000250 83ff      	STD  Y+6+1,R31
000251 c005      	RJMP _0x2020054
                 _0x2020053:
000252 81ae      	LDD  R26,Y+6
000253 81bf      	LDD  R27,Y+6+1
000254 912d      	LD   R18,X+
000255 83ae      	STD  Y+6,R26
000256 83bf      	STD  Y+6+1,R27
                 _0x2020054:
000257 940e 0329 	CALL SUBOPT_0x4
000259 3050      	CPI  R21,0
00025a f009      	BREQ _0x2020055
00025b 5051      	SUBI R21,LOW(1)
                 _0x2020055:
00025c 5031      	SUBI R19,LOW(1)
00025d cfea      	RJMP _0x2020050
                 _0x2020052:
00025e c04b      	RJMP _0x2020056
                 _0x202004F:
                 _0x2020058:
00025f e320      	LDI  R18,LOW(48)
000260 81ee      	LDD  R30,Y+6
000261 81ff      	LDD  R31,Y+6+1
000262 940e 0370 	CALL __GETW1PF
000264 87e8      	STD  Y+8,R30
000265 87f9      	STD  Y+8+1,R31
000266 81ee      	LDD  R30,Y+6
000267 81ff      	LDD  R31,Y+6+1
000268 9632      	ADIW R30,2
000269 83ee      	STD  Y+6,R30
00026a 83ff      	STD  Y+6+1,R31
                 _0x202005A:
00026b 85e8      	LDD  R30,Y+8
00026c 85f9      	LDD  R31,Y+8+1
00026d 85aa      	LDD  R26,Y+10
00026e 85bb      	LDD  R27,Y+10+1
00026f 17ae      	CP   R26,R30
000270 07bf      	CPC  R27,R31
000271 f050      	BRLO _0x202005C
000272 5f2f      	SUBI R18,-LOW(1)
000273 85a8      	LDD  R26,Y+8
000274 85b9      	LDD  R27,Y+8+1
000275 85ea      	LDD  R30,Y+10
000276 85fb      	LDD  R31,Y+10+1
000277 1bea      	SUB  R30,R26
000278 0bfb      	SBC  R31,R27
000279 87ea      	STD  Y+10,R30
00027a 87fb      	STD  Y+10+1,R31
00027b cfef      	RJMP _0x202005A
                 _0x202005C:
00027c 332a      	CPI  R18,58
00027d f028      	BRLO _0x202005D
00027e ff03      	SBRS R16,3
00027f c002      	RJMP _0x202005E
000280 5f29      	SUBI R18,-LOW(7)
000281 c001      	RJMP _0x202005F
                 _0x202005E:
000282 5d29      	SUBI R18,-LOW(39)
                 _0x202005F:
                 _0x202005D:
000283 fd04      	SBRC R16,4
000284 c01a      	RJMP _0x2020061
000285 3321      	CPI  R18,49
000286 f420      	BRSH _0x2020063
000287 85a8      	LDD  R26,Y+8
000288 85b9      	LDD  R27,Y+8+1
000289 9711      	SBIW R26,1
00028a f409      	BRNE _0x2020062
                 _0x2020063:
00028b c009      	RJMP _0x20200CD
                 _0x2020062:
00028c 1753      	CP   R21,R19
00028d f010      	BRLO _0x2020067
00028e ff00      	SBRS R16,0
00028f c001      	RJMP _0x2020068
                 _0x2020067:
000290 c013      	RJMP _0x2020066
                 _0x2020068:
000291 e220      	LDI  R18,LOW(32)
000292 ff07      	SBRS R16,7
000293 c00b      	RJMP _0x2020069
000294 e320      	LDI  R18,LOW(48)
                 _0x20200CD:
000295 6100      	ORI  R16,LOW(16)
000296 ff02      	SBRS R16,2
000297 c007      	RJMP _0x202006A
000298 7f0b      	ANDI R16,LOW(251)
000299 934a      	ST   -Y,R20
00029a 940e 0336 	CALL SUBOPT_0x6
00029c 3050      	CPI  R21,0
00029d f009      	BREQ _0x202006B
00029e 5051      	SUBI R21,LOW(1)
                 _0x202006B:
                 _0x202006A:
                 _0x2020069:
                 _0x2020061:
00029f 940e 0329 	CALL SUBOPT_0x4
0002a1 3050      	CPI  R21,0
0002a2 f009      	BREQ _0x202006C
0002a3 5051      	SUBI R21,LOW(1)
                 _0x202006C:
                 _0x2020066:
0002a4 5031      	SUBI R19,LOW(1)
0002a5 85a8      	LDD  R26,Y+8
0002a6 85b9      	LDD  R27,Y+8+1
0002a7 9712      	SBIW R26,2
0002a8 f008      	BRLO _0x2020059
0002a9 cfb5      	RJMP _0x2020058
                 _0x2020059:
                 _0x2020056:
0002aa ff00      	SBRS R16,0
0002ab c008      	RJMP _0x202006D
                 _0x202006E:
0002ac 3050      	CPI  R21,0
0002ad f031      	BREQ _0x2020070
0002ae 5051      	SUBI R21,LOW(1)
0002af e2e0      	LDI  R30,LOW(32)
0002b0 93ea      	ST   -Y,R30
0002b1 940e 0336 	CALL SUBOPT_0x6
0002b3 cff8      	RJMP _0x202006E
                 _0x2020070:
                 _0x202006D:
                 _0x2020071:
                 _0x2020030:
                 _0x20200CC:
0002b4 e010      	LDI  R17,LOW(0)
                 _0x202001B:
0002b5 cee0      	RJMP _0x2020016
                 _0x2020018:
0002b6 85ac      	LDD  R26,Y+12
0002b7 85bd      	LDD  R27,Y+12+1
0002b8 940e 036c 	CALL __GETW1P
0002ba 940e 0380 	CALL __LOADLOCR6
0002bc 9664      	ADIW R28,20
0002bd 9508      	RET
                 ; .FEND
                 _sprintf:
                 ; .FSTART _sprintf
0002be 92ff      	PUSH R15
0002bf 2ef8      	MOV  R15,R24
0002c0 9726      	SBIW R28,6
0002c1 940e 037b 	CALL __SAVELOCR4
0002c3 940e 034e 	CALL SUBOPT_0x9
0002c5 9730      	SBIW R30,0
0002c6 f419      	BRNE _0x2020072
0002c7 efef      	LDI  R30,LOW(65535)
0002c8 efff      	LDI  R31,HIGH(65535)
0002c9 c023      	RJMP _0x2080001
                 _0x2020072:
0002ca 01de      	MOVW R26,R28
0002cb 9616      	ADIW R26,6
0002cc 940e 035f 	CALL __ADDW2R15
0002ce 018d      	MOVW R16,R26
0002cf 940e 034e 	CALL SUBOPT_0x9
0002d1 83ee      	STD  Y+6,R30
0002d2 83ff      	STD  Y+6+1,R31
0002d3 e0e0      	LDI  R30,LOW(0)
0002d4 87e8      	STD  Y+8,R30
0002d5 87e9      	STD  Y+8+1,R30
0002d6 01de      	MOVW R26,R28
0002d7 961a      	ADIW R26,10
0002d8 940e 035f 	CALL __ADDW2R15
0002da 940e 036c 	CALL __GETW1P
0002dc 93fa      	ST   -Y,R31
0002dd 93ea      	ST   -Y,R30
0002de 931a      	ST   -Y,R17
0002df 930a      	ST   -Y,R16
0002e0 e4ea      	LDI  R30,LOW(_put_buff_G101)
0002e1 e0f1      	LDI  R31,HIGH(_put_buff_G101)
0002e2 93fa      	ST   -Y,R31
0002e3 93ea      	ST   -Y,R30
0002e4 01de      	MOVW R26,R28
0002e5 961a      	ADIW R26,10
0002e6 dea3      	RCALL __print_G101
0002e7 019f      	MOVW R18,R30
0002e8 81ae      	LDD  R26,Y+6
0002e9 81bf      	LDD  R27,Y+6+1
0002ea e0e0      	LDI  R30,LOW(0)
0002eb 93ec      	ST   X,R30
0002ec 01f9      	MOVW R30,R18
                 _0x2080001:
0002ed 940e 0382 	CALL __LOADLOCR4
0002ef 962a      	ADIW R28,10
0002f0 90ff      	POP  R15
0002f1 9508      	RET
                 ; .FEND
                 
                 	.CSEG
                 
                 	.CSEG
                 _strlen:
                 ; .FSTART _strlen
0002f2 93ba      	ST   -Y,R27
0002f3 93aa      	ST   -Y,R26
0002f4 91a9          ld   r26,y+
0002f5 91b9          ld   r27,y+
0002f6 27ee          clr  r30
0002f7 27ff          clr  r31
                 strlen0:
0002f8 916d          ld   r22,x+
0002f9 2366          tst  r22
0002fa f011          breq strlen1
0002fb 9631          adiw r30,1
0002fc cffb          rjmp strlen0
                 strlen1:
0002fd 9508          ret
                 ; .FEND
                 _strlenf:
                 ; .FSTART _strlenf
0002fe 93ba      	ST   -Y,R27
0002ff 93aa      	ST   -Y,R26
000300 27aa          clr  r26
000301 27bb          clr  r27
000302 91e9          ld   r30,y+
000303 91f9          ld   r31,y+
                 strlenf0:
000304 9005      	lpm  r0,z+
000305 2000          tst  r0
000306 f011          breq strlenf1
000307 9611          adiw r26,1
000308 cffb          rjmp strlenf0
                 strlenf1:
000309 01fd          movw r30,r26
00030a 9508          ret
                 ; .FEND
                 
                 	.DSEG
                 _str:
000160           	.BYTE 0x10
                 __base_y_G100:
000170           	.BYTE 0x4
                 
                 	.CSEG
                 ;OPTIMIZER ADDED SUBROUTINE, CALLED 2 TIMES, CODE SIZE REDUCTION:5 WORDS
                 SUBOPT_0x0:
00030b 940e 0367 	CALL __CWD1
00030d 940e 0374 	CALL __PUTPARD1
00030f e084      	LDI  R24,4
000310 940e 02be 	CALL _sprintf
000312 9628      	ADIW R28,8
000313 e0e0      	LDI  R30,LOW(0)
000314 93ea      	ST   -Y,R30
000315 9508      	RET
                 
                 ;OPTIMIZER ADDED SUBROUTINE, CALLED 2 TIMES, CODE SIZE REDUCTION:1 WORDS
                 SUBOPT_0x1:
000316 940e 00de 	CALL _lcd_gotoxy
000318 e6a0      	LDI  R26,LOW(_str)
000319 e0b1      	LDI  R27,HIGH(_str)
00031a 940c 010c 	JMP  _lcd_puts
                 
                 ;OPTIMIZER ADDED SUBROUTINE, CALLED 2 TIMES, CODE SIZE REDUCTION:1 WORDS
                 SUBOPT_0x2:
00031c 940e 00d2 	CALL __lcd_write_data
00031e e0a3      	LDI  R26,LOW(3)
00031f e0b0      	LDI  R27,0
000320 940c 0355 	JMP  _delay_ms
                 
                 ;OPTIMIZER ADDED SUBROUTINE, CALLED 3 TIMES, CODE SIZE REDUCTION:5 WORDS
                 SUBOPT_0x3:
000322 e3a0      	LDI  R26,LOW(48)
000323 940e 00be 	CALL __lcd_write_nibble_G100
                +
000325 e281     +LDI R24 , LOW ( 33 )
                +__DELAY_USB_LOOP :
000326 958a     +DEC R24
000327 f7f1     +BRNE __DELAY_USB_LOOP
                 	__DELAY_USB 33
000328 9508      	RET
                 
                 ;OPTIMIZER ADDED SUBROUTINE, CALLED 5 TIMES, CODE SIZE REDUCTION:13 WORDS
                 SUBOPT_0x4:
000329 932a      	ST   -Y,R18
00032a 85ad      	LDD  R26,Y+13
00032b 85be      	LDD  R27,Y+13+1
00032c 85ef      	LDD  R30,Y+15
00032d 89f8      	LDD  R31,Y+15+1
00032e 9509      	ICALL
00032f 9508      	RET
                 
                 ;OPTIMIZER ADDED SUBROUTINE, CALLED 5 TIMES, CODE SIZE REDUCTION:9 WORDS
                 SUBOPT_0x5:
000330 89e8      	LDD  R30,Y+16
000331 89f9      	LDD  R31,Y+16+1
000332 9734      	SBIW R30,4
000333 8be8      	STD  Y+16,R30
000334 8bf9      	STD  Y+16+1,R31
000335 9508      	RET
                 
                 ;OPTIMIZER ADDED SUBROUTINE, CALLED 3 TIMES, CODE SIZE REDUCTION:3 WORDS
                 SUBOPT_0x6:
000336 85ad      	LDD  R26,Y+13
000337 85be      	LDD  R27,Y+13+1
000338 85ef      	LDD  R30,Y+15
000339 89f8      	LDD  R31,Y+15+1
00033a 9509      	ICALL
00033b 9508      	RET
                 
                 ;OPTIMIZER ADDED SUBROUTINE, CALLED 2 TIMES, CODE SIZE REDUCTION:4 WORDS
                 SUBOPT_0x7:
00033c 89a8      	LDD  R26,Y+16
00033d 89b9      	LDD  R27,Y+16+1
00033e 9614      	ADIW R26,4
00033f 940e 036c 	CALL __GETW1P
000341 83ee      	STD  Y+6,R30
000342 83ff      	STD  Y+6+1,R31
000343 81ae      	LDD  R26,Y+6
000344 81bf      	LDD  R27,Y+6+1
000345 9508      	RET
                 
                 ;OPTIMIZER ADDED SUBROUTINE, CALLED 2 TIMES, CODE SIZE REDUCTION:2 WORDS
                 SUBOPT_0x8:
000346 89a8      	LDD  R26,Y+16
000347 89b9      	LDD  R27,Y+16+1
000348 9614      	ADIW R26,4
000349 940e 036c 	CALL __GETW1P
00034b 87ea      	STD  Y+10,R30
00034c 87fb      	STD  Y+10+1,R31
00034d 9508      	RET
                 
                 ;OPTIMIZER ADDED SUBROUTINE, CALLED 2 TIMES, CODE SIZE REDUCTION:1 WORDS
                 SUBOPT_0x9:
00034e 01de      	MOVW R26,R28
00034f 961c      	ADIW R26,12
000350 940e 035f 	CALL __ADDW2R15
000352 940e 036c 	CALL __GETW1P
000354 9508      	RET
                 
                 
                 	.CSEG
                 _delay_ms:
000355 9610      	adiw r26,0
000356 f039      	breq __delay_ms1
                 __delay_ms0:
000357 95a8      	wdr
                +
000358 ef8a     +LDI R24 , LOW ( 0xFA )
000359 e090     +LDI R25 , HIGH ( 0xFA )
                +__DELAY_USW_LOOP :
00035a 9701     +SBIW R24 , 1
00035b f7f1     +BRNE __DELAY_USW_LOOP
                 	__DELAY_USW 0xFA
00035c 9711      	sbiw r26,1
00035d f7c9      	brne __delay_ms0
                 __delay_ms1:
00035e 9508      	ret
                 
                 __ADDW2R15:
00035f 2400      	CLR  R0
000360 0daf      	ADD  R26,R15
000361 1db0      	ADC  R27,R0
000362 9508      	RET
                 
                 __ANEGW1:
000363 95f1      	NEG  R31
000364 95e1      	NEG  R30
000365 40f0      	SBCI R31,0
000366 9508      	RET
                 
                 __CWD1:
000367 2f6f      	MOV  R22,R31
000368 0f66      	ADD  R22,R22
000369 0b66      	SBC  R22,R22
00036a 2f76      	MOV  R23,R22
00036b 9508      	RET
                 
                 __GETW1P:
00036c 91ed      	LD   R30,X+
00036d 91fc      	LD   R31,X
00036e 9711      	SBIW R26,1
00036f 9508      	RET
                 
                 __GETW1PF:
000370 9005      	LPM  R0,Z+
000371 91f4      	LPM  R31,Z
000372 2de0      	MOV  R30,R0
000373 9508      	RET
                 
                 __PUTPARD1:
000374 937a      	ST   -Y,R23
000375 936a      	ST   -Y,R22
000376 93fa      	ST   -Y,R31
000377 93ea      	ST   -Y,R30
000378 9508      	RET
                 
                 __SAVELOCR6:
000379 935a      	ST   -Y,R21
                 __SAVELOCR5:
00037a 934a      	ST   -Y,R20
                 __SAVELOCR4:
00037b 933a      	ST   -Y,R19
                 __SAVELOCR3:
00037c 932a      	ST   -Y,R18
                 __SAVELOCR2:
00037d 931a      	ST   -Y,R17
00037e 930a      	ST   -Y,R16
00037f 9508      	RET
                 
                 __LOADLOCR6:
000380 815d      	LDD  R21,Y+5
                 __LOADLOCR5:
000381 814c      	LDD  R20,Y+4
                 __LOADLOCR4:
000382 813b      	LDD  R19,Y+3
                 __LOADLOCR3:
000383 812a      	LDD  R18,Y+2
                 __LOADLOCR2:
000384 8119      	LDD  R17,Y+1
000385 8108      	LD   R16,Y
000386 9508      	RET
                 
                 ;END OF CODE MARKER
                 __END_OF_CODE:


RESOURCE USE INFORMATION
------------------------

Notice:
The register and instruction counts are symbol table hit counts,
and hence implicitly used resources are not counted, eg, the
'lpm' instruction without operands implicitly uses r0 and z,
none of which are counted.

x,y,z are separate entities in the symbol table and are
counted separately from r26..r31 here.

.dseg memory usage only counts static data declared with .byte

ATmega16 register use summary:
r0 :  11 r1 :   1 r2 :   0 r3 :   0 r4 :   3 r5 :   0 r6 :   1 r7 :   0 
r8 :   4 r9 :   4 r10:   0 r11:   2 r12:   0 r13:   0 r14:   0 r15:   4 
r16:  34 r17:  24 r18:  29 r19:   8 r20:   9 r21:  17 r22:  11 r23:   2 
r24:  23 r25:   3 r26:  98 r27:  37 r28:  14 r29:   1 r30: 196 r31:  62 
x  :  23 y  : 170 z  :  15 
Registers used: 27 out of 35 (77.1%)

ATmega16 instruction use summary:
.lds  :   0 .lds.l:   0 .sts  :   0 .sts.l:   0 adc   :   1 add   :   4 
adiw  :  25 and   :   0 andi  :   6 asr   :   0 bclr  :   0 bld   :   0 
brbc  :   0 brbs  :   0 brcc  :   0 brcs  :   0 break :   0 breq  :  17 
brge  :   0 brhc  :   0 brhs  :   0 brid  :   0 brie  :   0 brlo  :   8 
brlt  :   0 brmi  :   1 brne  :  30 brpl  :   1 brsh  :   2 brtc  :   0 
brts  :   0 brvc  :   0 brvs  :   0 bset  :   0 bst   :   0 call  :  54 
cbi   :   5 cbr   :   0 clc   :   0 clh   :   0 cli   :   1 cln   :   0 
clr   :   7 cls   :   0 clt   :   0 clv   :   0 clz   :   0 com   :   0 
cp    :   4 cpc   :   2 cpi   :  33 cpse  :   0 dec   :   7 des   :   0 
eor   :   0 fmul  :   0 fmuls :   0 fmulsu:   0 icall :   2 ijmp  :   0 
in    :   2 inc   :   2 jmp   :  24 ld    :  25 ldd   :  77 ldi   :  95 
lds   :   0 lpm   :  14 lsl   :   0 lsr   :   0 mov   :  19 movw  :  18 
mul   :   1 muls  :   0 mulsu :   0 neg   :   2 nop   :   0 or    :   1 
ori   :   7 out   :  42 pop   :   1 push  :   1 rcall :  15 ret   :  26 
reti  :   0 rjmp  :  60 rol   :   0 ror   :   0 sbc   :   2 sbci  :   2 
sbi   :   5 sbic  :   1 sbis  :   0 sbiw  :  17 sbr   :   0 sbrc  :   2 
sbrs  :  10 sec   :   0 seh   :   0 sei   :   0 sen   :   0 ser   :   0 
ses   :   0 set   :   0 sev   :   0 sez   :   0 sleep :   0 spm   :   0 
st    :  63 std   :  31 sts   :   2 sub   :   1 subi  :  16 swap  :   1 
tst   :   4 wdr   :   1 
Instructions used: 53 out of 116 (45.7%)

ATmega16 memory use summary [bytes]:
Segment   Begin    End      Code   Data   Used    Size   Use%
---------------------------------------------------------------
[.cseg] 0x000000 0x00070e   1756     50   1806   16384  11.0%
[.dseg] 0x000060 0x000174      0     20     20    1024   2.0%
[.eseg] 0x000000 0x000000      0      0      0     512   0.0%

Assembly complete, 0 errors, 7 warnings
