
AVRASM ver. 2.1.30  E:\mikro8.13\Debug\List\203.asm Sat Dec 28 22:54:25 2024

E:\mikro8.13\Debug\List\203.asm(1088): warning: Register r4 already defined by the .DEF directive
E:\mikro8.13\Debug\List\203.asm(1089): warning: Register r5 already defined by the .DEF directive
E:\mikro8.13\Debug\List\203.asm(1090): warning: Register r6 already defined by the .DEF directive
E:\mikro8.13\Debug\List\203.asm(1091): warning: Register r7 already defined by the .DEF directive
E:\mikro8.13\Debug\List\203.asm(1092): warning: Register r8 already defined by the .DEF directive
E:\mikro8.13\Debug\List\203.asm(1093): warning: Register r9 already defined by the .DEF directive
E:\mikro8.13\Debug\List\203.asm(1094): warning: Register r11 already defined by the .DEF directive
E:\mikro8.13\Debug\List\203.asm(1095): warning: Register r10 already defined by the .DEF directive
E:\mikro8.13\Debug\List\203.asm(1096): warning: Register r13 already defined by the .DEF directive
                 
                 
                 ;CodeVisionAVR C Compiler V3.14 Advanced
                 ;(C) Copyright 1998-2014 Pavel Haiduc, HP InfoTech s.r.l.
                 ;http://www.hpinfotech.com
                 
                 ;Build configuration    : Debug
                 ;Chip type              : ATmega16
                 ;Program type           : Application
                 ;Clock frequency        : 1.000000 MHz
                 ;Memory model           : Small
                 ;Optimize for           : Size
                 ;(s)printf features     : int, width
                 ;(s)scanf features      : int, width
                 ;External RAM size      : 0
                 ;Data Stack size        : 256 byte(s)
                 ;Heap size              : 0 byte(s)
                 ;Promote 'char' to 'int': Yes
                 ;'char' is unsigned     : Yes
                 ;8 bit enums            : Yes
                 ;Global 'const' stored in FLASH: Yes
                 ;Enhanced function parameter passing: Yes
                 ;Enhanced core instructions: On
                 ;Automatic register allocation for global variables: On
                 ;Smart register allocation: On
                 
                 	#define _MODEL_SMALL_
                 
                 	#pragma AVRPART ADMIN PART_NAME ATmega16
                 	#pragma AVRPART MEMORY PROG_FLASH 16384
                 	#pragma AVRPART MEMORY EEPROM 512
                 	#pragma AVRPART MEMORY INT_SRAM SIZE 1024
                 	#pragma AVRPART MEMORY INT_SRAM START_ADDR 0x60
                 
                 	#define CALL_SUPPORTED 1
                 
                 	.LISTMAC
                 	.EQU UDRE=0x5
                 	.EQU RXC=0x7
                 	.EQU USR=0xB
                 	.EQU UDR=0xC
                 	.EQU SPSR=0xE
                 	.EQU SPDR=0xF
                 	.EQU EERE=0x0
                 	.EQU EEWE=0x1
                 	.EQU EEMWE=0x2
                 	.EQU EECR=0x1C
                 	.EQU EEDR=0x1D
                 	.EQU EEARL=0x1E
                 	.EQU EEARH=0x1F
                 	.EQU WDTCR=0x21
                 	.EQU MCUCR=0x35
                 	.EQU GICR=0x3B
                 	.EQU SPL=0x3D
                 	.EQU SPH=0x3E
                 	.EQU SREG=0x3F
                 
                 	.DEF R0X0=R0
                 	.DEF R0X1=R1
                 	.DEF R0X2=R2
                 	.DEF R0X3=R3
                 	.DEF R0X4=R4
                 	.DEF R0X5=R5
                 	.DEF R0X6=R6
                 	.DEF R0X7=R7
                 	.DEF R0X8=R8
                 	.DEF R0X9=R9
                 	.DEF R0XA=R10
                 	.DEF R0XB=R11
                 	.DEF R0XC=R12
                 	.DEF R0XD=R13
                 	.DEF R0XE=R14
                 	.DEF R0XF=R15
                 	.DEF R0X10=R16
                 	.DEF R0X11=R17
                 	.DEF R0X12=R18
                 	.DEF R0X13=R19
                 	.DEF R0X14=R20
                 	.DEF R0X15=R21
                 	.DEF R0X16=R22
                 	.DEF R0X17=R23
                 	.DEF R0X18=R24
                 	.DEF R0X19=R25
                 	.DEF R0X1A=R26
                 	.DEF R0X1B=R27
                 	.DEF R0X1C=R28
                 	.DEF R0X1D=R29
                 	.DEF R0X1E=R30
                 	.DEF R0X1F=R31
                 
                 	.EQU __SRAM_START=0x0060
                 	.EQU __SRAM_END=0x045F
                 	.EQU __DSTACK_SIZE=0x0100
                 	.EQU __HEAP_SIZE=0x0000
                 	.EQU __CLEAR_SRAM_SIZE=__SRAM_END-__SRAM_START+1
                 
                 	.MACRO __CPD1N
                 	CPI  R30,LOW(@0)
                 	LDI  R26,HIGH(@0)
                 	CPC  R31,R26
                 	LDI  R26,BYTE3(@0)
                 	CPC  R22,R26
                 	LDI  R26,BYTE4(@0)
                 	CPC  R23,R26
                 	.ENDM
                 
                 	.MACRO __CPD2N
                 	CPI  R26,LOW(@0)
                 	LDI  R30,HIGH(@0)
                 	CPC  R27,R30
                 	LDI  R30,BYTE3(@0)
                 	CPC  R24,R30
                 	LDI  R30,BYTE4(@0)
                 	CPC  R25,R30
                 	.ENDM
                 
                 	.MACRO __CPWRR
                 	CP   R@0,R@2
                 	CPC  R@1,R@3
                 	.ENDM
                 
                 	.MACRO __CPWRN
                 	CPI  R@0,LOW(@2)
                 	LDI  R30,HIGH(@2)
                 	CPC  R@1,R30
                 	.ENDM
                 
                 	.MACRO __ADDB1MN
                 	SUBI R30,LOW(-@0-(@1))
                 	.ENDM
                 
                 	.MACRO __ADDB2MN
                 	SUBI R26,LOW(-@0-(@1))
                 	.ENDM
                 
                 	.MACRO __ADDW1MN
                 	SUBI R30,LOW(-@0-(@1))
                 	SBCI R31,HIGH(-@0-(@1))
                 	.ENDM
                 
                 	.MACRO __ADDW2MN
                 	SUBI R26,LOW(-@0-(@1))
                 	SBCI R27,HIGH(-@0-(@1))
                 	.ENDM
                 
                 	.MACRO __ADDW1FN
                 	SUBI R30,LOW(-2*@0-(@1))
                 	SBCI R31,HIGH(-2*@0-(@1))
                 	.ENDM
                 
                 	.MACRO __ADDD1FN
                 	SUBI R30,LOW(-2*@0-(@1))
                 	SBCI R31,HIGH(-2*@0-(@1))
                 	SBCI R22,BYTE3(-2*@0-(@1))
                 	.ENDM
                 
                 	.MACRO __ADDD1N
                 	SUBI R30,LOW(-@0)
                 	SBCI R31,HIGH(-@0)
                 	SBCI R22,BYTE3(-@0)
                 	SBCI R23,BYTE4(-@0)
                 	.ENDM
                 
                 	.MACRO __ADDD2N
                 	SUBI R26,LOW(-@0)
                 	SBCI R27,HIGH(-@0)
                 	SBCI R24,BYTE3(-@0)
                 	SBCI R25,BYTE4(-@0)
                 	.ENDM
                 
                 	.MACRO __SUBD1N
                 	SUBI R30,LOW(@0)
                 	SBCI R31,HIGH(@0)
                 	SBCI R22,BYTE3(@0)
                 	SBCI R23,BYTE4(@0)
                 	.ENDM
                 
                 	.MACRO __SUBD2N
                 	SUBI R26,LOW(@0)
                 	SBCI R27,HIGH(@0)
                 	SBCI R24,BYTE3(@0)
                 	SBCI R25,BYTE4(@0)
                 	.ENDM
                 
                 	.MACRO __ANDBMNN
                 	LDS  R30,@0+(@1)
                 	ANDI R30,LOW(@2)
                 	STS  @0+(@1),R30
                 	.ENDM
                 
                 	.MACRO __ANDWMNN
                 	LDS  R30,@0+(@1)
                 	ANDI R30,LOW(@2)
                 	STS  @0+(@1),R30
                 	LDS  R30,@0+(@1)+1
                 	ANDI R30,HIGH(@2)
                 	STS  @0+(@1)+1,R30
                 	.ENDM
                 
                 	.MACRO __ANDD1N
                 	ANDI R30,LOW(@0)
                 	ANDI R31,HIGH(@0)
                 	ANDI R22,BYTE3(@0)
                 	ANDI R23,BYTE4(@0)
                 	.ENDM
                 
                 	.MACRO __ANDD2N
                 	ANDI R26,LOW(@0)
                 	ANDI R27,HIGH(@0)
                 	ANDI R24,BYTE3(@0)
                 	ANDI R25,BYTE4(@0)
                 	.ENDM
                 
                 	.MACRO __ORBMNN
                 	LDS  R30,@0+(@1)
                 	ORI  R30,LOW(@2)
                 	STS  @0+(@1),R30
                 	.ENDM
                 
                 	.MACRO __ORWMNN
                 	LDS  R30,@0+(@1)
                 	ORI  R30,LOW(@2)
                 	STS  @0+(@1),R30
                 	LDS  R30,@0+(@1)+1
                 	ORI  R30,HIGH(@2)
                 	STS  @0+(@1)+1,R30
                 	.ENDM
                 
                 	.MACRO __ORD1N
                 	ORI  R30,LOW(@0)
                 	ORI  R31,HIGH(@0)
                 	ORI  R22,BYTE3(@0)
                 	ORI  R23,BYTE4(@0)
                 	.ENDM
                 
                 	.MACRO __ORD2N
                 	ORI  R26,LOW(@0)
                 	ORI  R27,HIGH(@0)
                 	ORI  R24,BYTE3(@0)
                 	ORI  R25,BYTE4(@0)
                 	.ENDM
                 
                 	.MACRO __DELAY_USB
                 	LDI  R24,LOW(@0)
                 __DELAY_USB_LOOP:
                 	DEC  R24
                 	BRNE __DELAY_USB_LOOP
                 	.ENDM
                 
                 	.MACRO __DELAY_USW
                 	LDI  R24,LOW(@0)
                 	LDI  R25,HIGH(@0)
                 __DELAY_USW_LOOP:
                 	SBIW R24,1
                 	BRNE __DELAY_USW_LOOP
                 	.ENDM
                 
                 	.MACRO __GETD1S
                 	LDD  R30,Y+@0
                 	LDD  R31,Y+@0+1
                 	LDD  R22,Y+@0+2
                 	LDD  R23,Y+@0+3
                 	.ENDM
                 
                 	.MACRO __GETD2S
                 	LDD  R26,Y+@0
                 	LDD  R27,Y+@0+1
                 	LDD  R24,Y+@0+2
                 	LDD  R25,Y+@0+3
                 	.ENDM
                 
                 	.MACRO __PUTD1S
                 	STD  Y+@0,R30
                 	STD  Y+@0+1,R31
                 	STD  Y+@0+2,R22
                 	STD  Y+@0+3,R23
                 	.ENDM
                 
                 	.MACRO __PUTD2S
                 	STD  Y+@0,R26
                 	STD  Y+@0+1,R27
                 	STD  Y+@0+2,R24
                 	STD  Y+@0+3,R25
                 	.ENDM
                 
                 	.MACRO __PUTDZ2
                 	STD  Z+@0,R26
                 	STD  Z+@0+1,R27
                 	STD  Z+@0+2,R24
                 	STD  Z+@0+3,R25
                 	.ENDM
                 
                 	.MACRO __CLRD1S
                 	STD  Y+@0,R30
                 	STD  Y+@0+1,R30
                 	STD  Y+@0+2,R30
                 	STD  Y+@0+3,R30
                 	.ENDM
                 
                 	.MACRO __POINTB1MN
                 	LDI  R30,LOW(@0+(@1))
                 	.ENDM
                 
                 	.MACRO __POINTW1MN
                 	LDI  R30,LOW(@0+(@1))
                 	LDI  R31,HIGH(@0+(@1))
                 	.ENDM
                 
                 	.MACRO __POINTD1M
                 	LDI  R30,LOW(@0)
                 	LDI  R31,HIGH(@0)
                 	LDI  R22,BYTE3(@0)
                 	LDI  R23,BYTE4(@0)
                 	.ENDM
                 
                 	.MACRO __POINTW1FN
                 	LDI  R30,LOW(2*@0+(@1))
                 	LDI  R31,HIGH(2*@0+(@1))
                 	.ENDM
                 
                 	.MACRO __POINTD1FN
                 	LDI  R30,LOW(2*@0+(@1))
                 	LDI  R31,HIGH(2*@0+(@1))
                 	LDI  R22,BYTE3(2*@0+(@1))
                 	LDI  R23,BYTE4(2*@0+(@1))
                 	.ENDM
                 
                 	.MACRO __POINTB2MN
                 	LDI  R26,LOW(@0+(@1))
                 	.ENDM
                 
                 	.MACRO __POINTW2MN
                 	LDI  R26,LOW(@0+(@1))
                 	LDI  R27,HIGH(@0+(@1))
                 	.ENDM
                 
                 	.MACRO __POINTW2FN
                 	LDI  R26,LOW(2*@0+(@1))
                 	LDI  R27,HIGH(2*@0+(@1))
                 	.ENDM
                 
                 	.MACRO __POINTD2FN
                 	LDI  R26,LOW(2*@0+(@1))
                 	LDI  R27,HIGH(2*@0+(@1))
                 	LDI  R24,BYTE3(2*@0+(@1))
                 	LDI  R25,BYTE4(2*@0+(@1))
                 	.ENDM
                 
                 	.MACRO __POINTBRM
                 	LDI  R@0,LOW(@1)
                 	.ENDM
                 
                 	.MACRO __POINTWRM
                 	LDI  R@0,LOW(@2)
                 	LDI  R@1,HIGH(@2)
                 	.ENDM
                 
                 	.MACRO __POINTBRMN
                 	LDI  R@0,LOW(@1+(@2))
                 	.ENDM
                 
                 	.MACRO __POINTWRMN
                 	LDI  R@0,LOW(@2+(@3))
                 	LDI  R@1,HIGH(@2+(@3))
                 	.ENDM
                 
                 	.MACRO __POINTWRFN
                 	LDI  R@0,LOW(@2*2+(@3))
                 	LDI  R@1,HIGH(@2*2+(@3))
                 	.ENDM
                 
                 	.MACRO __GETD1N
                 	LDI  R30,LOW(@0)
                 	LDI  R31,HIGH(@0)
                 	LDI  R22,BYTE3(@0)
                 	LDI  R23,BYTE4(@0)
                 	.ENDM
                 
                 	.MACRO __GETD2N
                 	LDI  R26,LOW(@0)
                 	LDI  R27,HIGH(@0)
                 	LDI  R24,BYTE3(@0)
                 	LDI  R25,BYTE4(@0)
                 	.ENDM
                 
                 	.MACRO __GETB1MN
                 	LDS  R30,@0+(@1)
                 	.ENDM
                 
                 	.MACRO __GETB1HMN
                 	LDS  R31,@0+(@1)
                 	.ENDM
                 
                 	.MACRO __GETW1MN
                 	LDS  R30,@0+(@1)
                 	LDS  R31,@0+(@1)+1
                 	.ENDM
                 
                 	.MACRO __GETD1MN
                 	LDS  R30,@0+(@1)
                 	LDS  R31,@0+(@1)+1
                 	LDS  R22,@0+(@1)+2
                 	LDS  R23,@0+(@1)+3
                 	.ENDM
                 
                 	.MACRO __GETBRMN
                 	LDS  R@0,@1+(@2)
                 	.ENDM
                 
                 	.MACRO __GETWRMN
                 	LDS  R@0,@2+(@3)
                 	LDS  R@1,@2+(@3)+1
                 	.ENDM
                 
                 	.MACRO __GETWRZ
                 	LDD  R@0,Z+@2
                 	LDD  R@1,Z+@2+1
                 	.ENDM
                 
                 	.MACRO __GETD2Z
                 	LDD  R26,Z+@0
                 	LDD  R27,Z+@0+1
                 	LDD  R24,Z+@0+2
                 	LDD  R25,Z+@0+3
                 	.ENDM
                 
                 	.MACRO __GETB2MN
                 	LDS  R26,@0+(@1)
                 	.ENDM
                 
                 	.MACRO __GETW2MN
                 	LDS  R26,@0+(@1)
                 	LDS  R27,@0+(@1)+1
                 	.ENDM
                 
                 	.MACRO __GETD2MN
                 	LDS  R26,@0+(@1)
                 	LDS  R27,@0+(@1)+1
                 	LDS  R24,@0+(@1)+2
                 	LDS  R25,@0+(@1)+3
                 	.ENDM
                 
                 	.MACRO __PUTB1MN
                 	STS  @0+(@1),R30
                 	.ENDM
                 
                 	.MACRO __PUTW1MN
                 	STS  @0+(@1),R30
                 	STS  @0+(@1)+1,R31
                 	.ENDM
                 
                 	.MACRO __PUTD1MN
                 	STS  @0+(@1),R30
                 	STS  @0+(@1)+1,R31
                 	STS  @0+(@1)+2,R22
                 	STS  @0+(@1)+3,R23
                 	.ENDM
                 
                 	.MACRO __PUTB1EN
                 	LDI  R26,LOW(@0+(@1))
                 	LDI  R27,HIGH(@0+(@1))
                 	CALL __EEPROMWRB
                 	.ENDM
                 
                 	.MACRO __PUTW1EN
                 	LDI  R26,LOW(@0+(@1))
                 	LDI  R27,HIGH(@0+(@1))
                 	CALL __EEPROMWRW
                 	.ENDM
                 
                 	.MACRO __PUTD1EN
                 	LDI  R26,LOW(@0+(@1))
                 	LDI  R27,HIGH(@0+(@1))
                 	CALL __EEPROMWRD
                 	.ENDM
                 
                 	.MACRO __PUTBR0MN
                 	STS  @0+(@1),R0
                 	.ENDM
                 
                 	.MACRO __PUTBMRN
                 	STS  @0+(@1),R@2
                 	.ENDM
                 
                 	.MACRO __PUTWMRN
                 	STS  @0+(@1),R@2
                 	STS  @0+(@1)+1,R@3
                 	.ENDM
                 
                 	.MACRO __PUTBZR
                 	STD  Z+@1,R@0
                 	.ENDM
                 
                 	.MACRO __PUTWZR
                 	STD  Z+@2,R@0
                 	STD  Z+@2+1,R@1
                 	.ENDM
                 
                 	.MACRO __GETW1R
                 	MOV  R30,R@0
                 	MOV  R31,R@1
                 	.ENDM
                 
                 	.MACRO __GETW2R
                 	MOV  R26,R@0
                 	MOV  R27,R@1
                 	.ENDM
                 
                 	.MACRO __GETWRN
                 	LDI  R@0,LOW(@2)
                 	LDI  R@1,HIGH(@2)
                 	.ENDM
                 
                 	.MACRO __PUTW1R
                 	MOV  R@0,R30
                 	MOV  R@1,R31
                 	.ENDM
                 
                 	.MACRO __PUTW2R
                 	MOV  R@0,R26
                 	MOV  R@1,R27
                 	.ENDM
                 
                 	.MACRO __ADDWRN
                 	SUBI R@0,LOW(-@2)
                 	SBCI R@1,HIGH(-@2)
                 	.ENDM
                 
                 	.MACRO __ADDWRR
                 	ADD  R@0,R@2
                 	ADC  R@1,R@3
                 	.ENDM
                 
                 	.MACRO __SUBWRN
                 	SUBI R@0,LOW(@2)
                 	SBCI R@1,HIGH(@2)
                 	.ENDM
                 
                 	.MACRO __SUBWRR
                 	SUB  R@0,R@2
                 	SBC  R@1,R@3
                 	.ENDM
                 
                 	.MACRO __ANDWRN
                 	ANDI R@0,LOW(@2)
                 	ANDI R@1,HIGH(@2)
                 	.ENDM
                 
                 	.MACRO __ANDWRR
                 	AND  R@0,R@2
                 	AND  R@1,R@3
                 	.ENDM
                 
                 	.MACRO __ORWRN
                 	ORI  R@0,LOW(@2)
                 	ORI  R@1,HIGH(@2)
                 	.ENDM
                 
                 	.MACRO __ORWRR
                 	OR   R@0,R@2
                 	OR   R@1,R@3
                 	.ENDM
                 
                 	.MACRO __EORWRR
                 	EOR  R@0,R@2
                 	EOR  R@1,R@3
                 	.ENDM
                 
                 	.MACRO __GETWRS
                 	LDD  R@0,Y+@2
                 	LDD  R@1,Y+@2+1
                 	.ENDM
                 
                 	.MACRO __PUTBSR
                 	STD  Y+@1,R@0
                 	.ENDM
                 
                 	.MACRO __PUTWSR
                 	STD  Y+@2,R@0
                 	STD  Y+@2+1,R@1
                 	.ENDM
                 
                 	.MACRO __MOVEWRR
                 	MOV  R@0,R@2
                 	MOV  R@1,R@3
                 	.ENDM
                 
                 	.MACRO __INWR
                 	IN   R@0,@2
                 	IN   R@1,@2+1
                 	.ENDM
                 
                 	.MACRO __OUTWR
                 	OUT  @2+1,R@1
                 	OUT  @2,R@0
                 	.ENDM
                 
                 	.MACRO __CALL1MN
                 	LDS  R30,@0+(@1)
                 	LDS  R31,@0+(@1)+1
                 	ICALL
                 	.ENDM
                 
                 	.MACRO __CALL1FN
                 	LDI  R30,LOW(2*@0+(@1))
                 	LDI  R31,HIGH(2*@0+(@1))
                 	CALL __GETW1PF
                 	ICALL
                 	.ENDM
                 
                 	.MACRO __CALL2EN
                 	PUSH R26
                 	PUSH R27
                 	LDI  R26,LOW(@0+(@1))
                 	LDI  R27,HIGH(@0+(@1))
                 	CALL __EEPROMRDW
                 	POP  R27
                 	POP  R26
                 	ICALL
                 	.ENDM
                 
                 	.MACRO __CALL2EX
                 	SUBI R26,LOW(-@0)
                 	SBCI R27,HIGH(-@0)
                 	CALL __EEPROMRDD
                 	ICALL
                 	.ENDM
                 
                 	.MACRO __GETW1STACK
                 	IN   R30,SPL
                 	IN   R31,SPH
                 	ADIW R30,@0+1
                 	LD   R0,Z+
                 	LD   R31,Z
                 	MOV  R30,R0
                 	.ENDM
                 
                 	.MACRO __GETD1STACK
                 	IN   R30,SPL
                 	IN   R31,SPH
                 	ADIW R30,@0+1
                 	LD   R0,Z+
                 	LD   R1,Z+
                 	LD   R22,Z
                 	MOVW R30,R0
                 	.ENDM
                 
                 	.MACRO __NBST
                 	BST  R@0,@1
                 	IN   R30,SREG
                 	LDI  R31,0x40
                 	EOR  R30,R31
                 	OUT  SREG,R30
                 	.ENDM
                 
                 
                 	.MACRO __PUTB1SN
                 	LDD  R26,Y+@0
                 	LDD  R27,Y+@0+1
                 	SUBI R26,LOW(-@1)
                 	SBCI R27,HIGH(-@1)
                 	ST   X,R30
                 	.ENDM
                 
                 	.MACRO __PUTW1SN
                 	LDD  R26,Y+@0
                 	LDD  R27,Y+@0+1
                 	SUBI R26,LOW(-@1)
                 	SBCI R27,HIGH(-@1)
                 	ST   X+,R30
                 	ST   X,R31
                 	.ENDM
                 
                 	.MACRO __PUTD1SN
                 	LDD  R26,Y+@0
                 	LDD  R27,Y+@0+1
                 	SUBI R26,LOW(-@1)
                 	SBCI R27,HIGH(-@1)
                 	CALL __PUTDP1
                 	.ENDM
                 
                 	.MACRO __PUTB1SNS
                 	LDD  R26,Y+@0
                 	LDD  R27,Y+@0+1
                 	ADIW R26,@1
                 	ST   X,R30
                 	.ENDM
                 
                 	.MACRO __PUTW1SNS
                 	LDD  R26,Y+@0
                 	LDD  R27,Y+@0+1
                 	ADIW R26,@1
                 	ST   X+,R30
                 	ST   X,R31
                 	.ENDM
                 
                 	.MACRO __PUTD1SNS
                 	LDD  R26,Y+@0
                 	LDD  R27,Y+@0+1
                 	ADIW R26,@1
                 	CALL __PUTDP1
                 	.ENDM
                 
                 	.MACRO __PUTB1PMN
                 	LDS  R26,@0
                 	LDS  R27,@0+1
                 	SUBI R26,LOW(-@1)
                 	SBCI R27,HIGH(-@1)
                 	ST   X,R30
                 	.ENDM
                 
                 	.MACRO __PUTW1PMN
                 	LDS  R26,@0
                 	LDS  R27,@0+1
                 	SUBI R26,LOW(-@1)
                 	SBCI R27,HIGH(-@1)
                 	ST   X+,R30
                 	ST   X,R31
                 	.ENDM
                 
                 	.MACRO __PUTD1PMN
                 	LDS  R26,@0
                 	LDS  R27,@0+1
                 	SUBI R26,LOW(-@1)
                 	SBCI R27,HIGH(-@1)
                 	CALL __PUTDP1
                 	.ENDM
                 
                 	.MACRO __PUTB1PMNS
                 	LDS  R26,@0
                 	LDS  R27,@0+1
                 	ADIW R26,@1
                 	ST   X,R30
                 	.ENDM
                 
                 	.MACRO __PUTW1PMNS
                 	LDS  R26,@0
                 	LDS  R27,@0+1
                 	ADIW R26,@1
                 	ST   X+,R30
                 	ST   X,R31
                 	.ENDM
                 
                 	.MACRO __PUTD1PMNS
                 	LDS  R26,@0
                 	LDS  R27,@0+1
                 	ADIW R26,@1
                 	CALL __PUTDP1
                 	.ENDM
                 
                 	.MACRO __PUTB1RN
                 	MOVW R26,R@0
                 	SUBI R26,LOW(-@1)
                 	SBCI R27,HIGH(-@1)
                 	ST   X,R30
                 	.ENDM
                 
                 	.MACRO __PUTW1RN
                 	MOVW R26,R@0
                 	SUBI R26,LOW(-@1)
                 	SBCI R27,HIGH(-@1)
                 	ST   X+,R30
                 	ST   X,R31
                 	.ENDM
                 
                 	.MACRO __PUTD1RN
                 	MOVW R26,R@0
                 	SUBI R26,LOW(-@1)
                 	SBCI R27,HIGH(-@1)
                 	CALL __PUTDP1
                 	.ENDM
                 
                 	.MACRO __PUTB1RNS
                 	MOVW R26,R@0
                 	ADIW R26,@1
                 	ST   X,R30
                 	.ENDM
                 
                 	.MACRO __PUTW1RNS
                 	MOVW R26,R@0
                 	ADIW R26,@1
                 	ST   X+,R30
                 	ST   X,R31
                 	.ENDM
                 
                 	.MACRO __PUTD1RNS
                 	MOVW R26,R@0
                 	ADIW R26,@1
                 	CALL __PUTDP1
                 	.ENDM
                 
                 	.MACRO __PUTB1RON
                 	MOV  R26,R@0
                 	MOV  R27,R@1
                 	SUBI R26,LOW(-@2)
                 	SBCI R27,HIGH(-@2)
                 	ST   X,R30
                 	.ENDM
                 
                 	.MACRO __PUTW1RON
                 	MOV  R26,R@0
                 	MOV  R27,R@1
                 	SUBI R26,LOW(-@2)
                 	SBCI R27,HIGH(-@2)
                 	ST   X+,R30
                 	ST   X,R31
                 	.ENDM
                 
                 	.MACRO __PUTD1RON
                 	MOV  R26,R@0
                 	MOV  R27,R@1
                 	SUBI R26,LOW(-@2)
                 	SBCI R27,HIGH(-@2)
                 	CALL __PUTDP1
                 	.ENDM
                 
                 	.MACRO __PUTB1RONS
                 	MOV  R26,R@0
                 	MOV  R27,R@1
                 	ADIW R26,@2
                 	ST   X,R30
                 	.ENDM
                 
                 	.MACRO __PUTW1RONS
                 	MOV  R26,R@0
                 	MOV  R27,R@1
                 	ADIW R26,@2
                 	ST   X+,R30
                 	ST   X,R31
                 	.ENDM
                 
                 	.MACRO __PUTD1RONS
                 	MOV  R26,R@0
                 	MOV  R27,R@1
                 	ADIW R26,@2
                 	CALL __PUTDP1
                 	.ENDM
                 
                 
                 	.MACRO __GETB1SX
                 	MOVW R30,R28
                 	SUBI R30,LOW(-@0)
                 	SBCI R31,HIGH(-@0)
                 	LD   R30,Z
                 	.ENDM
                 
                 	.MACRO __GETB1HSX
                 	MOVW R30,R28
                 	SUBI R30,LOW(-@0)
                 	SBCI R31,HIGH(-@0)
                 	LD   R31,Z
                 	.ENDM
                 
                 	.MACRO __GETW1SX
                 	MOVW R30,R28
                 	SUBI R30,LOW(-@0)
                 	SBCI R31,HIGH(-@0)
                 	LD   R0,Z+
                 	LD   R31,Z
                 	MOV  R30,R0
                 	.ENDM
                 
                 	.MACRO __GETD1SX
                 	MOVW R30,R28
                 	SUBI R30,LOW(-@0)
                 	SBCI R31,HIGH(-@0)
                 	LD   R0,Z+
                 	LD   R1,Z+
                 	LD   R22,Z+
                 	LD   R23,Z
                 	MOVW R30,R0
                 	.ENDM
                 
                 	.MACRO __GETB2SX
                 	MOVW R26,R28
                 	SUBI R26,LOW(-@0)
                 	SBCI R27,HIGH(-@0)
                 	LD   R26,X
                 	.ENDM
                 
                 	.MACRO __GETW2SX
                 	MOVW R26,R28
                 	SUBI R26,LOW(-@0)
                 	SBCI R27,HIGH(-@0)
                 	LD   R0,X+
                 	LD   R27,X
                 	MOV  R26,R0
                 	.ENDM
                 
                 	.MACRO __GETD2SX
                 	MOVW R26,R28
                 	SUBI R26,LOW(-@0)
                 	SBCI R27,HIGH(-@0)
                 	LD   R0,X+
                 	LD   R1,X+
                 	LD   R24,X+
                 	LD   R25,X
                 	MOVW R26,R0
                 	.ENDM
                 
                 	.MACRO __GETBRSX
                 	MOVW R30,R28
                 	SUBI R30,LOW(-@1)
                 	SBCI R31,HIGH(-@1)
                 	LD   R@0,Z
                 	.ENDM
                 
                 	.MACRO __GETWRSX
                 	MOVW R30,R28
                 	SUBI R30,LOW(-@2)
                 	SBCI R31,HIGH(-@2)
                 	LD   R@0,Z+
                 	LD   R@1,Z
                 	.ENDM
                 
                 	.MACRO __GETBRSX2
                 	MOVW R26,R28
                 	SUBI R26,LOW(-@1)
                 	SBCI R27,HIGH(-@1)
                 	LD   R@0,X
                 	.ENDM
                 
                 	.MACRO __GETWRSX2
                 	MOVW R26,R28
                 	SUBI R26,LOW(-@2)
                 	SBCI R27,HIGH(-@2)
                 	LD   R@0,X+
                 	LD   R@1,X
                 	.ENDM
                 
                 	.MACRO __LSLW8SX
                 	MOVW R30,R28
                 	SUBI R30,LOW(-@0)
                 	SBCI R31,HIGH(-@0)
                 	LD   R31,Z
                 	CLR  R30
                 	.ENDM
                 
                 	.MACRO __PUTB1SX
                 	MOVW R26,R28
                 	SUBI R26,LOW(-@0)
                 	SBCI R27,HIGH(-@0)
                 	ST   X,R30
                 	.ENDM
                 
                 	.MACRO __PUTW1SX
                 	MOVW R26,R28
                 	SUBI R26,LOW(-@0)
                 	SBCI R27,HIGH(-@0)
                 	ST   X+,R30
                 	ST   X,R31
                 	.ENDM
                 
                 	.MACRO __PUTD1SX
                 	MOVW R26,R28
                 	SUBI R26,LOW(-@0)
                 	SBCI R27,HIGH(-@0)
                 	ST   X+,R30
                 	ST   X+,R31
                 	ST   X+,R22
                 	ST   X,R23
                 	.ENDM
                 
                 	.MACRO __CLRW1SX
                 	MOVW R26,R28
                 	SUBI R26,LOW(-@0)
                 	SBCI R27,HIGH(-@0)
                 	ST   X+,R30
                 	ST   X,R30
                 	.ENDM
                 
                 	.MACRO __CLRD1SX
                 	MOVW R26,R28
                 	SUBI R26,LOW(-@0)
                 	SBCI R27,HIGH(-@0)
                 	ST   X+,R30
                 	ST   X+,R30
                 	ST   X+,R30
                 	ST   X,R30
                 	.ENDM
                 
                 	.MACRO __PUTB2SX
                 	MOVW R30,R28
                 	SUBI R30,LOW(-@0)
                 	SBCI R31,HIGH(-@0)
                 	ST   Z,R26
                 	.ENDM
                 
                 	.MACRO __PUTW2SX
                 	MOVW R30,R28
                 	SUBI R30,LOW(-@0)
                 	SBCI R31,HIGH(-@0)
                 	ST   Z+,R26
                 	ST   Z,R27
                 	.ENDM
                 
                 	.MACRO __PUTD2SX
                 	MOVW R30,R28
                 	SUBI R30,LOW(-@0)
                 	SBCI R31,HIGH(-@0)
                 	ST   Z+,R26
                 	ST   Z+,R27
                 	ST   Z+,R24
                 	ST   Z,R25
                 	.ENDM
                 
                 	.MACRO __PUTBSRX
                 	MOVW R30,R28
                 	SUBI R30,LOW(-@1)
                 	SBCI R31,HIGH(-@1)
                 	ST   Z,R@0
                 	.ENDM
                 
                 	.MACRO __PUTWSRX
                 	MOVW R30,R28
                 	SUBI R30,LOW(-@2)
                 	SBCI R31,HIGH(-@2)
                 	ST   Z+,R@0
                 	ST   Z,R@1
                 	.ENDM
                 
                 	.MACRO __PUTB1SNX
                 	MOVW R26,R28
                 	SUBI R26,LOW(-@0)
                 	SBCI R27,HIGH(-@0)
                 	LD   R0,X+
                 	LD   R27,X
                 	MOV  R26,R0
                 	SUBI R26,LOW(-@1)
                 	SBCI R27,HIGH(-@1)
                 	ST   X,R30
                 	.ENDM
                 
                 	.MACRO __PUTW1SNX
                 	MOVW R26,R28
                 	SUBI R26,LOW(-@0)
                 	SBCI R27,HIGH(-@0)
                 	LD   R0,X+
                 	LD   R27,X
                 	MOV  R26,R0
                 	SUBI R26,LOW(-@1)
                 	SBCI R27,HIGH(-@1)
                 	ST   X+,R30
                 	ST   X,R31
                 	.ENDM
                 
                 	.MACRO __PUTD1SNX
                 	MOVW R26,R28
                 	SUBI R26,LOW(-@0)
                 	SBCI R27,HIGH(-@0)
                 	LD   R0,X+
                 	LD   R27,X
                 	MOV  R26,R0
                 	SUBI R26,LOW(-@1)
                 	SBCI R27,HIGH(-@1)
                 	ST   X+,R30
                 	ST   X+,R31
                 	ST   X+,R22
                 	ST   X,R23
                 	.ENDM
                 
                 	.MACRO __MULBRR
                 	MULS R@0,R@1
                 	MOVW R30,R0
                 	.ENDM
                 
                 	.MACRO __MULBRRU
                 	MUL  R@0,R@1
                 	MOVW R30,R0
                 	.ENDM
                 
                 	.MACRO __MULBRR0
                 	MULS R@0,R@1
                 	.ENDM
                 
                 	.MACRO __MULBRRU0
                 	MUL  R@0,R@1
                 	.ENDM
                 
                 	.MACRO __MULBNWRU
                 	LDI  R26,@2
                 	MUL  R26,R@0
                 	MOVW R30,R0
                 	MUL  R26,R@1
                 	ADD  R31,R0
                 	.ENDM
                 
                 ;NAME DEFINITIONS FOR GLOBAL VARIABLES ALLOCATED TO REGISTERS
                 	.DEF _a=R4
                 	.DEF _a_msb=R5
                 	.DEF _b=R6
                 	.DEF _b_msb=R7
                 	.DEF _c=R8
                 	.DEF _c_msb=R9
                 	.DEF __lcd_x=R11
                 	.DEF __lcd_y=R10
                 	.DEF __lcd_maxx=R13
                 
                 	.CSEG
                 	.ORG 0x00
                 
                 ;START OF CODE MARKER
                 __START_OF_CODE:
                 
                 ;INTERRUPT VECTORS
000000 940c 004f 	JMP  __RESET
000002 940c 0000 	JMP  0x00
000004 940c 0000 	JMP  0x00
000006 940c 0000 	JMP  0x00
000008 940c 0000 	JMP  0x00
00000a 940c 0000 	JMP  0x00
00000c 940c 0000 	JMP  0x00
00000e 940c 0000 	JMP  0x00
000010 940c 0000 	JMP  0x00
000012 940c 0000 	JMP  0x00
000014 940c 0000 	JMP  0x00
000016 940c 0000 	JMP  0x00
000018 940c 0000 	JMP  0x00
00001a 940c 0000 	JMP  0x00
00001c 940c 0000 	JMP  0x00
00001e 940c 0000 	JMP  0x00
000020 940c 0000 	JMP  0x00
000022 940c 0000 	JMP  0x00
000024 940c 0000 	JMP  0x00
000026 940c 0000 	JMP  0x00
000028 940c 0000 	JMP  0x00
                 
                 _tbl10_G101:
00002a 2710
00002b 03e8
00002c 0064
00002d 000a      	.DB  0x10,0x27,0xE8,0x3,0x64,0x0,0xA,0x0
00002e 0001      	.DB  0x1,0x0
                 _tbl16_G101:
00002f 1000
000030 0100
000031 0010
000032 0001      	.DB  0x0,0x10,0x0,0x1,0x10,0x0,0x1,0x0
                 
                 ;REGISTER BIT VARIABLES INITIALIZATION
                 __REG_BIT_VARS:
000033 0000      	.DW  0x0000
                 
                 ;GLOBAL REGISTER VARIABLES INITIALIZATION
                 __REG_VARS:
000034 0000
000035 0000      	.DB  0x0,0x0,0x0,0x0
000036 0000      	.DB  0x0,0x0
                 
                 _0x0:
000037 6c41
000038 2069
000039 6142
00003a 6162      	.DB  0x41,0x6C,0x69,0x20,0x42,0x61,0x62,0x61
00003b 6965
00003c 2020
00003d 2500
00003e 3a64      	.DB  0x65,0x69,0x20,0x20,0x0,0x25,0x64,0x3A
00003f 6425
000040 253a
000041 2064
000042 2020      	.DB  0x25,0x64,0x3A,0x25,0x64,0x20,0x20,0x20
E:\mikro8.13\Debug\List\203.asm(1146): warning: .cseg .db misalignment - padding zero byte
000043 0000      	.DB  0x0
                 _0x2000003:
000044 c080      	.DB  0x80,0xC0
                 
                 __GLOBAL_INI_TBL:
000045 0001      	.DW  0x01
000046 0002      	.DW  0x02
000047 0066      	.DW  __REG_BIT_VARS*2
                 
000048 0006      	.DW  0x06
000049 0004      	.DW  0x04
00004a 0068      	.DW  __REG_VARS*2
                 
00004b 0002      	.DW  0x02
00004c 0170      	.DW  __base_y_G100
00004d 0088      	.DW  _0x2000003*2
                 
                 _0xFFFFFFFF:
00004e 0000      	.DW  0
                 
                 #define __GLOBAL_INI_TBL_PRESENT 1
                 
                 __RESET:
00004f 94f8      	CLI
000050 27ee      	CLR  R30
000051 bbec      	OUT  EECR,R30
                 
                 ;INTERRUPT VECTORS ARE PLACED
                 ;AT THE START OF FLASH
000052 e0f1      	LDI  R31,1
000053 bffb      	OUT  GICR,R31
000054 bfeb      	OUT  GICR,R30
000055 bfe5      	OUT  MCUCR,R30
                 
                 ;CLEAR R2-R14
000056 e08d      	LDI  R24,(14-2)+1
000057 e0a2      	LDI  R26,2
000058 27bb      	CLR  R27
                 __CLEAR_REG:
000059 93ed      	ST   X+,R30
00005a 958a      	DEC  R24
00005b f7e9      	BRNE __CLEAR_REG
                 
                 ;CLEAR SRAM
00005c e080      	LDI  R24,LOW(__CLEAR_SRAM_SIZE)
00005d e094      	LDI  R25,HIGH(__CLEAR_SRAM_SIZE)
00005e e6a0      	LDI  R26,__SRAM_START
                 __CLEAR_SRAM:
00005f 93ed      	ST   X+,R30
000060 9701      	SBIW R24,1
000061 f7e9      	BRNE __CLEAR_SRAM
                 
                 ;GLOBAL VARIABLES INITIALIZATION
000062 e8ea      	LDI  R30,LOW(__GLOBAL_INI_TBL*2)
000063 e0f0      	LDI  R31,HIGH(__GLOBAL_INI_TBL*2)
                 __GLOBAL_INI_NEXT:
000064 9185      	LPM  R24,Z+
000065 9195      	LPM  R25,Z+
000066 9700      	SBIW R24,0
000067 f061      	BREQ __GLOBAL_INI_END
000068 91a5      	LPM  R26,Z+
000069 91b5      	LPM  R27,Z+
00006a 9005      	LPM  R0,Z+
00006b 9015      	LPM  R1,Z+
00006c 01bf      	MOVW R22,R30
00006d 01f0      	MOVW R30,R0
                 __GLOBAL_INI_LOOP:
00006e 9005      	LPM  R0,Z+
00006f 920d      	ST   X+,R0
000070 9701      	SBIW R24,1
000071 f7e1      	BRNE __GLOBAL_INI_LOOP
000072 01fb      	MOVW R30,R22
000073 cff0      	RJMP __GLOBAL_INI_NEXT
                 __GLOBAL_INI_END:
                 
                 ;HARDWARE STACK POINTER INITIALIZATION
000074 e5ef      	LDI  R30,LOW(__SRAM_END-__HEAP_SIZE)
000075 bfed      	OUT  SPL,R30
000076 e0e4      	LDI  R30,HIGH(__SRAM_END-__HEAP_SIZE)
000077 bfee      	OUT  SPH,R30
                 
                 ;DATA STACK POINTER INITIALIZATION
000078 e6c0      	LDI  R28,LOW(__SRAM_START+__DSTACK_SIZE)
000079 e0d1      	LDI  R29,HIGH(__SRAM_START+__DSTACK_SIZE)
                 
00007a 940c 007c 	JMP  _main
                 
                 	.ESEG
                 	.ORG 0
                 
                 	.DSEG
                 	.ORG 0x160
                 
                 	.CSEG
                 ;/*******************************************************
                 ;This program was created by the
                 ;CodeWizardAVR V3.14 Advanced
                 ;Automatic Program Generator
                 ;© Copyright 1998-2014 Pavel Haiduc, HP InfoTech s.r.l.
                 ;http://www.hpinfotech.com
                 ;
                 ;Project :
                 ;Version :
                 ;Date    : 12/28/2024
                 ;Author  :
                 ;Company :
                 ;Comments:
                 ;
                 ;
                 ;Chip type               : ATmega16
                 ;Program type            : Application
                 ;AVR Core Clock frequency: 1.000000 MHz
                 ;Memory model            : Small
                 ;External RAM size       : 0
                 ;Data Stack size         : 256
                 ;*******************************************************/
                 ;
                 ;#include <mega16.h>
                 	#ifndef __SLEEP_DEFINED__
                 	#define __SLEEP_DEFINED__
                 	.EQU __se_bit=0x40
                 	.EQU __sm_mask=0xB0
                 	.EQU __sm_powerdown=0x20
                 	.EQU __sm_powersave=0x30
                 	.EQU __sm_standby=0xA0
                 	.EQU __sm_ext_standby=0xB0
                 	.EQU __sm_adc_noise_red=0x10
                 	.SET power_ctrl_reg=mcucr
                 	#endif
                 ;#include <alcd.h>
                 ;#include <delay.h>
                 ;#include <stdio.h>
                 ;#define  Start    PINA.0
                 ;#define  Stop     PINA.4
                 ;#define  Reset    PINA.7
                 ;int a=0;
                 ;int b=0;
                 ;int c=0;
                 ;char str[16];
                 ;bit slk ;
                 ;
                 ;// Declare your global variables here
                 ;
                 ;void main(void)
                 ; 0000 0028 {
                 
                 	.CSEG
                 _main:
                 ; .FSTART _main
                 ; 0000 0029 // Declare your local variables here
                 ; 0000 002A 
                 ; 0000 002B // Input/Output Ports initialization
                 ; 0000 002C // Port A initialization
                 ; 0000 002D // Function: Bit7=In Bit6=In Bit5=In Bit4=In Bit3=In Bit2=In Bit1=In Bit0=In
                 ; 0000 002E DDRA=(0<<DDA7) | (0<<DDA6) | (0<<DDA5) | (0<<DDA4) | (0<<DDA3) | (0<<DDA2) | (0<<DDA1) | (0<<DDA0);
00007c e0e0      	LDI  R30,LOW(0)
00007d bbea      	OUT  0x1A,R30
                 ; 0000 002F // State: Bit7=P Bit6=P Bit5=P Bit4=P Bit3=P Bit2=P Bit1=P Bit0=P
                 ; 0000 0030 PORTA=(1<<PORTA7) | (1<<PORTA6) | (1<<PORTA5) | (1<<PORTA4) | (1<<PORTA3) | (1<<PORTA2) | (1<<PORTA1) | (1<<PORTA0);
00007e efef      	LDI  R30,LOW(255)
00007f bbeb      	OUT  0x1B,R30
                 ; 0000 0031 
                 ; 0000 0032 // Port B initialization
                 ; 0000 0033 // Function: Bit7=In Bit6=In Bit5=In Bit4=In Bit3=In Bit2=In Bit1=In Bit0=In
                 ; 0000 0034 DDRB=(0<<DDB7) | (0<<DDB6) | (0<<DDB5) | (0<<DDB4) | (0<<DDB3) | (0<<DDB2) | (0<<DDB1) | (0<<DDB0);
000080 e0e0      	LDI  R30,LOW(0)
000081 bbe7      	OUT  0x17,R30
                 ; 0000 0035 // State: Bit7=T Bit6=T Bit5=T Bit4=T Bit3=T Bit2=T Bit1=T Bit0=T
                 ; 0000 0036 PORTB=(0<<PORTB7) | (0<<PORTB6) | (0<<PORTB5) | (0<<PORTB4) | (0<<PORTB3) | (0<<PORTB2) | (0<<PORTB1) | (0<<PORTB0);
000082 bbe8      	OUT  0x18,R30
                 ; 0000 0037 
                 ; 0000 0038 // Port C initialization
                 ; 0000 0039 // Function: Bit7=Out Bit6=Out Bit5=Out Bit4=Out Bit3=Out Bit2=Out Bit1=Out Bit0=Out
                 ; 0000 003A DDRC=(1<<DDC7) | (1<<DDC6) | (1<<DDC5) | (1<<DDC4) | (1<<DDC3) | (1<<DDC2) | (1<<DDC1) | (1<<DDC0);
000083 efef      	LDI  R30,LOW(255)
000084 bbe4      	OUT  0x14,R30
                 ; 0000 003B // State: Bit7=0 Bit6=0 Bit5=0 Bit4=0 Bit3=0 Bit2=0 Bit1=0 Bit0=0
                 ; 0000 003C PORTC=(0<<PORTC7) | (0<<PORTC6) | (0<<PORTC5) | (0<<PORTC4) | (0<<PORTC3) | (0<<PORTC2) | (0<<PORTC1) | (0<<PORTC0);
000085 e0e0      	LDI  R30,LOW(0)
000086 bbe5      	OUT  0x15,R30
                 ; 0000 003D 
                 ; 0000 003E // Port D initialization
                 ; 0000 003F // Function: Bit7=In Bit6=In Bit5=In Bit4=In Bit3=In Bit2=In Bit1=In Bit0=In
                 ; 0000 0040 DDRD=(0<<DDD7) | (0<<DDD6) | (0<<DDD5) | (0<<DDD4) | (0<<DDD3) | (0<<DDD2) | (0<<DDD1) | (0<<DDD0);
000087 bbe1      	OUT  0x11,R30
                 ; 0000 0041 // State: Bit7=T Bit6=T Bit5=T Bit4=T Bit3=T Bit2=T Bit1=T Bit0=T
                 ; 0000 0042 PORTD=(0<<PORTD7) | (0<<PORTD6) | (0<<PORTD5) | (0<<PORTD4) | (0<<PORTD3) | (0<<PORTD2) | (0<<PORTD1) | (0<<PORTD0);
000088 bbe2      	OUT  0x12,R30
                 ; 0000 0043 
                 ; 0000 0044 // Timer/Counter 0 initialization
                 ; 0000 0045 // Clock source: System Clock
                 ; 0000 0046 // Clock value: Timer 0 Stopped
                 ; 0000 0047 // Mode: Normal top=0xFF
                 ; 0000 0048 // OC0 output: Disconnected
                 ; 0000 0049 TCCR0=(0<<WGM00) | (0<<COM01) | (0<<COM00) | (0<<WGM01) | (0<<CS02) | (0<<CS01) | (0<<CS00);
000089 bfe3      	OUT  0x33,R30
                 ; 0000 004A TCNT0=0x00;
00008a bfe2      	OUT  0x32,R30
                 ; 0000 004B OCR0=0x00;
00008b bfec      	OUT  0x3C,R30
                 ; 0000 004C 
                 ; 0000 004D // Timer/Counter 1 initialization
                 ; 0000 004E // Clock source: System Clock
                 ; 0000 004F // Clock value: Timer1 Stopped
                 ; 0000 0050 // Mode: Normal top=0xFFFF
                 ; 0000 0051 // OC1A output: Disconnected
                 ; 0000 0052 // OC1B output: Disconnected
                 ; 0000 0053 // Noise Canceler: Off
                 ; 0000 0054 // Input Capture on Falling Edge
                 ; 0000 0055 // Timer1 Overflow Interrupt: Off
                 ; 0000 0056 // Input Capture Interrupt: Off
                 ; 0000 0057 // Compare A Match Interrupt: Off
                 ; 0000 0058 // Compare B Match Interrupt: Off
                 ; 0000 0059 TCCR1A=(0<<COM1A1) | (0<<COM1A0) | (0<<COM1B1) | (0<<COM1B0) | (0<<WGM11) | (0<<WGM10);
00008c bdef      	OUT  0x2F,R30
                 ; 0000 005A TCCR1B=(0<<ICNC1) | (0<<ICES1) | (0<<WGM13) | (0<<WGM12) | (0<<CS12) | (0<<CS11) | (0<<CS10);
00008d bdee      	OUT  0x2E,R30
                 ; 0000 005B TCNT1H=0x00;
00008e bded      	OUT  0x2D,R30
                 ; 0000 005C TCNT1L=0x00;
00008f bdec      	OUT  0x2C,R30
                 ; 0000 005D ICR1H=0x00;
000090 bde7      	OUT  0x27,R30
                 ; 0000 005E ICR1L=0x00;
000091 bde6      	OUT  0x26,R30
                 ; 0000 005F OCR1AH=0x00;
000092 bdeb      	OUT  0x2B,R30
                 ; 0000 0060 OCR1AL=0x00;
000093 bdea      	OUT  0x2A,R30
                 ; 0000 0061 OCR1BH=0x00;
000094 bde9      	OUT  0x29,R30
                 ; 0000 0062 OCR1BL=0x00;
000095 bde8      	OUT  0x28,R30
                 ; 0000 0063 
                 ; 0000 0064 // Timer/Counter 2 initialization
                 ; 0000 0065 // Clock source: System Clock
                 ; 0000 0066 // Clock value: Timer2 Stopped
                 ; 0000 0067 // Mode: Normal top=0xFF
                 ; 0000 0068 // OC2 output: Disconnected
                 ; 0000 0069 ASSR=0<<AS2;
000096 bde2      	OUT  0x22,R30
                 ; 0000 006A TCCR2=(0<<PWM2) | (0<<COM21) | (0<<COM20) | (0<<CTC2) | (0<<CS22) | (0<<CS21) | (0<<CS20);
000097 bde5      	OUT  0x25,R30
                 ; 0000 006B TCNT2=0x00;
000098 bde4      	OUT  0x24,R30
                 ; 0000 006C OCR2=0x00;
000099 bde3      	OUT  0x23,R30
                 ; 0000 006D 
                 ; 0000 006E // Timer(s)/Counter(s) Interrupt(s) initialization
                 ; 0000 006F TIMSK=(0<<OCIE2) | (0<<TOIE2) | (0<<TICIE1) | (0<<OCIE1A) | (0<<OCIE1B) | (0<<TOIE1) | (0<<OCIE0) | (0<<TOIE0);
00009a bfe9      	OUT  0x39,R30
                 ; 0000 0070 
                 ; 0000 0071 // External Interrupt(s) initialization
                 ; 0000 0072 // INT0: Off
                 ; 0000 0073 // INT1: Off
                 ; 0000 0074 // INT2: Off
                 ; 0000 0075 MCUCR=(0<<ISC11) | (0<<ISC10) | (0<<ISC01) | (0<<ISC00);
00009b bfe5      	OUT  0x35,R30
                 ; 0000 0076 MCUCSR=(0<<ISC2);
00009c bfe4      	OUT  0x34,R30
                 ; 0000 0077 
                 ; 0000 0078 // USART initialization
                 ; 0000 0079 // USART disabled
                 ; 0000 007A UCSRB=(0<<RXCIE) | (0<<TXCIE) | (0<<UDRIE) | (0<<RXEN) | (0<<TXEN) | (0<<UCSZ2) | (0<<RXB8) | (0<<TXB8);
00009d b9ea      	OUT  0xA,R30
                 ; 0000 007B 
                 ; 0000 007C // Analog Comparator initialization
                 ; 0000 007D // Analog Comparator: Off
                 ; 0000 007E // The Analog Comparator's positive input is
                 ; 0000 007F // connected to the AIN0 pin
                 ; 0000 0080 // The Analog Comparator's negative input is
                 ; 0000 0081 // connected to the AIN1 pin
                 ; 0000 0082 ACSR=(1<<ACD) | (0<<ACBG) | (0<<ACO) | (0<<ACI) | (0<<ACIE) | (0<<ACIC) | (0<<ACIS1) | (0<<ACIS0);
00009e e8e0      	LDI  R30,LOW(128)
00009f b9e8      	OUT  0x8,R30
                 ; 0000 0083 SFIOR=(0<<ACME);
0000a0 e0e0      	LDI  R30,LOW(0)
0000a1 bfe0      	OUT  0x30,R30
                 ; 0000 0084 
                 ; 0000 0085 // ADC initialization
                 ; 0000 0086 // ADC disabled
                 ; 0000 0087 ADCSRA=(0<<ADEN) | (0<<ADSC) | (0<<ADATE) | (0<<ADIF) | (0<<ADIE) | (0<<ADPS2) | (0<<ADPS1) | (0<<ADPS0);
0000a2 b9e6      	OUT  0x6,R30
                 ; 0000 0088 
                 ; 0000 0089 // SPI initialization
                 ; 0000 008A // SPI disabled
                 ; 0000 008B SPCR=(0<<SPIE) | (0<<SPE) | (0<<DORD) | (0<<MSTR) | (0<<CPOL) | (0<<CPHA) | (0<<SPR1) | (0<<SPR0);
0000a3 b9ed      	OUT  0xD,R30
                 ; 0000 008C 
                 ; 0000 008D // TWI initialization
                 ; 0000 008E // TWI disabled
                 ; 0000 008F TWCR=(0<<TWEA) | (0<<TWSTA) | (0<<TWSTO) | (0<<TWEN) | (0<<TWIE);
0000a4 bfe6      	OUT  0x36,R30
                 ; 0000 0090 
                 ; 0000 0091 // Alphanumeric LCD initialization
                 ; 0000 0092 // Connections are specified in the
                 ; 0000 0093 // Project|Configure|C Compiler|Libraries|Alphanumeric LCD menu:
                 ; 0000 0094 // RS - PORTC Bit 0
                 ; 0000 0095 // RD - PORTC Bit 1
                 ; 0000 0096 // EN - PORTC Bit 2
                 ; 0000 0097 // D4 - PORTC Bit 4
                 ; 0000 0098 // D5 - PORTC Bit 5
                 ; 0000 0099 // D6 - PORTC Bit 6
                 ; 0000 009A // D7 - PORTC Bit 7
                 ; 0000 009B // Characters/line: 16
                 ; 0000 009C lcd_init(16);
0000a5 e1a0      	LDI  R26,LOW(16)
0000a6 d0a8      	RCALL _lcd_init
                 ; 0000 009D lcd_gotoxy(1,1);
0000a7 940e 033d 	CALL SUBOPT_0x0
                 ; 0000 009E lcd_putsf("Ali Babaei  ");
                 ; 0000 009F 
                 ; 0000 00A0 while (1){
                 _0x3:
                 ; 0000 00A1 
                 ; 0000 00A2 if(Reset==0){
0000a9 99cf      	SBIC 0x19,7
0000aa c00d      	RJMP _0x6
                 ; 0000 00A3 a=0;
0000ab 2444      	CLR  R4
0000ac 2455      	CLR  R5
                 ; 0000 00A4 b=0;
0000ad 2466      	CLR  R6
0000ae 2477      	CLR  R7
                 ; 0000 00A5 c=0;
0000af 2488      	CLR  R8
0000b0 2499      	CLR  R9
                 ; 0000 00A6 
                 ; 0000 00A7 lcd_clear();
0000b1 d05a      	RCALL _lcd_clear
                 ; 0000 00A8 delay_ms(0.01);
0000b2 940e 0346 	CALL SUBOPT_0x1
                 ; 0000 00A9 sprintf(str,"%d:%d:%d   ",c,b,a);
0000b4 940e 034d 	CALL SUBOPT_0x2
                 ; 0000 00AA lcd_gotoxy(0,0);
                 ; 0000 00AB lcd_puts(str);
                 ; 0000 00AC lcd_gotoxy(1,1);
0000b6 940e 033d 	CALL SUBOPT_0x0
                 ; 0000 00AD lcd_putsf("Ali Babaei  ");
                 ; 0000 00AE }
                 ; 0000 00AF 
                 ; 0000 00B0 if(Stop==0) slk=0 ;
                 _0x6:
0000b8 99cc      	SBIC 0x19,4
0000b9 c002      	RJMP _0x7
0000ba 94e8      	CLT
0000bb f820      	BLD  R2,0
                 ; 0000 00B1 if(Start==0) slk=1 ;
                 _0x7:
0000bc 99c8      	SBIC 0x19,0
0000bd c002      	RJMP _0x8
0000be 9468      	SET
0000bf f820      	BLD  R2,0
                 ; 0000 00B2 /*if(){
                 ; 0000 00B3 delay_ms(100);
                 ; 0000 00B4 a=0;
                 ; 0000 00B5 sprintf(str,"%d:%d:%d   ",c,b,a);
                 ; 0000 00B6 lcd_gotoxy(0,0);
                 ; 0000 00B7 lcd_puts(str);
                 ; 0000 00B8 }    */
                 ; 0000 00B9 
                 ; 0000 00BA 
                 ; 0000 00BB if(slk){
                 _0x8:
0000c0 fe20      	SBRS R2,0
0000c1 c01b      	RJMP _0x9
                 ; 0000 00BC delay_ms(0.01);
0000c2 940e 0346 	CALL SUBOPT_0x1
                 ; 0000 00BD a++;
0000c4 01f2      	MOVW R30,R4
0000c5 9631      	ADIW R30,1
0000c6 012f      	MOVW R4,R30
                 ; 0000 00BE sprintf(str,"%d:%d:%d   ",c,b,a);
0000c7 940e 034d 	CALL SUBOPT_0x2
                 ; 0000 00BF lcd_gotoxy(0,0);
                 ; 0000 00C0 lcd_puts(str);
                 ; 0000 00C1 if(a>99){
0000c9 e6e3      	LDI  R30,LOW(99)
0000ca e0f0      	LDI  R31,HIGH(99)
0000cb 15e4      	CP   R30,R4
0000cc 05f5      	CPC  R31,R5
0000cd f47c      	BRGE _0xA
                 ; 0000 00C2 a=0;
0000ce 2444      	CLR  R4
0000cf 2455      	CLR  R5
                 ; 0000 00C3 b++;
0000d0 01f3      	MOVW R30,R6
0000d1 9631      	ADIW R30,1
0000d2 013f      	MOVW R6,R30
                 ; 0000 00C4 if(b>59){
0000d3 e3eb      	LDI  R30,LOW(59)
0000d4 e0f0      	LDI  R31,HIGH(59)
0000d5 15e6      	CP   R30,R6
0000d6 05f7      	CPC  R31,R7
0000d7 f42c      	BRGE _0xB
                 ; 0000 00C5 b=0;
0000d8 2466      	CLR  R6
0000d9 2477      	CLR  R7
                 ; 0000 00C6 c++;
0000da 01f4      	MOVW R30,R8
0000db 9631      	ADIW R30,1
0000dc 014f      	MOVW R8,R30
                 ; 0000 00C7 }
                 ; 0000 00C8 }
                 _0xB:
                 ; 0000 00C9 }
                 _0xA:
                 ; 0000 00CA }
                 _0x9:
0000dd cfcb      	RJMP _0x3
                 ; 0000 00CB }
                 _0xC:
0000de cfff      	RJMP _0xC
                 ; .FEND
                 	#ifndef __SLEEP_DEFINED__
                 	#endif
                 
                 	.DSEG
                 
                 	.CSEG
                 __lcd_write_nibble_G100:
                 ; .FSTART __lcd_write_nibble_G100
0000df 93aa      	ST   -Y,R26
0000e0 b3e5      	IN   R30,0x15
0000e1 70ef      	ANDI R30,LOW(0xF)
0000e2 2fae      	MOV  R26,R30
0000e3 81e8      	LD   R30,Y
0000e4 7fe0      	ANDI R30,LOW(0xF0)
0000e5 2bea      	OR   R30,R26
0000e6 bbe5      	OUT  0x15,R30
                +
0000e7 e082     +LDI R24 , LOW ( 2 )
                +__DELAY_USB_LOOP :
0000e8 958a     +DEC R24
0000e9 f7f1     +BRNE __DELAY_USB_LOOP
                 	__DELAY_USB 2
0000ea 9aaa      	SBI  0x15,2
                +
0000eb e082     +LDI R24 , LOW ( 2 )
                +__DELAY_USB_LOOP :
0000ec 958a     +DEC R24
0000ed f7f1     +BRNE __DELAY_USB_LOOP
                 	__DELAY_USB 2
0000ee 98aa      	CBI  0x15,2
                +
0000ef e082     +LDI R24 , LOW ( 2 )
                +__DELAY_USB_LOOP :
0000f0 958a     +DEC R24
0000f1 f7f1     +BRNE __DELAY_USB_LOOP
                 	__DELAY_USB 2
0000f2 c087      	RJMP _0x2080002
                 ; .FEND
                 __lcd_write_data:
                 ; .FSTART __lcd_write_data
0000f3 93aa      	ST   -Y,R26
0000f4 81a8      	LD   R26,Y
0000f5 dfe9      	RCALL __lcd_write_nibble_G100
0000f6 81e8          ld    r30,y
0000f7 95e2          swap  r30
0000f8 83e8          st    y,r30
0000f9 81a8      	LD   R26,Y
0000fa dfe4      	RCALL __lcd_write_nibble_G100
                +
0000fb e181     +LDI R24 , LOW ( 17 )
                +__DELAY_USB_LOOP :
0000fc 958a     +DEC R24
0000fd f7f1     +BRNE __DELAY_USB_LOOP
                 	__DELAY_USB 17
0000fe c07b      	RJMP _0x2080002
                 ; .FEND
                 _lcd_gotoxy:
                 ; .FSTART _lcd_gotoxy
0000ff 93aa      	ST   -Y,R26
000100 81e8      	LD   R30,Y
000101 e0f0      	LDI  R31,0
000102 59e0      	SUBI R30,LOW(-__base_y_G100)
000103 4ffe      	SBCI R31,HIGH(-__base_y_G100)
000104 81e0      	LD   R30,Z
000105 81a9      	LDD  R26,Y+1
000106 0fae      	ADD  R26,R30
000107 dfeb      	RCALL __lcd_write_data
000108 80b9      	LDD  R11,Y+1
000109 80a8      	LDD  R10,Y+0
00010a 9622      	ADIW R28,2
00010b 9508      	RET
                 ; .FEND
                 _lcd_clear:
                 ; .FSTART _lcd_clear
00010c e0a2      	LDI  R26,LOW(2)
00010d 940e 0371 	CALL SUBOPT_0x3
00010f e0ac      	LDI  R26,LOW(12)
000110 dfe2      	RCALL __lcd_write_data
000111 e0a1      	LDI  R26,LOW(1)
000112 940e 0371 	CALL SUBOPT_0x3
000114 e0e0      	LDI  R30,LOW(0)
000115 2eae      	MOV  R10,R30
000116 2ebe      	MOV  R11,R30
000117 9508      	RET
                 ; .FEND
                 _lcd_putchar:
                 ; .FSTART _lcd_putchar
000118 93aa      	ST   -Y,R26
000119 81a8      	LD   R26,Y
00011a 30aa      	CPI  R26,LOW(0xA)
00011b f011      	BREQ _0x2000005
00011c 14bd      	CP   R11,R13
00011d f048      	BRLO _0x2000004
                 _0x2000005:
00011e e0e0      	LDI  R30,LOW(0)
00011f 93ea      	ST   -Y,R30
000120 94a3      	INC  R10
000121 2daa      	MOV  R26,R10
000122 dfdc      	RCALL _lcd_gotoxy
000123 81a8      	LD   R26,Y
000124 30aa      	CPI  R26,LOW(0xA)
000125 f409      	BRNE _0x2000007
000126 c053      	RJMP _0x2080002
                 _0x2000007:
                 _0x2000004:
000127 94b3      	INC  R11
000128 9aa8      	SBI  0x15,0
000129 81a8      	LD   R26,Y
00012a dfc8      	RCALL __lcd_write_data
00012b 98a8      	CBI  0x15,0
00012c c04d      	RJMP _0x2080002
                 ; .FEND
                 _lcd_puts:
                 ; .FSTART _lcd_puts
00012d 93ba      	ST   -Y,R27
00012e 93aa      	ST   -Y,R26
00012f 931a      	ST   -Y,R17
                 _0x2000008:
000130 81a9      	LDD  R26,Y+1
000131 81ba      	LDD  R27,Y+1+1
000132 91ed      	LD   R30,X+
000133 83a9      	STD  Y+1,R26
000134 83ba      	STD  Y+1+1,R27
000135 2f1e      	MOV  R17,R30
000136 30e0      	CPI  R30,0
000137 f019      	BREQ _0x200000A
000138 2fa1      	MOV  R26,R17
000139 dfde      	RCALL _lcd_putchar
00013a cff5      	RJMP _0x2000008
                 _0x200000A:
00013b c010      	RJMP _0x2080003
                 ; .FEND
                 _lcd_putsf:
                 ; .FSTART _lcd_putsf
00013c 93ba      	ST   -Y,R27
00013d 93aa      	ST   -Y,R26
00013e 931a      	ST   -Y,R17
                 _0x200000B:
00013f 81e9      	LDD  R30,Y+1
000140 81fa      	LDD  R31,Y+1+1
000141 9631      	ADIW R30,1
000142 83e9      	STD  Y+1,R30
000143 83fa      	STD  Y+1+1,R31
000144 9731      	SBIW R30,1
000145 91e4      	LPM  R30,Z
000146 2f1e      	MOV  R17,R30
000147 30e0      	CPI  R30,0
000148 f019      	BREQ _0x200000D
000149 2fa1      	MOV  R26,R17
00014a dfcd      	RCALL _lcd_putchar
00014b cff3      	RJMP _0x200000B
                 _0x200000D:
                 _0x2080003:
00014c 8118      	LDD  R17,Y+0
00014d 9623      	ADIW R28,3
00014e 9508      	RET
                 ; .FEND
                 _lcd_init:
                 ; .FSTART _lcd_init
00014f 93aa      	ST   -Y,R26
000150 b3e4      	IN   R30,0x14
000151 6fe0      	ORI  R30,LOW(0xF0)
000152 bbe4      	OUT  0x14,R30
000153 9aa2      	SBI  0x14,2
000154 9aa0      	SBI  0x14,0
000155 9aa1      	SBI  0x14,1
000156 98aa      	CBI  0x15,2
000157 98a8      	CBI  0x15,0
000158 98a9      	CBI  0x15,1
000159 80d8      	LDD  R13,Y+0
00015a 81e8      	LD   R30,Y
00015b 58e0      	SUBI R30,-LOW(128)
                +
00015c 93e0 0172+STS __base_y_G100 + ( 2 ) , R30
                 	__PUTB1MN __base_y_G100,2
00015e 81e8      	LD   R30,Y
00015f 54e0      	SUBI R30,-LOW(192)
                +
000160 93e0 0173+STS __base_y_G100 + ( 3 ) , R30
                 	__PUTB1MN __base_y_G100,3
000162 e1a4      	LDI  R26,LOW(20)
000163 e0b0      	LDI  R27,0
000164 940e 03aa 	CALL _delay_ms
000166 940e 0377 	CALL SUBOPT_0x4
000168 940e 0377 	CALL SUBOPT_0x4
00016a 940e 0377 	CALL SUBOPT_0x4
00016c e2a0      	LDI  R26,LOW(32)
00016d df71      	RCALL __lcd_write_nibble_G100
                +
00016e e281     +LDI R24 , LOW ( 33 )
                +__DELAY_USB_LOOP :
00016f 958a     +DEC R24
000170 f7f1     +BRNE __DELAY_USB_LOOP
                 	__DELAY_USB 33
000171 e2a8      	LDI  R26,LOW(40)
000172 df80      	RCALL __lcd_write_data
000173 e0a4      	LDI  R26,LOW(4)
000174 df7e      	RCALL __lcd_write_data
000175 e8a5      	LDI  R26,LOW(133)
000176 df7c      	RCALL __lcd_write_data
000177 e0a6      	LDI  R26,LOW(6)
000178 df7a      	RCALL __lcd_write_data
000179 df92      	RCALL _lcd_clear
                 _0x2080002:
00017a 9621      	ADIW R28,1
00017b 9508      	RET
                 ; .FEND
                 	#ifndef __SLEEP_DEFINED__
                 	#endif
                 
                 	.CSEG
                 _put_buff_G101:
                 ; .FSTART _put_buff_G101
00017c 93ba      	ST   -Y,R27
00017d 93aa      	ST   -Y,R26
00017e 931a      	ST   -Y,R17
00017f 930a      	ST   -Y,R16
000180 81aa      	LDD  R26,Y+2
000181 81bb      	LDD  R27,Y+2+1
000182 9612      	ADIW R26,2
000183 940e 03c1 	CALL __GETW1P
000185 9730      	SBIW R30,0
000186 f159      	BREQ _0x2020010
000187 81aa      	LDD  R26,Y+2
000188 81bb      	LDD  R27,Y+2+1
000189 9614      	ADIW R26,4
00018a 940e 03c1 	CALL __GETW1P
00018c 018f      	MOVW R16,R30
00018d 9730      	SBIW R30,0
00018e f061      	BREQ _0x2020012
                +
00018f 3002     +CPI R16 , LOW ( 2 )
000190 e0e0     +LDI R30 , HIGH ( 2 )
000191 071e     +CPC R17 , R30
                 	__CPWRN 16,17,2
000192 f098      	BRLO _0x2020013
000193 01f8      	MOVW R30,R16
000194 9731      	SBIW R30,1
000195 018f      	MOVW R16,R30
                +
000196 81aa     +LDD R26 , Y + 2
000197 81bb     +LDD R27 , Y + 2 + 1
000198 9614     +ADIW R26 , 4
000199 93ed     +ST X + , R30
00019a 93fc     +ST X , R31
                 	__PUTW1SNS 2,4
                 _0x2020012:
00019b 81aa      	LDD  R26,Y+2
00019c 81bb      	LDD  R27,Y+2+1
00019d 9612      	ADIW R26,2
00019e 91ed      	LD   R30,X+
00019f 91fd      	LD   R31,X+
0001a0 9631      	ADIW R30,1
0001a1 93fe      	ST   -X,R31
0001a2 93ee      	ST   -X,R30
0001a3 9731      	SBIW R30,1
0001a4 81ac      	LDD  R26,Y+4
0001a5 83a0      	STD  Z+0,R26
                 _0x2020013:
0001a6 81aa      	LDD  R26,Y+2
0001a7 81bb      	LDD  R27,Y+2+1
0001a8 940e 03c1 	CALL __GETW1P
0001aa 23ff      	TST  R31
0001ab f02a      	BRMI _0x2020014
0001ac 91ed      	LD   R30,X+
0001ad 91fd      	LD   R31,X+
0001ae 9631      	ADIW R30,1
0001af 93fe      	ST   -X,R31
0001b0 93ee      	ST   -X,R30
                 _0x2020014:
0001b1 c006      	RJMP _0x2020015
                 _0x2020010:
0001b2 81aa      	LDD  R26,Y+2
0001b3 81bb      	LDD  R27,Y+2+1
0001b4 efef      	LDI  R30,LOW(65535)
0001b5 efff      	LDI  R31,HIGH(65535)
0001b6 93ed      	ST   X+,R30
0001b7 93fc      	ST   X,R31
                 _0x2020015:
0001b8 8119      	LDD  R17,Y+1
0001b9 8108      	LDD  R16,Y+0
0001ba 9625      	ADIW R28,5
0001bb 9508      	RET
                 ; .FEND
                 __print_G101:
                 ; .FSTART __print_G101
0001bc 93ba      	ST   -Y,R27
0001bd 93aa      	ST   -Y,R26
0001be 9726      	SBIW R28,6
0001bf 940e 03ce 	CALL __SAVELOCR6
0001c1 e010      	LDI  R17,0
0001c2 85ac      	LDD  R26,Y+12
0001c3 85bd      	LDD  R27,Y+12+1
0001c4 e0e0      	LDI  R30,LOW(0)
0001c5 e0f0      	LDI  R31,HIGH(0)
0001c6 93ed      	ST   X+,R30
0001c7 93fc      	ST   X,R31
                 _0x2020016:
0001c8 89ea      	LDD  R30,Y+18
0001c9 89fb      	LDD  R31,Y+18+1
0001ca 9631      	ADIW R30,1
0001cb 8bea      	STD  Y+18,R30
0001cc 8bfb      	STD  Y+18+1,R31
0001cd 9731      	SBIW R30,1
0001ce 91e4      	LPM  R30,Z
0001cf 2f2e      	MOV  R18,R30
0001d0 30e0      	CPI  R30,0
0001d1 f409      	BRNE PC+2
0001d2 c115      	RJMP _0x2020018
0001d3 2fe1      	MOV  R30,R17
0001d4 30e0      	CPI  R30,0
0001d5 f439      	BRNE _0x202001C
0001d6 3225      	CPI  R18,37
0001d7 f411      	BRNE _0x202001D
0001d8 e011      	LDI  R17,LOW(1)
0001d9 c002      	RJMP _0x202001E
                 _0x202001D:
0001da 940e 037e 	CALL SUBOPT_0x5
                 _0x202001E:
0001dc c10a      	RJMP _0x202001B
                 _0x202001C:
0001dd 30e1      	CPI  R30,LOW(0x1)
0001de f4a9      	BRNE _0x202001F
0001df 3225      	CPI  R18,37
0001e0 f419      	BRNE _0x2020020
0001e1 940e 037e 	CALL SUBOPT_0x5
0001e3 c102      	RJMP _0x20200CC
                 _0x2020020:
0001e4 e012      	LDI  R17,LOW(2)
0001e5 e040      	LDI  R20,LOW(0)
0001e6 e000      	LDI  R16,LOW(0)
0001e7 322d      	CPI  R18,45
0001e8 f411      	BRNE _0x2020021
0001e9 e001      	LDI  R16,LOW(1)
0001ea c0fc      	RJMP _0x202001B
                 _0x2020021:
0001eb 322b      	CPI  R18,43
0001ec f411      	BRNE _0x2020022
0001ed e24b      	LDI  R20,LOW(43)
0001ee c0f8      	RJMP _0x202001B
                 _0x2020022:
0001ef 3220      	CPI  R18,32
0001f0 f411      	BRNE _0x2020023
0001f1 e240      	LDI  R20,LOW(32)
0001f2 c0f4      	RJMP _0x202001B
                 _0x2020023:
0001f3 c002      	RJMP _0x2020024
                 _0x202001F:
0001f4 30e2      	CPI  R30,LOW(0x2)
0001f5 f439      	BRNE _0x2020025
                 _0x2020024:
0001f6 e050      	LDI  R21,LOW(0)
0001f7 e013      	LDI  R17,LOW(3)
0001f8 3320      	CPI  R18,48
0001f9 f411      	BRNE _0x2020026
0001fa 6800      	ORI  R16,LOW(128)
0001fb c0eb      	RJMP _0x202001B
                 _0x2020026:
0001fc c003      	RJMP _0x2020027
                 _0x2020025:
0001fd 30e3      	CPI  R30,LOW(0x3)
0001fe f009      	BREQ PC+2
0001ff c0e7      	RJMP _0x202001B
                 _0x2020027:
000200 3320      	CPI  R18,48
000201 f010      	BRLO _0x202002A
000202 332a      	CPI  R18,58
000203 f008      	BRLO _0x202002B
                 _0x202002A:
000204 c007      	RJMP _0x2020029
                 _0x202002B:
000205 e0aa      	LDI  R26,LOW(10)
000206 9f5a      	MUL  R21,R26
000207 2d50      	MOV  R21,R0
000208 2fe2      	MOV  R30,R18
000209 53e0      	SUBI R30,LOW(48)
00020a 0f5e      	ADD  R21,R30
00020b c0db      	RJMP _0x202001B
                 _0x2020029:
00020c 2fe2      	MOV  R30,R18
00020d 36e3      	CPI  R30,LOW(0x63)
00020e f449      	BRNE _0x202002F
00020f 940e 0385 	CALL SUBOPT_0x6
000211 89e8      	LDD  R30,Y+16
000212 89f9      	LDD  R31,Y+16+1
000213 81a4      	LDD  R26,Z+4
000214 93aa      	ST   -Y,R26
000215 940e 038b 	CALL SUBOPT_0x7
000217 c0ce      	RJMP _0x2020030
                 _0x202002F:
000218 37e3      	CPI  R30,LOW(0x73)
000219 f441      	BRNE _0x2020032
00021a 940e 0385 	CALL SUBOPT_0x6
00021c 940e 0391 	CALL SUBOPT_0x8
00021e 940e 0324 	CALL _strlen
000220 2f1e      	MOV  R17,R30
000221 c00a      	RJMP _0x2020033
                 _0x2020032:
000222 37e0      	CPI  R30,LOW(0x70)
000223 f461      	BRNE _0x2020035
000224 940e 0385 	CALL SUBOPT_0x6
000226 940e 0391 	CALL SUBOPT_0x8
000228 940e 0330 	CALL _strlenf
00022a 2f1e      	MOV  R17,R30
00022b 6008      	ORI  R16,LOW(8)
                 _0x2020033:
00022c 6002      	ORI  R16,LOW(2)
00022d 770f      	ANDI R16,LOW(127)
00022e e030      	LDI  R19,LOW(0)
00022f c034      	RJMP _0x2020036
                 _0x2020035:
000230 36e4      	CPI  R30,LOW(0x64)
000231 f011      	BREQ _0x2020039
000232 36e9      	CPI  R30,LOW(0x69)
000233 f411      	BRNE _0x202003A
                 _0x2020039:
000234 6004      	ORI  R16,LOW(4)
000235 c002      	RJMP _0x202003B
                 _0x202003A:
000236 37e5      	CPI  R30,LOW(0x75)
000237 f431      	BRNE _0x202003C
                 _0x202003B:
000238 e5e4      	LDI  R30,LOW(_tbl10_G101*2)
000239 e0f0      	LDI  R31,HIGH(_tbl10_G101*2)
00023a 83ee      	STD  Y+6,R30
00023b 83ff      	STD  Y+6+1,R31
00023c e015      	LDI  R17,LOW(5)
00023d c00c      	RJMP _0x202003D
                 _0x202003C:
00023e 35e8      	CPI  R30,LOW(0x58)
00023f f411      	BRNE _0x202003F
000240 6008      	ORI  R16,LOW(8)
000241 c003      	RJMP _0x2020040
                 _0x202003F:
000242 37e8      	CPI  R30,LOW(0x78)
000243 f009      	BREQ PC+2
000244 c0a1      	RJMP _0x2020071
                 _0x2020040:
000245 e5ee      	LDI  R30,LOW(_tbl16_G101*2)
000246 e0f0      	LDI  R31,HIGH(_tbl16_G101*2)
000247 83ee      	STD  Y+6,R30
000248 83ff      	STD  Y+6+1,R31
000249 e014      	LDI  R17,LOW(4)
                 _0x202003D:
00024a ff02      	SBRS R16,2
00024b c014      	RJMP _0x2020042
00024c 940e 0385 	CALL SUBOPT_0x6
00024e 940e 039b 	CALL SUBOPT_0x9
000250 85ab      	LDD  R26,Y+11
000251 23aa      	TST  R26
000252 f43a      	BRPL _0x2020043
000253 85ea      	LDD  R30,Y+10
000254 85fb      	LDD  R31,Y+10+1
000255 940e 03b8 	CALL __ANEGW1
000257 87ea      	STD  Y+10,R30
000258 87fb      	STD  Y+10+1,R31
000259 e24d      	LDI  R20,LOW(45)
                 _0x2020043:
00025a 3040      	CPI  R20,0
00025b f011      	BREQ _0x2020044
00025c 5f1f      	SUBI R17,-LOW(1)
00025d c001      	RJMP _0x2020045
                 _0x2020044:
00025e 7f0b      	ANDI R16,LOW(251)
                 _0x2020045:
00025f c004      	RJMP _0x2020046
                 _0x2020042:
000260 940e 0385 	CALL SUBOPT_0x6
000262 940e 039b 	CALL SUBOPT_0x9
                 _0x2020046:
                 _0x2020036:
000264 fd00      	SBRC R16,0
000265 c011      	RJMP _0x2020047
                 _0x2020048:
000266 1715      	CP   R17,R21
000267 f478      	BRSH _0x202004A
000268 ff07      	SBRS R16,7
000269 c008      	RJMP _0x202004B
00026a ff02      	SBRS R16,2
00026b c004      	RJMP _0x202004C
00026c 7f0b      	ANDI R16,LOW(251)
00026d 2f24      	MOV  R18,R20
00026e 5011      	SUBI R17,LOW(1)
00026f c001      	RJMP _0x202004D
                 _0x202004C:
000270 e320      	LDI  R18,LOW(48)
                 _0x202004D:
000271 c001      	RJMP _0x202004E
                 _0x202004B:
000272 e220      	LDI  R18,LOW(32)
                 _0x202004E:
000273 940e 037e 	CALL SUBOPT_0x5
000275 5051      	SUBI R21,LOW(1)
000276 cfef      	RJMP _0x2020048
                 _0x202004A:
                 _0x2020047:
000277 2f31      	MOV  R19,R17
000278 ff01      	SBRS R16,1
000279 c017      	RJMP _0x202004F
                 _0x2020050:
00027a 3030      	CPI  R19,0
00027b f0a1      	BREQ _0x2020052
00027c ff03      	SBRS R16,3
00027d c006      	RJMP _0x2020053
00027e 81ee      	LDD  R30,Y+6
00027f 81ff      	LDD  R31,Y+6+1
000280 9125      	LPM  R18,Z+
000281 83ee      	STD  Y+6,R30
000282 83ff      	STD  Y+6+1,R31
000283 c005      	RJMP _0x2020054
                 _0x2020053:
000284 81ae      	LDD  R26,Y+6
000285 81bf      	LDD  R27,Y+6+1
000286 912d      	LD   R18,X+
000287 83ae      	STD  Y+6,R26
000288 83bf      	STD  Y+6+1,R27
                 _0x2020054:
000289 940e 037e 	CALL SUBOPT_0x5
00028b 3050      	CPI  R21,0
00028c f009      	BREQ _0x2020055
00028d 5051      	SUBI R21,LOW(1)
                 _0x2020055:
00028e 5031      	SUBI R19,LOW(1)
00028f cfea      	RJMP _0x2020050
                 _0x2020052:
000290 c04b      	RJMP _0x2020056
                 _0x202004F:
                 _0x2020058:
000291 e320      	LDI  R18,LOW(48)
000292 81ee      	LDD  R30,Y+6
000293 81ff      	LDD  R31,Y+6+1
000294 940e 03c5 	CALL __GETW1PF
000296 87e8      	STD  Y+8,R30
000297 87f9      	STD  Y+8+1,R31
000298 81ee      	LDD  R30,Y+6
000299 81ff      	LDD  R31,Y+6+1
00029a 9632      	ADIW R30,2
00029b 83ee      	STD  Y+6,R30
00029c 83ff      	STD  Y+6+1,R31
                 _0x202005A:
00029d 85e8      	LDD  R30,Y+8
00029e 85f9      	LDD  R31,Y+8+1
00029f 85aa      	LDD  R26,Y+10
0002a0 85bb      	LDD  R27,Y+10+1
0002a1 17ae      	CP   R26,R30
0002a2 07bf      	CPC  R27,R31
0002a3 f050      	BRLO _0x202005C
0002a4 5f2f      	SUBI R18,-LOW(1)
0002a5 85a8      	LDD  R26,Y+8
0002a6 85b9      	LDD  R27,Y+8+1
0002a7 85ea      	LDD  R30,Y+10
0002a8 85fb      	LDD  R31,Y+10+1
0002a9 1bea      	SUB  R30,R26
0002aa 0bfb      	SBC  R31,R27
0002ab 87ea      	STD  Y+10,R30
0002ac 87fb      	STD  Y+10+1,R31
0002ad cfef      	RJMP _0x202005A
                 _0x202005C:
0002ae 332a      	CPI  R18,58
0002af f028      	BRLO _0x202005D
0002b0 ff03      	SBRS R16,3
0002b1 c002      	RJMP _0x202005E
0002b2 5f29      	SUBI R18,-LOW(7)
0002b3 c001      	RJMP _0x202005F
                 _0x202005E:
0002b4 5d29      	SUBI R18,-LOW(39)
                 _0x202005F:
                 _0x202005D:
0002b5 fd04      	SBRC R16,4
0002b6 c01a      	RJMP _0x2020061
0002b7 3321      	CPI  R18,49
0002b8 f420      	BRSH _0x2020063
0002b9 85a8      	LDD  R26,Y+8
0002ba 85b9      	LDD  R27,Y+8+1
0002bb 9711      	SBIW R26,1
0002bc f409      	BRNE _0x2020062
                 _0x2020063:
0002bd c009      	RJMP _0x20200CD
                 _0x2020062:
0002be 1753      	CP   R21,R19
0002bf f010      	BRLO _0x2020067
0002c0 ff00      	SBRS R16,0
0002c1 c001      	RJMP _0x2020068
                 _0x2020067:
0002c2 c013      	RJMP _0x2020066
                 _0x2020068:
0002c3 e220      	LDI  R18,LOW(32)
0002c4 ff07      	SBRS R16,7
0002c5 c00b      	RJMP _0x2020069
0002c6 e320      	LDI  R18,LOW(48)
                 _0x20200CD:
0002c7 6100      	ORI  R16,LOW(16)
0002c8 ff02      	SBRS R16,2
0002c9 c007      	RJMP _0x202006A
0002ca 7f0b      	ANDI R16,LOW(251)
0002cb 934a      	ST   -Y,R20
0002cc 940e 038b 	CALL SUBOPT_0x7
0002ce 3050      	CPI  R21,0
0002cf f009      	BREQ _0x202006B
0002d0 5051      	SUBI R21,LOW(1)
                 _0x202006B:
                 _0x202006A:
                 _0x2020069:
                 _0x2020061:
0002d1 940e 037e 	CALL SUBOPT_0x5
0002d3 3050      	CPI  R21,0
0002d4 f009      	BREQ _0x202006C
0002d5 5051      	SUBI R21,LOW(1)
                 _0x202006C:
                 _0x2020066:
0002d6 5031      	SUBI R19,LOW(1)
0002d7 85a8      	LDD  R26,Y+8
0002d8 85b9      	LDD  R27,Y+8+1
0002d9 9712      	SBIW R26,2
0002da f008      	BRLO _0x2020059
0002db cfb5      	RJMP _0x2020058
                 _0x2020059:
                 _0x2020056:
0002dc ff00      	SBRS R16,0
0002dd c008      	RJMP _0x202006D
                 _0x202006E:
0002de 3050      	CPI  R21,0
0002df f031      	BREQ _0x2020070
0002e0 5051      	SUBI R21,LOW(1)
0002e1 e2e0      	LDI  R30,LOW(32)
0002e2 93ea      	ST   -Y,R30
0002e3 940e 038b 	CALL SUBOPT_0x7
0002e5 cff8      	RJMP _0x202006E
                 _0x2020070:
                 _0x202006D:
                 _0x2020071:
                 _0x2020030:
                 _0x20200CC:
0002e6 e010      	LDI  R17,LOW(0)
                 _0x202001B:
0002e7 cee0      	RJMP _0x2020016
                 _0x2020018:
0002e8 85ac      	LDD  R26,Y+12
0002e9 85bd      	LDD  R27,Y+12+1
0002ea 940e 03c1 	CALL __GETW1P
0002ec 940e 03d5 	CALL __LOADLOCR6
0002ee 9664      	ADIW R28,20
0002ef 9508      	RET
                 ; .FEND
                 _sprintf:
                 ; .FSTART _sprintf
0002f0 92ff      	PUSH R15
0002f1 2ef8      	MOV  R15,R24
0002f2 9726      	SBIW R28,6
0002f3 940e 03d0 	CALL __SAVELOCR4
0002f5 940e 03a3 	CALL SUBOPT_0xA
0002f7 9730      	SBIW R30,0
0002f8 f419      	BRNE _0x2020072
0002f9 efef      	LDI  R30,LOW(65535)
0002fa efff      	LDI  R31,HIGH(65535)
0002fb c023      	RJMP _0x2080001
                 _0x2020072:
0002fc 01de      	MOVW R26,R28
0002fd 9616      	ADIW R26,6
0002fe 940e 03b4 	CALL __ADDW2R15
000300 018d      	MOVW R16,R26
000301 940e 03a3 	CALL SUBOPT_0xA
000303 83ee      	STD  Y+6,R30
000304 83ff      	STD  Y+6+1,R31
000305 e0e0      	LDI  R30,LOW(0)
000306 87e8      	STD  Y+8,R30
000307 87e9      	STD  Y+8+1,R30
000308 01de      	MOVW R26,R28
000309 961a      	ADIW R26,10
00030a 940e 03b4 	CALL __ADDW2R15
00030c 940e 03c1 	CALL __GETW1P
00030e 93fa      	ST   -Y,R31
00030f 93ea      	ST   -Y,R30
000310 931a      	ST   -Y,R17
000311 930a      	ST   -Y,R16
000312 e7ec      	LDI  R30,LOW(_put_buff_G101)
000313 e0f1      	LDI  R31,HIGH(_put_buff_G101)
000314 93fa      	ST   -Y,R31
000315 93ea      	ST   -Y,R30
000316 01de      	MOVW R26,R28
000317 961a      	ADIW R26,10
000318 dea3      	RCALL __print_G101
000319 019f      	MOVW R18,R30
00031a 81ae      	LDD  R26,Y+6
00031b 81bf      	LDD  R27,Y+6+1
00031c e0e0      	LDI  R30,LOW(0)
00031d 93ec      	ST   X,R30
00031e 01f9      	MOVW R30,R18
                 _0x2080001:
00031f 940e 03d7 	CALL __LOADLOCR4
000321 962a      	ADIW R28,10
000322 90ff      	POP  R15
000323 9508      	RET
                 ; .FEND
                 
                 	.CSEG
                 
                 	.CSEG
                 _strlen:
                 ; .FSTART _strlen
000324 93ba      	ST   -Y,R27
000325 93aa      	ST   -Y,R26
000326 91a9          ld   r26,y+
000327 91b9          ld   r27,y+
000328 27ee          clr  r30
000329 27ff          clr  r31
                 strlen0:
00032a 916d          ld   r22,x+
00032b 2366          tst  r22
00032c f011          breq strlen1
00032d 9631          adiw r30,1
00032e cffb          rjmp strlen0
                 strlen1:
00032f 9508          ret
                 ; .FEND
                 _strlenf:
                 ; .FSTART _strlenf
000330 93ba      	ST   -Y,R27
000331 93aa      	ST   -Y,R26
000332 27aa          clr  r26
000333 27bb          clr  r27
000334 91e9          ld   r30,y+
000335 91f9          ld   r31,y+
                 strlenf0:
000336 9005      	lpm  r0,z+
000337 2000          tst  r0
000338 f011          breq strlenf1
000339 9611          adiw r26,1
00033a cffb          rjmp strlenf0
                 strlenf1:
00033b 01fd          movw r30,r26
00033c 9508          ret
                 ; .FEND
                 
                 	.DSEG
                 _str:
000160           	.BYTE 0x10
                 __base_y_G100:
000170           	.BYTE 0x4
                 
                 	.CSEG
                 ;OPTIMIZER ADDED SUBROUTINE, CALLED 2 TIMES, CODE SIZE REDUCTION:4 WORDS
                 SUBOPT_0x0:
00033d e0e1      	LDI  R30,LOW(1)
00033e 93ea      	ST   -Y,R30
00033f e0a1      	LDI  R26,LOW(1)
000340 940e 00ff 	CALL _lcd_gotoxy
                +
000342 e6ae     +LDI R26 , LOW ( 2 * _0x0 + ( 0 ) )
000343 e0b0     +LDI R27 , HIGH ( 2 * _0x0 + ( 0 ) )
                 	__POINTW2FN _0x0,0
000344 940c 013c 	JMP  _lcd_putsf
                 
                 ;OPTIMIZER ADDED SUBROUTINE, CALLED 2 TIMES, CODE SIZE REDUCTION:2 WORDS
                 SUBOPT_0x1:
                +
000346 e0e0     +LDI R30 , LOW ( 0x0 )
000347 e0f0     +LDI R31 , HIGH ( 0x0 )
000348 e060     +LDI R22 , BYTE3 ( 0x0 )
000349 e070     +LDI R23 , BYTE4 ( 0x0 )
                 	__GETD1N 0x0
00034a 01df      	MOVW R26,R30
00034b 940c 03aa 	JMP  _delay_ms
                 
                 ;OPTIMIZER ADDED SUBROUTINE, CALLED 2 TIMES, CODE SIZE REDUCTION:31 WORDS
                 SUBOPT_0x2:
00034d e6e0      	LDI  R30,LOW(_str)
00034e e0f1      	LDI  R31,HIGH(_str)
00034f 93fa      	ST   -Y,R31
000350 93ea      	ST   -Y,R30
                +
000351 e7eb     +LDI R30 , LOW ( 2 * _0x0 + ( 13 ) )
000352 e0f0     +LDI R31 , HIGH ( 2 * _0x0 + ( 13 ) )
                 	__POINTW1FN _0x0,13
000353 93fa      	ST   -Y,R31
000354 93ea      	ST   -Y,R30
000355 01f4      	MOVW R30,R8
000356 940e 03bc 	CALL __CWD1
000358 940e 03c9 	CALL __PUTPARD1
00035a 01f3      	MOVW R30,R6
00035b 940e 03bc 	CALL __CWD1
00035d 940e 03c9 	CALL __PUTPARD1
00035f 01f2      	MOVW R30,R4
000360 940e 03bc 	CALL __CWD1
000362 940e 03c9 	CALL __PUTPARD1
000364 e08c      	LDI  R24,12
000365 940e 02f0 	CALL _sprintf
000367 9660      	ADIW R28,16
000368 e0e0      	LDI  R30,LOW(0)
000369 93ea      	ST   -Y,R30
00036a e0a0      	LDI  R26,LOW(0)
00036b 940e 00ff 	CALL _lcd_gotoxy
00036d e6a0      	LDI  R26,LOW(_str)
00036e e0b1      	LDI  R27,HIGH(_str)
00036f 940c 012d 	JMP  _lcd_puts
                 
                 ;OPTIMIZER ADDED SUBROUTINE, CALLED 2 TIMES, CODE SIZE REDUCTION:1 WORDS
                 SUBOPT_0x3:
000371 940e 00f3 	CALL __lcd_write_data
000373 e0a3      	LDI  R26,LOW(3)
000374 e0b0      	LDI  R27,0
000375 940c 03aa 	JMP  _delay_ms
                 
                 ;OPTIMIZER ADDED SUBROUTINE, CALLED 3 TIMES, CODE SIZE REDUCTION:5 WORDS
                 SUBOPT_0x4:
000377 e3a0      	LDI  R26,LOW(48)
000378 940e 00df 	CALL __lcd_write_nibble_G100
                +
00037a e281     +LDI R24 , LOW ( 33 )
                +__DELAY_USB_LOOP :
00037b 958a     +DEC R24
00037c f7f1     +BRNE __DELAY_USB_LOOP
                 	__DELAY_USB 33
00037d 9508      	RET
                 
                 ;OPTIMIZER ADDED SUBROUTINE, CALLED 5 TIMES, CODE SIZE REDUCTION:13 WORDS
                 SUBOPT_0x5:
00037e 932a      	ST   -Y,R18
00037f 85ad      	LDD  R26,Y+13
000380 85be      	LDD  R27,Y+13+1
000381 85ef      	LDD  R30,Y+15
000382 89f8      	LDD  R31,Y+15+1
000383 9509      	ICALL
000384 9508      	RET
                 
                 ;OPTIMIZER ADDED SUBROUTINE, CALLED 5 TIMES, CODE SIZE REDUCTION:9 WORDS
                 SUBOPT_0x6:
000385 89e8      	LDD  R30,Y+16
000386 89f9      	LDD  R31,Y+16+1
000387 9734      	SBIW R30,4
000388 8be8      	STD  Y+16,R30
000389 8bf9      	STD  Y+16+1,R31
00038a 9508      	RET
                 
                 ;OPTIMIZER ADDED SUBROUTINE, CALLED 3 TIMES, CODE SIZE REDUCTION:3 WORDS
                 SUBOPT_0x7:
00038b 85ad      	LDD  R26,Y+13
00038c 85be      	LDD  R27,Y+13+1
00038d 85ef      	LDD  R30,Y+15
00038e 89f8      	LDD  R31,Y+15+1
00038f 9509      	ICALL
000390 9508      	RET
                 
                 ;OPTIMIZER ADDED SUBROUTINE, CALLED 2 TIMES, CODE SIZE REDUCTION:4 WORDS
                 SUBOPT_0x8:
000391 89a8      	LDD  R26,Y+16
000392 89b9      	LDD  R27,Y+16+1
000393 9614      	ADIW R26,4
000394 940e 03c1 	CALL __GETW1P
000396 83ee      	STD  Y+6,R30
000397 83ff      	STD  Y+6+1,R31
000398 81ae      	LDD  R26,Y+6
000399 81bf      	LDD  R27,Y+6+1
00039a 9508      	RET
                 
                 ;OPTIMIZER ADDED SUBROUTINE, CALLED 2 TIMES, CODE SIZE REDUCTION:2 WORDS
                 SUBOPT_0x9:
00039b 89a8      	LDD  R26,Y+16
00039c 89b9      	LDD  R27,Y+16+1
00039d 9614      	ADIW R26,4
00039e 940e 03c1 	CALL __GETW1P
0003a0 87ea      	STD  Y+10,R30
0003a1 87fb      	STD  Y+10+1,R31
0003a2 9508      	RET
                 
                 ;OPTIMIZER ADDED SUBROUTINE, CALLED 2 TIMES, CODE SIZE REDUCTION:1 WORDS
                 SUBOPT_0xA:
0003a3 01de      	MOVW R26,R28
0003a4 961c      	ADIW R26,12
0003a5 940e 03b4 	CALL __ADDW2R15
0003a7 940e 03c1 	CALL __GETW1P
0003a9 9508      	RET
                 
                 
                 	.CSEG
                 _delay_ms:
0003aa 9610      	adiw r26,0
0003ab f039      	breq __delay_ms1
                 __delay_ms0:
0003ac 95a8      	wdr
                +
0003ad ef8a     +LDI R24 , LOW ( 0xFA )
0003ae e090     +LDI R25 , HIGH ( 0xFA )
                +__DELAY_USW_LOOP :
0003af 9701     +SBIW R24 , 1
0003b0 f7f1     +BRNE __DELAY_USW_LOOP
                 	__DELAY_USW 0xFA
0003b1 9711      	sbiw r26,1
0003b2 f7c9      	brne __delay_ms0
                 __delay_ms1:
0003b3 9508      	ret
                 
                 __ADDW2R15:
0003b4 2400      	CLR  R0
0003b5 0daf      	ADD  R26,R15
0003b6 1db0      	ADC  R27,R0
0003b7 9508      	RET
                 
                 __ANEGW1:
0003b8 95f1      	NEG  R31
0003b9 95e1      	NEG  R30
0003ba 40f0      	SBCI R31,0
0003bb 9508      	RET
                 
                 __CWD1:
0003bc 2f6f      	MOV  R22,R31
0003bd 0f66      	ADD  R22,R22
0003be 0b66      	SBC  R22,R22
0003bf 2f76      	MOV  R23,R22
0003c0 9508      	RET
                 
                 __GETW1P:
0003c1 91ed      	LD   R30,X+
0003c2 91fc      	LD   R31,X
0003c3 9711      	SBIW R26,1
0003c4 9508      	RET
                 
                 __GETW1PF:
0003c5 9005      	LPM  R0,Z+
0003c6 91f4      	LPM  R31,Z
0003c7 2de0      	MOV  R30,R0
0003c8 9508      	RET
                 
                 __PUTPARD1:
0003c9 937a      	ST   -Y,R23
0003ca 936a      	ST   -Y,R22
0003cb 93fa      	ST   -Y,R31
0003cc 93ea      	ST   -Y,R30
0003cd 9508      	RET
                 
                 __SAVELOCR6:
0003ce 935a      	ST   -Y,R21
                 __SAVELOCR5:
0003cf 934a      	ST   -Y,R20
                 __SAVELOCR4:
0003d0 933a      	ST   -Y,R19
                 __SAVELOCR3:
0003d1 932a      	ST   -Y,R18
                 __SAVELOCR2:
0003d2 931a      	ST   -Y,R17
0003d3 930a      	ST   -Y,R16
0003d4 9508      	RET
                 
                 __LOADLOCR6:
0003d5 815d      	LDD  R21,Y+5
                 __LOADLOCR5:
0003d6 814c      	LDD  R20,Y+4
                 __LOADLOCR4:
0003d7 813b      	LDD  R19,Y+3
                 __LOADLOCR3:
0003d8 812a      	LDD  R18,Y+2
                 __LOADLOCR2:
0003d9 8119      	LDD  R17,Y+1
0003da 8108      	LD   R16,Y
0003db 9508      	RET
                 
                 ;END OF CODE MARKER
                 __END_OF_CODE:


RESOURCE USE INFORMATION
------------------------

Notice:
The register and instruction counts are symbol table hit counts,
and hence implicitly used resources are not counted, eg, the
'lpm' instruction without operands implicitly uses r0 and z,
none of which are counted.

x,y,z are separate entities in the symbol table and are
counted separately from r26..r31 here.

.dseg memory usage only counts static data declared with .byte

ATmega16 register use summary:
r0 :  11 r1 :   1 r2 :   3 r3 :   0 r4 :   6 r5 :   3 r6 :   6 r7 :   3 
r8 :   4 r9 :   1 r10:   4 r11:   4 r12:   0 r13:   2 r14:   0 r15:   4 
r16:  34 r17:  27 r18:  29 r19:   8 r20:   9 r21:  17 r22:  12 r23:   3 
r24:  23 r25:   3 r26: 102 r27:  39 r28:  14 r29:   1 r30: 214 r31:  65 
x  :  23 y  : 174 z  :  16 
Registers used: 32 out of 35 (91.4%)

ATmega16 instruction use summary:
.lds  :   0 .lds.l:   0 .sts  :   0 .sts.l:   0 adc   :   1 add   :   4 
adiw  :  28 and   :   0 andi  :   6 asr   :   0 bclr  :   0 bld   :   2 
brbc  :   0 brbs  :   0 brcc  :   0 brcs  :   0 break :   0 breq  :  18 
brge  :   2 brhc  :   0 brhs  :   0 brid  :   0 brie  :   0 brlo  :   8 
brlt  :   0 brmi  :   1 brne  :  30 brpl  :   1 brsh  :   2 brtc  :   0 
brts  :   0 brvc  :   0 brvs  :   0 bset  :   0 bst   :   0 call  :  61 
cbi   :   5 cbr   :   0 clc   :   0 clh   :   0 cli   :   1 cln   :   0 
clr   :  17 cls   :   0 clt   :   1 clv   :   0 clz   :   0 com   :   0 
cp    :   6 cpc   :   4 cpi   :  34 cpse  :   0 dec   :   7 des   :   0 
eor   :   0 fmul  :   0 fmuls :   0 fmulsu:   0 icall :   2 ijmp  :   0 
in    :   2 inc   :   2 jmp   :  26 ld    :  25 ldd   :  79 ldi   : 102 
lds   :   0 lpm   :  16 lsl   :   0 lsr   :   0 mov   :  21 movw  :  24 
mul   :   1 muls  :   0 mulsu :   0 neg   :   2 nop   :   0 or    :   1 
ori   :   7 out   :  42 pop   :   1 push  :   1 rcall :  17 ret   :  25 
reti  :   0 rjmp  :  65 rol   :   0 ror   :   0 sbc   :   2 sbci  :   2 
sbi   :   5 sbic  :   3 sbis  :   0 sbiw  :  18 sbr   :   0 sbrc  :   2 
sbrs  :  11 sec   :   0 seh   :   0 sei   :   0 sen   :   0 ser   :   0 
ses   :   0 set   :   1 sev   :   0 sez   :   0 sleep :   0 spm   :   0 
st    :  63 std   :  33 sts   :   2 sub   :   1 subi  :  16 swap  :   1 
tst   :   4 wdr   :   1 
Instructions used: 57 out of 116 (49.1%)

ATmega16 memory use summary [bytes]:
Segment   Begin    End      Code   Data   Used    Size   Use%
---------------------------------------------------------------
[.cseg] 0x000000 0x0007b8   1902     74   1976   16384  12.1%
[.dseg] 0x000060 0x000174      0     20     20    1024   2.0%
[.eseg] 0x000000 0x000000      0      0      0     512   0.0%

Assembly complete, 0 errors, 10 warnings
