
AVRASM ver. 2.1.30  E:\mikro8.13\Debug\List\200.asm Sat Dec 28 21:51:25 2024

E:\mikro8.13\Debug\List\200.asm(1088): warning: Register r4 already defined by the .DEF directive
E:\mikro8.13\Debug\List\200.asm(1089): warning: Register r5 already defined by the .DEF directive
E:\mikro8.13\Debug\List\200.asm(1090): warning: Register r6 already defined by the .DEF directive
E:\mikro8.13\Debug\List\200.asm(1091): warning: Register r7 already defined by the .DEF directive
E:\mikro8.13\Debug\List\200.asm(1092): warning: Register r8 already defined by the .DEF directive
E:\mikro8.13\Debug\List\200.asm(1093): warning: Register r9 already defined by the .DEF directive
E:\mikro8.13\Debug\List\200.asm(1094): warning: Register r11 already defined by the .DEF directive
E:\mikro8.13\Debug\List\200.asm(1095): warning: Register r10 already defined by the .DEF directive
E:\mikro8.13\Debug\List\200.asm(1096): warning: Register r13 already defined by the .DEF directive
                 
                 
                 ;CodeVisionAVR C Compiler V3.14 Advanced
                 ;(C) Copyright 1998-2014 Pavel Haiduc, HP InfoTech s.r.l.
                 ;http://www.hpinfotech.com
                 
                 ;Build configuration    : Debug
                 ;Chip type              : ATmega16
                 ;Program type           : Application
                 ;Clock frequency        : 1.000000 MHz
                 ;Memory model           : Small
                 ;Optimize for           : Size
                 ;(s)printf features     : int, width
                 ;(s)scanf features      : int, width
                 ;External RAM size      : 0
                 ;Data Stack size        : 256 byte(s)
                 ;Heap size              : 0 byte(s)
                 ;Promote 'char' to 'int': Yes
                 ;'char' is unsigned     : Yes
                 ;8 bit enums            : Yes
                 ;Global 'const' stored in FLASH: Yes
                 ;Enhanced function parameter passing: Yes
                 ;Enhanced core instructions: On
                 ;Automatic register allocation for global variables: On
                 ;Smart register allocation: On
                 
                 	#define _MODEL_SMALL_
                 
                 	#pragma AVRPART ADMIN PART_NAME ATmega16
                 	#pragma AVRPART MEMORY PROG_FLASH 16384
                 	#pragma AVRPART MEMORY EEPROM 512
                 	#pragma AVRPART MEMORY INT_SRAM SIZE 1024
                 	#pragma AVRPART MEMORY INT_SRAM START_ADDR 0x60
                 
                 	#define CALL_SUPPORTED 1
                 
                 	.LISTMAC
                 	.EQU UDRE=0x5
                 	.EQU RXC=0x7
                 	.EQU USR=0xB
                 	.EQU UDR=0xC
                 	.EQU SPSR=0xE
                 	.EQU SPDR=0xF
                 	.EQU EERE=0x0
                 	.EQU EEWE=0x1
                 	.EQU EEMWE=0x2
                 	.EQU EECR=0x1C
                 	.EQU EEDR=0x1D
                 	.EQU EEARL=0x1E
                 	.EQU EEARH=0x1F
                 	.EQU WDTCR=0x21
                 	.EQU MCUCR=0x35
                 	.EQU GICR=0x3B
                 	.EQU SPL=0x3D
                 	.EQU SPH=0x3E
                 	.EQU SREG=0x3F
                 
                 	.DEF R0X0=R0
                 	.DEF R0X1=R1
                 	.DEF R0X2=R2
                 	.DEF R0X3=R3
                 	.DEF R0X4=R4
                 	.DEF R0X5=R5
                 	.DEF R0X6=R6
                 	.DEF R0X7=R7
                 	.DEF R0X8=R8
                 	.DEF R0X9=R9
                 	.DEF R0XA=R10
                 	.DEF R0XB=R11
                 	.DEF R0XC=R12
                 	.DEF R0XD=R13
                 	.DEF R0XE=R14
                 	.DEF R0XF=R15
                 	.DEF R0X10=R16
                 	.DEF R0X11=R17
                 	.DEF R0X12=R18
                 	.DEF R0X13=R19
                 	.DEF R0X14=R20
                 	.DEF R0X15=R21
                 	.DEF R0X16=R22
                 	.DEF R0X17=R23
                 	.DEF R0X18=R24
                 	.DEF R0X19=R25
                 	.DEF R0X1A=R26
                 	.DEF R0X1B=R27
                 	.DEF R0X1C=R28
                 	.DEF R0X1D=R29
                 	.DEF R0X1E=R30
                 	.DEF R0X1F=R31
                 
                 	.EQU __SRAM_START=0x0060
                 	.EQU __SRAM_END=0x045F
                 	.EQU __DSTACK_SIZE=0x0100
                 	.EQU __HEAP_SIZE=0x0000
                 	.EQU __CLEAR_SRAM_SIZE=__SRAM_END-__SRAM_START+1
                 
                 	.MACRO __CPD1N
                 	CPI  R30,LOW(@0)
                 	LDI  R26,HIGH(@0)
                 	CPC  R31,R26
                 	LDI  R26,BYTE3(@0)
                 	CPC  R22,R26
                 	LDI  R26,BYTE4(@0)
                 	CPC  R23,R26
                 	.ENDM
                 
                 	.MACRO __CPD2N
                 	CPI  R26,LOW(@0)
                 	LDI  R30,HIGH(@0)
                 	CPC  R27,R30
                 	LDI  R30,BYTE3(@0)
                 	CPC  R24,R30
                 	LDI  R30,BYTE4(@0)
                 	CPC  R25,R30
                 	.ENDM
                 
                 	.MACRO __CPWRR
                 	CP   R@0,R@2
                 	CPC  R@1,R@3
                 	.ENDM
                 
                 	.MACRO __CPWRN
                 	CPI  R@0,LOW(@2)
                 	LDI  R30,HIGH(@2)
                 	CPC  R@1,R30
                 	.ENDM
                 
                 	.MACRO __ADDB1MN
                 	SUBI R30,LOW(-@0-(@1))
                 	.ENDM
                 
                 	.MACRO __ADDB2MN
                 	SUBI R26,LOW(-@0-(@1))
                 	.ENDM
                 
                 	.MACRO __ADDW1MN
                 	SUBI R30,LOW(-@0-(@1))
                 	SBCI R31,HIGH(-@0-(@1))
                 	.ENDM
                 
                 	.MACRO __ADDW2MN
                 	SUBI R26,LOW(-@0-(@1))
                 	SBCI R27,HIGH(-@0-(@1))
                 	.ENDM
                 
                 	.MACRO __ADDW1FN
                 	SUBI R30,LOW(-2*@0-(@1))
                 	SBCI R31,HIGH(-2*@0-(@1))
                 	.ENDM
                 
                 	.MACRO __ADDD1FN
                 	SUBI R30,LOW(-2*@0-(@1))
                 	SBCI R31,HIGH(-2*@0-(@1))
                 	SBCI R22,BYTE3(-2*@0-(@1))
                 	.ENDM
                 
                 	.MACRO __ADDD1N
                 	SUBI R30,LOW(-@0)
                 	SBCI R31,HIGH(-@0)
                 	SBCI R22,BYTE3(-@0)
                 	SBCI R23,BYTE4(-@0)
                 	.ENDM
                 
                 	.MACRO __ADDD2N
                 	SUBI R26,LOW(-@0)
                 	SBCI R27,HIGH(-@0)
                 	SBCI R24,BYTE3(-@0)
                 	SBCI R25,BYTE4(-@0)
                 	.ENDM
                 
                 	.MACRO __SUBD1N
                 	SUBI R30,LOW(@0)
                 	SBCI R31,HIGH(@0)
                 	SBCI R22,BYTE3(@0)
                 	SBCI R23,BYTE4(@0)
                 	.ENDM
                 
                 	.MACRO __SUBD2N
                 	SUBI R26,LOW(@0)
                 	SBCI R27,HIGH(@0)
                 	SBCI R24,BYTE3(@0)
                 	SBCI R25,BYTE4(@0)
                 	.ENDM
                 
                 	.MACRO __ANDBMNN
                 	LDS  R30,@0+(@1)
                 	ANDI R30,LOW(@2)
                 	STS  @0+(@1),R30
                 	.ENDM
                 
                 	.MACRO __ANDWMNN
                 	LDS  R30,@0+(@1)
                 	ANDI R30,LOW(@2)
                 	STS  @0+(@1),R30
                 	LDS  R30,@0+(@1)+1
                 	ANDI R30,HIGH(@2)
                 	STS  @0+(@1)+1,R30
                 	.ENDM
                 
                 	.MACRO __ANDD1N
                 	ANDI R30,LOW(@0)
                 	ANDI R31,HIGH(@0)
                 	ANDI R22,BYTE3(@0)
                 	ANDI R23,BYTE4(@0)
                 	.ENDM
                 
                 	.MACRO __ANDD2N
                 	ANDI R26,LOW(@0)
                 	ANDI R27,HIGH(@0)
                 	ANDI R24,BYTE3(@0)
                 	ANDI R25,BYTE4(@0)
                 	.ENDM
                 
                 	.MACRO __ORBMNN
                 	LDS  R30,@0+(@1)
                 	ORI  R30,LOW(@2)
                 	STS  @0+(@1),R30
                 	.ENDM
                 
                 	.MACRO __ORWMNN
                 	LDS  R30,@0+(@1)
                 	ORI  R30,LOW(@2)
                 	STS  @0+(@1),R30
                 	LDS  R30,@0+(@1)+1
                 	ORI  R30,HIGH(@2)
                 	STS  @0+(@1)+1,R30
                 	.ENDM
                 
                 	.MACRO __ORD1N
                 	ORI  R30,LOW(@0)
                 	ORI  R31,HIGH(@0)
                 	ORI  R22,BYTE3(@0)
                 	ORI  R23,BYTE4(@0)
                 	.ENDM
                 
                 	.MACRO __ORD2N
                 	ORI  R26,LOW(@0)
                 	ORI  R27,HIGH(@0)
                 	ORI  R24,BYTE3(@0)
                 	ORI  R25,BYTE4(@0)
                 	.ENDM
                 
                 	.MACRO __DELAY_USB
                 	LDI  R24,LOW(@0)
                 __DELAY_USB_LOOP:
                 	DEC  R24
                 	BRNE __DELAY_USB_LOOP
                 	.ENDM
                 
                 	.MACRO __DELAY_USW
                 	LDI  R24,LOW(@0)
                 	LDI  R25,HIGH(@0)
                 __DELAY_USW_LOOP:
                 	SBIW R24,1
                 	BRNE __DELAY_USW_LOOP
                 	.ENDM
                 
                 	.MACRO __GETD1S
                 	LDD  R30,Y+@0
                 	LDD  R31,Y+@0+1
                 	LDD  R22,Y+@0+2
                 	LDD  R23,Y+@0+3
                 	.ENDM
                 
                 	.MACRO __GETD2S
                 	LDD  R26,Y+@0
                 	LDD  R27,Y+@0+1
                 	LDD  R24,Y+@0+2
                 	LDD  R25,Y+@0+3
                 	.ENDM
                 
                 	.MACRO __PUTD1S
                 	STD  Y+@0,R30
                 	STD  Y+@0+1,R31
                 	STD  Y+@0+2,R22
                 	STD  Y+@0+3,R23
                 	.ENDM
                 
                 	.MACRO __PUTD2S
                 	STD  Y+@0,R26
                 	STD  Y+@0+1,R27
                 	STD  Y+@0+2,R24
                 	STD  Y+@0+3,R25
                 	.ENDM
                 
                 	.MACRO __PUTDZ2
                 	STD  Z+@0,R26
                 	STD  Z+@0+1,R27
                 	STD  Z+@0+2,R24
                 	STD  Z+@0+3,R25
                 	.ENDM
                 
                 	.MACRO __CLRD1S
                 	STD  Y+@0,R30
                 	STD  Y+@0+1,R30
                 	STD  Y+@0+2,R30
                 	STD  Y+@0+3,R30
                 	.ENDM
                 
                 	.MACRO __POINTB1MN
                 	LDI  R30,LOW(@0+(@1))
                 	.ENDM
                 
                 	.MACRO __POINTW1MN
                 	LDI  R30,LOW(@0+(@1))
                 	LDI  R31,HIGH(@0+(@1))
                 	.ENDM
                 
                 	.MACRO __POINTD1M
                 	LDI  R30,LOW(@0)
                 	LDI  R31,HIGH(@0)
                 	LDI  R22,BYTE3(@0)
                 	LDI  R23,BYTE4(@0)
                 	.ENDM
                 
                 	.MACRO __POINTW1FN
                 	LDI  R30,LOW(2*@0+(@1))
                 	LDI  R31,HIGH(2*@0+(@1))
                 	.ENDM
                 
                 	.MACRO __POINTD1FN
                 	LDI  R30,LOW(2*@0+(@1))
                 	LDI  R31,HIGH(2*@0+(@1))
                 	LDI  R22,BYTE3(2*@0+(@1))
                 	LDI  R23,BYTE4(2*@0+(@1))
                 	.ENDM
                 
                 	.MACRO __POINTB2MN
                 	LDI  R26,LOW(@0+(@1))
                 	.ENDM
                 
                 	.MACRO __POINTW2MN
                 	LDI  R26,LOW(@0+(@1))
                 	LDI  R27,HIGH(@0+(@1))
                 	.ENDM
                 
                 	.MACRO __POINTW2FN
                 	LDI  R26,LOW(2*@0+(@1))
                 	LDI  R27,HIGH(2*@0+(@1))
                 	.ENDM
                 
                 	.MACRO __POINTD2FN
                 	LDI  R26,LOW(2*@0+(@1))
                 	LDI  R27,HIGH(2*@0+(@1))
                 	LDI  R24,BYTE3(2*@0+(@1))
                 	LDI  R25,BYTE4(2*@0+(@1))
                 	.ENDM
                 
                 	.MACRO __POINTBRM
                 	LDI  R@0,LOW(@1)
                 	.ENDM
                 
                 	.MACRO __POINTWRM
                 	LDI  R@0,LOW(@2)
                 	LDI  R@1,HIGH(@2)
                 	.ENDM
                 
                 	.MACRO __POINTBRMN
                 	LDI  R@0,LOW(@1+(@2))
                 	.ENDM
                 
                 	.MACRO __POINTWRMN
                 	LDI  R@0,LOW(@2+(@3))
                 	LDI  R@1,HIGH(@2+(@3))
                 	.ENDM
                 
                 	.MACRO __POINTWRFN
                 	LDI  R@0,LOW(@2*2+(@3))
                 	LDI  R@1,HIGH(@2*2+(@3))
                 	.ENDM
                 
                 	.MACRO __GETD1N
                 	LDI  R30,LOW(@0)
                 	LDI  R31,HIGH(@0)
                 	LDI  R22,BYTE3(@0)
                 	LDI  R23,BYTE4(@0)
                 	.ENDM
                 
                 	.MACRO __GETD2N
                 	LDI  R26,LOW(@0)
                 	LDI  R27,HIGH(@0)
                 	LDI  R24,BYTE3(@0)
                 	LDI  R25,BYTE4(@0)
                 	.ENDM
                 
                 	.MACRO __GETB1MN
                 	LDS  R30,@0+(@1)
                 	.ENDM
                 
                 	.MACRO __GETB1HMN
                 	LDS  R31,@0+(@1)
                 	.ENDM
                 
                 	.MACRO __GETW1MN
                 	LDS  R30,@0+(@1)
                 	LDS  R31,@0+(@1)+1
                 	.ENDM
                 
                 	.MACRO __GETD1MN
                 	LDS  R30,@0+(@1)
                 	LDS  R31,@0+(@1)+1
                 	LDS  R22,@0+(@1)+2
                 	LDS  R23,@0+(@1)+3
                 	.ENDM
                 
                 	.MACRO __GETBRMN
                 	LDS  R@0,@1+(@2)
                 	.ENDM
                 
                 	.MACRO __GETWRMN
                 	LDS  R@0,@2+(@3)
                 	LDS  R@1,@2+(@3)+1
                 	.ENDM
                 
                 	.MACRO __GETWRZ
                 	LDD  R@0,Z+@2
                 	LDD  R@1,Z+@2+1
                 	.ENDM
                 
                 	.MACRO __GETD2Z
                 	LDD  R26,Z+@0
                 	LDD  R27,Z+@0+1
                 	LDD  R24,Z+@0+2
                 	LDD  R25,Z+@0+3
                 	.ENDM
                 
                 	.MACRO __GETB2MN
                 	LDS  R26,@0+(@1)
                 	.ENDM
                 
                 	.MACRO __GETW2MN
                 	LDS  R26,@0+(@1)
                 	LDS  R27,@0+(@1)+1
                 	.ENDM
                 
                 	.MACRO __GETD2MN
                 	LDS  R26,@0+(@1)
                 	LDS  R27,@0+(@1)+1
                 	LDS  R24,@0+(@1)+2
                 	LDS  R25,@0+(@1)+3
                 	.ENDM
                 
                 	.MACRO __PUTB1MN
                 	STS  @0+(@1),R30
                 	.ENDM
                 
                 	.MACRO __PUTW1MN
                 	STS  @0+(@1),R30
                 	STS  @0+(@1)+1,R31
                 	.ENDM
                 
                 	.MACRO __PUTD1MN
                 	STS  @0+(@1),R30
                 	STS  @0+(@1)+1,R31
                 	STS  @0+(@1)+2,R22
                 	STS  @0+(@1)+3,R23
                 	.ENDM
                 
                 	.MACRO __PUTB1EN
                 	LDI  R26,LOW(@0+(@1))
                 	LDI  R27,HIGH(@0+(@1))
                 	CALL __EEPROMWRB
                 	.ENDM
                 
                 	.MACRO __PUTW1EN
                 	LDI  R26,LOW(@0+(@1))
                 	LDI  R27,HIGH(@0+(@1))
                 	CALL __EEPROMWRW
                 	.ENDM
                 
                 	.MACRO __PUTD1EN
                 	LDI  R26,LOW(@0+(@1))
                 	LDI  R27,HIGH(@0+(@1))
                 	CALL __EEPROMWRD
                 	.ENDM
                 
                 	.MACRO __PUTBR0MN
                 	STS  @0+(@1),R0
                 	.ENDM
                 
                 	.MACRO __PUTBMRN
                 	STS  @0+(@1),R@2
                 	.ENDM
                 
                 	.MACRO __PUTWMRN
                 	STS  @0+(@1),R@2
                 	STS  @0+(@1)+1,R@3
                 	.ENDM
                 
                 	.MACRO __PUTBZR
                 	STD  Z+@1,R@0
                 	.ENDM
                 
                 	.MACRO __PUTWZR
                 	STD  Z+@2,R@0
                 	STD  Z+@2+1,R@1
                 	.ENDM
                 
                 	.MACRO __GETW1R
                 	MOV  R30,R@0
                 	MOV  R31,R@1
                 	.ENDM
                 
                 	.MACRO __GETW2R
                 	MOV  R26,R@0
                 	MOV  R27,R@1
                 	.ENDM
                 
                 	.MACRO __GETWRN
                 	LDI  R@0,LOW(@2)
                 	LDI  R@1,HIGH(@2)
                 	.ENDM
                 
                 	.MACRO __PUTW1R
                 	MOV  R@0,R30
                 	MOV  R@1,R31
                 	.ENDM
                 
                 	.MACRO __PUTW2R
                 	MOV  R@0,R26
                 	MOV  R@1,R27
                 	.ENDM
                 
                 	.MACRO __ADDWRN
                 	SUBI R@0,LOW(-@2)
                 	SBCI R@1,HIGH(-@2)
                 	.ENDM
                 
                 	.MACRO __ADDWRR
                 	ADD  R@0,R@2
                 	ADC  R@1,R@3
                 	.ENDM
                 
                 	.MACRO __SUBWRN
                 	SUBI R@0,LOW(@2)
                 	SBCI R@1,HIGH(@2)
                 	.ENDM
                 
                 	.MACRO __SUBWRR
                 	SUB  R@0,R@2
                 	SBC  R@1,R@3
                 	.ENDM
                 
                 	.MACRO __ANDWRN
                 	ANDI R@0,LOW(@2)
                 	ANDI R@1,HIGH(@2)
                 	.ENDM
                 
                 	.MACRO __ANDWRR
                 	AND  R@0,R@2
                 	AND  R@1,R@3
                 	.ENDM
                 
                 	.MACRO __ORWRN
                 	ORI  R@0,LOW(@2)
                 	ORI  R@1,HIGH(@2)
                 	.ENDM
                 
                 	.MACRO __ORWRR
                 	OR   R@0,R@2
                 	OR   R@1,R@3
                 	.ENDM
                 
                 	.MACRO __EORWRR
                 	EOR  R@0,R@2
                 	EOR  R@1,R@3
                 	.ENDM
                 
                 	.MACRO __GETWRS
                 	LDD  R@0,Y+@2
                 	LDD  R@1,Y+@2+1
                 	.ENDM
                 
                 	.MACRO __PUTBSR
                 	STD  Y+@1,R@0
                 	.ENDM
                 
                 	.MACRO __PUTWSR
                 	STD  Y+@2,R@0
                 	STD  Y+@2+1,R@1
                 	.ENDM
                 
                 	.MACRO __MOVEWRR
                 	MOV  R@0,R@2
                 	MOV  R@1,R@3
                 	.ENDM
                 
                 	.MACRO __INWR
                 	IN   R@0,@2
                 	IN   R@1,@2+1
                 	.ENDM
                 
                 	.MACRO __OUTWR
                 	OUT  @2+1,R@1
                 	OUT  @2,R@0
                 	.ENDM
                 
                 	.MACRO __CALL1MN
                 	LDS  R30,@0+(@1)
                 	LDS  R31,@0+(@1)+1
                 	ICALL
                 	.ENDM
                 
                 	.MACRO __CALL1FN
                 	LDI  R30,LOW(2*@0+(@1))
                 	LDI  R31,HIGH(2*@0+(@1))
                 	CALL __GETW1PF
                 	ICALL
                 	.ENDM
                 
                 	.MACRO __CALL2EN
                 	PUSH R26
                 	PUSH R27
                 	LDI  R26,LOW(@0+(@1))
                 	LDI  R27,HIGH(@0+(@1))
                 	CALL __EEPROMRDW
                 	POP  R27
                 	POP  R26
                 	ICALL
                 	.ENDM
                 
                 	.MACRO __CALL2EX
                 	SUBI R26,LOW(-@0)
                 	SBCI R27,HIGH(-@0)
                 	CALL __EEPROMRDD
                 	ICALL
                 	.ENDM
                 
                 	.MACRO __GETW1STACK
                 	IN   R30,SPL
                 	IN   R31,SPH
                 	ADIW R30,@0+1
                 	LD   R0,Z+
                 	LD   R31,Z
                 	MOV  R30,R0
                 	.ENDM
                 
                 	.MACRO __GETD1STACK
                 	IN   R30,SPL
                 	IN   R31,SPH
                 	ADIW R30,@0+1
                 	LD   R0,Z+
                 	LD   R1,Z+
                 	LD   R22,Z
                 	MOVW R30,R0
                 	.ENDM
                 
                 	.MACRO __NBST
                 	BST  R@0,@1
                 	IN   R30,SREG
                 	LDI  R31,0x40
                 	EOR  R30,R31
                 	OUT  SREG,R30
                 	.ENDM
                 
                 
                 	.MACRO __PUTB1SN
                 	LDD  R26,Y+@0
                 	LDD  R27,Y+@0+1
                 	SUBI R26,LOW(-@1)
                 	SBCI R27,HIGH(-@1)
                 	ST   X,R30
                 	.ENDM
                 
                 	.MACRO __PUTW1SN
                 	LDD  R26,Y+@0
                 	LDD  R27,Y+@0+1
                 	SUBI R26,LOW(-@1)
                 	SBCI R27,HIGH(-@1)
                 	ST   X+,R30
                 	ST   X,R31
                 	.ENDM
                 
                 	.MACRO __PUTD1SN
                 	LDD  R26,Y+@0
                 	LDD  R27,Y+@0+1
                 	SUBI R26,LOW(-@1)
                 	SBCI R27,HIGH(-@1)
                 	CALL __PUTDP1
                 	.ENDM
                 
                 	.MACRO __PUTB1SNS
                 	LDD  R26,Y+@0
                 	LDD  R27,Y+@0+1
                 	ADIW R26,@1
                 	ST   X,R30
                 	.ENDM
                 
                 	.MACRO __PUTW1SNS
                 	LDD  R26,Y+@0
                 	LDD  R27,Y+@0+1
                 	ADIW R26,@1
                 	ST   X+,R30
                 	ST   X,R31
                 	.ENDM
                 
                 	.MACRO __PUTD1SNS
                 	LDD  R26,Y+@0
                 	LDD  R27,Y+@0+1
                 	ADIW R26,@1
                 	CALL __PUTDP1
                 	.ENDM
                 
                 	.MACRO __PUTB1PMN
                 	LDS  R26,@0
                 	LDS  R27,@0+1
                 	SUBI R26,LOW(-@1)
                 	SBCI R27,HIGH(-@1)
                 	ST   X,R30
                 	.ENDM
                 
                 	.MACRO __PUTW1PMN
                 	LDS  R26,@0
                 	LDS  R27,@0+1
                 	SUBI R26,LOW(-@1)
                 	SBCI R27,HIGH(-@1)
                 	ST   X+,R30
                 	ST   X,R31
                 	.ENDM
                 
                 	.MACRO __PUTD1PMN
                 	LDS  R26,@0
                 	LDS  R27,@0+1
                 	SUBI R26,LOW(-@1)
                 	SBCI R27,HIGH(-@1)
                 	CALL __PUTDP1
                 	.ENDM
                 
                 	.MACRO __PUTB1PMNS
                 	LDS  R26,@0
                 	LDS  R27,@0+1
                 	ADIW R26,@1
                 	ST   X,R30
                 	.ENDM
                 
                 	.MACRO __PUTW1PMNS
                 	LDS  R26,@0
                 	LDS  R27,@0+1
                 	ADIW R26,@1
                 	ST   X+,R30
                 	ST   X,R31
                 	.ENDM
                 
                 	.MACRO __PUTD1PMNS
                 	LDS  R26,@0
                 	LDS  R27,@0+1
                 	ADIW R26,@1
                 	CALL __PUTDP1
                 	.ENDM
                 
                 	.MACRO __PUTB1RN
                 	MOVW R26,R@0
                 	SUBI R26,LOW(-@1)
                 	SBCI R27,HIGH(-@1)
                 	ST   X,R30
                 	.ENDM
                 
                 	.MACRO __PUTW1RN
                 	MOVW R26,R@0
                 	SUBI R26,LOW(-@1)
                 	SBCI R27,HIGH(-@1)
                 	ST   X+,R30
                 	ST   X,R31
                 	.ENDM
                 
                 	.MACRO __PUTD1RN
                 	MOVW R26,R@0
                 	SUBI R26,LOW(-@1)
                 	SBCI R27,HIGH(-@1)
                 	CALL __PUTDP1
                 	.ENDM
                 
                 	.MACRO __PUTB1RNS
                 	MOVW R26,R@0
                 	ADIW R26,@1
                 	ST   X,R30
                 	.ENDM
                 
                 	.MACRO __PUTW1RNS
                 	MOVW R26,R@0
                 	ADIW R26,@1
                 	ST   X+,R30
                 	ST   X,R31
                 	.ENDM
                 
                 	.MACRO __PUTD1RNS
                 	MOVW R26,R@0
                 	ADIW R26,@1
                 	CALL __PUTDP1
                 	.ENDM
                 
                 	.MACRO __PUTB1RON
                 	MOV  R26,R@0
                 	MOV  R27,R@1
                 	SUBI R26,LOW(-@2)
                 	SBCI R27,HIGH(-@2)
                 	ST   X,R30
                 	.ENDM
                 
                 	.MACRO __PUTW1RON
                 	MOV  R26,R@0
                 	MOV  R27,R@1
                 	SUBI R26,LOW(-@2)
                 	SBCI R27,HIGH(-@2)
                 	ST   X+,R30
                 	ST   X,R31
                 	.ENDM
                 
                 	.MACRO __PUTD1RON
                 	MOV  R26,R@0
                 	MOV  R27,R@1
                 	SUBI R26,LOW(-@2)
                 	SBCI R27,HIGH(-@2)
                 	CALL __PUTDP1
                 	.ENDM
                 
                 	.MACRO __PUTB1RONS
                 	MOV  R26,R@0
                 	MOV  R27,R@1
                 	ADIW R26,@2
                 	ST   X,R30
                 	.ENDM
                 
                 	.MACRO __PUTW1RONS
                 	MOV  R26,R@0
                 	MOV  R27,R@1
                 	ADIW R26,@2
                 	ST   X+,R30
                 	ST   X,R31
                 	.ENDM
                 
                 	.MACRO __PUTD1RONS
                 	MOV  R26,R@0
                 	MOV  R27,R@1
                 	ADIW R26,@2
                 	CALL __PUTDP1
                 	.ENDM
                 
                 
                 	.MACRO __GETB1SX
                 	MOVW R30,R28
                 	SUBI R30,LOW(-@0)
                 	SBCI R31,HIGH(-@0)
                 	LD   R30,Z
                 	.ENDM
                 
                 	.MACRO __GETB1HSX
                 	MOVW R30,R28
                 	SUBI R30,LOW(-@0)
                 	SBCI R31,HIGH(-@0)
                 	LD   R31,Z
                 	.ENDM
                 
                 	.MACRO __GETW1SX
                 	MOVW R30,R28
                 	SUBI R30,LOW(-@0)
                 	SBCI R31,HIGH(-@0)
                 	LD   R0,Z+
                 	LD   R31,Z
                 	MOV  R30,R0
                 	.ENDM
                 
                 	.MACRO __GETD1SX
                 	MOVW R30,R28
                 	SUBI R30,LOW(-@0)
                 	SBCI R31,HIGH(-@0)
                 	LD   R0,Z+
                 	LD   R1,Z+
                 	LD   R22,Z+
                 	LD   R23,Z
                 	MOVW R30,R0
                 	.ENDM
                 
                 	.MACRO __GETB2SX
                 	MOVW R26,R28
                 	SUBI R26,LOW(-@0)
                 	SBCI R27,HIGH(-@0)
                 	LD   R26,X
                 	.ENDM
                 
                 	.MACRO __GETW2SX
                 	MOVW R26,R28
                 	SUBI R26,LOW(-@0)
                 	SBCI R27,HIGH(-@0)
                 	LD   R0,X+
                 	LD   R27,X
                 	MOV  R26,R0
                 	.ENDM
                 
                 	.MACRO __GETD2SX
                 	MOVW R26,R28
                 	SUBI R26,LOW(-@0)
                 	SBCI R27,HIGH(-@0)
                 	LD   R0,X+
                 	LD   R1,X+
                 	LD   R24,X+
                 	LD   R25,X
                 	MOVW R26,R0
                 	.ENDM
                 
                 	.MACRO __GETBRSX
                 	MOVW R30,R28
                 	SUBI R30,LOW(-@1)
                 	SBCI R31,HIGH(-@1)
                 	LD   R@0,Z
                 	.ENDM
                 
                 	.MACRO __GETWRSX
                 	MOVW R30,R28
                 	SUBI R30,LOW(-@2)
                 	SBCI R31,HIGH(-@2)
                 	LD   R@0,Z+
                 	LD   R@1,Z
                 	.ENDM
                 
                 	.MACRO __GETBRSX2
                 	MOVW R26,R28
                 	SUBI R26,LOW(-@1)
                 	SBCI R27,HIGH(-@1)
                 	LD   R@0,X
                 	.ENDM
                 
                 	.MACRO __GETWRSX2
                 	MOVW R26,R28
                 	SUBI R26,LOW(-@2)
                 	SBCI R27,HIGH(-@2)
                 	LD   R@0,X+
                 	LD   R@1,X
                 	.ENDM
                 
                 	.MACRO __LSLW8SX
                 	MOVW R30,R28
                 	SUBI R30,LOW(-@0)
                 	SBCI R31,HIGH(-@0)
                 	LD   R31,Z
                 	CLR  R30
                 	.ENDM
                 
                 	.MACRO __PUTB1SX
                 	MOVW R26,R28
                 	SUBI R26,LOW(-@0)
                 	SBCI R27,HIGH(-@0)
                 	ST   X,R30
                 	.ENDM
                 
                 	.MACRO __PUTW1SX
                 	MOVW R26,R28
                 	SUBI R26,LOW(-@0)
                 	SBCI R27,HIGH(-@0)
                 	ST   X+,R30
                 	ST   X,R31
                 	.ENDM
                 
                 	.MACRO __PUTD1SX
                 	MOVW R26,R28
                 	SUBI R26,LOW(-@0)
                 	SBCI R27,HIGH(-@0)
                 	ST   X+,R30
                 	ST   X+,R31
                 	ST   X+,R22
                 	ST   X,R23
                 	.ENDM
                 
                 	.MACRO __CLRW1SX
                 	MOVW R26,R28
                 	SUBI R26,LOW(-@0)
                 	SBCI R27,HIGH(-@0)
                 	ST   X+,R30
                 	ST   X,R30
                 	.ENDM
                 
                 	.MACRO __CLRD1SX
                 	MOVW R26,R28
                 	SUBI R26,LOW(-@0)
                 	SBCI R27,HIGH(-@0)
                 	ST   X+,R30
                 	ST   X+,R30
                 	ST   X+,R30
                 	ST   X,R30
                 	.ENDM
                 
                 	.MACRO __PUTB2SX
                 	MOVW R30,R28
                 	SUBI R30,LOW(-@0)
                 	SBCI R31,HIGH(-@0)
                 	ST   Z,R26
                 	.ENDM
                 
                 	.MACRO __PUTW2SX
                 	MOVW R30,R28
                 	SUBI R30,LOW(-@0)
                 	SBCI R31,HIGH(-@0)
                 	ST   Z+,R26
                 	ST   Z,R27
                 	.ENDM
                 
                 	.MACRO __PUTD2SX
                 	MOVW R30,R28
                 	SUBI R30,LOW(-@0)
                 	SBCI R31,HIGH(-@0)
                 	ST   Z+,R26
                 	ST   Z+,R27
                 	ST   Z+,R24
                 	ST   Z,R25
                 	.ENDM
                 
                 	.MACRO __PUTBSRX
                 	MOVW R30,R28
                 	SUBI R30,LOW(-@1)
                 	SBCI R31,HIGH(-@1)
                 	ST   Z,R@0
                 	.ENDM
                 
                 	.MACRO __PUTWSRX
                 	MOVW R30,R28
                 	SUBI R30,LOW(-@2)
                 	SBCI R31,HIGH(-@2)
                 	ST   Z+,R@0
                 	ST   Z,R@1
                 	.ENDM
                 
                 	.MACRO __PUTB1SNX
                 	MOVW R26,R28
                 	SUBI R26,LOW(-@0)
                 	SBCI R27,HIGH(-@0)
                 	LD   R0,X+
                 	LD   R27,X
                 	MOV  R26,R0
                 	SUBI R26,LOW(-@1)
                 	SBCI R27,HIGH(-@1)
                 	ST   X,R30
                 	.ENDM
                 
                 	.MACRO __PUTW1SNX
                 	MOVW R26,R28
                 	SUBI R26,LOW(-@0)
                 	SBCI R27,HIGH(-@0)
                 	LD   R0,X+
                 	LD   R27,X
                 	MOV  R26,R0
                 	SUBI R26,LOW(-@1)
                 	SBCI R27,HIGH(-@1)
                 	ST   X+,R30
                 	ST   X,R31
                 	.ENDM
                 
                 	.MACRO __PUTD1SNX
                 	MOVW R26,R28
                 	SUBI R26,LOW(-@0)
                 	SBCI R27,HIGH(-@0)
                 	LD   R0,X+
                 	LD   R27,X
                 	MOV  R26,R0
                 	SUBI R26,LOW(-@1)
                 	SBCI R27,HIGH(-@1)
                 	ST   X+,R30
                 	ST   X+,R31
                 	ST   X+,R22
                 	ST   X,R23
                 	.ENDM
                 
                 	.MACRO __MULBRR
                 	MULS R@0,R@1
                 	MOVW R30,R0
                 	.ENDM
                 
                 	.MACRO __MULBRRU
                 	MUL  R@0,R@1
                 	MOVW R30,R0
                 	.ENDM
                 
                 	.MACRO __MULBRR0
                 	MULS R@0,R@1
                 	.ENDM
                 
                 	.MACRO __MULBRRU0
                 	MUL  R@0,R@1
                 	.ENDM
                 
                 	.MACRO __MULBNWRU
                 	LDI  R26,@2
                 	MUL  R26,R@0
                 	MOVW R30,R0
                 	MUL  R26,R@1
                 	ADD  R31,R0
                 	.ENDM
                 
                 ;NAME DEFINITIONS FOR GLOBAL VARIABLES ALLOCATED TO REGISTERS
                 	.DEF _a=R4
                 	.DEF _a_msb=R5
                 	.DEF _b=R6
                 	.DEF _b_msb=R7
                 	.DEF _c=R8
                 	.DEF _c_msb=R9
                 	.DEF __lcd_x=R11
                 	.DEF __lcd_y=R10
                 	.DEF __lcd_maxx=R13
                 
                 	.CSEG
                 	.ORG 0x00
                 
                 ;START OF CODE MARKER
                 __START_OF_CODE:
                 
                 ;INTERRUPT VECTORS
000000 940c 005b 	JMP  __RESET
000002 940c 0000 	JMP  0x00
000004 940c 0000 	JMP  0x00
000006 940c 0000 	JMP  0x00
000008 940c 0000 	JMP  0x00
00000a 940c 0000 	JMP  0x00
00000c 940c 0000 	JMP  0x00
00000e 940c 0000 	JMP  0x00
000010 940c 0000 	JMP  0x00
000012 940c 0000 	JMP  0x00
000014 940c 0000 	JMP  0x00
000016 940c 0000 	JMP  0x00
000018 940c 0000 	JMP  0x00
00001a 940c 0000 	JMP  0x00
00001c 940c 0000 	JMP  0x00
00001e 940c 0000 	JMP  0x00
000020 940c 0000 	JMP  0x00
000022 940c 0000 	JMP  0x00
000024 940c 0000 	JMP  0x00
000026 940c 0000 	JMP  0x00
000028 940c 0000 	JMP  0x00
                 
                 _tbl10_G101:
00002a 2710
00002b 03e8
00002c 0064
00002d 000a      	.DB  0x10,0x27,0xE8,0x3,0x64,0x0,0xA,0x0
00002e 0001      	.DB  0x1,0x0
                 _tbl16_G101:
00002f 1000
000030 0100
000031 0010
000032 0001      	.DB  0x0,0x10,0x0,0x1,0x10,0x0,0x1,0x0
                 
                 ;GLOBAL REGISTER VARIABLES INITIALIZATION
                 __REG_VARS:
000033 0000
000034 0000      	.DB  0x0,0x0,0x0,0x0
000035 0000      	.DB  0x0,0x0
                 
                 _0x0:
000036 2020
000037 2020
000038 2020
000039 2020      	.DB  0x20,0x20,0x20,0x20,0x20,0x20,0x20,0x20
00003a 2020
00003b 2020
00003c 2020
00003d 2020      	.DB  0x20,0x20,0x20,0x20,0x20,0x20,0x20,0x20
00003e 5920
00003f 7361
000040 6e69
000041 4c20      	.DB  0x20,0x59,0x61,0x73,0x69,0x6E,0x20,0x4C
000042 6361
000043 6968
000044 616e
000045 696e      	.DB  0x61,0x63,0x68,0x69,0x6E,0x61,0x6E,0x69
000046 2020
000047 3000
000048 3a30
000049 3030      	.DB  0x20,0x20,0x0,0x30,0x30,0x3A,0x30,0x30
00004a 303a
00004b 2030
00004c 0020
00004d 6425      	.DB  0x3A,0x30,0x30,0x20,0x20,0x0,0x25,0x64
00004e 253a
00004f 3a64
000050 6425
000051 2020      	.DB  0x3A,0x25,0x64,0x3A,0x25,0x64,0x20,0x20
000052 0020      	.DB  0x20,0x0
                 _0x2000003:
000053 c080      	.DB  0x80,0xC0
                 
                 __GLOBAL_INI_TBL:
000054 0006      	.DW  0x06
000055 0004      	.DW  0x04
000056 0066      	.DW  __REG_VARS*2
                 
000057 0002      	.DW  0x02
000058 0170      	.DW  __base_y_G100
000059 00a6      	.DW  _0x2000003*2
                 
                 _0xFFFFFFFF:
00005a 0000      	.DW  0
                 
                 #define __GLOBAL_INI_TBL_PRESENT 1
                 
                 __RESET:
00005b 94f8      	CLI
00005c 27ee      	CLR  R30
00005d bbec      	OUT  EECR,R30
                 
                 ;INTERRUPT VECTORS ARE PLACED
                 ;AT THE START OF FLASH
00005e e0f1      	LDI  R31,1
00005f bffb      	OUT  GICR,R31
000060 bfeb      	OUT  GICR,R30
000061 bfe5      	OUT  MCUCR,R30
                 
                 ;CLEAR R2-R14
000062 e08d      	LDI  R24,(14-2)+1
000063 e0a2      	LDI  R26,2
000064 27bb      	CLR  R27
                 __CLEAR_REG:
000065 93ed      	ST   X+,R30
000066 958a      	DEC  R24
000067 f7e9      	BRNE __CLEAR_REG
                 
                 ;CLEAR SRAM
000068 e080      	LDI  R24,LOW(__CLEAR_SRAM_SIZE)
000069 e094      	LDI  R25,HIGH(__CLEAR_SRAM_SIZE)
00006a e6a0      	LDI  R26,__SRAM_START
                 __CLEAR_SRAM:
00006b 93ed      	ST   X+,R30
00006c 9701      	SBIW R24,1
00006d f7e9      	BRNE __CLEAR_SRAM
                 
                 ;GLOBAL VARIABLES INITIALIZATION
00006e eae8      	LDI  R30,LOW(__GLOBAL_INI_TBL*2)
00006f e0f0      	LDI  R31,HIGH(__GLOBAL_INI_TBL*2)
                 __GLOBAL_INI_NEXT:
000070 9185      	LPM  R24,Z+
000071 9195      	LPM  R25,Z+
000072 9700      	SBIW R24,0
000073 f061      	BREQ __GLOBAL_INI_END
000074 91a5      	LPM  R26,Z+
000075 91b5      	LPM  R27,Z+
000076 9005      	LPM  R0,Z+
000077 9015      	LPM  R1,Z+
000078 01bf      	MOVW R22,R30
000079 01f0      	MOVW R30,R0
                 __GLOBAL_INI_LOOP:
00007a 9005      	LPM  R0,Z+
00007b 920d      	ST   X+,R0
00007c 9701      	SBIW R24,1
00007d f7e1      	BRNE __GLOBAL_INI_LOOP
00007e 01fb      	MOVW R30,R22
00007f cff0      	RJMP __GLOBAL_INI_NEXT
                 __GLOBAL_INI_END:
                 
                 ;HARDWARE STACK POINTER INITIALIZATION
000080 e5ef      	LDI  R30,LOW(__SRAM_END-__HEAP_SIZE)
000081 bfed      	OUT  SPL,R30
000082 e0e4      	LDI  R30,HIGH(__SRAM_END-__HEAP_SIZE)
000083 bfee      	OUT  SPH,R30
                 
                 ;DATA STACK POINTER INITIALIZATION
000084 e6c0      	LDI  R28,LOW(__SRAM_START+__DSTACK_SIZE)
000085 e0d1      	LDI  R29,HIGH(__SRAM_START+__DSTACK_SIZE)
                 
000086 940c 0088 	JMP  _main
                 
                 	.ESEG
                 	.ORG 0
                 
                 	.DSEG
                 	.ORG 0x160
                 
                 	.CSEG
                 ;/*******************************************************
                 ;This program was created by the
                 ;CodeWizardAVR V3.14 Advanced
                 ;Automatic Program Generator
                 ;© Copyright 1998-2014 Pavel Haiduc, HP InfoTech s.r.l.
                 ;http://www.hpinfotech.com
                 ;
                 ;Project :
                 ;Version :
                 ;Date    : 12/28/2024
                 ;Author  :
                 ;Company :
                 ;Comments:
                 ;
                 ;
                 ;Chip type               : ATmega16
                 ;Program type            : Application
                 ;AVR Core Clock frequency: 1.000000 MHz
                 ;Memory model            : Small
                 ;External RAM size       : 0
                 ;Data Stack size         : 256
                 ;*******************************************************/
                 ;
                 ;#include <mega16.h>
                 	#ifndef __SLEEP_DEFINED__
                 	#define __SLEEP_DEFINED__
                 	.EQU __se_bit=0x40
                 	.EQU __sm_mask=0xB0
                 	.EQU __sm_powerdown=0x20
                 	.EQU __sm_powersave=0x30
                 	.EQU __sm_standby=0xA0
                 	.EQU __sm_ext_standby=0xB0
                 	.EQU __sm_adc_noise_red=0x10
                 	.SET power_ctrl_reg=mcucr
                 	#endif
                 ;#include <alcd.h>
                 ;#include <delay.h>
                 ;#include <stdio.h>
                 ;#define  Start    PINA.0
                 ;#define  Stop     PINA.4
                 ;#define  Reset    PINA.7
                 ;int a=0;
                 ;int b=0;
                 ;int c=0;
                 ;char str[16];
                 ;
                 ;
                 ;// Declare your global variables here
                 ;
                 ;void main(void)
                 ; 0000 0028 {
                 
                 	.CSEG
                 _main:
                 ; .FSTART _main
                 ; 0000 0029 // Declare your local variables here
                 ; 0000 002A 
                 ; 0000 002B // Input/Output Ports initialization
                 ; 0000 002C // Port A initialization
                 ; 0000 002D // Function: Bit7=In Bit6=In Bit5=In Bit4=In Bit3=In Bit2=In Bit1=In Bit0=In
                 ; 0000 002E DDRA=(0<<DDA7) | (0<<DDA6) | (0<<DDA5) | (0<<DDA4) | (0<<DDA3) | (0<<DDA2) | (0<<DDA1) | (0<<DDA0);
000088 e0e0      	LDI  R30,LOW(0)
000089 bbea      	OUT  0x1A,R30
                 ; 0000 002F // State: Bit7=P Bit6=P Bit5=P Bit4=P Bit3=P Bit2=P Bit1=P Bit0=P
                 ; 0000 0030 PORTA=(1<<PORTA7) | (1<<PORTA6) | (1<<PORTA5) | (1<<PORTA4) | (1<<PORTA3) | (1<<PORTA2) | (1<<PORTA1) | (1<<PORTA0);
00008a efef      	LDI  R30,LOW(255)
00008b bbeb      	OUT  0x1B,R30
                 ; 0000 0031 
                 ; 0000 0032 // Port B initialization
                 ; 0000 0033 // Function: Bit7=In Bit6=In Bit5=In Bit4=In Bit3=In Bit2=In Bit1=In Bit0=In
                 ; 0000 0034 DDRB=(0<<DDB7) | (0<<DDB6) | (0<<DDB5) | (0<<DDB4) | (0<<DDB3) | (0<<DDB2) | (0<<DDB1) | (0<<DDB0);
00008c e0e0      	LDI  R30,LOW(0)
00008d bbe7      	OUT  0x17,R30
                 ; 0000 0035 // State: Bit7=T Bit6=T Bit5=T Bit4=T Bit3=T Bit2=T Bit1=T Bit0=T
                 ; 0000 0036 PORTB=(0<<PORTB7) | (0<<PORTB6) | (0<<PORTB5) | (0<<PORTB4) | (0<<PORTB3) | (0<<PORTB2) | (0<<PORTB1) | (0<<PORTB0);
00008e bbe8      	OUT  0x18,R30
                 ; 0000 0037 
                 ; 0000 0038 // Port C initialization
                 ; 0000 0039 // Function: Bit7=Out Bit6=Out Bit5=Out Bit4=Out Bit3=Out Bit2=Out Bit1=Out Bit0=Out
                 ; 0000 003A DDRC=(1<<DDC7) | (1<<DDC6) | (1<<DDC5) | (1<<DDC4) | (1<<DDC3) | (1<<DDC2) | (1<<DDC1) | (1<<DDC0);
00008f efef      	LDI  R30,LOW(255)
000090 bbe4      	OUT  0x14,R30
                 ; 0000 003B // State: Bit7=0 Bit6=0 Bit5=0 Bit4=0 Bit3=0 Bit2=0 Bit1=0 Bit0=0
                 ; 0000 003C PORTC=(0<<PORTC7) | (0<<PORTC6) | (0<<PORTC5) | (0<<PORTC4) | (0<<PORTC3) | (0<<PORTC2) | (0<<PORTC1) | (0<<PORTC0);
000091 e0e0      	LDI  R30,LOW(0)
000092 bbe5      	OUT  0x15,R30
                 ; 0000 003D 
                 ; 0000 003E // Port D initialization
                 ; 0000 003F // Function: Bit7=In Bit6=In Bit5=In Bit4=In Bit3=In Bit2=In Bit1=In Bit0=In
                 ; 0000 0040 DDRD=(0<<DDD7) | (0<<DDD6) | (0<<DDD5) | (0<<DDD4) | (0<<DDD3) | (0<<DDD2) | (0<<DDD1) | (0<<DDD0);
000093 bbe1      	OUT  0x11,R30
                 ; 0000 0041 // State: Bit7=T Bit6=T Bit5=T Bit4=T Bit3=T Bit2=T Bit1=T Bit0=T
                 ; 0000 0042 PORTD=(0<<PORTD7) | (0<<PORTD6) | (0<<PORTD5) | (0<<PORTD4) | (0<<PORTD3) | (0<<PORTD2) | (0<<PORTD1) | (0<<PORTD0);
000094 bbe2      	OUT  0x12,R30
                 ; 0000 0043 
                 ; 0000 0044 // Timer/Counter 0 initialization
                 ; 0000 0045 // Clock source: System Clock
                 ; 0000 0046 // Clock value: Timer 0 Stopped
                 ; 0000 0047 // Mode: Normal top=0xFF
                 ; 0000 0048 // OC0 output: Disconnected
                 ; 0000 0049 TCCR0=(0<<WGM00) | (0<<COM01) | (0<<COM00) | (0<<WGM01) | (0<<CS02) | (0<<CS01) | (0<<CS00);
000095 bfe3      	OUT  0x33,R30
                 ; 0000 004A TCNT0=0x00;
000096 bfe2      	OUT  0x32,R30
                 ; 0000 004B OCR0=0x00;
000097 bfec      	OUT  0x3C,R30
                 ; 0000 004C 
                 ; 0000 004D // Timer/Counter 1 initialization
                 ; 0000 004E // Clock source: System Clock
                 ; 0000 004F // Clock value: Timer1 Stopped
                 ; 0000 0050 // Mode: Normal top=0xFFFF
                 ; 0000 0051 // OC1A output: Disconnected
                 ; 0000 0052 // OC1B output: Disconnected
                 ; 0000 0053 // Noise Canceler: Off
                 ; 0000 0054 // Input Capture on Falling Edge
                 ; 0000 0055 // Timer1 Overflow Interrupt: Off
                 ; 0000 0056 // Input Capture Interrupt: Off
                 ; 0000 0057 // Compare A Match Interrupt: Off
                 ; 0000 0058 // Compare B Match Interrupt: Off
                 ; 0000 0059 TCCR1A=(0<<COM1A1) | (0<<COM1A0) | (0<<COM1B1) | (0<<COM1B0) | (0<<WGM11) | (0<<WGM10);
000098 bdef      	OUT  0x2F,R30
                 ; 0000 005A TCCR1B=(0<<ICNC1) | (0<<ICES1) | (0<<WGM13) | (0<<WGM12) | (0<<CS12) | (0<<CS11) | (0<<CS10);
000099 bdee      	OUT  0x2E,R30
                 ; 0000 005B TCNT1H=0x00;
00009a bded      	OUT  0x2D,R30
                 ; 0000 005C TCNT1L=0x00;
00009b bdec      	OUT  0x2C,R30
                 ; 0000 005D ICR1H=0x00;
00009c bde7      	OUT  0x27,R30
                 ; 0000 005E ICR1L=0x00;
00009d bde6      	OUT  0x26,R30
                 ; 0000 005F OCR1AH=0x00;
00009e bdeb      	OUT  0x2B,R30
                 ; 0000 0060 OCR1AL=0x00;
00009f bdea      	OUT  0x2A,R30
                 ; 0000 0061 OCR1BH=0x00;
0000a0 bde9      	OUT  0x29,R30
                 ; 0000 0062 OCR1BL=0x00;
0000a1 bde8      	OUT  0x28,R30
                 ; 0000 0063 
                 ; 0000 0064 // Timer/Counter 2 initialization
                 ; 0000 0065 // Clock source: System Clock
                 ; 0000 0066 // Clock value: Timer2 Stopped
                 ; 0000 0067 // Mode: Normal top=0xFF
                 ; 0000 0068 // OC2 output: Disconnected
                 ; 0000 0069 ASSR=0<<AS2;
0000a2 bde2      	OUT  0x22,R30
                 ; 0000 006A TCCR2=(0<<PWM2) | (0<<COM21) | (0<<COM20) | (0<<CTC2) | (0<<CS22) | (0<<CS21) | (0<<CS20);
0000a3 bde5      	OUT  0x25,R30
                 ; 0000 006B TCNT2=0x00;
0000a4 bde4      	OUT  0x24,R30
                 ; 0000 006C OCR2=0x00;
0000a5 bde3      	OUT  0x23,R30
                 ; 0000 006D 
                 ; 0000 006E // Timer(s)/Counter(s) Interrupt(s) initialization
                 ; 0000 006F TIMSK=(0<<OCIE2) | (0<<TOIE2) | (0<<TICIE1) | (0<<OCIE1A) | (0<<OCIE1B) | (0<<TOIE1) | (0<<OCIE0) | (0<<TOIE0);
0000a6 bfe9      	OUT  0x39,R30
                 ; 0000 0070 
                 ; 0000 0071 // External Interrupt(s) initialization
                 ; 0000 0072 // INT0: Off
                 ; 0000 0073 // INT1: Off
                 ; 0000 0074 // INT2: Off
                 ; 0000 0075 MCUCR=(0<<ISC11) | (0<<ISC10) | (0<<ISC01) | (0<<ISC00);
0000a7 bfe5      	OUT  0x35,R30
                 ; 0000 0076 MCUCSR=(0<<ISC2);
0000a8 bfe4      	OUT  0x34,R30
                 ; 0000 0077 
                 ; 0000 0078 // USART initialization
                 ; 0000 0079 // USART disabled
                 ; 0000 007A UCSRB=(0<<RXCIE) | (0<<TXCIE) | (0<<UDRIE) | (0<<RXEN) | (0<<TXEN) | (0<<UCSZ2) | (0<<RXB8) | (0<<TXB8);
0000a9 b9ea      	OUT  0xA,R30
                 ; 0000 007B 
                 ; 0000 007C // Analog Comparator initialization
                 ; 0000 007D // Analog Comparator: Off
                 ; 0000 007E // The Analog Comparator's positive input is
                 ; 0000 007F // connected to the AIN0 pin
                 ; 0000 0080 // The Analog Comparator's negative input is
                 ; 0000 0081 // connected to the AIN1 pin
                 ; 0000 0082 ACSR=(1<<ACD) | (0<<ACBG) | (0<<ACO) | (0<<ACI) | (0<<ACIE) | (0<<ACIC) | (0<<ACIS1) | (0<<ACIS0);
0000aa e8e0      	LDI  R30,LOW(128)
0000ab b9e8      	OUT  0x8,R30
                 ; 0000 0083 SFIOR=(0<<ACME);
0000ac e0e0      	LDI  R30,LOW(0)
0000ad bfe0      	OUT  0x30,R30
                 ; 0000 0084 
                 ; 0000 0085 // ADC initialization
                 ; 0000 0086 // ADC disabled
                 ; 0000 0087 ADCSRA=(0<<ADEN) | (0<<ADSC) | (0<<ADATE) | (0<<ADIF) | (0<<ADIE) | (0<<ADPS2) | (0<<ADPS1) | (0<<ADPS0);
0000ae b9e6      	OUT  0x6,R30
                 ; 0000 0088 
                 ; 0000 0089 // SPI initialization
                 ; 0000 008A // SPI disabled
                 ; 0000 008B SPCR=(0<<SPIE) | (0<<SPE) | (0<<DORD) | (0<<MSTR) | (0<<CPOL) | (0<<CPHA) | (0<<SPR1) | (0<<SPR0);
0000af b9ed      	OUT  0xD,R30
                 ; 0000 008C 
                 ; 0000 008D // TWI initialization
                 ; 0000 008E // TWI disabled
                 ; 0000 008F TWCR=(0<<TWEA) | (0<<TWSTA) | (0<<TWSTO) | (0<<TWEN) | (0<<TWIE);
0000b0 bfe6      	OUT  0x36,R30
                 ; 0000 0090 
                 ; 0000 0091 // Alphanumeric LCD initialization
                 ; 0000 0092 // Connections are specified in the
                 ; 0000 0093 // Project|Configure|C Compiler|Libraries|Alphanumeric LCD menu:
                 ; 0000 0094 // RS - PORTC Bit 0
                 ; 0000 0095 // RD - PORTC Bit 1
                 ; 0000 0096 // EN - PORTC Bit 2
                 ; 0000 0097 // D4 - PORTC Bit 4
                 ; 0000 0098 // D5 - PORTC Bit 5
                 ; 0000 0099 // D6 - PORTC Bit 6
                 ; 0000 009A // D7 - PORTC Bit 7
                 ; 0000 009B // Characters/line: 16
                 ; 0000 009C lcd_init(16);
0000b1 e1a0      	LDI  R26,LOW(16)
0000b2 d0b0      	RCALL _lcd_init
                 ; 0000 009D lcd_putsf("                 Yasin Lachinani  ");
0000b3 940e 0351 	CALL SUBOPT_0x0
                 ; 0000 009E lcd_gotoxy(1,1);
                 ; 0000 009F 
                 ; 0000 00A0 while (1){
                 _0x3:
                 ; 0000 00A1 
                 ; 0000 00A2 if(Reset==0){
0000b5 99cf      	SBIC 0x19,7
0000b6 c00f      	RJMP _0x6
                 ; 0000 00A3 lcd_clear();
0000b7 d068      	RCALL _lcd_clear
                 ; 0000 00A4 delay_ms(0.01);
0000b8 940e 035a 	CALL SUBOPT_0x1
                 ; 0000 00A5 sprintf(str,"00:00:00  ");
0000ba 940e 0361 	CALL SUBOPT_0x2
                +
0000bc e8ef     +LDI R30 , LOW ( 2 * _0x0 + ( 35 ) )
0000bd e0f0     +LDI R31 , HIGH ( 2 * _0x0 + ( 35 ) )
                 	__POINTW1FN _0x0,35
0000be 93fa      	ST   -Y,R31
0000bf 93ea      	ST   -Y,R30
0000c0 e080      	LDI  R24,0
0000c1 940e 0304 	CALL _sprintf
0000c3 9624      	ADIW R28,4
                 ; 0000 00A6 lcd_putsf("                 Yasin Lachinani  ");
0000c4 940e 0351 	CALL SUBOPT_0x0
                 ; 0000 00A7 lcd_gotoxy(1,1);
                 ; 0000 00A8 }
                 ; 0000 00A9 
                 ; 0000 00AA 
                 ; 0000 00AB if(Stop==0){
                 _0x6:
0000c6 99cc      	SBIC 0x19,4
0000c7 c00a      	RJMP _0x7
                 ; 0000 00AC delay_ms(100);
0000c8 e6a4      	LDI  R26,LOW(100)
0000c9 e0b0      	LDI  R27,0
0000ca 940e 03bf 	CALL _delay_ms
                 ; 0000 00AD a=0;
0000cc 2444      	CLR  R4
0000cd 2455      	CLR  R5
                 ; 0000 00AE sprintf(str,"%d:%d:%d   ",c,b,a);
0000ce 940e 0361 	CALL SUBOPT_0x2
0000d0 940e 0366 	CALL SUBOPT_0x3
                 ; 0000 00AF lcd_gotoxy(0,0);
                 ; 0000 00B0 lcd_puts(str);
                 ; 0000 00B1 }
                 ; 0000 00B2 
                 ; 0000 00B3 
                 ; 0000 00B4 if(Start==0){
                 _0x7:
0000d2 99c8      	SBIC 0x19,0
0000d3 c01d      	RJMP _0x8
                 ; 0000 00B5 delay_ms(0.01);
0000d4 940e 035a 	CALL SUBOPT_0x1
                 ; 0000 00B6 a++;
0000d6 01f2      	MOVW R30,R4
0000d7 9631      	ADIW R30,1
0000d8 012f      	MOVW R4,R30
                 ; 0000 00B7 sprintf(str,"%d:%d:%d   ",c,b,a);
0000d9 940e 0361 	CALL SUBOPT_0x2
0000db 940e 0366 	CALL SUBOPT_0x3
                 ; 0000 00B8 lcd_gotoxy(0,0);
                 ; 0000 00B9 lcd_puts(str);
                 ; 0000 00BA if(a>99){
0000dd e6e3      	LDI  R30,LOW(99)
0000de e0f0      	LDI  R31,HIGH(99)
0000df 15e4      	CP   R30,R4
0000e0 05f5      	CPC  R31,R5
0000e1 f47c      	BRGE _0x9
                 ; 0000 00BB a=0;
0000e2 2444      	CLR  R4
0000e3 2455      	CLR  R5
                 ; 0000 00BC b++;
0000e4 01f3      	MOVW R30,R6
0000e5 9631      	ADIW R30,1
0000e6 013f      	MOVW R6,R30
                 ; 0000 00BD if(b>59){
0000e7 e3eb      	LDI  R30,LOW(59)
0000e8 e0f0      	LDI  R31,HIGH(59)
0000e9 15e6      	CP   R30,R6
0000ea 05f7      	CPC  R31,R7
0000eb f42c      	BRGE _0xA
                 ; 0000 00BE b=0;
0000ec 2466      	CLR  R6
0000ed 2477      	CLR  R7
                 ; 0000 00BF c++;
0000ee 01f4      	MOVW R30,R8
0000ef 9631      	ADIW R30,1
0000f0 014f      	MOVW R8,R30
                 ; 0000 00C0 }
                 ; 0000 00C1 }
                 _0xA:
                 ; 0000 00C2 }
                 _0x9:
                 ; 0000 00C3 }
                 _0x8:
0000f1 cfc3      	RJMP _0x3
                 ; 0000 00C4 }
                 _0xB:
0000f2 cfff      	RJMP _0xB
                 ; .FEND
                 	#ifndef __SLEEP_DEFINED__
                 	#endif
                 
                 	.DSEG
                 
                 	.CSEG
                 __lcd_write_nibble_G100:
                 ; .FSTART __lcd_write_nibble_G100
0000f3 93aa      	ST   -Y,R26
0000f4 b3e5      	IN   R30,0x15
0000f5 70ef      	ANDI R30,LOW(0xF)
0000f6 2fae      	MOV  R26,R30
0000f7 81e8      	LD   R30,Y
0000f8 7fe0      	ANDI R30,LOW(0xF0)
0000f9 2bea      	OR   R30,R26
0000fa bbe5      	OUT  0x15,R30
                +
0000fb e082     +LDI R24 , LOW ( 2 )
                +__DELAY_USB_LOOP :
0000fc 958a     +DEC R24
0000fd f7f1     +BRNE __DELAY_USB_LOOP
                 	__DELAY_USB 2
0000fe 9aaa      	SBI  0x15,2
                +
0000ff e082     +LDI R24 , LOW ( 2 )
                +__DELAY_USB_LOOP :
000100 958a     +DEC R24
000101 f7f1     +BRNE __DELAY_USB_LOOP
                 	__DELAY_USB 2
000102 98aa      	CBI  0x15,2
                +
000103 e082     +LDI R24 , LOW ( 2 )
                +__DELAY_USB_LOOP :
000104 958a     +DEC R24
000105 f7f1     +BRNE __DELAY_USB_LOOP
                 	__DELAY_USB 2
000106 c087      	RJMP _0x2080002
                 ; .FEND
                 __lcd_write_data:
                 ; .FSTART __lcd_write_data
000107 93aa      	ST   -Y,R26
000108 81a8      	LD   R26,Y
000109 dfe9      	RCALL __lcd_write_nibble_G100
00010a 81e8          ld    r30,y
00010b 95e2          swap  r30
00010c 83e8          st    y,r30
00010d 81a8      	LD   R26,Y
00010e dfe4      	RCALL __lcd_write_nibble_G100
                +
00010f e181     +LDI R24 , LOW ( 17 )
                +__DELAY_USB_LOOP :
000110 958a     +DEC R24
000111 f7f1     +BRNE __DELAY_USB_LOOP
                 	__DELAY_USB 17
000112 c07b      	RJMP _0x2080002
                 ; .FEND
                 _lcd_gotoxy:
                 ; .FSTART _lcd_gotoxy
000113 93aa      	ST   -Y,R26
000114 81e8      	LD   R30,Y
000115 e0f0      	LDI  R31,0
000116 59e0      	SUBI R30,LOW(-__base_y_G100)
000117 4ffe      	SBCI R31,HIGH(-__base_y_G100)
000118 81e0      	LD   R30,Z
000119 81a9      	LDD  R26,Y+1
00011a 0fae      	ADD  R26,R30
00011b dfeb      	RCALL __lcd_write_data
00011c 80b9      	LDD  R11,Y+1
00011d 80a8      	LDD  R10,Y+0
00011e 9622      	ADIW R28,2
00011f 9508      	RET
                 ; .FEND
                 _lcd_clear:
                 ; .FSTART _lcd_clear
000120 e0a2      	LDI  R26,LOW(2)
000121 940e 0386 	CALL SUBOPT_0x4
000123 e0ac      	LDI  R26,LOW(12)
000124 dfe2      	RCALL __lcd_write_data
000125 e0a1      	LDI  R26,LOW(1)
000126 940e 0386 	CALL SUBOPT_0x4
000128 e0e0      	LDI  R30,LOW(0)
000129 2eae      	MOV  R10,R30
00012a 2ebe      	MOV  R11,R30
00012b 9508      	RET
                 ; .FEND
                 _lcd_putchar:
                 ; .FSTART _lcd_putchar
00012c 93aa      	ST   -Y,R26
00012d 81a8      	LD   R26,Y
00012e 30aa      	CPI  R26,LOW(0xA)
00012f f011      	BREQ _0x2000005
000130 14bd      	CP   R11,R13
000131 f048      	BRLO _0x2000004
                 _0x2000005:
000132 e0e0      	LDI  R30,LOW(0)
000133 93ea      	ST   -Y,R30
000134 94a3      	INC  R10
000135 2daa      	MOV  R26,R10
000136 dfdc      	RCALL _lcd_gotoxy
000137 81a8      	LD   R26,Y
000138 30aa      	CPI  R26,LOW(0xA)
000139 f409      	BRNE _0x2000007
00013a c053      	RJMP _0x2080002
                 _0x2000007:
                 _0x2000004:
00013b 94b3      	INC  R11
00013c 9aa8      	SBI  0x15,0
00013d 81a8      	LD   R26,Y
00013e dfc8      	RCALL __lcd_write_data
00013f 98a8      	CBI  0x15,0
000140 c04d      	RJMP _0x2080002
                 ; .FEND
                 _lcd_puts:
                 ; .FSTART _lcd_puts
000141 93ba      	ST   -Y,R27
000142 93aa      	ST   -Y,R26
000143 931a      	ST   -Y,R17
                 _0x2000008:
000144 81a9      	LDD  R26,Y+1
000145 81ba      	LDD  R27,Y+1+1
000146 91ed      	LD   R30,X+
000147 83a9      	STD  Y+1,R26
000148 83ba      	STD  Y+1+1,R27
000149 2f1e      	MOV  R17,R30
00014a 30e0      	CPI  R30,0
00014b f019      	BREQ _0x200000A
00014c 2fa1      	MOV  R26,R17
00014d dfde      	RCALL _lcd_putchar
00014e cff5      	RJMP _0x2000008
                 _0x200000A:
00014f c010      	RJMP _0x2080003
                 ; .FEND
                 _lcd_putsf:
                 ; .FSTART _lcd_putsf
000150 93ba      	ST   -Y,R27
000151 93aa      	ST   -Y,R26
000152 931a      	ST   -Y,R17
                 _0x200000B:
000153 81e9      	LDD  R30,Y+1
000154 81fa      	LDD  R31,Y+1+1
000155 9631      	ADIW R30,1
000156 83e9      	STD  Y+1,R30
000157 83fa      	STD  Y+1+1,R31
000158 9731      	SBIW R30,1
000159 91e4      	LPM  R30,Z
00015a 2f1e      	MOV  R17,R30
00015b 30e0      	CPI  R30,0
00015c f019      	BREQ _0x200000D
00015d 2fa1      	MOV  R26,R17
00015e dfcd      	RCALL _lcd_putchar
00015f cff3      	RJMP _0x200000B
                 _0x200000D:
                 _0x2080003:
000160 8118      	LDD  R17,Y+0
000161 9623      	ADIW R28,3
000162 9508      	RET
                 ; .FEND
                 _lcd_init:
                 ; .FSTART _lcd_init
000163 93aa      	ST   -Y,R26
000164 b3e4      	IN   R30,0x14
000165 6fe0      	ORI  R30,LOW(0xF0)
000166 bbe4      	OUT  0x14,R30
000167 9aa2      	SBI  0x14,2
000168 9aa0      	SBI  0x14,0
000169 9aa1      	SBI  0x14,1
00016a 98aa      	CBI  0x15,2
00016b 98a8      	CBI  0x15,0
00016c 98a9      	CBI  0x15,1
00016d 80d8      	LDD  R13,Y+0
00016e 81e8      	LD   R30,Y
00016f 58e0      	SUBI R30,-LOW(128)
                +
000170 93e0 0172+STS __base_y_G100 + ( 2 ) , R30
                 	__PUTB1MN __base_y_G100,2
000172 81e8      	LD   R30,Y
000173 54e0      	SUBI R30,-LOW(192)
                +
000174 93e0 0173+STS __base_y_G100 + ( 3 ) , R30
                 	__PUTB1MN __base_y_G100,3
000176 e1a4      	LDI  R26,LOW(20)
000177 e0b0      	LDI  R27,0
000178 940e 03bf 	CALL _delay_ms
00017a 940e 038c 	CALL SUBOPT_0x5
00017c 940e 038c 	CALL SUBOPT_0x5
00017e 940e 038c 	CALL SUBOPT_0x5
000180 e2a0      	LDI  R26,LOW(32)
000181 df71      	RCALL __lcd_write_nibble_G100
                +
000182 e281     +LDI R24 , LOW ( 33 )
                +__DELAY_USB_LOOP :
000183 958a     +DEC R24
000184 f7f1     +BRNE __DELAY_USB_LOOP
                 	__DELAY_USB 33
000185 e2a8      	LDI  R26,LOW(40)
000186 df80      	RCALL __lcd_write_data
000187 e0a4      	LDI  R26,LOW(4)
000188 df7e      	RCALL __lcd_write_data
000189 e8a5      	LDI  R26,LOW(133)
00018a df7c      	RCALL __lcd_write_data
00018b e0a6      	LDI  R26,LOW(6)
00018c df7a      	RCALL __lcd_write_data
00018d df92      	RCALL _lcd_clear
                 _0x2080002:
00018e 9621      	ADIW R28,1
00018f 9508      	RET
                 ; .FEND
                 	#ifndef __SLEEP_DEFINED__
                 	#endif
                 
                 	.CSEG
                 _put_buff_G101:
                 ; .FSTART _put_buff_G101
000190 93ba      	ST   -Y,R27
000191 93aa      	ST   -Y,R26
000192 931a      	ST   -Y,R17
000193 930a      	ST   -Y,R16
000194 81aa      	LDD  R26,Y+2
000195 81bb      	LDD  R27,Y+2+1
000196 9612      	ADIW R26,2
000197 940e 03d6 	CALL __GETW1P
000199 9730      	SBIW R30,0
00019a f159      	BREQ _0x2020010
00019b 81aa      	LDD  R26,Y+2
00019c 81bb      	LDD  R27,Y+2+1
00019d 9614      	ADIW R26,4
00019e 940e 03d6 	CALL __GETW1P
0001a0 018f      	MOVW R16,R30
0001a1 9730      	SBIW R30,0
0001a2 f061      	BREQ _0x2020012
                +
0001a3 3002     +CPI R16 , LOW ( 2 )
0001a4 e0e0     +LDI R30 , HIGH ( 2 )
0001a5 071e     +CPC R17 , R30
                 	__CPWRN 16,17,2
0001a6 f098      	BRLO _0x2020013
0001a7 01f8      	MOVW R30,R16
0001a8 9731      	SBIW R30,1
0001a9 018f      	MOVW R16,R30
                +
0001aa 81aa     +LDD R26 , Y + 2
0001ab 81bb     +LDD R27 , Y + 2 + 1
0001ac 9614     +ADIW R26 , 4
0001ad 93ed     +ST X + , R30
0001ae 93fc     +ST X , R31
                 	__PUTW1SNS 2,4
                 _0x2020012:
0001af 81aa      	LDD  R26,Y+2
0001b0 81bb      	LDD  R27,Y+2+1
0001b1 9612      	ADIW R26,2
0001b2 91ed      	LD   R30,X+
0001b3 91fd      	LD   R31,X+
0001b4 9631      	ADIW R30,1
0001b5 93fe      	ST   -X,R31
0001b6 93ee      	ST   -X,R30
0001b7 9731      	SBIW R30,1
0001b8 81ac      	LDD  R26,Y+4
0001b9 83a0      	STD  Z+0,R26
                 _0x2020013:
0001ba 81aa      	LDD  R26,Y+2
0001bb 81bb      	LDD  R27,Y+2+1
0001bc 940e 03d6 	CALL __GETW1P
0001be 23ff      	TST  R31
0001bf f02a      	BRMI _0x2020014
0001c0 91ed      	LD   R30,X+
0001c1 91fd      	LD   R31,X+
0001c2 9631      	ADIW R30,1
0001c3 93fe      	ST   -X,R31
0001c4 93ee      	ST   -X,R30
                 _0x2020014:
0001c5 c006      	RJMP _0x2020015
                 _0x2020010:
0001c6 81aa      	LDD  R26,Y+2
0001c7 81bb      	LDD  R27,Y+2+1
0001c8 efef      	LDI  R30,LOW(65535)
0001c9 efff      	LDI  R31,HIGH(65535)
0001ca 93ed      	ST   X+,R30
0001cb 93fc      	ST   X,R31
                 _0x2020015:
0001cc 8119      	LDD  R17,Y+1
0001cd 8108      	LDD  R16,Y+0
0001ce 9625      	ADIW R28,5
0001cf 9508      	RET
                 ; .FEND
                 __print_G101:
                 ; .FSTART __print_G101
0001d0 93ba      	ST   -Y,R27
0001d1 93aa      	ST   -Y,R26
0001d2 9726      	SBIW R28,6
0001d3 940e 03e3 	CALL __SAVELOCR6
0001d5 e010      	LDI  R17,0
0001d6 85ac      	LDD  R26,Y+12
0001d7 85bd      	LDD  R27,Y+12+1
0001d8 e0e0      	LDI  R30,LOW(0)
0001d9 e0f0      	LDI  R31,HIGH(0)
0001da 93ed      	ST   X+,R30
0001db 93fc      	ST   X,R31
                 _0x2020016:
0001dc 89ea      	LDD  R30,Y+18
0001dd 89fb      	LDD  R31,Y+18+1
0001de 9631      	ADIW R30,1
0001df 8bea      	STD  Y+18,R30
0001e0 8bfb      	STD  Y+18+1,R31
0001e1 9731      	SBIW R30,1
0001e2 91e4      	LPM  R30,Z
0001e3 2f2e      	MOV  R18,R30
0001e4 30e0      	CPI  R30,0
0001e5 f409      	BRNE PC+2
0001e6 c115      	RJMP _0x2020018
0001e7 2fe1      	MOV  R30,R17
0001e8 30e0      	CPI  R30,0
0001e9 f439      	BRNE _0x202001C
0001ea 3225      	CPI  R18,37
0001eb f411      	BRNE _0x202001D
0001ec e011      	LDI  R17,LOW(1)
0001ed c002      	RJMP _0x202001E
                 _0x202001D:
0001ee 940e 0393 	CALL SUBOPT_0x6
                 _0x202001E:
0001f0 c10a      	RJMP _0x202001B
                 _0x202001C:
0001f1 30e1      	CPI  R30,LOW(0x1)
0001f2 f4a9      	BRNE _0x202001F
0001f3 3225      	CPI  R18,37
0001f4 f419      	BRNE _0x2020020
0001f5 940e 0393 	CALL SUBOPT_0x6
0001f7 c102      	RJMP _0x20200CC
                 _0x2020020:
0001f8 e012      	LDI  R17,LOW(2)
0001f9 e040      	LDI  R20,LOW(0)
0001fa e000      	LDI  R16,LOW(0)
0001fb 322d      	CPI  R18,45
0001fc f411      	BRNE _0x2020021
0001fd e001      	LDI  R16,LOW(1)
0001fe c0fc      	RJMP _0x202001B
                 _0x2020021:
0001ff 322b      	CPI  R18,43
000200 f411      	BRNE _0x2020022
000201 e24b      	LDI  R20,LOW(43)
000202 c0f8      	RJMP _0x202001B
                 _0x2020022:
000203 3220      	CPI  R18,32
000204 f411      	BRNE _0x2020023
000205 e240      	LDI  R20,LOW(32)
000206 c0f4      	RJMP _0x202001B
                 _0x2020023:
000207 c002      	RJMP _0x2020024
                 _0x202001F:
000208 30e2      	CPI  R30,LOW(0x2)
000209 f439      	BRNE _0x2020025
                 _0x2020024:
00020a e050      	LDI  R21,LOW(0)
00020b e013      	LDI  R17,LOW(3)
00020c 3320      	CPI  R18,48
00020d f411      	BRNE _0x2020026
00020e 6800      	ORI  R16,LOW(128)
00020f c0eb      	RJMP _0x202001B
                 _0x2020026:
000210 c003      	RJMP _0x2020027
                 _0x2020025:
000211 30e3      	CPI  R30,LOW(0x3)
000212 f009      	BREQ PC+2
000213 c0e7      	RJMP _0x202001B
                 _0x2020027:
000214 3320      	CPI  R18,48
000215 f010      	BRLO _0x202002A
000216 332a      	CPI  R18,58
000217 f008      	BRLO _0x202002B
                 _0x202002A:
000218 c007      	RJMP _0x2020029
                 _0x202002B:
000219 e0aa      	LDI  R26,LOW(10)
00021a 9f5a      	MUL  R21,R26
00021b 2d50      	MOV  R21,R0
00021c 2fe2      	MOV  R30,R18
00021d 53e0      	SUBI R30,LOW(48)
00021e 0f5e      	ADD  R21,R30
00021f c0db      	RJMP _0x202001B
                 _0x2020029:
000220 2fe2      	MOV  R30,R18
000221 36e3      	CPI  R30,LOW(0x63)
000222 f449      	BRNE _0x202002F
000223 940e 039a 	CALL SUBOPT_0x7
000225 89e8      	LDD  R30,Y+16
000226 89f9      	LDD  R31,Y+16+1
000227 81a4      	LDD  R26,Z+4
000228 93aa      	ST   -Y,R26
000229 940e 03a0 	CALL SUBOPT_0x8
00022b c0ce      	RJMP _0x2020030
                 _0x202002F:
00022c 37e3      	CPI  R30,LOW(0x73)
00022d f441      	BRNE _0x2020032
00022e 940e 039a 	CALL SUBOPT_0x7
000230 940e 03a6 	CALL SUBOPT_0x9
000232 940e 0338 	CALL _strlen
000234 2f1e      	MOV  R17,R30
000235 c00a      	RJMP _0x2020033
                 _0x2020032:
000236 37e0      	CPI  R30,LOW(0x70)
000237 f461      	BRNE _0x2020035
000238 940e 039a 	CALL SUBOPT_0x7
00023a 940e 03a6 	CALL SUBOPT_0x9
00023c 940e 0344 	CALL _strlenf
00023e 2f1e      	MOV  R17,R30
00023f 6008      	ORI  R16,LOW(8)
                 _0x2020033:
000240 6002      	ORI  R16,LOW(2)
000241 770f      	ANDI R16,LOW(127)
000242 e030      	LDI  R19,LOW(0)
000243 c034      	RJMP _0x2020036
                 _0x2020035:
000244 36e4      	CPI  R30,LOW(0x64)
000245 f011      	BREQ _0x2020039
000246 36e9      	CPI  R30,LOW(0x69)
000247 f411      	BRNE _0x202003A
                 _0x2020039:
000248 6004      	ORI  R16,LOW(4)
000249 c002      	RJMP _0x202003B
                 _0x202003A:
00024a 37e5      	CPI  R30,LOW(0x75)
00024b f431      	BRNE _0x202003C
                 _0x202003B:
00024c e5e4      	LDI  R30,LOW(_tbl10_G101*2)
00024d e0f0      	LDI  R31,HIGH(_tbl10_G101*2)
00024e 83ee      	STD  Y+6,R30
00024f 83ff      	STD  Y+6+1,R31
000250 e015      	LDI  R17,LOW(5)
000251 c00c      	RJMP _0x202003D
                 _0x202003C:
000252 35e8      	CPI  R30,LOW(0x58)
000253 f411      	BRNE _0x202003F
000254 6008      	ORI  R16,LOW(8)
000255 c003      	RJMP _0x2020040
                 _0x202003F:
000256 37e8      	CPI  R30,LOW(0x78)
000257 f009      	BREQ PC+2
000258 c0a1      	RJMP _0x2020071
                 _0x2020040:
000259 e5ee      	LDI  R30,LOW(_tbl16_G101*2)
00025a e0f0      	LDI  R31,HIGH(_tbl16_G101*2)
00025b 83ee      	STD  Y+6,R30
00025c 83ff      	STD  Y+6+1,R31
00025d e014      	LDI  R17,LOW(4)
                 _0x202003D:
00025e ff02      	SBRS R16,2
00025f c014      	RJMP _0x2020042
000260 940e 039a 	CALL SUBOPT_0x7
000262 940e 03b0 	CALL SUBOPT_0xA
000264 85ab      	LDD  R26,Y+11
000265 23aa      	TST  R26
000266 f43a      	BRPL _0x2020043
000267 85ea      	LDD  R30,Y+10
000268 85fb      	LDD  R31,Y+10+1
000269 940e 03cd 	CALL __ANEGW1
00026b 87ea      	STD  Y+10,R30
00026c 87fb      	STD  Y+10+1,R31
00026d e24d      	LDI  R20,LOW(45)
                 _0x2020043:
00026e 3040      	CPI  R20,0
00026f f011      	BREQ _0x2020044
000270 5f1f      	SUBI R17,-LOW(1)
000271 c001      	RJMP _0x2020045
                 _0x2020044:
000272 7f0b      	ANDI R16,LOW(251)
                 _0x2020045:
000273 c004      	RJMP _0x2020046
                 _0x2020042:
000274 940e 039a 	CALL SUBOPT_0x7
000276 940e 03b0 	CALL SUBOPT_0xA
                 _0x2020046:
                 _0x2020036:
000278 fd00      	SBRC R16,0
000279 c011      	RJMP _0x2020047
                 _0x2020048:
00027a 1715      	CP   R17,R21
00027b f478      	BRSH _0x202004A
00027c ff07      	SBRS R16,7
00027d c008      	RJMP _0x202004B
00027e ff02      	SBRS R16,2
00027f c004      	RJMP _0x202004C
000280 7f0b      	ANDI R16,LOW(251)
000281 2f24      	MOV  R18,R20
000282 5011      	SUBI R17,LOW(1)
000283 c001      	RJMP _0x202004D
                 _0x202004C:
000284 e320      	LDI  R18,LOW(48)
                 _0x202004D:
000285 c001      	RJMP _0x202004E
                 _0x202004B:
000286 e220      	LDI  R18,LOW(32)
                 _0x202004E:
000287 940e 0393 	CALL SUBOPT_0x6
000289 5051      	SUBI R21,LOW(1)
00028a cfef      	RJMP _0x2020048
                 _0x202004A:
                 _0x2020047:
00028b 2f31      	MOV  R19,R17
00028c ff01      	SBRS R16,1
00028d c017      	RJMP _0x202004F
                 _0x2020050:
00028e 3030      	CPI  R19,0
00028f f0a1      	BREQ _0x2020052
000290 ff03      	SBRS R16,3
000291 c006      	RJMP _0x2020053
000292 81ee      	LDD  R30,Y+6
000293 81ff      	LDD  R31,Y+6+1
000294 9125      	LPM  R18,Z+
000295 83ee      	STD  Y+6,R30
000296 83ff      	STD  Y+6+1,R31
000297 c005      	RJMP _0x2020054
                 _0x2020053:
000298 81ae      	LDD  R26,Y+6
000299 81bf      	LDD  R27,Y+6+1
00029a 912d      	LD   R18,X+
00029b 83ae      	STD  Y+6,R26
00029c 83bf      	STD  Y+6+1,R27
                 _0x2020054:
00029d 940e 0393 	CALL SUBOPT_0x6
00029f 3050      	CPI  R21,0
0002a0 f009      	BREQ _0x2020055
0002a1 5051      	SUBI R21,LOW(1)
                 _0x2020055:
0002a2 5031      	SUBI R19,LOW(1)
0002a3 cfea      	RJMP _0x2020050
                 _0x2020052:
0002a4 c04b      	RJMP _0x2020056
                 _0x202004F:
                 _0x2020058:
0002a5 e320      	LDI  R18,LOW(48)
0002a6 81ee      	LDD  R30,Y+6
0002a7 81ff      	LDD  R31,Y+6+1
0002a8 940e 03da 	CALL __GETW1PF
0002aa 87e8      	STD  Y+8,R30
0002ab 87f9      	STD  Y+8+1,R31
0002ac 81ee      	LDD  R30,Y+6
0002ad 81ff      	LDD  R31,Y+6+1
0002ae 9632      	ADIW R30,2
0002af 83ee      	STD  Y+6,R30
0002b0 83ff      	STD  Y+6+1,R31
                 _0x202005A:
0002b1 85e8      	LDD  R30,Y+8
0002b2 85f9      	LDD  R31,Y+8+1
0002b3 85aa      	LDD  R26,Y+10
0002b4 85bb      	LDD  R27,Y+10+1
0002b5 17ae      	CP   R26,R30
0002b6 07bf      	CPC  R27,R31
0002b7 f050      	BRLO _0x202005C
0002b8 5f2f      	SUBI R18,-LOW(1)
0002b9 85a8      	LDD  R26,Y+8
0002ba 85b9      	LDD  R27,Y+8+1
0002bb 85ea      	LDD  R30,Y+10
0002bc 85fb      	LDD  R31,Y+10+1
0002bd 1bea      	SUB  R30,R26
0002be 0bfb      	SBC  R31,R27
0002bf 87ea      	STD  Y+10,R30
0002c0 87fb      	STD  Y+10+1,R31
0002c1 cfef      	RJMP _0x202005A
                 _0x202005C:
0002c2 332a      	CPI  R18,58
0002c3 f028      	BRLO _0x202005D
0002c4 ff03      	SBRS R16,3
0002c5 c002      	RJMP _0x202005E
0002c6 5f29      	SUBI R18,-LOW(7)
0002c7 c001      	RJMP _0x202005F
                 _0x202005E:
0002c8 5d29      	SUBI R18,-LOW(39)
                 _0x202005F:
                 _0x202005D:
0002c9 fd04      	SBRC R16,4
0002ca c01a      	RJMP _0x2020061
0002cb 3321      	CPI  R18,49
0002cc f420      	BRSH _0x2020063
0002cd 85a8      	LDD  R26,Y+8
0002ce 85b9      	LDD  R27,Y+8+1
0002cf 9711      	SBIW R26,1
0002d0 f409      	BRNE _0x2020062
                 _0x2020063:
0002d1 c009      	RJMP _0x20200CD
                 _0x2020062:
0002d2 1753      	CP   R21,R19
0002d3 f010      	BRLO _0x2020067
0002d4 ff00      	SBRS R16,0
0002d5 c001      	RJMP _0x2020068
                 _0x2020067:
0002d6 c013      	RJMP _0x2020066
                 _0x2020068:
0002d7 e220      	LDI  R18,LOW(32)
0002d8 ff07      	SBRS R16,7
0002d9 c00b      	RJMP _0x2020069
0002da e320      	LDI  R18,LOW(48)
                 _0x20200CD:
0002db 6100      	ORI  R16,LOW(16)
0002dc ff02      	SBRS R16,2
0002dd c007      	RJMP _0x202006A
0002de 7f0b      	ANDI R16,LOW(251)
0002df 934a      	ST   -Y,R20
0002e0 940e 03a0 	CALL SUBOPT_0x8
0002e2 3050      	CPI  R21,0
0002e3 f009      	BREQ _0x202006B
0002e4 5051      	SUBI R21,LOW(1)
                 _0x202006B:
                 _0x202006A:
                 _0x2020069:
                 _0x2020061:
0002e5 940e 0393 	CALL SUBOPT_0x6
0002e7 3050      	CPI  R21,0
0002e8 f009      	BREQ _0x202006C
0002e9 5051      	SUBI R21,LOW(1)
                 _0x202006C:
                 _0x2020066:
0002ea 5031      	SUBI R19,LOW(1)
0002eb 85a8      	LDD  R26,Y+8
0002ec 85b9      	LDD  R27,Y+8+1
0002ed 9712      	SBIW R26,2
0002ee f008      	BRLO _0x2020059
0002ef cfb5      	RJMP _0x2020058
                 _0x2020059:
                 _0x2020056:
0002f0 ff00      	SBRS R16,0
0002f1 c008      	RJMP _0x202006D
                 _0x202006E:
0002f2 3050      	CPI  R21,0
0002f3 f031      	BREQ _0x2020070
0002f4 5051      	SUBI R21,LOW(1)
0002f5 e2e0      	LDI  R30,LOW(32)
0002f6 93ea      	ST   -Y,R30
0002f7 940e 03a0 	CALL SUBOPT_0x8
0002f9 cff8      	RJMP _0x202006E
                 _0x2020070:
                 _0x202006D:
                 _0x2020071:
                 _0x2020030:
                 _0x20200CC:
0002fa e010      	LDI  R17,LOW(0)
                 _0x202001B:
0002fb cee0      	RJMP _0x2020016
                 _0x2020018:
0002fc 85ac      	LDD  R26,Y+12
0002fd 85bd      	LDD  R27,Y+12+1
0002fe 940e 03d6 	CALL __GETW1P
000300 940e 03ea 	CALL __LOADLOCR6
000302 9664      	ADIW R28,20
000303 9508      	RET
                 ; .FEND
                 _sprintf:
                 ; .FSTART _sprintf
000304 92ff      	PUSH R15
000305 2ef8      	MOV  R15,R24
000306 9726      	SBIW R28,6
000307 940e 03e5 	CALL __SAVELOCR4
000309 940e 03b8 	CALL SUBOPT_0xB
00030b 9730      	SBIW R30,0
00030c f419      	BRNE _0x2020072
00030d efef      	LDI  R30,LOW(65535)
00030e efff      	LDI  R31,HIGH(65535)
00030f c023      	RJMP _0x2080001
                 _0x2020072:
000310 01de      	MOVW R26,R28
000311 9616      	ADIW R26,6
000312 940e 03c9 	CALL __ADDW2R15
000314 018d      	MOVW R16,R26
000315 940e 03b8 	CALL SUBOPT_0xB
000317 83ee      	STD  Y+6,R30
000318 83ff      	STD  Y+6+1,R31
000319 e0e0      	LDI  R30,LOW(0)
00031a 87e8      	STD  Y+8,R30
00031b 87e9      	STD  Y+8+1,R30
00031c 01de      	MOVW R26,R28
00031d 961a      	ADIW R26,10
00031e 940e 03c9 	CALL __ADDW2R15
000320 940e 03d6 	CALL __GETW1P
000322 93fa      	ST   -Y,R31
000323 93ea      	ST   -Y,R30
000324 931a      	ST   -Y,R17
000325 930a      	ST   -Y,R16
000326 e9e0      	LDI  R30,LOW(_put_buff_G101)
000327 e0f1      	LDI  R31,HIGH(_put_buff_G101)
000328 93fa      	ST   -Y,R31
000329 93ea      	ST   -Y,R30
00032a 01de      	MOVW R26,R28
00032b 961a      	ADIW R26,10
00032c dea3      	RCALL __print_G101
00032d 019f      	MOVW R18,R30
00032e 81ae      	LDD  R26,Y+6
00032f 81bf      	LDD  R27,Y+6+1
000330 e0e0      	LDI  R30,LOW(0)
000331 93ec      	ST   X,R30
000332 01f9      	MOVW R30,R18
                 _0x2080001:
000333 940e 03ec 	CALL __LOADLOCR4
000335 962a      	ADIW R28,10
000336 90ff      	POP  R15
000337 9508      	RET
                 ; .FEND
                 
                 	.CSEG
                 
                 	.CSEG
                 _strlen:
                 ; .FSTART _strlen
000338 93ba      	ST   -Y,R27
000339 93aa      	ST   -Y,R26
00033a 91a9          ld   r26,y+
00033b 91b9          ld   r27,y+
00033c 27ee          clr  r30
00033d 27ff          clr  r31
                 strlen0:
00033e 916d          ld   r22,x+
00033f 2366          tst  r22
000340 f011          breq strlen1
000341 9631          adiw r30,1
000342 cffb          rjmp strlen0
                 strlen1:
000343 9508          ret
                 ; .FEND
                 _strlenf:
                 ; .FSTART _strlenf
000344 93ba      	ST   -Y,R27
000345 93aa      	ST   -Y,R26
000346 27aa          clr  r26
000347 27bb          clr  r27
000348 91e9          ld   r30,y+
000349 91f9          ld   r31,y+
                 strlenf0:
00034a 9005      	lpm  r0,z+
00034b 2000          tst  r0
00034c f011          breq strlenf1
00034d 9611          adiw r26,1
00034e cffb          rjmp strlenf0
                 strlenf1:
00034f 01fd          movw r30,r26
000350 9508          ret
                 ; .FEND
                 
                 	.DSEG
                 _str:
000160           	.BYTE 0x10
                 __base_y_G100:
000170           	.BYTE 0x4
                 
                 	.CSEG
                 ;OPTIMIZER ADDED SUBROUTINE, CALLED 2 TIMES, CODE SIZE REDUCTION:4 WORDS
                 SUBOPT_0x0:
                +
000351 e6ac     +LDI R26 , LOW ( 2 * _0x0 + ( 0 ) )
000352 e0b0     +LDI R27 , HIGH ( 2 * _0x0 + ( 0 ) )
                 	__POINTW2FN _0x0,0
000353 940e 0150 	CALL _lcd_putsf
000355 e0e1      	LDI  R30,LOW(1)
000356 93ea      	ST   -Y,R30
000357 e0a1      	LDI  R26,LOW(1)
000358 940c 0113 	JMP  _lcd_gotoxy
                 
                 ;OPTIMIZER ADDED SUBROUTINE, CALLED 2 TIMES, CODE SIZE REDUCTION:2 WORDS
                 SUBOPT_0x1:
                +
00035a e0e0     +LDI R30 , LOW ( 0x0 )
00035b e0f0     +LDI R31 , HIGH ( 0x0 )
00035c e060     +LDI R22 , BYTE3 ( 0x0 )
00035d e070     +LDI R23 , BYTE4 ( 0x0 )
                 	__GETD1N 0x0
00035e 01df      	MOVW R26,R30
00035f 940c 03bf 	JMP  _delay_ms
                 
                 ;OPTIMIZER ADDED SUBROUTINE, CALLED 3 TIMES, CODE SIZE REDUCTION:1 WORDS
                 SUBOPT_0x2:
000361 e6e0      	LDI  R30,LOW(_str)
000362 e0f1      	LDI  R31,HIGH(_str)
000363 93fa      	ST   -Y,R31
000364 93ea      	ST   -Y,R30
000365 9508      	RET
                 
                 ;OPTIMIZER ADDED SUBROUTINE, CALLED 2 TIMES, CODE SIZE REDUCTION:27 WORDS
                 SUBOPT_0x3:
                +
000366 e9ea     +LDI R30 , LOW ( 2 * _0x0 + ( 46 ) )
000367 e0f0     +LDI R31 , HIGH ( 2 * _0x0 + ( 46 ) )
                 	__POINTW1FN _0x0,46
000368 93fa      	ST   -Y,R31
000369 93ea      	ST   -Y,R30
00036a 01f4      	MOVW R30,R8
00036b 940e 03d1 	CALL __CWD1
00036d 940e 03de 	CALL __PUTPARD1
00036f 01f3      	MOVW R30,R6
000370 940e 03d1 	CALL __CWD1
000372 940e 03de 	CALL __PUTPARD1
000374 01f2      	MOVW R30,R4
000375 940e 03d1 	CALL __CWD1
000377 940e 03de 	CALL __PUTPARD1
000379 e08c      	LDI  R24,12
00037a 940e 0304 	CALL _sprintf
00037c 9660      	ADIW R28,16
00037d e0e0      	LDI  R30,LOW(0)
00037e 93ea      	ST   -Y,R30
00037f e0a0      	LDI  R26,LOW(0)
000380 940e 0113 	CALL _lcd_gotoxy
000382 e6a0      	LDI  R26,LOW(_str)
000383 e0b1      	LDI  R27,HIGH(_str)
000384 940c 0141 	JMP  _lcd_puts
                 
                 ;OPTIMIZER ADDED SUBROUTINE, CALLED 2 TIMES, CODE SIZE REDUCTION:1 WORDS
                 SUBOPT_0x4:
000386 940e 0107 	CALL __lcd_write_data
000388 e0a3      	LDI  R26,LOW(3)
000389 e0b0      	LDI  R27,0
00038a 940c 03bf 	JMP  _delay_ms
                 
                 ;OPTIMIZER ADDED SUBROUTINE, CALLED 3 TIMES, CODE SIZE REDUCTION:5 WORDS
                 SUBOPT_0x5:
00038c e3a0      	LDI  R26,LOW(48)
00038d 940e 00f3 	CALL __lcd_write_nibble_G100
                +
00038f e281     +LDI R24 , LOW ( 33 )
                +__DELAY_USB_LOOP :
000390 958a     +DEC R24
000391 f7f1     +BRNE __DELAY_USB_LOOP
                 	__DELAY_USB 33
000392 9508      	RET
                 
                 ;OPTIMIZER ADDED SUBROUTINE, CALLED 5 TIMES, CODE SIZE REDUCTION:13 WORDS
                 SUBOPT_0x6:
000393 932a      	ST   -Y,R18
000394 85ad      	LDD  R26,Y+13
000395 85be      	LDD  R27,Y+13+1
000396 85ef      	LDD  R30,Y+15
000397 89f8      	LDD  R31,Y+15+1
000398 9509      	ICALL
000399 9508      	RET
                 
                 ;OPTIMIZER ADDED SUBROUTINE, CALLED 5 TIMES, CODE SIZE REDUCTION:9 WORDS
                 SUBOPT_0x7:
00039a 89e8      	LDD  R30,Y+16
00039b 89f9      	LDD  R31,Y+16+1
00039c 9734      	SBIW R30,4
00039d 8be8      	STD  Y+16,R30
00039e 8bf9      	STD  Y+16+1,R31
00039f 9508      	RET
                 
                 ;OPTIMIZER ADDED SUBROUTINE, CALLED 3 TIMES, CODE SIZE REDUCTION:3 WORDS
                 SUBOPT_0x8:
0003a0 85ad      	LDD  R26,Y+13
0003a1 85be      	LDD  R27,Y+13+1
0003a2 85ef      	LDD  R30,Y+15
0003a3 89f8      	LDD  R31,Y+15+1
0003a4 9509      	ICALL
0003a5 9508      	RET
                 
                 ;OPTIMIZER ADDED SUBROUTINE, CALLED 2 TIMES, CODE SIZE REDUCTION:4 WORDS
                 SUBOPT_0x9:
0003a6 89a8      	LDD  R26,Y+16
0003a7 89b9      	LDD  R27,Y+16+1
0003a8 9614      	ADIW R26,4
0003a9 940e 03d6 	CALL __GETW1P
0003ab 83ee      	STD  Y+6,R30
0003ac 83ff      	STD  Y+6+1,R31
0003ad 81ae      	LDD  R26,Y+6
0003ae 81bf      	LDD  R27,Y+6+1
0003af 9508      	RET
                 
                 ;OPTIMIZER ADDED SUBROUTINE, CALLED 2 TIMES, CODE SIZE REDUCTION:2 WORDS
                 SUBOPT_0xA:
0003b0 89a8      	LDD  R26,Y+16
0003b1 89b9      	LDD  R27,Y+16+1
0003b2 9614      	ADIW R26,4
0003b3 940e 03d6 	CALL __GETW1P
0003b5 87ea      	STD  Y+10,R30
0003b6 87fb      	STD  Y+10+1,R31
0003b7 9508      	RET
                 
                 ;OPTIMIZER ADDED SUBROUTINE, CALLED 2 TIMES, CODE SIZE REDUCTION:1 WORDS
                 SUBOPT_0xB:
0003b8 01de      	MOVW R26,R28
0003b9 961c      	ADIW R26,12
0003ba 940e 03c9 	CALL __ADDW2R15
0003bc 940e 03d6 	CALL __GETW1P
0003be 9508      	RET
                 
                 
                 	.CSEG
                 _delay_ms:
0003bf 9610      	adiw r26,0
0003c0 f039      	breq __delay_ms1
                 __delay_ms0:
0003c1 95a8      	wdr
                +
0003c2 ef8a     +LDI R24 , LOW ( 0xFA )
0003c3 e090     +LDI R25 , HIGH ( 0xFA )
                +__DELAY_USW_LOOP :
0003c4 9701     +SBIW R24 , 1
0003c5 f7f1     +BRNE __DELAY_USW_LOOP
                 	__DELAY_USW 0xFA
0003c6 9711      	sbiw r26,1
0003c7 f7c9      	brne __delay_ms0
                 __delay_ms1:
0003c8 9508      	ret
                 
                 __ADDW2R15:
0003c9 2400      	CLR  R0
0003ca 0daf      	ADD  R26,R15
0003cb 1db0      	ADC  R27,R0
0003cc 9508      	RET
                 
                 __ANEGW1:
0003cd 95f1      	NEG  R31
0003ce 95e1      	NEG  R30
0003cf 40f0      	SBCI R31,0
0003d0 9508      	RET
                 
                 __CWD1:
0003d1 2f6f      	MOV  R22,R31
0003d2 0f66      	ADD  R22,R22
0003d3 0b66      	SBC  R22,R22
0003d4 2f76      	MOV  R23,R22
0003d5 9508      	RET
                 
                 __GETW1P:
0003d6 91ed      	LD   R30,X+
0003d7 91fc      	LD   R31,X
0003d8 9711      	SBIW R26,1
0003d9 9508      	RET
                 
                 __GETW1PF:
0003da 9005      	LPM  R0,Z+
0003db 91f4      	LPM  R31,Z
0003dc 2de0      	MOV  R30,R0
0003dd 9508      	RET
                 
                 __PUTPARD1:
0003de 937a      	ST   -Y,R23
0003df 936a      	ST   -Y,R22
0003e0 93fa      	ST   -Y,R31
0003e1 93ea      	ST   -Y,R30
0003e2 9508      	RET
                 
                 __SAVELOCR6:
0003e3 935a      	ST   -Y,R21
                 __SAVELOCR5:
0003e4 934a      	ST   -Y,R20
                 __SAVELOCR4:
0003e5 933a      	ST   -Y,R19
                 __SAVELOCR3:
0003e6 932a      	ST   -Y,R18
                 __SAVELOCR2:
0003e7 931a      	ST   -Y,R17
0003e8 930a      	ST   -Y,R16
0003e9 9508      	RET
                 
                 __LOADLOCR6:
0003ea 815d      	LDD  R21,Y+5
                 __LOADLOCR5:
0003eb 814c      	LDD  R20,Y+4
                 __LOADLOCR4:
0003ec 813b      	LDD  R19,Y+3
                 __LOADLOCR3:
0003ed 812a      	LDD  R18,Y+2
                 __LOADLOCR2:
0003ee 8119      	LDD  R17,Y+1
0003ef 8108      	LD   R16,Y
0003f0 9508      	RET
                 
                 ;END OF CODE MARKER
                 __END_OF_CODE:


RESOURCE USE INFORMATION
------------------------

Notice:
The register and instruction counts are symbol table hit counts,
and hence implicitly used resources are not counted, eg, the
'lpm' instruction without operands implicitly uses r0 and z,
none of which are counted.

x,y,z are separate entities in the symbol table and are
counted separately from r26..r31 here.

.dseg memory usage only counts static data declared with .byte

ATmega16 register use summary:
r0 :  11 r1 :   1 r2 :   0 r3 :   0 r4 :   6 r5 :   3 r6 :   5 r7 :   2 
r8 :   3 r9 :   0 r10:   4 r11:   4 r12:   0 r13:   2 r14:   0 r15:   4 
r16:  34 r17:  27 r18:  29 r19:   8 r20:   9 r21:  17 r22:  12 r23:   3 
r24:  24 r25:   3 r26: 103 r27:  40 r28:  15 r29:   1 r30: 216 r31:  67 
x  :  23 y  : 176 z  :  16 
Registers used: 30 out of 35 (85.7%)

ATmega16 instruction use summary:
.lds  :   0 .lds.l:   0 .sts  :   0 .sts.l:   0 adc   :   1 add   :   4 
adiw  :  29 and   :   0 andi  :   6 asr   :   0 bclr  :   0 bld   :   0 
brbc  :   0 brbs  :   0 brcc  :   0 brcs  :   0 break :   0 breq  :  18 
brge  :   2 brhc  :   0 brhs  :   0 brid  :   0 brie  :   0 brlo  :   8 
brlt  :   0 brmi  :   1 brne  :  30 brpl  :   1 brsh  :   2 brtc  :   0 
brts  :   0 brvc  :   0 brvs  :   0 bset  :   0 bst   :   0 call  :  66 
cbi   :   5 cbr   :   0 clc   :   0 clh   :   0 cli   :   1 cln   :   0 
clr   :  13 cls   :   0 clt   :   0 clv   :   0 clz   :   0 com   :   0 
cp    :   6 cpc   :   4 cpi   :  34 cpse  :   0 dec   :   7 des   :   0 
eor   :   0 fmul  :   0 fmuls :   0 fmulsu:   0 icall :   2 ijmp  :   0 
in    :   2 inc   :   2 jmp   :  26 ld    :  25 ldd   :  79 ldi   : 107 
lds   :   0 lpm   :  16 lsl   :   0 lsr   :   0 mov   :  21 movw  :  24 
mul   :   1 muls  :   0 mulsu :   0 neg   :   2 nop   :   0 or    :   1 
ori   :   7 out   :  42 pop   :   1 push  :   1 rcall :  17 ret   :  26 
reti  :   0 rjmp  :  64 rol   :   0 ror   :   0 sbc   :   2 sbci  :   2 
sbi   :   5 sbic  :   3 sbis  :   0 sbiw  :  18 sbr   :   0 sbrc  :   2 
sbrs  :  10 sec   :   0 seh   :   0 sei   :   0 sen   :   0 ser   :   0 
ses   :   0 set   :   0 sev   :   0 sez   :   0 sleep :   0 spm   :   0 
st    :  65 std   :  33 sts   :   2 sub   :   1 subi  :  16 swap  :   1 
tst   :   4 wdr   :   1 
Instructions used: 54 out of 116 (46.6%)

ATmega16 memory use summary [bytes]:
Segment   Begin    End      Code   Data   Used    Size   Use%
---------------------------------------------------------------
[.cseg] 0x000000 0x0007e2   1920     98   2018   16384  12.3%
[.dseg] 0x000060 0x000174      0     20     20    1024   2.0%
[.eseg] 0x000000 0x000000      0      0      0     512   0.0%

Assembly complete, 0 errors, 9 warnings
