
AVRASM ver. 2.1.30  E:\mikro8.13\Debug\List\lcd_4.asm Sat Dec 21 22:01:34 2024

E:\mikro8.13\Debug\List\lcd_4.asm(1088): warning: Register r4 already defined by the .DEF directive
E:\mikro8.13\Debug\List\lcd_4.asm(1089): warning: Register r5 already defined by the .DEF directive
E:\mikro8.13\Debug\List\lcd_4.asm(1090): warning: Register r7 already defined by the .DEF directive
E:\mikro8.13\Debug\List\lcd_4.asm(1091): warning: Register r6 already defined by the .DEF directive
E:\mikro8.13\Debug\List\lcd_4.asm(1092): warning: Register r9 already defined by the .DEF directive
                 
                 
                 ;CodeVisionAVR C Compiler V3.14 Advanced
                 ;(C) Copyright 1998-2014 Pavel Haiduc, HP InfoTech s.r.l.
                 ;http://www.hpinfotech.com
                 
                 ;Build configuration    : Debug
                 ;Chip type              : ATmega16
                 ;Program type           : Application
                 ;Clock frequency        : 1.000000 MHz
                 ;Memory model           : Small
                 ;Optimize for           : Size
                 ;(s)printf features     : int, width
                 ;(s)scanf features      : int, width
                 ;External RAM size      : 0
                 ;Data Stack size        : 256 byte(s)
                 ;Heap size              : 0 byte(s)
                 ;Promote 'char' to 'int': Yes
                 ;'char' is unsigned     : Yes
                 ;8 bit enums            : Yes
                 ;Global 'const' stored in FLASH: Yes
                 ;Enhanced function parameter passing: Yes
                 ;Enhanced core instructions: On
                 ;Automatic register allocation for global variables: On
                 ;Smart register allocation: On
                 
                 	#define _MODEL_SMALL_
                 
                 	#pragma AVRPART ADMIN PART_NAME ATmega16
                 	#pragma AVRPART MEMORY PROG_FLASH 16384
                 	#pragma AVRPART MEMORY EEPROM 512
                 	#pragma AVRPART MEMORY INT_SRAM SIZE 1024
                 	#pragma AVRPART MEMORY INT_SRAM START_ADDR 0x60
                 
                 	#define CALL_SUPPORTED 1
                 
                 	.LISTMAC
                 	.EQU UDRE=0x5
                 	.EQU RXC=0x7
                 	.EQU USR=0xB
                 	.EQU UDR=0xC
                 	.EQU SPSR=0xE
                 	.EQU SPDR=0xF
                 	.EQU EERE=0x0
                 	.EQU EEWE=0x1
                 	.EQU EEMWE=0x2
                 	.EQU EECR=0x1C
                 	.EQU EEDR=0x1D
                 	.EQU EEARL=0x1E
                 	.EQU EEARH=0x1F
                 	.EQU WDTCR=0x21
                 	.EQU MCUCR=0x35
                 	.EQU GICR=0x3B
                 	.EQU SPL=0x3D
                 	.EQU SPH=0x3E
                 	.EQU SREG=0x3F
                 
                 	.DEF R0X0=R0
                 	.DEF R0X1=R1
                 	.DEF R0X2=R2
                 	.DEF R0X3=R3
                 	.DEF R0X4=R4
                 	.DEF R0X5=R5
                 	.DEF R0X6=R6
                 	.DEF R0X7=R7
                 	.DEF R0X8=R8
                 	.DEF R0X9=R9
                 	.DEF R0XA=R10
                 	.DEF R0XB=R11
                 	.DEF R0XC=R12
                 	.DEF R0XD=R13
                 	.DEF R0XE=R14
                 	.DEF R0XF=R15
                 	.DEF R0X10=R16
                 	.DEF R0X11=R17
                 	.DEF R0X12=R18
                 	.DEF R0X13=R19
                 	.DEF R0X14=R20
                 	.DEF R0X15=R21
                 	.DEF R0X16=R22
                 	.DEF R0X17=R23
                 	.DEF R0X18=R24
                 	.DEF R0X19=R25
                 	.DEF R0X1A=R26
                 	.DEF R0X1B=R27
                 	.DEF R0X1C=R28
                 	.DEF R0X1D=R29
                 	.DEF R0X1E=R30
                 	.DEF R0X1F=R31
                 
                 	.EQU __SRAM_START=0x0060
                 	.EQU __SRAM_END=0x045F
                 	.EQU __DSTACK_SIZE=0x0100
                 	.EQU __HEAP_SIZE=0x0000
                 	.EQU __CLEAR_SRAM_SIZE=__SRAM_END-__SRAM_START+1
                 
                 	.MACRO __CPD1N
                 	CPI  R30,LOW(@0)
                 	LDI  R26,HIGH(@0)
                 	CPC  R31,R26
                 	LDI  R26,BYTE3(@0)
                 	CPC  R22,R26
                 	LDI  R26,BYTE4(@0)
                 	CPC  R23,R26
                 	.ENDM
                 
                 	.MACRO __CPD2N
                 	CPI  R26,LOW(@0)
                 	LDI  R30,HIGH(@0)
                 	CPC  R27,R30
                 	LDI  R30,BYTE3(@0)
                 	CPC  R24,R30
                 	LDI  R30,BYTE4(@0)
                 	CPC  R25,R30
                 	.ENDM
                 
                 	.MACRO __CPWRR
                 	CP   R@0,R@2
                 	CPC  R@1,R@3
                 	.ENDM
                 
                 	.MACRO __CPWRN
                 	CPI  R@0,LOW(@2)
                 	LDI  R30,HIGH(@2)
                 	CPC  R@1,R30
                 	.ENDM
                 
                 	.MACRO __ADDB1MN
                 	SUBI R30,LOW(-@0-(@1))
                 	.ENDM
                 
                 	.MACRO __ADDB2MN
                 	SUBI R26,LOW(-@0-(@1))
                 	.ENDM
                 
                 	.MACRO __ADDW1MN
                 	SUBI R30,LOW(-@0-(@1))
                 	SBCI R31,HIGH(-@0-(@1))
                 	.ENDM
                 
                 	.MACRO __ADDW2MN
                 	SUBI R26,LOW(-@0-(@1))
                 	SBCI R27,HIGH(-@0-(@1))
                 	.ENDM
                 
                 	.MACRO __ADDW1FN
                 	SUBI R30,LOW(-2*@0-(@1))
                 	SBCI R31,HIGH(-2*@0-(@1))
                 	.ENDM
                 
                 	.MACRO __ADDD1FN
                 	SUBI R30,LOW(-2*@0-(@1))
                 	SBCI R31,HIGH(-2*@0-(@1))
                 	SBCI R22,BYTE3(-2*@0-(@1))
                 	.ENDM
                 
                 	.MACRO __ADDD1N
                 	SUBI R30,LOW(-@0)
                 	SBCI R31,HIGH(-@0)
                 	SBCI R22,BYTE3(-@0)
                 	SBCI R23,BYTE4(-@0)
                 	.ENDM
                 
                 	.MACRO __ADDD2N
                 	SUBI R26,LOW(-@0)
                 	SBCI R27,HIGH(-@0)
                 	SBCI R24,BYTE3(-@0)
                 	SBCI R25,BYTE4(-@0)
                 	.ENDM
                 
                 	.MACRO __SUBD1N
                 	SUBI R30,LOW(@0)
                 	SBCI R31,HIGH(@0)
                 	SBCI R22,BYTE3(@0)
                 	SBCI R23,BYTE4(@0)
                 	.ENDM
                 
                 	.MACRO __SUBD2N
                 	SUBI R26,LOW(@0)
                 	SBCI R27,HIGH(@0)
                 	SBCI R24,BYTE3(@0)
                 	SBCI R25,BYTE4(@0)
                 	.ENDM
                 
                 	.MACRO __ANDBMNN
                 	LDS  R30,@0+(@1)
                 	ANDI R30,LOW(@2)
                 	STS  @0+(@1),R30
                 	.ENDM
                 
                 	.MACRO __ANDWMNN
                 	LDS  R30,@0+(@1)
                 	ANDI R30,LOW(@2)
                 	STS  @0+(@1),R30
                 	LDS  R30,@0+(@1)+1
                 	ANDI R30,HIGH(@2)
                 	STS  @0+(@1)+1,R30
                 	.ENDM
                 
                 	.MACRO __ANDD1N
                 	ANDI R30,LOW(@0)
                 	ANDI R31,HIGH(@0)
                 	ANDI R22,BYTE3(@0)
                 	ANDI R23,BYTE4(@0)
                 	.ENDM
                 
                 	.MACRO __ANDD2N
                 	ANDI R26,LOW(@0)
                 	ANDI R27,HIGH(@0)
                 	ANDI R24,BYTE3(@0)
                 	ANDI R25,BYTE4(@0)
                 	.ENDM
                 
                 	.MACRO __ORBMNN
                 	LDS  R30,@0+(@1)
                 	ORI  R30,LOW(@2)
                 	STS  @0+(@1),R30
                 	.ENDM
                 
                 	.MACRO __ORWMNN
                 	LDS  R30,@0+(@1)
                 	ORI  R30,LOW(@2)
                 	STS  @0+(@1),R30
                 	LDS  R30,@0+(@1)+1
                 	ORI  R30,HIGH(@2)
                 	STS  @0+(@1)+1,R30
                 	.ENDM
                 
                 	.MACRO __ORD1N
                 	ORI  R30,LOW(@0)
                 	ORI  R31,HIGH(@0)
                 	ORI  R22,BYTE3(@0)
                 	ORI  R23,BYTE4(@0)
                 	.ENDM
                 
                 	.MACRO __ORD2N
                 	ORI  R26,LOW(@0)
                 	ORI  R27,HIGH(@0)
                 	ORI  R24,BYTE3(@0)
                 	ORI  R25,BYTE4(@0)
                 	.ENDM
                 
                 	.MACRO __DELAY_USB
                 	LDI  R24,LOW(@0)
                 __DELAY_USB_LOOP:
                 	DEC  R24
                 	BRNE __DELAY_USB_LOOP
                 	.ENDM
                 
                 	.MACRO __DELAY_USW
                 	LDI  R24,LOW(@0)
                 	LDI  R25,HIGH(@0)
                 __DELAY_USW_LOOP:
                 	SBIW R24,1
                 	BRNE __DELAY_USW_LOOP
                 	.ENDM
                 
                 	.MACRO __GETD1S
                 	LDD  R30,Y+@0
                 	LDD  R31,Y+@0+1
                 	LDD  R22,Y+@0+2
                 	LDD  R23,Y+@0+3
                 	.ENDM
                 
                 	.MACRO __GETD2S
                 	LDD  R26,Y+@0
                 	LDD  R27,Y+@0+1
                 	LDD  R24,Y+@0+2
                 	LDD  R25,Y+@0+3
                 	.ENDM
                 
                 	.MACRO __PUTD1S
                 	STD  Y+@0,R30
                 	STD  Y+@0+1,R31
                 	STD  Y+@0+2,R22
                 	STD  Y+@0+3,R23
                 	.ENDM
                 
                 	.MACRO __PUTD2S
                 	STD  Y+@0,R26
                 	STD  Y+@0+1,R27
                 	STD  Y+@0+2,R24
                 	STD  Y+@0+3,R25
                 	.ENDM
                 
                 	.MACRO __PUTDZ2
                 	STD  Z+@0,R26
                 	STD  Z+@0+1,R27
                 	STD  Z+@0+2,R24
                 	STD  Z+@0+3,R25
                 	.ENDM
                 
                 	.MACRO __CLRD1S
                 	STD  Y+@0,R30
                 	STD  Y+@0+1,R30
                 	STD  Y+@0+2,R30
                 	STD  Y+@0+3,R30
                 	.ENDM
                 
                 	.MACRO __POINTB1MN
                 	LDI  R30,LOW(@0+(@1))
                 	.ENDM
                 
                 	.MACRO __POINTW1MN
                 	LDI  R30,LOW(@0+(@1))
                 	LDI  R31,HIGH(@0+(@1))
                 	.ENDM
                 
                 	.MACRO __POINTD1M
                 	LDI  R30,LOW(@0)
                 	LDI  R31,HIGH(@0)
                 	LDI  R22,BYTE3(@0)
                 	LDI  R23,BYTE4(@0)
                 	.ENDM
                 
                 	.MACRO __POINTW1FN
                 	LDI  R30,LOW(2*@0+(@1))
                 	LDI  R31,HIGH(2*@0+(@1))
                 	.ENDM
                 
                 	.MACRO __POINTD1FN
                 	LDI  R30,LOW(2*@0+(@1))
                 	LDI  R31,HIGH(2*@0+(@1))
                 	LDI  R22,BYTE3(2*@0+(@1))
                 	LDI  R23,BYTE4(2*@0+(@1))
                 	.ENDM
                 
                 	.MACRO __POINTB2MN
                 	LDI  R26,LOW(@0+(@1))
                 	.ENDM
                 
                 	.MACRO __POINTW2MN
                 	LDI  R26,LOW(@0+(@1))
                 	LDI  R27,HIGH(@0+(@1))
                 	.ENDM
                 
                 	.MACRO __POINTW2FN
                 	LDI  R26,LOW(2*@0+(@1))
                 	LDI  R27,HIGH(2*@0+(@1))
                 	.ENDM
                 
                 	.MACRO __POINTD2FN
                 	LDI  R26,LOW(2*@0+(@1))
                 	LDI  R27,HIGH(2*@0+(@1))
                 	LDI  R24,BYTE3(2*@0+(@1))
                 	LDI  R25,BYTE4(2*@0+(@1))
                 	.ENDM
                 
                 	.MACRO __POINTBRM
                 	LDI  R@0,LOW(@1)
                 	.ENDM
                 
                 	.MACRO __POINTWRM
                 	LDI  R@0,LOW(@2)
                 	LDI  R@1,HIGH(@2)
                 	.ENDM
                 
                 	.MACRO __POINTBRMN
                 	LDI  R@0,LOW(@1+(@2))
                 	.ENDM
                 
                 	.MACRO __POINTWRMN
                 	LDI  R@0,LOW(@2+(@3))
                 	LDI  R@1,HIGH(@2+(@3))
                 	.ENDM
                 
                 	.MACRO __POINTWRFN
                 	LDI  R@0,LOW(@2*2+(@3))
                 	LDI  R@1,HIGH(@2*2+(@3))
                 	.ENDM
                 
                 	.MACRO __GETD1N
                 	LDI  R30,LOW(@0)
                 	LDI  R31,HIGH(@0)
                 	LDI  R22,BYTE3(@0)
                 	LDI  R23,BYTE4(@0)
                 	.ENDM
                 
                 	.MACRO __GETD2N
                 	LDI  R26,LOW(@0)
                 	LDI  R27,HIGH(@0)
                 	LDI  R24,BYTE3(@0)
                 	LDI  R25,BYTE4(@0)
                 	.ENDM
                 
                 	.MACRO __GETB1MN
                 	LDS  R30,@0+(@1)
                 	.ENDM
                 
                 	.MACRO __GETB1HMN
                 	LDS  R31,@0+(@1)
                 	.ENDM
                 
                 	.MACRO __GETW1MN
                 	LDS  R30,@0+(@1)
                 	LDS  R31,@0+(@1)+1
                 	.ENDM
                 
                 	.MACRO __GETD1MN
                 	LDS  R30,@0+(@1)
                 	LDS  R31,@0+(@1)+1
                 	LDS  R22,@0+(@1)+2
                 	LDS  R23,@0+(@1)+3
                 	.ENDM
                 
                 	.MACRO __GETBRMN
                 	LDS  R@0,@1+(@2)
                 	.ENDM
                 
                 	.MACRO __GETWRMN
                 	LDS  R@0,@2+(@3)
                 	LDS  R@1,@2+(@3)+1
                 	.ENDM
                 
                 	.MACRO __GETWRZ
                 	LDD  R@0,Z+@2
                 	LDD  R@1,Z+@2+1
                 	.ENDM
                 
                 	.MACRO __GETD2Z
                 	LDD  R26,Z+@0
                 	LDD  R27,Z+@0+1
                 	LDD  R24,Z+@0+2
                 	LDD  R25,Z+@0+3
                 	.ENDM
                 
                 	.MACRO __GETB2MN
                 	LDS  R26,@0+(@1)
                 	.ENDM
                 
                 	.MACRO __GETW2MN
                 	LDS  R26,@0+(@1)
                 	LDS  R27,@0+(@1)+1
                 	.ENDM
                 
                 	.MACRO __GETD2MN
                 	LDS  R26,@0+(@1)
                 	LDS  R27,@0+(@1)+1
                 	LDS  R24,@0+(@1)+2
                 	LDS  R25,@0+(@1)+3
                 	.ENDM
                 
                 	.MACRO __PUTB1MN
                 	STS  @0+(@1),R30
                 	.ENDM
                 
                 	.MACRO __PUTW1MN
                 	STS  @0+(@1),R30
                 	STS  @0+(@1)+1,R31
                 	.ENDM
                 
                 	.MACRO __PUTD1MN
                 	STS  @0+(@1),R30
                 	STS  @0+(@1)+1,R31
                 	STS  @0+(@1)+2,R22
                 	STS  @0+(@1)+3,R23
                 	.ENDM
                 
                 	.MACRO __PUTB1EN
                 	LDI  R26,LOW(@0+(@1))
                 	LDI  R27,HIGH(@0+(@1))
                 	CALL __EEPROMWRB
                 	.ENDM
                 
                 	.MACRO __PUTW1EN
                 	LDI  R26,LOW(@0+(@1))
                 	LDI  R27,HIGH(@0+(@1))
                 	CALL __EEPROMWRW
                 	.ENDM
                 
                 	.MACRO __PUTD1EN
                 	LDI  R26,LOW(@0+(@1))
                 	LDI  R27,HIGH(@0+(@1))
                 	CALL __EEPROMWRD
                 	.ENDM
                 
                 	.MACRO __PUTBR0MN
                 	STS  @0+(@1),R0
                 	.ENDM
                 
                 	.MACRO __PUTBMRN
                 	STS  @0+(@1),R@2
                 	.ENDM
                 
                 	.MACRO __PUTWMRN
                 	STS  @0+(@1),R@2
                 	STS  @0+(@1)+1,R@3
                 	.ENDM
                 
                 	.MACRO __PUTBZR
                 	STD  Z+@1,R@0
                 	.ENDM
                 
                 	.MACRO __PUTWZR
                 	STD  Z+@2,R@0
                 	STD  Z+@2+1,R@1
                 	.ENDM
                 
                 	.MACRO __GETW1R
                 	MOV  R30,R@0
                 	MOV  R31,R@1
                 	.ENDM
                 
                 	.MACRO __GETW2R
                 	MOV  R26,R@0
                 	MOV  R27,R@1
                 	.ENDM
                 
                 	.MACRO __GETWRN
                 	LDI  R@0,LOW(@2)
                 	LDI  R@1,HIGH(@2)
                 	.ENDM
                 
                 	.MACRO __PUTW1R
                 	MOV  R@0,R30
                 	MOV  R@1,R31
                 	.ENDM
                 
                 	.MACRO __PUTW2R
                 	MOV  R@0,R26
                 	MOV  R@1,R27
                 	.ENDM
                 
                 	.MACRO __ADDWRN
                 	SUBI R@0,LOW(-@2)
                 	SBCI R@1,HIGH(-@2)
                 	.ENDM
                 
                 	.MACRO __ADDWRR
                 	ADD  R@0,R@2
                 	ADC  R@1,R@3
                 	.ENDM
                 
                 	.MACRO __SUBWRN
                 	SUBI R@0,LOW(@2)
                 	SBCI R@1,HIGH(@2)
                 	.ENDM
                 
                 	.MACRO __SUBWRR
                 	SUB  R@0,R@2
                 	SBC  R@1,R@3
                 	.ENDM
                 
                 	.MACRO __ANDWRN
                 	ANDI R@0,LOW(@2)
                 	ANDI R@1,HIGH(@2)
                 	.ENDM
                 
                 	.MACRO __ANDWRR
                 	AND  R@0,R@2
                 	AND  R@1,R@3
                 	.ENDM
                 
                 	.MACRO __ORWRN
                 	ORI  R@0,LOW(@2)
                 	ORI  R@1,HIGH(@2)
                 	.ENDM
                 
                 	.MACRO __ORWRR
                 	OR   R@0,R@2
                 	OR   R@1,R@3
                 	.ENDM
                 
                 	.MACRO __EORWRR
                 	EOR  R@0,R@2
                 	EOR  R@1,R@3
                 	.ENDM
                 
                 	.MACRO __GETWRS
                 	LDD  R@0,Y+@2
                 	LDD  R@1,Y+@2+1
                 	.ENDM
                 
                 	.MACRO __PUTBSR
                 	STD  Y+@1,R@0
                 	.ENDM
                 
                 	.MACRO __PUTWSR
                 	STD  Y+@2,R@0
                 	STD  Y+@2+1,R@1
                 	.ENDM
                 
                 	.MACRO __MOVEWRR
                 	MOV  R@0,R@2
                 	MOV  R@1,R@3
                 	.ENDM
                 
                 	.MACRO __INWR
                 	IN   R@0,@2
                 	IN   R@1,@2+1
                 	.ENDM
                 
                 	.MACRO __OUTWR
                 	OUT  @2+1,R@1
                 	OUT  @2,R@0
                 	.ENDM
                 
                 	.MACRO __CALL1MN
                 	LDS  R30,@0+(@1)
                 	LDS  R31,@0+(@1)+1
                 	ICALL
                 	.ENDM
                 
                 	.MACRO __CALL1FN
                 	LDI  R30,LOW(2*@0+(@1))
                 	LDI  R31,HIGH(2*@0+(@1))
                 	CALL __GETW1PF
                 	ICALL
                 	.ENDM
                 
                 	.MACRO __CALL2EN
                 	PUSH R26
                 	PUSH R27
                 	LDI  R26,LOW(@0+(@1))
                 	LDI  R27,HIGH(@0+(@1))
                 	CALL __EEPROMRDW
                 	POP  R27
                 	POP  R26
                 	ICALL
                 	.ENDM
                 
                 	.MACRO __CALL2EX
                 	SUBI R26,LOW(-@0)
                 	SBCI R27,HIGH(-@0)
                 	CALL __EEPROMRDD
                 	ICALL
                 	.ENDM
                 
                 	.MACRO __GETW1STACK
                 	IN   R30,SPL
                 	IN   R31,SPH
                 	ADIW R30,@0+1
                 	LD   R0,Z+
                 	LD   R31,Z
                 	MOV  R30,R0
                 	.ENDM
                 
                 	.MACRO __GETD1STACK
                 	IN   R30,SPL
                 	IN   R31,SPH
                 	ADIW R30,@0+1
                 	LD   R0,Z+
                 	LD   R1,Z+
                 	LD   R22,Z
                 	MOVW R30,R0
                 	.ENDM
                 
                 	.MACRO __NBST
                 	BST  R@0,@1
                 	IN   R30,SREG
                 	LDI  R31,0x40
                 	EOR  R30,R31
                 	OUT  SREG,R30
                 	.ENDM
                 
                 
                 	.MACRO __PUTB1SN
                 	LDD  R26,Y+@0
                 	LDD  R27,Y+@0+1
                 	SUBI R26,LOW(-@1)
                 	SBCI R27,HIGH(-@1)
                 	ST   X,R30
                 	.ENDM
                 
                 	.MACRO __PUTW1SN
                 	LDD  R26,Y+@0
                 	LDD  R27,Y+@0+1
                 	SUBI R26,LOW(-@1)
                 	SBCI R27,HIGH(-@1)
                 	ST   X+,R30
                 	ST   X,R31
                 	.ENDM
                 
                 	.MACRO __PUTD1SN
                 	LDD  R26,Y+@0
                 	LDD  R27,Y+@0+1
                 	SUBI R26,LOW(-@1)
                 	SBCI R27,HIGH(-@1)
                 	CALL __PUTDP1
                 	.ENDM
                 
                 	.MACRO __PUTB1SNS
                 	LDD  R26,Y+@0
                 	LDD  R27,Y+@0+1
                 	ADIW R26,@1
                 	ST   X,R30
                 	.ENDM
                 
                 	.MACRO __PUTW1SNS
                 	LDD  R26,Y+@0
                 	LDD  R27,Y+@0+1
                 	ADIW R26,@1
                 	ST   X+,R30
                 	ST   X,R31
                 	.ENDM
                 
                 	.MACRO __PUTD1SNS
                 	LDD  R26,Y+@0
                 	LDD  R27,Y+@0+1
                 	ADIW R26,@1
                 	CALL __PUTDP1
                 	.ENDM
                 
                 	.MACRO __PUTB1PMN
                 	LDS  R26,@0
                 	LDS  R27,@0+1
                 	SUBI R26,LOW(-@1)
                 	SBCI R27,HIGH(-@1)
                 	ST   X,R30
                 	.ENDM
                 
                 	.MACRO __PUTW1PMN
                 	LDS  R26,@0
                 	LDS  R27,@0+1
                 	SUBI R26,LOW(-@1)
                 	SBCI R27,HIGH(-@1)
                 	ST   X+,R30
                 	ST   X,R31
                 	.ENDM
                 
                 	.MACRO __PUTD1PMN
                 	LDS  R26,@0
                 	LDS  R27,@0+1
                 	SUBI R26,LOW(-@1)
                 	SBCI R27,HIGH(-@1)
                 	CALL __PUTDP1
                 	.ENDM
                 
                 	.MACRO __PUTB1PMNS
                 	LDS  R26,@0
                 	LDS  R27,@0+1
                 	ADIW R26,@1
                 	ST   X,R30
                 	.ENDM
                 
                 	.MACRO __PUTW1PMNS
                 	LDS  R26,@0
                 	LDS  R27,@0+1
                 	ADIW R26,@1
                 	ST   X+,R30
                 	ST   X,R31
                 	.ENDM
                 
                 	.MACRO __PUTD1PMNS
                 	LDS  R26,@0
                 	LDS  R27,@0+1
                 	ADIW R26,@1
                 	CALL __PUTDP1
                 	.ENDM
                 
                 	.MACRO __PUTB1RN
                 	MOVW R26,R@0
                 	SUBI R26,LOW(-@1)
                 	SBCI R27,HIGH(-@1)
                 	ST   X,R30
                 	.ENDM
                 
                 	.MACRO __PUTW1RN
                 	MOVW R26,R@0
                 	SUBI R26,LOW(-@1)
                 	SBCI R27,HIGH(-@1)
                 	ST   X+,R30
                 	ST   X,R31
                 	.ENDM
                 
                 	.MACRO __PUTD1RN
                 	MOVW R26,R@0
                 	SUBI R26,LOW(-@1)
                 	SBCI R27,HIGH(-@1)
                 	CALL __PUTDP1
                 	.ENDM
                 
                 	.MACRO __PUTB1RNS
                 	MOVW R26,R@0
                 	ADIW R26,@1
                 	ST   X,R30
                 	.ENDM
                 
                 	.MACRO __PUTW1RNS
                 	MOVW R26,R@0
                 	ADIW R26,@1
                 	ST   X+,R30
                 	ST   X,R31
                 	.ENDM
                 
                 	.MACRO __PUTD1RNS
                 	MOVW R26,R@0
                 	ADIW R26,@1
                 	CALL __PUTDP1
                 	.ENDM
                 
                 	.MACRO __PUTB1RON
                 	MOV  R26,R@0
                 	MOV  R27,R@1
                 	SUBI R26,LOW(-@2)
                 	SBCI R27,HIGH(-@2)
                 	ST   X,R30
                 	.ENDM
                 
                 	.MACRO __PUTW1RON
                 	MOV  R26,R@0
                 	MOV  R27,R@1
                 	SUBI R26,LOW(-@2)
                 	SBCI R27,HIGH(-@2)
                 	ST   X+,R30
                 	ST   X,R31
                 	.ENDM
                 
                 	.MACRO __PUTD1RON
                 	MOV  R26,R@0
                 	MOV  R27,R@1
                 	SUBI R26,LOW(-@2)
                 	SBCI R27,HIGH(-@2)
                 	CALL __PUTDP1
                 	.ENDM
                 
                 	.MACRO __PUTB1RONS
                 	MOV  R26,R@0
                 	MOV  R27,R@1
                 	ADIW R26,@2
                 	ST   X,R30
                 	.ENDM
                 
                 	.MACRO __PUTW1RONS
                 	MOV  R26,R@0
                 	MOV  R27,R@1
                 	ADIW R26,@2
                 	ST   X+,R30
                 	ST   X,R31
                 	.ENDM
                 
                 	.MACRO __PUTD1RONS
                 	MOV  R26,R@0
                 	MOV  R27,R@1
                 	ADIW R26,@2
                 	CALL __PUTDP1
                 	.ENDM
                 
                 
                 	.MACRO __GETB1SX
                 	MOVW R30,R28
                 	SUBI R30,LOW(-@0)
                 	SBCI R31,HIGH(-@0)
                 	LD   R30,Z
                 	.ENDM
                 
                 	.MACRO __GETB1HSX
                 	MOVW R30,R28
                 	SUBI R30,LOW(-@0)
                 	SBCI R31,HIGH(-@0)
                 	LD   R31,Z
                 	.ENDM
                 
                 	.MACRO __GETW1SX
                 	MOVW R30,R28
                 	SUBI R30,LOW(-@0)
                 	SBCI R31,HIGH(-@0)
                 	LD   R0,Z+
                 	LD   R31,Z
                 	MOV  R30,R0
                 	.ENDM
                 
                 	.MACRO __GETD1SX
                 	MOVW R30,R28
                 	SUBI R30,LOW(-@0)
                 	SBCI R31,HIGH(-@0)
                 	LD   R0,Z+
                 	LD   R1,Z+
                 	LD   R22,Z+
                 	LD   R23,Z
                 	MOVW R30,R0
                 	.ENDM
                 
                 	.MACRO __GETB2SX
                 	MOVW R26,R28
                 	SUBI R26,LOW(-@0)
                 	SBCI R27,HIGH(-@0)
                 	LD   R26,X
                 	.ENDM
                 
                 	.MACRO __GETW2SX
                 	MOVW R26,R28
                 	SUBI R26,LOW(-@0)
                 	SBCI R27,HIGH(-@0)
                 	LD   R0,X+
                 	LD   R27,X
                 	MOV  R26,R0
                 	.ENDM
                 
                 	.MACRO __GETD2SX
                 	MOVW R26,R28
                 	SUBI R26,LOW(-@0)
                 	SBCI R27,HIGH(-@0)
                 	LD   R0,X+
                 	LD   R1,X+
                 	LD   R24,X+
                 	LD   R25,X
                 	MOVW R26,R0
                 	.ENDM
                 
                 	.MACRO __GETBRSX
                 	MOVW R30,R28
                 	SUBI R30,LOW(-@1)
                 	SBCI R31,HIGH(-@1)
                 	LD   R@0,Z
                 	.ENDM
                 
                 	.MACRO __GETWRSX
                 	MOVW R30,R28
                 	SUBI R30,LOW(-@2)
                 	SBCI R31,HIGH(-@2)
                 	LD   R@0,Z+
                 	LD   R@1,Z
                 	.ENDM
                 
                 	.MACRO __GETBRSX2
                 	MOVW R26,R28
                 	SUBI R26,LOW(-@1)
                 	SBCI R27,HIGH(-@1)
                 	LD   R@0,X
                 	.ENDM
                 
                 	.MACRO __GETWRSX2
                 	MOVW R26,R28
                 	SUBI R26,LOW(-@2)
                 	SBCI R27,HIGH(-@2)
                 	LD   R@0,X+
                 	LD   R@1,X
                 	.ENDM
                 
                 	.MACRO __LSLW8SX
                 	MOVW R30,R28
                 	SUBI R30,LOW(-@0)
                 	SBCI R31,HIGH(-@0)
                 	LD   R31,Z
                 	CLR  R30
                 	.ENDM
                 
                 	.MACRO __PUTB1SX
                 	MOVW R26,R28
                 	SUBI R26,LOW(-@0)
                 	SBCI R27,HIGH(-@0)
                 	ST   X,R30
                 	.ENDM
                 
                 	.MACRO __PUTW1SX
                 	MOVW R26,R28
                 	SUBI R26,LOW(-@0)
                 	SBCI R27,HIGH(-@0)
                 	ST   X+,R30
                 	ST   X,R31
                 	.ENDM
                 
                 	.MACRO __PUTD1SX
                 	MOVW R26,R28
                 	SUBI R26,LOW(-@0)
                 	SBCI R27,HIGH(-@0)
                 	ST   X+,R30
                 	ST   X+,R31
                 	ST   X+,R22
                 	ST   X,R23
                 	.ENDM
                 
                 	.MACRO __CLRW1SX
                 	MOVW R26,R28
                 	SUBI R26,LOW(-@0)
                 	SBCI R27,HIGH(-@0)
                 	ST   X+,R30
                 	ST   X,R30
                 	.ENDM
                 
                 	.MACRO __CLRD1SX
                 	MOVW R26,R28
                 	SUBI R26,LOW(-@0)
                 	SBCI R27,HIGH(-@0)
                 	ST   X+,R30
                 	ST   X+,R30
                 	ST   X+,R30
                 	ST   X,R30
                 	.ENDM
                 
                 	.MACRO __PUTB2SX
                 	MOVW R30,R28
                 	SUBI R30,LOW(-@0)
                 	SBCI R31,HIGH(-@0)
                 	ST   Z,R26
                 	.ENDM
                 
                 	.MACRO __PUTW2SX
                 	MOVW R30,R28
                 	SUBI R30,LOW(-@0)
                 	SBCI R31,HIGH(-@0)
                 	ST   Z+,R26
                 	ST   Z,R27
                 	.ENDM
                 
                 	.MACRO __PUTD2SX
                 	MOVW R30,R28
                 	SUBI R30,LOW(-@0)
                 	SBCI R31,HIGH(-@0)
                 	ST   Z+,R26
                 	ST   Z+,R27
                 	ST   Z+,R24
                 	ST   Z,R25
                 	.ENDM
                 
                 	.MACRO __PUTBSRX
                 	MOVW R30,R28
                 	SUBI R30,LOW(-@1)
                 	SBCI R31,HIGH(-@1)
                 	ST   Z,R@0
                 	.ENDM
                 
                 	.MACRO __PUTWSRX
                 	MOVW R30,R28
                 	SUBI R30,LOW(-@2)
                 	SBCI R31,HIGH(-@2)
                 	ST   Z+,R@0
                 	ST   Z,R@1
                 	.ENDM
                 
                 	.MACRO __PUTB1SNX
                 	MOVW R26,R28
                 	SUBI R26,LOW(-@0)
                 	SBCI R27,HIGH(-@0)
                 	LD   R0,X+
                 	LD   R27,X
                 	MOV  R26,R0
                 	SUBI R26,LOW(-@1)
                 	SBCI R27,HIGH(-@1)
                 	ST   X,R30
                 	.ENDM
                 
                 	.MACRO __PUTW1SNX
                 	MOVW R26,R28
                 	SUBI R26,LOW(-@0)
                 	SBCI R27,HIGH(-@0)
                 	LD   R0,X+
                 	LD   R27,X
                 	MOV  R26,R0
                 	SUBI R26,LOW(-@1)
                 	SBCI R27,HIGH(-@1)
                 	ST   X+,R30
                 	ST   X,R31
                 	.ENDM
                 
                 	.MACRO __PUTD1SNX
                 	MOVW R26,R28
                 	SUBI R26,LOW(-@0)
                 	SBCI R27,HIGH(-@0)
                 	LD   R0,X+
                 	LD   R27,X
                 	MOV  R26,R0
                 	SUBI R26,LOW(-@1)
                 	SBCI R27,HIGH(-@1)
                 	ST   X+,R30
                 	ST   X+,R31
                 	ST   X+,R22
                 	ST   X,R23
                 	.ENDM
                 
                 	.MACRO __MULBRR
                 	MULS R@0,R@1
                 	MOVW R30,R0
                 	.ENDM
                 
                 	.MACRO __MULBRRU
                 	MUL  R@0,R@1
                 	MOVW R30,R0
                 	.ENDM
                 
                 	.MACRO __MULBRR0
                 	MULS R@0,R@1
                 	.ENDM
                 
                 	.MACRO __MULBRRU0
                 	MUL  R@0,R@1
                 	.ENDM
                 
                 	.MACRO __MULBNWRU
                 	LDI  R26,@2
                 	MUL  R26,R@0
                 	MOVW R30,R0
                 	MUL  R26,R@1
                 	ADD  R31,R0
                 	.ENDM
                 
                 ;NAME DEFINITIONS FOR GLOBAL VARIABLES ALLOCATED TO REGISTERS
                 	.DEF _t=R4
                 	.DEF _t_msb=R5
                 	.DEF __lcd_x=R7
                 	.DEF __lcd_y=R6
                 	.DEF __lcd_maxx=R9
                 
                 	.CSEG
                 	.ORG 0x00
                 
                 ;START OF CODE MARKER
                 __START_OF_CODE:
                 
                 ;INTERRUPT VECTORS
000000 940c 003f 	JMP  __RESET
000002 940c 0000 	JMP  0x00
000004 940c 0000 	JMP  0x00
000006 940c 0000 	JMP  0x00
000008 940c 0000 	JMP  0x00
00000a 940c 0000 	JMP  0x00
00000c 940c 0000 	JMP  0x00
00000e 940c 0000 	JMP  0x00
000010 940c 0000 	JMP  0x00
000012 940c 0000 	JMP  0x00
000014 940c 0000 	JMP  0x00
000016 940c 0000 	JMP  0x00
000018 940c 0000 	JMP  0x00
00001a 940c 0000 	JMP  0x00
00001c 940c 0000 	JMP  0x00
00001e 940c 0000 	JMP  0x00
000020 940c 0000 	JMP  0x00
000022 940c 0000 	JMP  0x00
000024 940c 0000 	JMP  0x00
000026 940c 0000 	JMP  0x00
000028 940c 0000 	JMP  0x00
                 
                 _tbl10_G101:
00002a 2710
00002b 03e8
00002c 0064
00002d 000a      	.DB  0x10,0x27,0xE8,0x3,0x64,0x0,0xA,0x0
00002e 0001      	.DB  0x1,0x0
                 _tbl16_G101:
00002f 1000
000030 0100
000031 0010
000032 0001      	.DB  0x0,0x10,0x0,0x1,0x10,0x0,0x1,0x0
                 
                 ;GLOBAL REGISTER VARIABLES INITIALIZATION
                 __REG_VARS:
000033 0000      	.DB  0x0,0x0
                 
                 _0x0:
000034 3d74
000035 6425
E:\mikro8.13\Debug\List\lcd_4.asm(1134): warning: .cseg .db misalignment - padding zero byte
000036 0000      	.DB  0x74,0x3D,0x25,0x64,0x0
                 _0x2000003:
000037 c080      	.DB  0x80,0xC0
                 
                 __GLOBAL_INI_TBL:
000038 0002      	.DW  0x02
000039 0004      	.DW  0x04
00003a 0066      	.DW  __REG_VARS*2
                 
00003b 0002      	.DW  0x02
00003c 0170      	.DW  __base_y_G100
00003d 006e      	.DW  _0x2000003*2
                 
                 _0xFFFFFFFF:
00003e 0000      	.DW  0
                 
                 #define __GLOBAL_INI_TBL_PRESENT 1
                 
                 __RESET:
00003f 94f8      	CLI
000040 27ee      	CLR  R30
000041 bbec      	OUT  EECR,R30
                 
                 ;INTERRUPT VECTORS ARE PLACED
                 ;AT THE START OF FLASH
000042 e0f1      	LDI  R31,1
000043 bffb      	OUT  GICR,R31
000044 bfeb      	OUT  GICR,R30
000045 bfe5      	OUT  MCUCR,R30
                 
                 ;CLEAR R2-R14
000046 e08d      	LDI  R24,(14-2)+1
000047 e0a2      	LDI  R26,2
000048 27bb      	CLR  R27
                 __CLEAR_REG:
000049 93ed      	ST   X+,R30
00004a 958a      	DEC  R24
00004b f7e9      	BRNE __CLEAR_REG
                 
                 ;CLEAR SRAM
00004c e080      	LDI  R24,LOW(__CLEAR_SRAM_SIZE)
00004d e094      	LDI  R25,HIGH(__CLEAR_SRAM_SIZE)
00004e e6a0      	LDI  R26,__SRAM_START
                 __CLEAR_SRAM:
00004f 93ed      	ST   X+,R30
000050 9701      	SBIW R24,1
000051 f7e9      	BRNE __CLEAR_SRAM
                 
                 ;GLOBAL VARIABLES INITIALIZATION
000052 e7e0      	LDI  R30,LOW(__GLOBAL_INI_TBL*2)
000053 e0f0      	LDI  R31,HIGH(__GLOBAL_INI_TBL*2)
                 __GLOBAL_INI_NEXT:
000054 9185      	LPM  R24,Z+
000055 9195      	LPM  R25,Z+
000056 9700      	SBIW R24,0
000057 f061      	BREQ __GLOBAL_INI_END
000058 91a5      	LPM  R26,Z+
000059 91b5      	LPM  R27,Z+
00005a 9005      	LPM  R0,Z+
00005b 9015      	LPM  R1,Z+
00005c 01bf      	MOVW R22,R30
00005d 01f0      	MOVW R30,R0
                 __GLOBAL_INI_LOOP:
00005e 9005      	LPM  R0,Z+
00005f 920d      	ST   X+,R0
000060 9701      	SBIW R24,1
000061 f7e1      	BRNE __GLOBAL_INI_LOOP
000062 01fb      	MOVW R30,R22
000063 cff0      	RJMP __GLOBAL_INI_NEXT
                 __GLOBAL_INI_END:
                 
                 ;HARDWARE STACK POINTER INITIALIZATION
000064 e5ef      	LDI  R30,LOW(__SRAM_END-__HEAP_SIZE)
000065 bfed      	OUT  SPL,R30
000066 e0e4      	LDI  R30,HIGH(__SRAM_END-__HEAP_SIZE)
000067 bfee      	OUT  SPH,R30
                 
                 ;DATA STACK POINTER INITIALIZATION
000068 e6c0      	LDI  R28,LOW(__SRAM_START+__DSTACK_SIZE)
000069 e0d1      	LDI  R29,HIGH(__SRAM_START+__DSTACK_SIZE)
                 
00006a 940c 006c 	JMP  _main
                 
                 	.ESEG
                 	.ORG 0
                 
                 	.DSEG
                 	.ORG 0x160
                 
                 	.CSEG
                 ;/*******************************************************
                 ;This program was created by the
                 ;CodeWizardAVR V3.14 Advanced
                 ;Automatic Program Generator
                 ;© Copyright 1998-2014 Pavel Haiduc, HP InfoTech s.r.l.
                 ;http://www.hpinfotech.com
                 ;
                 ;Project :
                 ;Version :
                 ;Date    : 12/21/2024
                 ;Author  :
                 ;Company :
                 ;Comments:
                 ;
                 ;
                 ;Chip type               : ATmega16
                 ;Program type            : Application
                 ;AVR Core Clock frequency: 1.000000 MHz
                 ;Memory model            : Small
                 ;External RAM size       : 0
                 ;Data Stack size         : 256
                 ;*******************************************************/
                 ;
                 ;#include <mega16.h>
                 	#ifndef __SLEEP_DEFINED__
                 	#define __SLEEP_DEFINED__
                 	.EQU __se_bit=0x40
                 	.EQU __sm_mask=0xB0
                 	.EQU __sm_powerdown=0x20
                 	.EQU __sm_powersave=0x30
                 	.EQU __sm_standby=0xA0
                 	.EQU __sm_ext_standby=0xB0
                 	.EQU __sm_adc_noise_red=0x10
                 	.SET power_ctrl_reg=mcucr
                 	#endif
                 ;#include <delay.h>
                 ;// Alphanumeric LCD functions
                 ;#include <alcd.h>
                 ;#include <stdio.h>
                 ;int t=0;
                 ;char str[16];
                 ;// Declare your global variables here
                 ;
                 ;void main(void)
                 ; 0000 0022 {
                 
                 	.CSEG
                 _main:
                 ; .FSTART _main
                 ; 0000 0023 // Declare your local variables here
                 ; 0000 0024 
                 ; 0000 0025 // Input/Output Ports initialization
                 ; 0000 0026 // Port A initialization
                 ; 0000 0027 // Function: Bit7=In Bit6=In Bit5=In Bit4=In Bit3=In Bit2=In Bit1=In Bit0=In
                 ; 0000 0028 DDRA=(0<<DDA7) | (0<<DDA6) | (0<<DDA5) | (0<<DDA4) | (0<<DDA3) | (0<<DDA2) | (0<<DDA1) | (0<<DDA0);
00006c e0e0      	LDI  R30,LOW(0)
00006d bbea      	OUT  0x1A,R30
                 ; 0000 0029 // State: Bit7=P Bit6=P Bit5=P Bit4=P Bit3=P Bit2=P Bit1=P Bit0=P
                 ; 0000 002A PORTA=(1<<PORTA7) | (1<<PORTA6) | (1<<PORTA5) | (1<<PORTA4) | (1<<PORTA3) | (1<<PORTA2) | (1<<PORTA1) | (1<<PORTA0);
00006e efef      	LDI  R30,LOW(255)
00006f bbeb      	OUT  0x1B,R30
                 ; 0000 002B 
                 ; 0000 002C // Port B initialization
                 ; 0000 002D // Function: Bit7=In Bit6=In Bit5=In Bit4=In Bit3=In Bit2=In Bit1=In Bit0=In
                 ; 0000 002E DDRB=(0<<DDB7) | (0<<DDB6) | (0<<DDB5) | (0<<DDB4) | (0<<DDB3) | (0<<DDB2) | (0<<DDB1) | (0<<DDB0);
000070 e0e0      	LDI  R30,LOW(0)
000071 bbe7      	OUT  0x17,R30
                 ; 0000 002F // State: Bit7=T Bit6=T Bit5=T Bit4=T Bit3=T Bit2=T Bit1=T Bit0=T
                 ; 0000 0030 PORTB=(0<<PORTB7) | (0<<PORTB6) | (0<<PORTB5) | (0<<PORTB4) | (0<<PORTB3) | (0<<PORTB2) | (0<<PORTB1) | (0<<PORTB0);
000072 bbe8      	OUT  0x18,R30
                 ; 0000 0031 
                 ; 0000 0032 // Port C initialization
                 ; 0000 0033 // Function: Bit7=In Bit6=In Bit5=In Bit4=In Bit3=In Bit2=In Bit1=In Bit0=In
                 ; 0000 0034 DDRC=(0<<DDC7) | (0<<DDC6) | (0<<DDC5) | (0<<DDC4) | (0<<DDC3) | (0<<DDC2) | (0<<DDC1) | (0<<DDC0);
000073 bbe4      	OUT  0x14,R30
                 ; 0000 0035 // State: Bit7=T Bit6=T Bit5=T Bit4=T Bit3=T Bit2=T Bit1=T Bit0=T
                 ; 0000 0036 PORTC=(0<<PORTC7) | (0<<PORTC6) | (0<<PORTC5) | (0<<PORTC4) | (0<<PORTC3) | (0<<PORTC2) | (0<<PORTC1) | (0<<PORTC0);
000074 bbe5      	OUT  0x15,R30
                 ; 0000 0037 
                 ; 0000 0038 // Port D initialization
                 ; 0000 0039 // Function: Bit7=Out Bit6=Out Bit5=Out Bit4=Out Bit3=Out Bit2=Out Bit1=Out Bit0=Out
                 ; 0000 003A DDRD=(1<<DDD7) | (1<<DDD6) | (1<<DDD5) | (1<<DDD4) | (1<<DDD3) | (1<<DDD2) | (1<<DDD1) | (1<<DDD0);
000075 efef      	LDI  R30,LOW(255)
000076 bbe1      	OUT  0x11,R30
                 ; 0000 003B // State: Bit7=1 Bit6=1 Bit5=1 Bit4=1 Bit3=1 Bit2=1 Bit1=1 Bit0=1
                 ; 0000 003C PORTD=(1<<PORTD7) | (1<<PORTD6) | (1<<PORTD5) | (1<<PORTD4) | (1<<PORTD3) | (1<<PORTD2) | (1<<PORTD1) | (1<<PORTD0);
000077 bbe2      	OUT  0x12,R30
                 ; 0000 003D 
                 ; 0000 003E // Timer/Counter 0 initialization
                 ; 0000 003F // Clock source: System Clock
                 ; 0000 0040 // Clock value: Timer 0 Stopped
                 ; 0000 0041 // Mode: Normal top=0xFF
                 ; 0000 0042 // OC0 output: Disconnected
                 ; 0000 0043 TCCR0=(0<<WGM00) | (0<<COM01) | (0<<COM00) | (0<<WGM01) | (0<<CS02) | (0<<CS01) | (0<<CS00);
000078 e0e0      	LDI  R30,LOW(0)
000079 bfe3      	OUT  0x33,R30
                 ; 0000 0044 TCNT0=0x00;
00007a bfe2      	OUT  0x32,R30
                 ; 0000 0045 OCR0=0x00;
00007b bfec      	OUT  0x3C,R30
                 ; 0000 0046 
                 ; 0000 0047 // Timer/Counter 1 initialization
                 ; 0000 0048 // Clock source: System Clock
                 ; 0000 0049 // Clock value: Timer1 Stopped
                 ; 0000 004A // Mode: Normal top=0xFFFF
                 ; 0000 004B // OC1A output: Disconnected
                 ; 0000 004C // OC1B output: Disconnected
                 ; 0000 004D // Noise Canceler: Off
                 ; 0000 004E // Input Capture on Falling Edge
                 ; 0000 004F // Timer1 Overflow Interrupt: Off
                 ; 0000 0050 // Input Capture Interrupt: Off
                 ; 0000 0051 // Compare A Match Interrupt: Off
                 ; 0000 0052 // Compare B Match Interrupt: Off
                 ; 0000 0053 TCCR1A=(0<<COM1A1) | (0<<COM1A0) | (0<<COM1B1) | (0<<COM1B0) | (0<<WGM11) | (0<<WGM10);
00007c bdef      	OUT  0x2F,R30
                 ; 0000 0054 TCCR1B=(0<<ICNC1) | (0<<ICES1) | (0<<WGM13) | (0<<WGM12) | (0<<CS12) | (0<<CS11) | (0<<CS10);
00007d bdee      	OUT  0x2E,R30
                 ; 0000 0055 TCNT1H=0x00;
00007e bded      	OUT  0x2D,R30
                 ; 0000 0056 TCNT1L=0x00;
00007f bdec      	OUT  0x2C,R30
                 ; 0000 0057 ICR1H=0x00;
000080 bde7      	OUT  0x27,R30
                 ; 0000 0058 ICR1L=0x00;
000081 bde6      	OUT  0x26,R30
                 ; 0000 0059 OCR1AH=0x00;
000082 bdeb      	OUT  0x2B,R30
                 ; 0000 005A OCR1AL=0x00;
000083 bdea      	OUT  0x2A,R30
                 ; 0000 005B OCR1BH=0x00;
000084 bde9      	OUT  0x29,R30
                 ; 0000 005C OCR1BL=0x00;
000085 bde8      	OUT  0x28,R30
                 ; 0000 005D 
                 ; 0000 005E // Timer/Counter 2 initialization
                 ; 0000 005F // Clock source: System Clock
                 ; 0000 0060 // Clock value: Timer2 Stopped
                 ; 0000 0061 // Mode: Normal top=0xFF
                 ; 0000 0062 // OC2 output: Disconnected
                 ; 0000 0063 ASSR=0<<AS2;
000086 bde2      	OUT  0x22,R30
                 ; 0000 0064 TCCR2=(0<<PWM2) | (0<<COM21) | (0<<COM20) | (0<<CTC2) | (0<<CS22) | (0<<CS21) | (0<<CS20);
000087 bde5      	OUT  0x25,R30
                 ; 0000 0065 TCNT2=0x00;
000088 bde4      	OUT  0x24,R30
                 ; 0000 0066 OCR2=0x00;
000089 bde3      	OUT  0x23,R30
                 ; 0000 0067 
                 ; 0000 0068 // Timer(s)/Counter(s) Interrupt(s) initialization
                 ; 0000 0069 TIMSK=(0<<OCIE2) | (0<<TOIE2) | (0<<TICIE1) | (0<<OCIE1A) | (0<<OCIE1B) | (0<<TOIE1) | (0<<OCIE0) | (0<<TOIE0);
00008a bfe9      	OUT  0x39,R30
                 ; 0000 006A 
                 ; 0000 006B // External Interrupt(s) initialization
                 ; 0000 006C // INT0: Off
                 ; 0000 006D // INT1: Off
                 ; 0000 006E // INT2: Off
                 ; 0000 006F MCUCR=(0<<ISC11) | (0<<ISC10) | (0<<ISC01) | (0<<ISC00);
00008b bfe5      	OUT  0x35,R30
                 ; 0000 0070 MCUCSR=(0<<ISC2);
00008c bfe4      	OUT  0x34,R30
                 ; 0000 0071 
                 ; 0000 0072 // USART initialization
                 ; 0000 0073 // USART disabled
                 ; 0000 0074 UCSRB=(0<<RXCIE) | (0<<TXCIE) | (0<<UDRIE) | (0<<RXEN) | (0<<TXEN) | (0<<UCSZ2) | (0<<RXB8) | (0<<TXB8);
00008d b9ea      	OUT  0xA,R30
                 ; 0000 0075 
                 ; 0000 0076 // Analog Comparator initialization
                 ; 0000 0077 // Analog Comparator: Off
                 ; 0000 0078 // The Analog Comparator's positive input is
                 ; 0000 0079 // connected to the AIN0 pin
                 ; 0000 007A // The Analog Comparator's negative input is
                 ; 0000 007B // connected to the AIN1 pin
                 ; 0000 007C ACSR=(1<<ACD) | (0<<ACBG) | (0<<ACO) | (0<<ACI) | (0<<ACIE) | (0<<ACIC) | (0<<ACIS1) | (0<<ACIS0);
00008e e8e0      	LDI  R30,LOW(128)
00008f b9e8      	OUT  0x8,R30
                 ; 0000 007D SFIOR=(0<<ACME);
000090 e0e0      	LDI  R30,LOW(0)
000091 bfe0      	OUT  0x30,R30
                 ; 0000 007E 
                 ; 0000 007F // ADC initialization
                 ; 0000 0080 // ADC disabled
                 ; 0000 0081 ADCSRA=(0<<ADEN) | (0<<ADSC) | (0<<ADATE) | (0<<ADIF) | (0<<ADIE) | (0<<ADPS2) | (0<<ADPS1) | (0<<ADPS0);
000092 b9e6      	OUT  0x6,R30
                 ; 0000 0082 
                 ; 0000 0083 // SPI initialization
                 ; 0000 0084 // SPI disabled
                 ; 0000 0085 SPCR=(0<<SPIE) | (0<<SPE) | (0<<DORD) | (0<<MSTR) | (0<<CPOL) | (0<<CPHA) | (0<<SPR1) | (0<<SPR0);
000093 b9ed      	OUT  0xD,R30
                 ; 0000 0086 
                 ; 0000 0087 // TWI initialization
                 ; 0000 0088 // TWI disabled
                 ; 0000 0089 TWCR=(0<<TWEA) | (0<<TWSTA) | (0<<TWSTO) | (0<<TWEN) | (0<<TWIE);
000094 bfe6      	OUT  0x36,R30
                 ; 0000 008A 
                 ; 0000 008B // Alphanumeric LCD initialization
                 ; 0000 008C // Connections are specified in the
                 ; 0000 008D // Project|Configure|C Compiler|Libraries|Alphanumeric LCD menu:
                 ; 0000 008E // RS - PORTA Bit 0
                 ; 0000 008F // RD - PORTA Bit 1
                 ; 0000 0090 // EN - PORTA Bit 2
                 ; 0000 0091 // D4 - PORTA Bit 4
                 ; 0000 0092 // D5 - PORTA Bit 5
                 ; 0000 0093 // D6 - PORTA Bit 6
                 ; 0000 0094 // D7 - PORTA Bit 7
                 ; 0000 0095 // Characters/line: 8
                 ; 0000 0096 lcd_init(8);
000095 e0a8      	LDI  R26,LOW(8)
000096 d07e      	RCALL _lcd_init
                 ; 0000 0097 
                 ; 0000 0098 while (1)
                 _0x3:
                 ; 0000 0099       {
                 ; 0000 009A       // Place your code here
                 ; 0000 009B       if(PINA.0==0){
000097 99c8      	SBIC 0x19,0
000098 c01b      	RJMP _0x6
                 ; 0000 009C       t++;
000099 01f2      	MOVW R30,R4
00009a 9631      	ADIW R30,1
00009b 012f      	MOVW R4,R30
                 ; 0000 009D       sprintf(str,"t=%d",t);
00009c e6e0      	LDI  R30,LOW(_str)
00009d e0f1      	LDI  R31,HIGH(_str)
00009e 93fa      	ST   -Y,R31
00009f 93ea      	ST   -Y,R30
                +
0000a0 e6e8     +LDI R30 , LOW ( 2 * _0x0 + ( 0 ) )
0000a1 e0f0     +LDI R31 , HIGH ( 2 * _0x0 + ( 0 ) )
                 	__POINTW1FN _0x0,0
0000a2 93fa      	ST   -Y,R31
0000a3 93ea      	ST   -Y,R30
0000a4 01f2      	MOVW R30,R4
0000a5 940e 034e 	CALL __CWD1
0000a7 940e 035b 	CALL __PUTPARD1
0000a9 e084      	LDI  R24,4
0000aa 940e 02b6 	CALL _sprintf
0000ac 9628      	ADIW R28,8
                 ; 0000 009E       lcd_gotoxy(0,0);
0000ad e0e0      	LDI  R30,LOW(0)
0000ae 93ea      	ST   -Y,R30
0000af e0a0      	LDI  R26,LOW(0)
0000b0 d025      	RCALL _lcd_gotoxy
                 ; 0000 009F       lcd_puts(str);
0000b1 e6a0      	LDI  R26,LOW(_str)
0000b2 e0b1      	LDI  R27,HIGH(_str)
0000b3 d050      	RCALL _lcd_puts
                 ; 0000 00A0       }
                 ; 0000 00A1 }
                 _0x6:
0000b4 cfe2      	RJMP _0x3
                 ; 0000 00A2 }
                 _0x7:
0000b5 cfff      	RJMP _0x7
                 ; .FEND
                 	#ifndef __SLEEP_DEFINED__
                 	#endif
                 
                 	.DSEG
                 
                 	.CSEG
                 __lcd_write_nibble_G100:
                 ; .FSTART __lcd_write_nibble_G100
0000b6 93aa      	ST   -Y,R26
0000b7 b3e5      	IN   R30,0x15
0000b8 70ef      	ANDI R30,LOW(0xF)
0000b9 2fae      	MOV  R26,R30
0000ba 81e8      	LD   R30,Y
0000bb 7fe0      	ANDI R30,LOW(0xF0)
0000bc 2bea      	OR   R30,R26
0000bd bbe5      	OUT  0x15,R30
                +
0000be e082     +LDI R24 , LOW ( 2 )
                +__DELAY_USB_LOOP :
0000bf 958a     +DEC R24
0000c0 f7f1     +BRNE __DELAY_USB_LOOP
                 	__DELAY_USB 2
0000c1 9aaa      	SBI  0x15,2
                +
0000c2 e082     +LDI R24 , LOW ( 2 )
                +__DELAY_USB_LOOP :
0000c3 958a     +DEC R24
0000c4 f7f1     +BRNE __DELAY_USB_LOOP
                 	__DELAY_USB 2
0000c5 98aa      	CBI  0x15,2
                +
0000c6 e082     +LDI R24 , LOW ( 2 )
                +__DELAY_USB_LOOP :
0000c7 958a     +DEC R24
0000c8 f7f1     +BRNE __DELAY_USB_LOOP
                 	__DELAY_USB 2
0000c9 c076      	RJMP _0x2080002
                 ; .FEND
                 __lcd_write_data:
                 ; .FSTART __lcd_write_data
0000ca 93aa      	ST   -Y,R26
0000cb 81a8      	LD   R26,Y
0000cc dfe9      	RCALL __lcd_write_nibble_G100
0000cd 81e8          ld    r30,y
0000ce 95e2          swap  r30
0000cf 83e8          st    y,r30
0000d0 81a8      	LD   R26,Y
0000d1 dfe4      	RCALL __lcd_write_nibble_G100
                +
0000d2 e181     +LDI R24 , LOW ( 17 )
                +__DELAY_USB_LOOP :
0000d3 958a     +DEC R24
0000d4 f7f1     +BRNE __DELAY_USB_LOOP
                 	__DELAY_USB 17
0000d5 c06a      	RJMP _0x2080002
                 ; .FEND
                 _lcd_gotoxy:
                 ; .FSTART _lcd_gotoxy
0000d6 93aa      	ST   -Y,R26
0000d7 81e8      	LD   R30,Y
0000d8 e0f0      	LDI  R31,0
0000d9 59e0      	SUBI R30,LOW(-__base_y_G100)
0000da 4ffe      	SBCI R31,HIGH(-__base_y_G100)
0000db 81e0      	LD   R30,Z
0000dc 81a9      	LDD  R26,Y+1
0000dd 0fae      	ADD  R26,R30
0000de dfeb      	RCALL __lcd_write_data
0000df 8079      	LDD  R7,Y+1
0000e0 8068      	LDD  R6,Y+0
0000e1 9622      	ADIW R28,2
0000e2 9508      	RET
                 ; .FEND
                 _lcd_clear:
                 ; .FSTART _lcd_clear
0000e3 e0a2      	LDI  R26,LOW(2)
0000e4 940e 0303 	CALL SUBOPT_0x0
0000e6 e0ac      	LDI  R26,LOW(12)
0000e7 dfe2      	RCALL __lcd_write_data
0000e8 e0a1      	LDI  R26,LOW(1)
0000e9 940e 0303 	CALL SUBOPT_0x0
0000eb e0e0      	LDI  R30,LOW(0)
0000ec 2e6e      	MOV  R6,R30
0000ed 2e7e      	MOV  R7,R30
0000ee 9508      	RET
                 ; .FEND
                 _lcd_putchar:
                 ; .FSTART _lcd_putchar
0000ef 93aa      	ST   -Y,R26
0000f0 81a8      	LD   R26,Y
0000f1 30aa      	CPI  R26,LOW(0xA)
0000f2 f011      	BREQ _0x2000005
0000f3 1479      	CP   R7,R9
0000f4 f048      	BRLO _0x2000004
                 _0x2000005:
0000f5 e0e0      	LDI  R30,LOW(0)
0000f6 93ea      	ST   -Y,R30
0000f7 9463      	INC  R6
0000f8 2da6      	MOV  R26,R6
0000f9 dfdc      	RCALL _lcd_gotoxy
0000fa 81a8      	LD   R26,Y
0000fb 30aa      	CPI  R26,LOW(0xA)
0000fc f409      	BRNE _0x2000007
0000fd c042      	RJMP _0x2080002
                 _0x2000007:
                 _0x2000004:
0000fe 9473      	INC  R7
0000ff 9aa8      	SBI  0x15,0
000100 81a8      	LD   R26,Y
000101 dfc8      	RCALL __lcd_write_data
000102 98a8      	CBI  0x15,0
000103 c03c      	RJMP _0x2080002
                 ; .FEND
                 _lcd_puts:
                 ; .FSTART _lcd_puts
000104 93ba      	ST   -Y,R27
000105 93aa      	ST   -Y,R26
000106 931a      	ST   -Y,R17
                 _0x2000008:
000107 81a9      	LDD  R26,Y+1
000108 81ba      	LDD  R27,Y+1+1
000109 91ed      	LD   R30,X+
00010a 83a9      	STD  Y+1,R26
00010b 83ba      	STD  Y+1+1,R27
00010c 2f1e      	MOV  R17,R30
00010d 30e0      	CPI  R30,0
00010e f019      	BREQ _0x200000A
00010f 2fa1      	MOV  R26,R17
000110 dfde      	RCALL _lcd_putchar
000111 cff5      	RJMP _0x2000008
                 _0x200000A:
000112 8118      	LDD  R17,Y+0
000113 9623      	ADIW R28,3
000114 9508      	RET
                 ; .FEND
                 _lcd_init:
                 ; .FSTART _lcd_init
000115 93aa      	ST   -Y,R26
000116 b3e4      	IN   R30,0x14
000117 6fe0      	ORI  R30,LOW(0xF0)
000118 bbe4      	OUT  0x14,R30
000119 9aa2      	SBI  0x14,2
00011a 9aa0      	SBI  0x14,0
00011b 9aa1      	SBI  0x14,1
00011c 98aa      	CBI  0x15,2
00011d 98a8      	CBI  0x15,0
00011e 98a9      	CBI  0x15,1
00011f 8098      	LDD  R9,Y+0
000120 81e8      	LD   R30,Y
000121 58e0      	SUBI R30,-LOW(128)
                +
000122 93e0 0172+STS __base_y_G100 + ( 2 ) , R30
                 	__PUTB1MN __base_y_G100,2
000124 81e8      	LD   R30,Y
000125 54e0      	SUBI R30,-LOW(192)
                +
000126 93e0 0173+STS __base_y_G100 + ( 3 ) , R30
                 	__PUTB1MN __base_y_G100,3
000128 e1a4      	LDI  R26,LOW(20)
000129 e0b0      	LDI  R27,0
00012a 940e 033c 	CALL _delay_ms
00012c 940e 0309 	CALL SUBOPT_0x1
00012e 940e 0309 	CALL SUBOPT_0x1
000130 940e 0309 	CALL SUBOPT_0x1
000132 e2a0      	LDI  R26,LOW(32)
000133 df82      	RCALL __lcd_write_nibble_G100
                +
000134 e281     +LDI R24 , LOW ( 33 )
                +__DELAY_USB_LOOP :
000135 958a     +DEC R24
000136 f7f1     +BRNE __DELAY_USB_LOOP
                 	__DELAY_USB 33
000137 e2a8      	LDI  R26,LOW(40)
000138 df91      	RCALL __lcd_write_data
000139 e0a4      	LDI  R26,LOW(4)
00013a df8f      	RCALL __lcd_write_data
00013b e8a5      	LDI  R26,LOW(133)
00013c df8d      	RCALL __lcd_write_data
00013d e0a6      	LDI  R26,LOW(6)
00013e df8b      	RCALL __lcd_write_data
00013f dfa3      	RCALL _lcd_clear
                 _0x2080002:
000140 9621      	ADIW R28,1
000141 9508      	RET
                 ; .FEND
                 	#ifndef __SLEEP_DEFINED__
                 	#endif
                 
                 	.CSEG
                 _put_buff_G101:
                 ; .FSTART _put_buff_G101
000142 93ba      	ST   -Y,R27
000143 93aa      	ST   -Y,R26
000144 931a      	ST   -Y,R17
000145 930a      	ST   -Y,R16
000146 81aa      	LDD  R26,Y+2
000147 81bb      	LDD  R27,Y+2+1
000148 9612      	ADIW R26,2
000149 940e 0353 	CALL __GETW1P
00014b 9730      	SBIW R30,0
00014c f159      	BREQ _0x2020010
00014d 81aa      	LDD  R26,Y+2
00014e 81bb      	LDD  R27,Y+2+1
00014f 9614      	ADIW R26,4
000150 940e 0353 	CALL __GETW1P
000152 018f      	MOVW R16,R30
000153 9730      	SBIW R30,0
000154 f061      	BREQ _0x2020012
                +
000155 3002     +CPI R16 , LOW ( 2 )
000156 e0e0     +LDI R30 , HIGH ( 2 )
000157 071e     +CPC R17 , R30
                 	__CPWRN 16,17,2
000158 f098      	BRLO _0x2020013
000159 01f8      	MOVW R30,R16
00015a 9731      	SBIW R30,1
00015b 018f      	MOVW R16,R30
                +
00015c 81aa     +LDD R26 , Y + 2
00015d 81bb     +LDD R27 , Y + 2 + 1
00015e 9614     +ADIW R26 , 4
00015f 93ed     +ST X + , R30
000160 93fc     +ST X , R31
                 	__PUTW1SNS 2,4
                 _0x2020012:
000161 81aa      	LDD  R26,Y+2
000162 81bb      	LDD  R27,Y+2+1
000163 9612      	ADIW R26,2
000164 91ed      	LD   R30,X+
000165 91fd      	LD   R31,X+
000166 9631      	ADIW R30,1
000167 93fe      	ST   -X,R31
000168 93ee      	ST   -X,R30
000169 9731      	SBIW R30,1
00016a 81ac      	LDD  R26,Y+4
00016b 83a0      	STD  Z+0,R26
                 _0x2020013:
00016c 81aa      	LDD  R26,Y+2
00016d 81bb      	LDD  R27,Y+2+1
00016e 940e 0353 	CALL __GETW1P
000170 23ff      	TST  R31
000171 f02a      	BRMI _0x2020014
000172 91ed      	LD   R30,X+
000173 91fd      	LD   R31,X+
000174 9631      	ADIW R30,1
000175 93fe      	ST   -X,R31
000176 93ee      	ST   -X,R30
                 _0x2020014:
000177 c006      	RJMP _0x2020015
                 _0x2020010:
000178 81aa      	LDD  R26,Y+2
000179 81bb      	LDD  R27,Y+2+1
00017a efef      	LDI  R30,LOW(65535)
00017b efff      	LDI  R31,HIGH(65535)
00017c 93ed      	ST   X+,R30
00017d 93fc      	ST   X,R31
                 _0x2020015:
00017e 8119      	LDD  R17,Y+1
00017f 8108      	LDD  R16,Y+0
000180 9625      	ADIW R28,5
000181 9508      	RET
                 ; .FEND
                 __print_G101:
                 ; .FSTART __print_G101
000182 93ba      	ST   -Y,R27
000183 93aa      	ST   -Y,R26
000184 9726      	SBIW R28,6
000185 940e 0360 	CALL __SAVELOCR6
000187 e010      	LDI  R17,0
000188 85ac      	LDD  R26,Y+12
000189 85bd      	LDD  R27,Y+12+1
00018a e0e0      	LDI  R30,LOW(0)
00018b e0f0      	LDI  R31,HIGH(0)
00018c 93ed      	ST   X+,R30
00018d 93fc      	ST   X,R31
                 _0x2020016:
00018e 89ea      	LDD  R30,Y+18
00018f 89fb      	LDD  R31,Y+18+1
000190 9631      	ADIW R30,1
000191 8bea      	STD  Y+18,R30
000192 8bfb      	STD  Y+18+1,R31
000193 9731      	SBIW R30,1
000194 91e4      	LPM  R30,Z
000195 2f2e      	MOV  R18,R30
000196 30e0      	CPI  R30,0
000197 f409      	BRNE PC+2
000198 c115      	RJMP _0x2020018
000199 2fe1      	MOV  R30,R17
00019a 30e0      	CPI  R30,0
00019b f439      	BRNE _0x202001C
00019c 3225      	CPI  R18,37
00019d f411      	BRNE _0x202001D
00019e e011      	LDI  R17,LOW(1)
00019f c002      	RJMP _0x202001E
                 _0x202001D:
0001a0 940e 0310 	CALL SUBOPT_0x2
                 _0x202001E:
0001a2 c10a      	RJMP _0x202001B
                 _0x202001C:
0001a3 30e1      	CPI  R30,LOW(0x1)
0001a4 f4a9      	BRNE _0x202001F
0001a5 3225      	CPI  R18,37
0001a6 f419      	BRNE _0x2020020
0001a7 940e 0310 	CALL SUBOPT_0x2
0001a9 c102      	RJMP _0x20200CC
                 _0x2020020:
0001aa e012      	LDI  R17,LOW(2)
0001ab e040      	LDI  R20,LOW(0)
0001ac e000      	LDI  R16,LOW(0)
0001ad 322d      	CPI  R18,45
0001ae f411      	BRNE _0x2020021
0001af e001      	LDI  R16,LOW(1)
0001b0 c0fc      	RJMP _0x202001B
                 _0x2020021:
0001b1 322b      	CPI  R18,43
0001b2 f411      	BRNE _0x2020022
0001b3 e24b      	LDI  R20,LOW(43)
0001b4 c0f8      	RJMP _0x202001B
                 _0x2020022:
0001b5 3220      	CPI  R18,32
0001b6 f411      	BRNE _0x2020023
0001b7 e240      	LDI  R20,LOW(32)
0001b8 c0f4      	RJMP _0x202001B
                 _0x2020023:
0001b9 c002      	RJMP _0x2020024
                 _0x202001F:
0001ba 30e2      	CPI  R30,LOW(0x2)
0001bb f439      	BRNE _0x2020025
                 _0x2020024:
0001bc e050      	LDI  R21,LOW(0)
0001bd e013      	LDI  R17,LOW(3)
0001be 3320      	CPI  R18,48
0001bf f411      	BRNE _0x2020026
0001c0 6800      	ORI  R16,LOW(128)
0001c1 c0eb      	RJMP _0x202001B
                 _0x2020026:
0001c2 c003      	RJMP _0x2020027
                 _0x2020025:
0001c3 30e3      	CPI  R30,LOW(0x3)
0001c4 f009      	BREQ PC+2
0001c5 c0e7      	RJMP _0x202001B
                 _0x2020027:
0001c6 3320      	CPI  R18,48
0001c7 f010      	BRLO _0x202002A
0001c8 332a      	CPI  R18,58
0001c9 f008      	BRLO _0x202002B
                 _0x202002A:
0001ca c007      	RJMP _0x2020029
                 _0x202002B:
0001cb e0aa      	LDI  R26,LOW(10)
0001cc 9f5a      	MUL  R21,R26
0001cd 2d50      	MOV  R21,R0
0001ce 2fe2      	MOV  R30,R18
0001cf 53e0      	SUBI R30,LOW(48)
0001d0 0f5e      	ADD  R21,R30
0001d1 c0db      	RJMP _0x202001B
                 _0x2020029:
0001d2 2fe2      	MOV  R30,R18
0001d3 36e3      	CPI  R30,LOW(0x63)
0001d4 f449      	BRNE _0x202002F
0001d5 940e 0317 	CALL SUBOPT_0x3
0001d7 89e8      	LDD  R30,Y+16
0001d8 89f9      	LDD  R31,Y+16+1
0001d9 81a4      	LDD  R26,Z+4
0001da 93aa      	ST   -Y,R26
0001db 940e 031d 	CALL SUBOPT_0x4
0001dd c0ce      	RJMP _0x2020030
                 _0x202002F:
0001de 37e3      	CPI  R30,LOW(0x73)
0001df f441      	BRNE _0x2020032
0001e0 940e 0317 	CALL SUBOPT_0x3
0001e2 940e 0323 	CALL SUBOPT_0x5
0001e4 940e 02ea 	CALL _strlen
0001e6 2f1e      	MOV  R17,R30
0001e7 c00a      	RJMP _0x2020033
                 _0x2020032:
0001e8 37e0      	CPI  R30,LOW(0x70)
0001e9 f461      	BRNE _0x2020035
0001ea 940e 0317 	CALL SUBOPT_0x3
0001ec 940e 0323 	CALL SUBOPT_0x5
0001ee 940e 02f6 	CALL _strlenf
0001f0 2f1e      	MOV  R17,R30
0001f1 6008      	ORI  R16,LOW(8)
                 _0x2020033:
0001f2 6002      	ORI  R16,LOW(2)
0001f3 770f      	ANDI R16,LOW(127)
0001f4 e030      	LDI  R19,LOW(0)
0001f5 c034      	RJMP _0x2020036
                 _0x2020035:
0001f6 36e4      	CPI  R30,LOW(0x64)
0001f7 f011      	BREQ _0x2020039
0001f8 36e9      	CPI  R30,LOW(0x69)
0001f9 f411      	BRNE _0x202003A
                 _0x2020039:
0001fa 6004      	ORI  R16,LOW(4)
0001fb c002      	RJMP _0x202003B
                 _0x202003A:
0001fc 37e5      	CPI  R30,LOW(0x75)
0001fd f431      	BRNE _0x202003C
                 _0x202003B:
0001fe e5e4      	LDI  R30,LOW(_tbl10_G101*2)
0001ff e0f0      	LDI  R31,HIGH(_tbl10_G101*2)
000200 83ee      	STD  Y+6,R30
000201 83ff      	STD  Y+6+1,R31
000202 e015      	LDI  R17,LOW(5)
000203 c00c      	RJMP _0x202003D
                 _0x202003C:
000204 35e8      	CPI  R30,LOW(0x58)
000205 f411      	BRNE _0x202003F
000206 6008      	ORI  R16,LOW(8)
000207 c003      	RJMP _0x2020040
                 _0x202003F:
000208 37e8      	CPI  R30,LOW(0x78)
000209 f009      	BREQ PC+2
00020a c0a1      	RJMP _0x2020071
                 _0x2020040:
00020b e5ee      	LDI  R30,LOW(_tbl16_G101*2)
00020c e0f0      	LDI  R31,HIGH(_tbl16_G101*2)
00020d 83ee      	STD  Y+6,R30
00020e 83ff      	STD  Y+6+1,R31
00020f e014      	LDI  R17,LOW(4)
                 _0x202003D:
000210 ff02      	SBRS R16,2
000211 c014      	RJMP _0x2020042
000212 940e 0317 	CALL SUBOPT_0x3
000214 940e 032d 	CALL SUBOPT_0x6
000216 85ab      	LDD  R26,Y+11
000217 23aa      	TST  R26
000218 f43a      	BRPL _0x2020043
000219 85ea      	LDD  R30,Y+10
00021a 85fb      	LDD  R31,Y+10+1
00021b 940e 034a 	CALL __ANEGW1
00021d 87ea      	STD  Y+10,R30
00021e 87fb      	STD  Y+10+1,R31
00021f e24d      	LDI  R20,LOW(45)
                 _0x2020043:
000220 3040      	CPI  R20,0
000221 f011      	BREQ _0x2020044
000222 5f1f      	SUBI R17,-LOW(1)
000223 c001      	RJMP _0x2020045
                 _0x2020044:
000224 7f0b      	ANDI R16,LOW(251)
                 _0x2020045:
000225 c004      	RJMP _0x2020046
                 _0x2020042:
000226 940e 0317 	CALL SUBOPT_0x3
000228 940e 032d 	CALL SUBOPT_0x6
                 _0x2020046:
                 _0x2020036:
00022a fd00      	SBRC R16,0
00022b c011      	RJMP _0x2020047
                 _0x2020048:
00022c 1715      	CP   R17,R21
00022d f478      	BRSH _0x202004A
00022e ff07      	SBRS R16,7
00022f c008      	RJMP _0x202004B
000230 ff02      	SBRS R16,2
000231 c004      	RJMP _0x202004C
000232 7f0b      	ANDI R16,LOW(251)
000233 2f24      	MOV  R18,R20
000234 5011      	SUBI R17,LOW(1)
000235 c001      	RJMP _0x202004D
                 _0x202004C:
000236 e320      	LDI  R18,LOW(48)
                 _0x202004D:
000237 c001      	RJMP _0x202004E
                 _0x202004B:
000238 e220      	LDI  R18,LOW(32)
                 _0x202004E:
000239 940e 0310 	CALL SUBOPT_0x2
00023b 5051      	SUBI R21,LOW(1)
00023c cfef      	RJMP _0x2020048
                 _0x202004A:
                 _0x2020047:
00023d 2f31      	MOV  R19,R17
00023e ff01      	SBRS R16,1
00023f c017      	RJMP _0x202004F
                 _0x2020050:
000240 3030      	CPI  R19,0
000241 f0a1      	BREQ _0x2020052
000242 ff03      	SBRS R16,3
000243 c006      	RJMP _0x2020053
000244 81ee      	LDD  R30,Y+6
000245 81ff      	LDD  R31,Y+6+1
000246 9125      	LPM  R18,Z+
000247 83ee      	STD  Y+6,R30
000248 83ff      	STD  Y+6+1,R31
000249 c005      	RJMP _0x2020054
                 _0x2020053:
00024a 81ae      	LDD  R26,Y+6
00024b 81bf      	LDD  R27,Y+6+1
00024c 912d      	LD   R18,X+
00024d 83ae      	STD  Y+6,R26
00024e 83bf      	STD  Y+6+1,R27
                 _0x2020054:
00024f 940e 0310 	CALL SUBOPT_0x2
000251 3050      	CPI  R21,0
000252 f009      	BREQ _0x2020055
000253 5051      	SUBI R21,LOW(1)
                 _0x2020055:
000254 5031      	SUBI R19,LOW(1)
000255 cfea      	RJMP _0x2020050
                 _0x2020052:
000256 c04b      	RJMP _0x2020056
                 _0x202004F:
                 _0x2020058:
000257 e320      	LDI  R18,LOW(48)
000258 81ee      	LDD  R30,Y+6
000259 81ff      	LDD  R31,Y+6+1
00025a 940e 0357 	CALL __GETW1PF
00025c 87e8      	STD  Y+8,R30
00025d 87f9      	STD  Y+8+1,R31
00025e 81ee      	LDD  R30,Y+6
00025f 81ff      	LDD  R31,Y+6+1
000260 9632      	ADIW R30,2
000261 83ee      	STD  Y+6,R30
000262 83ff      	STD  Y+6+1,R31
                 _0x202005A:
000263 85e8      	LDD  R30,Y+8
000264 85f9      	LDD  R31,Y+8+1
000265 85aa      	LDD  R26,Y+10
000266 85bb      	LDD  R27,Y+10+1
000267 17ae      	CP   R26,R30
000268 07bf      	CPC  R27,R31
000269 f050      	BRLO _0x202005C
00026a 5f2f      	SUBI R18,-LOW(1)
00026b 85a8      	LDD  R26,Y+8
00026c 85b9      	LDD  R27,Y+8+1
00026d 85ea      	LDD  R30,Y+10
00026e 85fb      	LDD  R31,Y+10+1
00026f 1bea      	SUB  R30,R26
000270 0bfb      	SBC  R31,R27
000271 87ea      	STD  Y+10,R30
000272 87fb      	STD  Y+10+1,R31
000273 cfef      	RJMP _0x202005A
                 _0x202005C:
000274 332a      	CPI  R18,58
000275 f028      	BRLO _0x202005D
000276 ff03      	SBRS R16,3
000277 c002      	RJMP _0x202005E
000278 5f29      	SUBI R18,-LOW(7)
000279 c001      	RJMP _0x202005F
                 _0x202005E:
00027a 5d29      	SUBI R18,-LOW(39)
                 _0x202005F:
                 _0x202005D:
00027b fd04      	SBRC R16,4
00027c c01a      	RJMP _0x2020061
00027d 3321      	CPI  R18,49
00027e f420      	BRSH _0x2020063
00027f 85a8      	LDD  R26,Y+8
000280 85b9      	LDD  R27,Y+8+1
000281 9711      	SBIW R26,1
000282 f409      	BRNE _0x2020062
                 _0x2020063:
000283 c009      	RJMP _0x20200CD
                 _0x2020062:
000284 1753      	CP   R21,R19
000285 f010      	BRLO _0x2020067
000286 ff00      	SBRS R16,0
000287 c001      	RJMP _0x2020068
                 _0x2020067:
000288 c013      	RJMP _0x2020066
                 _0x2020068:
000289 e220      	LDI  R18,LOW(32)
00028a ff07      	SBRS R16,7
00028b c00b      	RJMP _0x2020069
00028c e320      	LDI  R18,LOW(48)
                 _0x20200CD:
00028d 6100      	ORI  R16,LOW(16)
00028e ff02      	SBRS R16,2
00028f c007      	RJMP _0x202006A
000290 7f0b      	ANDI R16,LOW(251)
000291 934a      	ST   -Y,R20
000292 940e 031d 	CALL SUBOPT_0x4
000294 3050      	CPI  R21,0
000295 f009      	BREQ _0x202006B
000296 5051      	SUBI R21,LOW(1)
                 _0x202006B:
                 _0x202006A:
                 _0x2020069:
                 _0x2020061:
000297 940e 0310 	CALL SUBOPT_0x2
000299 3050      	CPI  R21,0
00029a f009      	BREQ _0x202006C
00029b 5051      	SUBI R21,LOW(1)
                 _0x202006C:
                 _0x2020066:
00029c 5031      	SUBI R19,LOW(1)
00029d 85a8      	LDD  R26,Y+8
00029e 85b9      	LDD  R27,Y+8+1
00029f 9712      	SBIW R26,2
0002a0 f008      	BRLO _0x2020059
0002a1 cfb5      	RJMP _0x2020058
                 _0x2020059:
                 _0x2020056:
0002a2 ff00      	SBRS R16,0
0002a3 c008      	RJMP _0x202006D
                 _0x202006E:
0002a4 3050      	CPI  R21,0
0002a5 f031      	BREQ _0x2020070
0002a6 5051      	SUBI R21,LOW(1)
0002a7 e2e0      	LDI  R30,LOW(32)
0002a8 93ea      	ST   -Y,R30
0002a9 940e 031d 	CALL SUBOPT_0x4
0002ab cff8      	RJMP _0x202006E
                 _0x2020070:
                 _0x202006D:
                 _0x2020071:
                 _0x2020030:
                 _0x20200CC:
0002ac e010      	LDI  R17,LOW(0)
                 _0x202001B:
0002ad cee0      	RJMP _0x2020016
                 _0x2020018:
0002ae 85ac      	LDD  R26,Y+12
0002af 85bd      	LDD  R27,Y+12+1
0002b0 940e 0353 	CALL __GETW1P
0002b2 940e 0367 	CALL __LOADLOCR6
0002b4 9664      	ADIW R28,20
0002b5 9508      	RET
                 ; .FEND
                 _sprintf:
                 ; .FSTART _sprintf
0002b6 92ff      	PUSH R15
0002b7 2ef8      	MOV  R15,R24
0002b8 9726      	SBIW R28,6
0002b9 940e 0362 	CALL __SAVELOCR4
0002bb 940e 0335 	CALL SUBOPT_0x7
0002bd 9730      	SBIW R30,0
0002be f419      	BRNE _0x2020072
0002bf efef      	LDI  R30,LOW(65535)
0002c0 efff      	LDI  R31,HIGH(65535)
0002c1 c023      	RJMP _0x2080001
                 _0x2020072:
0002c2 01de      	MOVW R26,R28
0002c3 9616      	ADIW R26,6
0002c4 940e 0346 	CALL __ADDW2R15
0002c6 018d      	MOVW R16,R26
0002c7 940e 0335 	CALL SUBOPT_0x7
0002c9 83ee      	STD  Y+6,R30
0002ca 83ff      	STD  Y+6+1,R31
0002cb e0e0      	LDI  R30,LOW(0)
0002cc 87e8      	STD  Y+8,R30
0002cd 87e9      	STD  Y+8+1,R30
0002ce 01de      	MOVW R26,R28
0002cf 961a      	ADIW R26,10
0002d0 940e 0346 	CALL __ADDW2R15
0002d2 940e 0353 	CALL __GETW1P
0002d4 93fa      	ST   -Y,R31
0002d5 93ea      	ST   -Y,R30
0002d6 931a      	ST   -Y,R17
0002d7 930a      	ST   -Y,R16
0002d8 e4e2      	LDI  R30,LOW(_put_buff_G101)
0002d9 e0f1      	LDI  R31,HIGH(_put_buff_G101)
0002da 93fa      	ST   -Y,R31
0002db 93ea      	ST   -Y,R30
0002dc 01de      	MOVW R26,R28
0002dd 961a      	ADIW R26,10
0002de dea3      	RCALL __print_G101
0002df 019f      	MOVW R18,R30
0002e0 81ae      	LDD  R26,Y+6
0002e1 81bf      	LDD  R27,Y+6+1
0002e2 e0e0      	LDI  R30,LOW(0)
0002e3 93ec      	ST   X,R30
0002e4 01f9      	MOVW R30,R18
                 _0x2080001:
0002e5 940e 0369 	CALL __LOADLOCR4
0002e7 962a      	ADIW R28,10
0002e8 90ff      	POP  R15
0002e9 9508      	RET
                 ; .FEND
                 
                 	.CSEG
                 
                 	.CSEG
                 _strlen:
                 ; .FSTART _strlen
0002ea 93ba      	ST   -Y,R27
0002eb 93aa      	ST   -Y,R26
0002ec 91a9          ld   r26,y+
0002ed 91b9          ld   r27,y+
0002ee 27ee          clr  r30
0002ef 27ff          clr  r31
                 strlen0:
0002f0 916d          ld   r22,x+
0002f1 2366          tst  r22
0002f2 f011          breq strlen1
0002f3 9631          adiw r30,1
0002f4 cffb          rjmp strlen0
                 strlen1:
0002f5 9508          ret
                 ; .FEND
                 _strlenf:
                 ; .FSTART _strlenf
0002f6 93ba      	ST   -Y,R27
0002f7 93aa      	ST   -Y,R26
0002f8 27aa          clr  r26
0002f9 27bb          clr  r27
0002fa 91e9          ld   r30,y+
0002fb 91f9          ld   r31,y+
                 strlenf0:
0002fc 9005      	lpm  r0,z+
0002fd 2000          tst  r0
0002fe f011          breq strlenf1
0002ff 9611          adiw r26,1
000300 cffb          rjmp strlenf0
                 strlenf1:
000301 01fd          movw r30,r26
000302 9508          ret
                 ; .FEND
                 
                 	.DSEG
                 _str:
000160           	.BYTE 0x10
                 __base_y_G100:
000170           	.BYTE 0x4
                 
                 	.CSEG
                 ;OPTIMIZER ADDED SUBROUTINE, CALLED 2 TIMES, CODE SIZE REDUCTION:1 WORDS
                 SUBOPT_0x0:
000303 940e 00ca 	CALL __lcd_write_data
000305 e0a3      	LDI  R26,LOW(3)
000306 e0b0      	LDI  R27,0
000307 940c 033c 	JMP  _delay_ms
                 
                 ;OPTIMIZER ADDED SUBROUTINE, CALLED 3 TIMES, CODE SIZE REDUCTION:5 WORDS
                 SUBOPT_0x1:
000309 e3a0      	LDI  R26,LOW(48)
00030a 940e 00b6 	CALL __lcd_write_nibble_G100
                +
00030c e281     +LDI R24 , LOW ( 33 )
                +__DELAY_USB_LOOP :
00030d 958a     +DEC R24
00030e f7f1     +BRNE __DELAY_USB_LOOP
                 	__DELAY_USB 33
00030f 9508      	RET
                 
                 ;OPTIMIZER ADDED SUBROUTINE, CALLED 5 TIMES, CODE SIZE REDUCTION:13 WORDS
                 SUBOPT_0x2:
000310 932a      	ST   -Y,R18
000311 85ad      	LDD  R26,Y+13
000312 85be      	LDD  R27,Y+13+1
000313 85ef      	LDD  R30,Y+15
000314 89f8      	LDD  R31,Y+15+1
000315 9509      	ICALL
000316 9508      	RET
                 
                 ;OPTIMIZER ADDED SUBROUTINE, CALLED 5 TIMES, CODE SIZE REDUCTION:9 WORDS
                 SUBOPT_0x3:
000317 89e8      	LDD  R30,Y+16
000318 89f9      	LDD  R31,Y+16+1
000319 9734      	SBIW R30,4
00031a 8be8      	STD  Y+16,R30
00031b 8bf9      	STD  Y+16+1,R31
00031c 9508      	RET
                 
                 ;OPTIMIZER ADDED SUBROUTINE, CALLED 3 TIMES, CODE SIZE REDUCTION:3 WORDS
                 SUBOPT_0x4:
00031d 85ad      	LDD  R26,Y+13
00031e 85be      	LDD  R27,Y+13+1
00031f 85ef      	LDD  R30,Y+15
000320 89f8      	LDD  R31,Y+15+1
000321 9509      	ICALL
000322 9508      	RET
                 
                 ;OPTIMIZER ADDED SUBROUTINE, CALLED 2 TIMES, CODE SIZE REDUCTION:4 WORDS
                 SUBOPT_0x5:
000323 89a8      	LDD  R26,Y+16
000324 89b9      	LDD  R27,Y+16+1
000325 9614      	ADIW R26,4
000326 940e 0353 	CALL __GETW1P
000328 83ee      	STD  Y+6,R30
000329 83ff      	STD  Y+6+1,R31
00032a 81ae      	LDD  R26,Y+6
00032b 81bf      	LDD  R27,Y+6+1
00032c 9508      	RET
                 
                 ;OPTIMIZER ADDED SUBROUTINE, CALLED 2 TIMES, CODE SIZE REDUCTION:2 WORDS
                 SUBOPT_0x6:
00032d 89a8      	LDD  R26,Y+16
00032e 89b9      	LDD  R27,Y+16+1
00032f 9614      	ADIW R26,4
000330 940e 0353 	CALL __GETW1P
000332 87ea      	STD  Y+10,R30
000333 87fb      	STD  Y+10+1,R31
000334 9508      	RET
                 
                 ;OPTIMIZER ADDED SUBROUTINE, CALLED 2 TIMES, CODE SIZE REDUCTION:1 WORDS
                 SUBOPT_0x7:
000335 01de      	MOVW R26,R28
000336 961c      	ADIW R26,12
000337 940e 0346 	CALL __ADDW2R15
000339 940e 0353 	CALL __GETW1P
00033b 9508      	RET
                 
                 
                 	.CSEG
                 _delay_ms:
00033c 9610      	adiw r26,0
00033d f039      	breq __delay_ms1
                 __delay_ms0:
00033e 95a8      	wdr
                +
00033f ef8a     +LDI R24 , LOW ( 0xFA )
000340 e090     +LDI R25 , HIGH ( 0xFA )
                +__DELAY_USW_LOOP :
000341 9701     +SBIW R24 , 1
000342 f7f1     +BRNE __DELAY_USW_LOOP
                 	__DELAY_USW 0xFA
000343 9711      	sbiw r26,1
000344 f7c9      	brne __delay_ms0
                 __delay_ms1:
000345 9508      	ret
                 
                 __ADDW2R15:
000346 2400      	CLR  R0
000347 0daf      	ADD  R26,R15
000348 1db0      	ADC  R27,R0
000349 9508      	RET
                 
                 __ANEGW1:
00034a 95f1      	NEG  R31
00034b 95e1      	NEG  R30
00034c 40f0      	SBCI R31,0
00034d 9508      	RET
                 
                 __CWD1:
00034e 2f6f      	MOV  R22,R31
00034f 0f66      	ADD  R22,R22
000350 0b66      	SBC  R22,R22
000351 2f76      	MOV  R23,R22
000352 9508      	RET
                 
                 __GETW1P:
000353 91ed      	LD   R30,X+
000354 91fc      	LD   R31,X
000355 9711      	SBIW R26,1
000356 9508      	RET
                 
                 __GETW1PF:
000357 9005      	LPM  R0,Z+
000358 91f4      	LPM  R31,Z
000359 2de0      	MOV  R30,R0
00035a 9508      	RET
                 
                 __PUTPARD1:
00035b 937a      	ST   -Y,R23
00035c 936a      	ST   -Y,R22
00035d 93fa      	ST   -Y,R31
00035e 93ea      	ST   -Y,R30
00035f 9508      	RET
                 
                 __SAVELOCR6:
000360 935a      	ST   -Y,R21
                 __SAVELOCR5:
000361 934a      	ST   -Y,R20
                 __SAVELOCR4:
000362 933a      	ST   -Y,R19
                 __SAVELOCR3:
000363 932a      	ST   -Y,R18
                 __SAVELOCR2:
000364 931a      	ST   -Y,R17
000365 930a      	ST   -Y,R16
000366 9508      	RET
                 
                 __LOADLOCR6:
000367 815d      	LDD  R21,Y+5
                 __LOADLOCR5:
000368 814c      	LDD  R20,Y+4
                 __LOADLOCR4:
000369 813b      	LDD  R19,Y+3
                 __LOADLOCR3:
00036a 812a      	LDD  R18,Y+2
                 __LOADLOCR2:
00036b 8119      	LDD  R17,Y+1
00036c 8108      	LD   R16,Y
00036d 9508      	RET
                 
                 ;END OF CODE MARKER
                 __END_OF_CODE:


RESOURCE USE INFORMATION
------------------------

Notice:
The register and instruction counts are symbol table hit counts,
and hence implicitly used resources are not counted, eg, the
'lpm' instruction without operands implicitly uses r0 and z,
none of which are counted.

x,y,z are separate entities in the symbol table and are
counted separately from r26..r31 here.

.dseg memory usage only counts static data declared with .byte

ATmega16 register use summary:
r0 :  11 r1 :   1 r2 :   0 r3 :   0 r4 :   3 r5 :   0 r6 :   4 r7 :   4 
r8 :   0 r9 :   2 r10:   0 r11:   0 r12:   0 r13:   0 r14:   0 r15:   4 
r16:  34 r17:  24 r18:  29 r19:   8 r20:   9 r21:  17 r22:  11 r23:   2 
r24:  23 r25:   3 r26:  97 r27:  37 r28:  14 r29:   1 r30: 191 r31:  58 
x  :  23 y  : 166 z  :  15 
Registers used: 26 out of 35 (74.3%)

ATmega16 instruction use summary:
.lds  :   0 .lds.l:   0 .sts  :   0 .sts.l:   0 adc   :   1 add   :   4 
adiw  :  25 and   :   0 andi  :   6 asr   :   0 bclr  :   0 bld   :   0 
brbc  :   0 brbs  :   0 brcc  :   0 brcs  :   0 break :   0 breq  :  17 
brge  :   0 brhc  :   0 brhs  :   0 brid  :   0 brie  :   0 brlo  :   8 
brlt  :   0 brmi  :   1 brne  :  30 brpl  :   1 brsh  :   2 brtc  :   0 
brts  :   0 brvc  :   0 brvs  :   0 bset  :   0 bst   :   0 call  :  49 
cbi   :   5 cbr   :   0 clc   :   0 clh   :   0 cli   :   1 cln   :   0 
clr   :   7 cls   :   0 clt   :   0 clv   :   0 clz   :   0 com   :   0 
cp    :   4 cpc   :   2 cpi   :  33 cpse  :   0 dec   :   7 des   :   0 
eor   :   0 fmul  :   0 fmuls :   0 fmulsu:   0 icall :   2 ijmp  :   0 
in    :   2 inc   :   2 jmp   :  23 ld    :  25 ldd   :  77 ldi   :  90 
lds   :   0 lpm   :  14 lsl   :   0 lsr   :   0 mov   :  19 movw  :  17 
mul   :   1 muls  :   0 mulsu :   0 neg   :   2 nop   :   0 or    :   1 
ori   :   7 out   :  42 pop   :   1 push  :   1 rcall :  17 ret   :  25 
reti  :   0 rjmp  :  60 rol   :   0 ror   :   0 sbc   :   2 sbci  :   2 
sbi   :   5 sbic  :   1 sbis  :   0 sbiw  :  17 sbr   :   0 sbrc  :   2 
sbrs  :  10 sec   :   0 seh   :   0 sei   :   0 sen   :   0 ser   :   0 
ses   :   0 set   :   0 sev   :   0 sez   :   0 sleep :   0 spm   :   0 
st    :  59 std   :  31 sts   :   2 sub   :   1 subi  :  16 swap  :   1 
tst   :   4 wdr   :   1 
Instructions used: 53 out of 116 (45.7%)

ATmega16 memory use summary [bytes]:
Segment   Begin    End      Code   Data   Used    Size   Use%
---------------------------------------------------------------
[.cseg] 0x000000 0x0006dc   1714     42   1756   16384  10.7%
[.dseg] 0x000060 0x000174      0     20     20    1024   2.0%
[.eseg] 0x000000 0x000000      0      0      0     512   0.0%

Assembly complete, 0 errors, 6 warnings
